<?xml version="1.0" encoding="UTF-8"?>
<TestRun id="d4211da4-bedd-4792-9a72-956715302698" name="Administrator@HP-WORKSTATION 2008-11-16 18:28:23" runUser="HP-WORKSTATION\Administrator" xmlns="http://microsoft.com/schemas/VisualStudio/TeamTest/2006">
  <TestRunConfiguration name="Local Test Run" id="3fcbd058-78fd-489e-a4fb-fddf2f5b8824">
    <Description>This is a default test run configuration for a local test run.</Description>
    <Deployment runDeploymentRoot="C:\development\bcc\CourseProjects\GenericsInDotNet\TestResults\Administrator_HP-WORKSTATION 2008-11-16 18_28_23" />
    <TestTypeSpecific />
  </TestRunConfiguration>
  <ResultSummary outcome="Failed">
    <Counters total="34" executed="34" passed="32" error="0" failed="2" timeout="0" aborted="0" inconclusive="0" passedButRunAborted="0" notRunnable="0" notExecuted="0" disconnected="0" warning="0" completed="0" inProgress="0" pending="0" />
  </ResultSummary>
  <Times creation="2008-11-16T18:28:23.0156250+00:00" queuing="2008-11-16T18:28:23.3593750+00:00" start="2008-11-16T18:28:23.3906250+00:00" finish="2008-11-16T18:28:23.7031250+00:00" />
  <TestDefinitions>
    <UnitTest name="New_listIsEmpty" storage="c:\development\bcc\courseprojects\genericsindotnet\genericlinkedlistvb\bin\debug\genericlinkedlistvb.dll" id="7045ed99-7bec-cb2e-4217-57f02cb534d2">
      <Css projectStructure="" iteration="" />
      <Owners>
        <Owner name="" />
      </Owners>
      <Execution id="c0442238-6b12-41c9-af82-41a729c22494" />
      <TestMethod codeBase="C:\development\bcc\CourseProjects\GenericsInDotNet\GenericLinkedListVB\bin\Debug\GenericLinkedListVB.dll" adapterTypeName="Microsoft.VisualStudio.TestTools.TestTypes.Unit.UnitTestAdapter, Microsoft.VisualStudio.QualityTools.Tips.UnitTest.Adapter, Version=9.0.0.0, Culture=neutral, PublicKeyToken=b03f5f7f11d50a3a" className="GenericLinkedListVB.Linked_listTest, GenericLinkedListVB" name="New_listIsEmpty" />
    </UnitTest>
    <UnitTest name="AccessingEmptyListFails" storage="c:\development\bcc\courseprojects\genericsindotnet\genericlinkedlistcs\bin\debug\genericlinkedlistcs.dll" id="0675ee84-efb4-e1ad-adf4-7ea1752bad6c">
      <Css projectStructure="" iteration="" />
      <Owners>
        <Owner name="" />
      </Owners>
      <Execution id="441b9009-692c-499e-a989-225fc93150b0" />
      <TestMethod codeBase="C:\development\bcc\CourseProjects\GenericsInDotNet\GenericLinkedListCS\bin\Debug\GenericLinkedListCS.dll" adapterTypeName="Microsoft.VisualStudio.TestTools.TestTypes.Unit.UnitTestAdapter, Microsoft.VisualStudio.QualityTools.Tips.UnitTest.Adapter, Version=9.0.0.0, Culture=neutral, PublicKeyToken=b03f5f7f11d50a3a" className="LinkedList.LinkedListTest, GenericLinkedListCS" name="AccessingEmptyListFails" />
    </UnitTest>
    <UnitTest name="RemovingLastItemWorks" storage="c:\development\bcc\courseprojects\genericsindotnet\genericlinkedlistvb\bin\debug\genericlinkedlistvb.dll" id="638db12d-f4d9-5732-976a-4a0534bd8e31">
      <Css projectStructure="" iteration="" />
      <Owners>
        <Owner name="" />
      </Owners>
      <Execution id="47bd4444-847b-4f2f-80d2-8f0c6f3ec55c" />
      <TestMethod codeBase="C:\development\bcc\CourseProjects\GenericsInDotNet\GenericLinkedListVB\bin\Debug\GenericLinkedListVB.dll" adapterTypeName="Microsoft.VisualStudio.TestTools.TestTypes.Unit.UnitTestAdapter, Microsoft.VisualStudio.QualityTools.Tips.UnitTest.Adapter, Version=9.0.0.0, Culture=neutral, PublicKeyToken=b03f5f7f11d50a3a" className="GenericLinkedListVB.Linked_listTest, GenericLinkedListVB" name="RemovingLastItemWorks" />
    </UnitTest>
    <UnitTest name="ListWithItemsIsNotEmpty" storage="c:\development\bcc\courseprojects\genericsindotnet\genericlinkedlistcs\bin\debug\genericlinkedlistcs.dll" id="9f183d84-1a40-328c-0e82-1289d55dc8a4">
      <Css projectStructure="" iteration="" />
      <Owners>
        <Owner name="" />
      </Owners>
      <Execution id="68c5630f-2e3a-45a1-913b-db1817171ce1" />
      <TestMethod codeBase="C:\development\bcc\CourseProjects\GenericsInDotNet\GenericLinkedListCS\bin\Debug\GenericLinkedListCS.dll" adapterTypeName="Microsoft.VisualStudio.TestTools.TestTypes.Unit.UnitTestAdapter, Microsoft.VisualStudio.QualityTools.Tips.UnitTest.Adapter, Version=9.0.0.0, Culture=neutral, PublicKeyToken=b03f5f7f11d50a3a" className="LinkedList.LinkedListTest, GenericLinkedListCS" name="ListWithItemsIsNotEmpty" />
    </UnitTest>
    <UnitTest name="AccessingEmpty_listFails" storage="c:\development\bcc\courseprojects\genericsindotnet\genericlinkedlistvb\bin\debug\genericlinkedlistvb.dll" id="6d741a4b-b840-c94e-6fec-9ad37075440b">
      <Css projectStructure="" iteration="" />
      <Owners>
        <Owner name="" />
      </Owners>
      <Execution id="1fe4a8c2-2678-4e92-a66b-8ce75edae579" />
      <TestMethod codeBase="C:\development\bcc\CourseProjects\GenericsInDotNet\GenericLinkedListVB\bin\Debug\GenericLinkedListVB.dll" adapterTypeName="Microsoft.VisualStudio.TestTools.TestTypes.Unit.UnitTestAdapter, Microsoft.VisualStudio.QualityTools.Tips.UnitTest.Adapter, Version=9.0.0.0, Culture=neutral, PublicKeyToken=b03f5f7f11d50a3a" className="GenericLinkedListVB.Linked_listTest, GenericLinkedListVB" name="AccessingEmpty_listFails" />
    </UnitTest>
    <UnitTest name="ListWithItemsHasCorrectSize" storage="c:\development\bcc\courseprojects\genericsindotnet\genericlinkedlistcs\bin\debug\genericlinkedlistcs.dll" id="0ae09384-f2b1-67f9-17b4-649fc55a26e4">
      <Css projectStructure="" iteration="" />
      <Owners>
        <Owner name="" />
      </Owners>
      <Execution id="530d7542-f33f-4f2a-a8e4-789db0c6354b" />
      <TestMethod codeBase="C:\development\bcc\CourseProjects\GenericsInDotNet\GenericLinkedListCS\bin\Debug\GenericLinkedListCS.dll" adapterTypeName="Microsoft.VisualStudio.TestTools.TestTypes.Unit.UnitTestAdapter, Microsoft.VisualStudio.QualityTools.Tips.UnitTest.Adapter, Version=9.0.0.0, Culture=neutral, PublicKeyToken=b03f5f7f11d50a3a" className="LinkedList.LinkedListTest, GenericLinkedListCS" name="ListWithItemsHasCorrectSize" />
    </UnitTest>
    <UnitTest name="RemovingItemFromMiddleWorks" storage="c:\development\bcc\courseprojects\genericsindotnet\genericlinkedlistcs\bin\debug\genericlinkedlistcs.dll" id="1aeb1152-9438-dc8a-fc87-64d5ffc56305">
      <Css projectStructure="" iteration="" />
      <Owners>
        <Owner name="" />
      </Owners>
      <Execution id="195fe2e8-cff0-4fbe-a2ca-a1c7f398d981" />
      <TestMethod codeBase="C:\development\bcc\CourseProjects\GenericsInDotNet\GenericLinkedListCS\bin\Debug\GenericLinkedListCS.dll" adapterTypeName="Microsoft.VisualStudio.TestTools.TestTypes.Unit.UnitTestAdapter, Microsoft.VisualStudio.QualityTools.Tips.UnitTest.Adapter, Version=9.0.0.0, Culture=neutral, PublicKeyToken=b03f5f7f11d50a3a" className="LinkedList.LinkedListTest, GenericLinkedListCS" name="RemovingItemFromMiddleWorks" />
    </UnitTest>
    <UnitTest name="NewListHasZeroSize" storage="c:\development\bcc\courseprojects\genericsindotnet\genericlinkedlistcs\bin\debug\genericlinkedlistcs.dll" id="dd779965-9e02-24e7-ce9b-ee249ce007ff">
      <Css projectStructure="" iteration="" />
      <Owners>
        <Owner name="" />
      </Owners>
      <Execution id="7f411826-268c-4ead-a574-dc2e59d6f6bd" />
      <TestMethod codeBase="C:\development\bcc\CourseProjects\GenericsInDotNet\GenericLinkedListCS\bin\Debug\GenericLinkedListCS.dll" adapterTypeName="Microsoft.VisualStudio.TestTools.TestTypes.Unit.UnitTestAdapter, Microsoft.VisualStudio.QualityTools.Tips.UnitTest.Adapter, Version=9.0.0.0, Culture=neutral, PublicKeyToken=b03f5f7f11d50a3a" className="LinkedList.LinkedListTest, GenericLinkedListCS" name="NewListHasZeroSize" />
    </UnitTest>
    <UnitTest name="AccessingWithTooLargeAnIndexFails" storage="c:\development\bcc\courseprojects\genericsindotnet\genericlinkedlistvb\bin\debug\genericlinkedlistvb.dll" id="bd913aa3-a7a9-b079-cf42-1019668a0ba0">
      <Css projectStructure="" iteration="" />
      <Owners>
        <Owner name="" />
      </Owners>
      <Execution id="ace7d1d3-a962-4cd7-84f3-9b0ffcc4c333" />
      <TestMethod codeBase="C:\development\bcc\CourseProjects\GenericsInDotNet\GenericLinkedListVB\bin\Debug\GenericLinkedListVB.dll" adapterTypeName="Microsoft.VisualStudio.TestTools.TestTypes.Unit.UnitTestAdapter, Microsoft.VisualStudio.QualityTools.Tips.UnitTest.Adapter, Version=9.0.0.0, Culture=neutral, PublicKeyToken=b03f5f7f11d50a3a" className="GenericLinkedListVB.Linked_listTest, GenericLinkedListVB" name="AccessingWithTooLargeAnIndexFails" />
    </UnitTest>
    <UnitTest name="AccessingWithNegativeIndexFails" storage="c:\development\bcc\courseprojects\genericsindotnet\genericlinkedlistvb\bin\debug\genericlinkedlistvb.dll" id="a4628515-46b4-c70c-8364-475d7f98d32d">
      <Css projectStructure="" iteration="" />
      <Owners>
        <Owner name="" />
      </Owners>
      <Execution id="b2a265d5-278d-4568-a42a-21e70cbd586f" />
      <TestMethod codeBase="C:\development\bcc\CourseProjects\GenericsInDotNet\GenericLinkedListVB\bin\Debug\GenericLinkedListVB.dll" adapterTypeName="Microsoft.VisualStudio.TestTools.TestTypes.Unit.UnitTestAdapter, Microsoft.VisualStudio.QualityTools.Tips.UnitTest.Adapter, Version=9.0.0.0, Culture=neutral, PublicKeyToken=b03f5f7f11d50a3a" className="GenericLinkedListVB.Linked_listTest, GenericLinkedListVB" name="AccessingWithNegativeIndexFails" />
    </UnitTest>
    <UnitTest name="ToStringWorks" storage="c:\development\bcc\courseprojects\genericsindotnet\genericlinkedlistvb\bin\debug\genericlinkedlistvb.dll" id="c359a629-267e-54ad-29b5-82b266ca490e">
      <Css projectStructure="" iteration="" />
      <Owners>
        <Owner name="" />
      </Owners>
      <Execution id="1e80efcc-bc84-49e1-a644-8a211f5d4888" />
      <TestMethod codeBase="C:\development\bcc\CourseProjects\GenericsInDotNet\GenericLinkedListVB\bin\Debug\GenericLinkedListVB.dll" adapterTypeName="Microsoft.VisualStudio.TestTools.TestTypes.Unit.UnitTestAdapter, Microsoft.VisualStudio.QualityTools.Tips.UnitTest.Adapter, Version=9.0.0.0, Culture=neutral, PublicKeyToken=b03f5f7f11d50a3a" className="GenericLinkedListVB.Linked_listTest, GenericLinkedListVB" name="ToStringWorks" />
    </UnitTest>
    <UnitTest name="RemovingOnlyItemWorks" storage="c:\development\bcc\courseprojects\genericsindotnet\genericlinkedlistvb\bin\debug\genericlinkedlistvb.dll" id="35d7b8e8-27a3-6571-1fc9-6ccd664ceb67">
      <Css projectStructure="" iteration="" />
      <Owners>
        <Owner name="" />
      </Owners>
      <Execution id="0ed38eba-90a9-4b72-a3c2-e9d5fd4ca83d" />
      <TestMethod codeBase="C:\development\bcc\CourseProjects\GenericsInDotNet\GenericLinkedListVB\bin\Debug\GenericLinkedListVB.dll" adapterTypeName="Microsoft.VisualStudio.TestTools.TestTypes.Unit.UnitTestAdapter, Microsoft.VisualStudio.QualityTools.Tips.UnitTest.Adapter, Version=9.0.0.0, Culture=neutral, PublicKeyToken=b03f5f7f11d50a3a" className="GenericLinkedListVB.Linked_listTest, GenericLinkedListVB" name="RemovingOnlyItemWorks" />
    </UnitTest>
    <UnitTest name="RemovingFirstItemWorks" storage="c:\development\bcc\courseprojects\genericsindotnet\genericlinkedlistcs\bin\debug\genericlinkedlistcs.dll" id="2379ab60-e063-6099-3890-60e315b59038">
      <Css projectStructure="" iteration="" />
      <Owners>
        <Owner name="" />
      </Owners>
      <Execution id="5160590c-644c-4aab-bf95-1cda9f77011f" />
      <TestMethod codeBase="C:\development\bcc\CourseProjects\GenericsInDotNet\GenericLinkedListCS\bin\Debug\GenericLinkedListCS.dll" adapterTypeName="Microsoft.VisualStudio.TestTools.TestTypes.Unit.UnitTestAdapter, Microsoft.VisualStudio.QualityTools.Tips.UnitTest.Adapter, Version=9.0.0.0, Culture=neutral, PublicKeyToken=b03f5f7f11d50a3a" className="LinkedList.LinkedListTest, GenericLinkedListCS" name="RemovingFirstItemWorks" />
    </UnitTest>
    <UnitTest name="NullArgumentForRemoveFails" storage="c:\development\bcc\courseprojects\genericsindotnet\genericlinkedlistvb\bin\debug\genericlinkedlistvb.dll" id="a9e1fe60-aef5-26a5-aeff-3af8de9a6509">
      <Css projectStructure="" iteration="" />
      <Owners>
        <Owner name="" />
      </Owners>
      <Execution id="3acc8d7b-cd78-417a-9101-a8252ecb47ae" />
      <TestMethod codeBase="C:\development\bcc\CourseProjects\GenericsInDotNet\GenericLinkedListVB\bin\Debug\GenericLinkedListVB.dll" adapterTypeName="Microsoft.VisualStudio.TestTools.TestTypes.Unit.UnitTestAdapter, Microsoft.VisualStudio.QualityTools.Tips.UnitTest.Adapter, Version=9.0.0.0, Culture=neutral, PublicKeyToken=b03f5f7f11d50a3a" className="GenericLinkedListVB.Linked_listTest, GenericLinkedListVB" name="NullArgumentForRemoveFails" />
    </UnitTest>
    <UnitTest name="CanGetMultipleItems" storage="c:\development\bcc\courseprojects\genericsindotnet\genericlinkedlistvb\bin\debug\genericlinkedlistvb.dll" id="322650b2-9f9d-d8fb-13dd-d3492a3dd2b6">
      <Css projectStructure="" iteration="" />
      <Owners>
        <Owner name="" />
      </Owners>
      <Execution id="d1e6254a-fb43-4725-b5f2-0d631d71911c" />
      <TestMethod codeBase="C:\development\bcc\CourseProjects\GenericsInDotNet\GenericLinkedListVB\bin\Debug\GenericLinkedListVB.dll" adapterTypeName="Microsoft.VisualStudio.TestTools.TestTypes.Unit.UnitTestAdapter, Microsoft.VisualStudio.QualityTools.Tips.UnitTest.Adapter, Version=9.0.0.0, Culture=neutral, PublicKeyToken=b03f5f7f11d50a3a" className="GenericLinkedListVB.Linked_listTest, GenericLinkedListVB" name="CanGetMultipleItems" />
    </UnitTest>
    <UnitTest name="RemovingItemFromMiddleWorks" storage="c:\development\bcc\courseprojects\genericsindotnet\genericlinkedlistvb\bin\debug\genericlinkedlistvb.dll" id="9d6826a8-5c68-a485-e483-436c2cf3768a">
      <Css projectStructure="" iteration="" />
      <Owners>
        <Owner name="" />
      </Owners>
      <Execution id="c3ed7427-ae83-441f-82a4-4f346a78d931" />
      <TestMethod codeBase="C:\development\bcc\CourseProjects\GenericsInDotNet\GenericLinkedListVB\bin\Debug\GenericLinkedListVB.dll" adapterTypeName="Microsoft.VisualStudio.TestTools.TestTypes.Unit.UnitTestAdapter, Microsoft.VisualStudio.QualityTools.Tips.UnitTest.Adapter, Version=9.0.0.0, Culture=neutral, PublicKeyToken=b03f5f7f11d50a3a" className="GenericLinkedListVB.Linked_listTest, GenericLinkedListVB" name="RemovingItemFromMiddleWorks" />
    </UnitTest>
    <UnitTest name="RemoveWhereItemNotFoundFails" storage="c:\development\bcc\courseprojects\genericsindotnet\genericlinkedlistvb\bin\debug\genericlinkedlistvb.dll" id="08f4ebad-c5c7-eff1-bf0c-2b35ca80b807">
      <Css projectStructure="" iteration="" />
      <Owners>
        <Owner name="" />
      </Owners>
      <Execution id="76482299-c221-4615-8a97-4864e8be5b14" />
      <TestMethod codeBase="C:\development\bcc\CourseProjects\GenericsInDotNet\GenericLinkedListVB\bin\Debug\GenericLinkedListVB.dll" adapterTypeName="Microsoft.VisualStudio.TestTools.TestTypes.Unit.UnitTestAdapter, Microsoft.VisualStudio.QualityTools.Tips.UnitTest.Adapter, Version=9.0.0.0, Culture=neutral, PublicKeyToken=b03f5f7f11d50a3a" className="GenericLinkedListVB.Linked_listTest, GenericLinkedListVB" name="RemoveWhereItemNotFoundFails" />
    </UnitTest>
    <UnitTest name="NullArgumentForRemoveFails" storage="c:\development\bcc\courseprojects\genericsindotnet\genericlinkedlistcs\bin\debug\genericlinkedlistcs.dll" id="4d9f609b-9748-2d3d-ef13-99417adf73d3">
      <Css projectStructure="" iteration="" />
      <Owners>
        <Owner name="" />
      </Owners>
      <Execution id="c6cd7d71-e50b-4c9d-bd5d-c7324173dcd2" />
      <TestMethod codeBase="C:\development\bcc\CourseProjects\GenericsInDotNet\GenericLinkedListCS\bin\Debug\GenericLinkedListCS.dll" adapterTypeName="Microsoft.VisualStudio.TestTools.TestTypes.Unit.UnitTestAdapter, Microsoft.VisualStudio.QualityTools.Tips.UnitTest.Adapter, Version=9.0.0.0, Culture=neutral, PublicKeyToken=b03f5f7f11d50a3a" className="LinkedList.LinkedListTest, GenericLinkedListCS" name="NullArgumentForRemoveFails" />
    </UnitTest>
    <UnitTest name="RemoveWhereItemNotFoundFails" storage="c:\development\bcc\courseprojects\genericsindotnet\genericlinkedlistcs\bin\debug\genericlinkedlistcs.dll" id="4a9e37df-119f-2ae7-7cef-1a3fd380fa68">
      <Css projectStructure="" iteration="" />
      <Owners>
        <Owner name="" />
      </Owners>
      <Execution id="c87bb3e0-0873-4be0-b3ab-b3b7069914d8" />
      <TestMethod codeBase="C:\development\bcc\CourseProjects\GenericsInDotNet\GenericLinkedListCS\bin\Debug\GenericLinkedListCS.dll" adapterTypeName="Microsoft.VisualStudio.TestTools.TestTypes.Unit.UnitTestAdapter, Microsoft.VisualStudio.QualityTools.Tips.UnitTest.Adapter, Version=9.0.0.0, Culture=neutral, PublicKeyToken=b03f5f7f11d50a3a" className="LinkedList.LinkedListTest, GenericLinkedListCS" name="RemoveWhereItemNotFoundFails" />
    </UnitTest>
    <UnitTest name="RemovingOnlyItemWorks" storage="c:\development\bcc\courseprojects\genericsindotnet\genericlinkedlistcs\bin\debug\genericlinkedlistcs.dll" id="1608fcbc-3198-537d-b8ea-b48c6c646d07">
      <Css projectStructure="" iteration="" />
      <Owners>
        <Owner name="" />
      </Owners>
      <Execution id="7ba8254d-6786-4957-8790-12cdaa05b493" />
      <TestMethod codeBase="C:\development\bcc\CourseProjects\GenericsInDotNet\GenericLinkedListCS\bin\Debug\GenericLinkedListCS.dll" adapterTypeName="Microsoft.VisualStudio.TestTools.TestTypes.Unit.UnitTestAdapter, Microsoft.VisualStudio.QualityTools.Tips.UnitTest.Adapter, Version=9.0.0.0, Culture=neutral, PublicKeyToken=b03f5f7f11d50a3a" className="LinkedList.LinkedListTest, GenericLinkedListCS" name="RemovingOnlyItemWorks" />
    </UnitTest>
    <UnitTest name="ListWithItemsIsNotEmpty" storage="c:\development\bcc\courseprojects\genericsindotnet\genericlinkedlistvb\bin\debug\genericlinkedlistvb.dll" id="355826a2-29b2-22df-a3cf-8f88ab33fffe">
      <Css projectStructure="" iteration="" />
      <Owners>
        <Owner name="" />
      </Owners>
      <Execution id="c5354e9e-1b1c-40bb-a1cd-f89efbfcc695" />
      <TestMethod codeBase="C:\development\bcc\CourseProjects\GenericsInDotNet\GenericLinkedListVB\bin\Debug\GenericLinkedListVB.dll" adapterTypeName="Microsoft.VisualStudio.TestTools.TestTypes.Unit.UnitTestAdapter, Microsoft.VisualStudio.QualityTools.Tips.UnitTest.Adapter, Version=9.0.0.0, Culture=neutral, PublicKeyToken=b03f5f7f11d50a3a" className="GenericLinkedListVB.Linked_listTest, GenericLinkedListVB" name="ListWithItemsIsNotEmpty" />
    </UnitTest>
    <UnitTest name="RemoveFromEmpty_listFails" storage="c:\development\bcc\courseprojects\genericsindotnet\genericlinkedlistvb\bin\debug\genericlinkedlistvb.dll" id="047f228c-3d5e-5000-880c-4fec01d71f5b">
      <Css projectStructure="" iteration="" />
      <Owners>
        <Owner name="" />
      </Owners>
      <Execution id="d7b15d23-bc36-4a11-bea5-d97999df3b9b" />
      <TestMethod codeBase="C:\development\bcc\CourseProjects\GenericsInDotNet\GenericLinkedListVB\bin\Debug\GenericLinkedListVB.dll" adapterTypeName="Microsoft.VisualStudio.TestTools.TestTypes.Unit.UnitTestAdapter, Microsoft.VisualStudio.QualityTools.Tips.UnitTest.Adapter, Version=9.0.0.0, Culture=neutral, PublicKeyToken=b03f5f7f11d50a3a" className="GenericLinkedListVB.Linked_listTest, GenericLinkedListVB" name="RemoveFromEmpty_listFails" />
    </UnitTest>
    <UnitTest name="CanGetSingleItem" storage="c:\development\bcc\courseprojects\genericsindotnet\genericlinkedlistvb\bin\debug\genericlinkedlistvb.dll" id="a0c49f97-4c46-aaa7-65fe-c340d3cc5530">
      <Css projectStructure="" iteration="" />
      <Owners>
        <Owner name="" />
      </Owners>
      <Execution id="b972e46b-716e-4430-864e-2d34afdeb23e" />
      <TestMethod codeBase="C:\development\bcc\CourseProjects\GenericsInDotNet\GenericLinkedListVB\bin\Debug\GenericLinkedListVB.dll" adapterTypeName="Microsoft.VisualStudio.TestTools.TestTypes.Unit.UnitTestAdapter, Microsoft.VisualStudio.QualityTools.Tips.UnitTest.Adapter, Version=9.0.0.0, Culture=neutral, PublicKeyToken=b03f5f7f11d50a3a" className="GenericLinkedListVB.Linked_listTest, GenericLinkedListVB" name="CanGetSingleItem" />
    </UnitTest>
    <UnitTest name="AccessingWithTooLargeAnIndexFails" storage="c:\development\bcc\courseprojects\genericsindotnet\genericlinkedlistcs\bin\debug\genericlinkedlistcs.dll" id="f68c92a7-b373-8674-d1f9-d12f84b24e94">
      <Css projectStructure="" iteration="" />
      <Owners>
        <Owner name="" />
      </Owners>
      <Execution id="52bc9d18-c6dc-494e-8134-4b4c4b2e143f" />
      <TestMethod codeBase="C:\development\bcc\CourseProjects\GenericsInDotNet\GenericLinkedListCS\bin\Debug\GenericLinkedListCS.dll" adapterTypeName="Microsoft.VisualStudio.TestTools.TestTypes.Unit.UnitTestAdapter, Microsoft.VisualStudio.QualityTools.Tips.UnitTest.Adapter, Version=9.0.0.0, Culture=neutral, PublicKeyToken=b03f5f7f11d50a3a" className="LinkedList.LinkedListTest, GenericLinkedListCS" name="AccessingWithTooLargeAnIndexFails" />
    </UnitTest>
    <UnitTest name="NewListIsEmpty" storage="c:\development\bcc\courseprojects\genericsindotnet\genericlinkedlistcs\bin\debug\genericlinkedlistcs.dll" id="b2bddc14-9ecf-9c3e-4886-a804ac62e823">
      <Css projectStructure="" iteration="" />
      <Owners>
        <Owner name="" />
      </Owners>
      <Execution id="5e6aea19-49f8-4db9-be18-a7decc7de977" />
      <TestMethod codeBase="C:\development\bcc\CourseProjects\GenericsInDotNet\GenericLinkedListCS\bin\Debug\GenericLinkedListCS.dll" adapterTypeName="Microsoft.VisualStudio.TestTools.TestTypes.Unit.UnitTestAdapter, Microsoft.VisualStudio.QualityTools.Tips.UnitTest.Adapter, Version=9.0.0.0, Culture=neutral, PublicKeyToken=b03f5f7f11d50a3a" className="LinkedList.LinkedListTest, GenericLinkedListCS" name="NewListIsEmpty" />
    </UnitTest>
    <UnitTest name="AccessingWithNegativeIndexFails" storage="c:\development\bcc\courseprojects\genericsindotnet\genericlinkedlistcs\bin\debug\genericlinkedlistcs.dll" id="e21b1ef6-b7a6-7707-028b-2a6ac4f12496">
      <Css projectStructure="" iteration="" />
      <Owners>
        <Owner name="" />
      </Owners>
      <Execution id="d6780fcf-6a87-4286-b293-31a1f8cfbef5" />
      <TestMethod codeBase="C:\development\bcc\CourseProjects\GenericsInDotNet\GenericLinkedListCS\bin\Debug\GenericLinkedListCS.dll" adapterTypeName="Microsoft.VisualStudio.TestTools.TestTypes.Unit.UnitTestAdapter, Microsoft.VisualStudio.QualityTools.Tips.UnitTest.Adapter, Version=9.0.0.0, Culture=neutral, PublicKeyToken=b03f5f7f11d50a3a" className="LinkedList.LinkedListTest, GenericLinkedListCS" name="AccessingWithNegativeIndexFails" />
    </UnitTest>
    <UnitTest name="RemoveFromEmptyListFails" storage="c:\development\bcc\courseprojects\genericsindotnet\genericlinkedlistcs\bin\debug\genericlinkedlistcs.dll" id="c6c72218-b2f9-461b-67e2-f4fe049044c1">
      <Css projectStructure="" iteration="" />
      <Owners>
        <Owner name="" />
      </Owners>
      <Execution id="48d1e466-7680-4f82-806e-365d56ae8e0b" />
      <TestMethod codeBase="C:\development\bcc\CourseProjects\GenericsInDotNet\GenericLinkedListCS\bin\Debug\GenericLinkedListCS.dll" adapterTypeName="Microsoft.VisualStudio.TestTools.TestTypes.Unit.UnitTestAdapter, Microsoft.VisualStudio.QualityTools.Tips.UnitTest.Adapter, Version=9.0.0.0, Culture=neutral, PublicKeyToken=b03f5f7f11d50a3a" className="LinkedList.LinkedListTest, GenericLinkedListCS" name="RemoveFromEmptyListFails" />
    </UnitTest>
    <UnitTest name="NewListHasZeroSize" storage="c:\development\bcc\courseprojects\genericsindotnet\genericlinkedlistvb\bin\debug\genericlinkedlistvb.dll" id="951377d5-8b5c-3942-6744-f840ea784f78">
      <Css projectStructure="" iteration="" />
      <Owners>
        <Owner name="" />
      </Owners>
      <Execution id="4b6a02df-8c6b-48bd-9b1c-82aff57ee56a" />
      <TestMethod codeBase="C:\development\bcc\CourseProjects\GenericsInDotNet\GenericLinkedListVB\bin\Debug\GenericLinkedListVB.dll" adapterTypeName="Microsoft.VisualStudio.TestTools.TestTypes.Unit.UnitTestAdapter, Microsoft.VisualStudio.QualityTools.Tips.UnitTest.Adapter, Version=9.0.0.0, Culture=neutral, PublicKeyToken=b03f5f7f11d50a3a" className="GenericLinkedListVB.Linked_listTest, GenericLinkedListVB" name="NewListHasZeroSize" />
    </UnitTest>
    <UnitTest name="ListWithItemsHasCorrectSize" storage="c:\development\bcc\courseprojects\genericsindotnet\genericlinkedlistvb\bin\debug\genericlinkedlistvb.dll" id="c74743c9-d1d1-9907-d4c1-fafc295fb03d">
      <Css projectStructure="" iteration="" />
      <Owners>
        <Owner name="" />
      </Owners>
      <Execution id="d3f105f7-d1d8-4bf8-9b19-fc27bdbf403e" />
      <TestMethod codeBase="C:\development\bcc\CourseProjects\GenericsInDotNet\GenericLinkedListVB\bin\Debug\GenericLinkedListVB.dll" adapterTypeName="Microsoft.VisualStudio.TestTools.TestTypes.Unit.UnitTestAdapter, Microsoft.VisualStudio.QualityTools.Tips.UnitTest.Adapter, Version=9.0.0.0, Culture=neutral, PublicKeyToken=b03f5f7f11d50a3a" className="GenericLinkedListVB.Linked_listTest, GenericLinkedListVB" name="ListWithItemsHasCorrectSize" />
    </UnitTest>
    <UnitTest name="ToStringWorks" storage="c:\development\bcc\courseprojects\genericsindotnet\genericlinkedlistcs\bin\debug\genericlinkedlistcs.dll" id="c1a7519e-8be0-49bb-96e8-df97a7aa9c1c">
      <Css projectStructure="" iteration="" />
      <Owners>
        <Owner name="" />
      </Owners>
      <Execution id="b2ce1c57-ccbb-4750-be89-071788e1ccc5" />
      <TestMethod codeBase="C:\development\bcc\CourseProjects\GenericsInDotNet\GenericLinkedListCS\bin\Debug\GenericLinkedListCS.dll" adapterTypeName="Microsoft.VisualStudio.TestTools.TestTypes.Unit.UnitTestAdapter, Microsoft.VisualStudio.QualityTools.Tips.UnitTest.Adapter, Version=9.0.0.0, Culture=neutral, PublicKeyToken=b03f5f7f11d50a3a" className="LinkedList.LinkedListTest, GenericLinkedListCS" name="ToStringWorks" />
    </UnitTest>
    <UnitTest name="CanGetSingleItem" storage="c:\development\bcc\courseprojects\genericsindotnet\genericlinkedlistcs\bin\debug\genericlinkedlistcs.dll" id="50e71873-5382-aea1-8aa3-16c4124a611c">
      <Css projectStructure="" iteration="" />
      <Owners>
        <Owner name="" />
      </Owners>
      <Execution id="4f90465f-1d78-4152-acd1-9a48d9777c7a" />
      <TestMethod codeBase="C:\development\bcc\CourseProjects\GenericsInDotNet\GenericLinkedListCS\bin\Debug\GenericLinkedListCS.dll" adapterTypeName="Microsoft.VisualStudio.TestTools.TestTypes.Unit.UnitTestAdapter, Microsoft.VisualStudio.QualityTools.Tips.UnitTest.Adapter, Version=9.0.0.0, Culture=neutral, PublicKeyToken=b03f5f7f11d50a3a" className="LinkedList.LinkedListTest, GenericLinkedListCS" name="CanGetSingleItem" />
    </UnitTest>
    <UnitTest name="RemovingFirstItemWorks" storage="c:\development\bcc\courseprojects\genericsindotnet\genericlinkedlistvb\bin\debug\genericlinkedlistvb.dll" id="b242119b-6c6d-a1d7-b70e-841a77b00aa9">
      <Css projectStructure="" iteration="" />
      <Owners>
        <Owner name="" />
      </Owners>
      <Execution id="8ccb559b-64e2-4c4f-bdb9-32b49b413db6" />
      <TestMethod codeBase="C:\development\bcc\CourseProjects\GenericsInDotNet\GenericLinkedListVB\bin\Debug\GenericLinkedListVB.dll" adapterTypeName="Microsoft.VisualStudio.TestTools.TestTypes.Unit.UnitTestAdapter, Microsoft.VisualStudio.QualityTools.Tips.UnitTest.Adapter, Version=9.0.0.0, Culture=neutral, PublicKeyToken=b03f5f7f11d50a3a" className="GenericLinkedListVB.Linked_listTest, GenericLinkedListVB" name="RemovingFirstItemWorks" />
    </UnitTest>
    <UnitTest name="RemovingLastItemWorks" storage="c:\development\bcc\courseprojects\genericsindotnet\genericlinkedlistcs\bin\debug\genericlinkedlistcs.dll" id="bcc61a10-54f1-098d-368c-52702511ba4e">
      <Css projectStructure="" iteration="" />
      <Owners>
        <Owner name="" />
      </Owners>
      <Execution id="e0dae50a-6b4c-487b-924c-e20ed19e26e3" />
      <TestMethod codeBase="C:\development\bcc\CourseProjects\GenericsInDotNet\GenericLinkedListCS\bin\Debug\GenericLinkedListCS.dll" adapterTypeName="Microsoft.VisualStudio.TestTools.TestTypes.Unit.UnitTestAdapter, Microsoft.VisualStudio.QualityTools.Tips.UnitTest.Adapter, Version=9.0.0.0, Culture=neutral, PublicKeyToken=b03f5f7f11d50a3a" className="LinkedList.LinkedListTest, GenericLinkedListCS" name="RemovingLastItemWorks" />
    </UnitTest>
    <UnitTest name="CanGetMultipleItems" storage="c:\development\bcc\courseprojects\genericsindotnet\genericlinkedlistcs\bin\debug\genericlinkedlistcs.dll" id="bb25f5e8-0a22-030c-457d-cde5aff7053f">
      <Css projectStructure="" iteration="" />
      <Owners>
        <Owner name="" />
      </Owners>
      <Execution id="7a9c553e-1910-4fbf-b0d4-b6892dd1cfc9" />
      <TestMethod codeBase="C:\development\bcc\CourseProjects\GenericsInDotNet\GenericLinkedListCS\bin\Debug\GenericLinkedListCS.dll" adapterTypeName="Microsoft.VisualStudio.TestTools.TestTypes.Unit.UnitTestAdapter, Microsoft.VisualStudio.QualityTools.Tips.UnitTest.Adapter, Version=9.0.0.0, Culture=neutral, PublicKeyToken=b03f5f7f11d50a3a" className="LinkedList.LinkedListTest, GenericLinkedListCS" name="CanGetMultipleItems" />
    </UnitTest>
  </TestDefinitions>
  <TestLists>
    <TestList name="Results Not in a List" id="8c84fa94-04c1-424b-9868-57a2d4851a1d" />
    <TestList name="All Loaded Results" id="19431567-8539-422a-85d7-44ee4e166bda" />
  </TestLists>
  <TestEntries>
    <TestEntry testId="047f228c-3d5e-5000-880c-4fec01d71f5b" executionId="d7b15d23-bc36-4a11-bea5-d97999df3b9b" testListId="8c84fa94-04c1-424b-9868-57a2d4851a1d" />
    <TestEntry testId="0675ee84-efb4-e1ad-adf4-7ea1752bad6c" executionId="441b9009-692c-499e-a989-225fc93150b0" testListId="8c84fa94-04c1-424b-9868-57a2d4851a1d" />
    <TestEntry testId="08f4ebad-c5c7-eff1-bf0c-2b35ca80b807" executionId="76482299-c221-4615-8a97-4864e8be5b14" testListId="8c84fa94-04c1-424b-9868-57a2d4851a1d" />
    <TestEntry testId="0ae09384-f2b1-67f9-17b4-649fc55a26e4" executionId="530d7542-f33f-4f2a-a8e4-789db0c6354b" testListId="8c84fa94-04c1-424b-9868-57a2d4851a1d" />
    <TestEntry testId="1608fcbc-3198-537d-b8ea-b48c6c646d07" executionId="7ba8254d-6786-4957-8790-12cdaa05b493" testListId="8c84fa94-04c1-424b-9868-57a2d4851a1d" />
    <TestEntry testId="1aeb1152-9438-dc8a-fc87-64d5ffc56305" executionId="195fe2e8-cff0-4fbe-a2ca-a1c7f398d981" testListId="8c84fa94-04c1-424b-9868-57a2d4851a1d" />
    <TestEntry testId="2379ab60-e063-6099-3890-60e315b59038" executionId="5160590c-644c-4aab-bf95-1cda9f77011f" testListId="8c84fa94-04c1-424b-9868-57a2d4851a1d" />
    <TestEntry testId="322650b2-9f9d-d8fb-13dd-d3492a3dd2b6" executionId="d1e6254a-fb43-4725-b5f2-0d631d71911c" testListId="8c84fa94-04c1-424b-9868-57a2d4851a1d" />
    <TestEntry testId="355826a2-29b2-22df-a3cf-8f88ab33fffe" executionId="c5354e9e-1b1c-40bb-a1cd-f89efbfcc695" testListId="8c84fa94-04c1-424b-9868-57a2d4851a1d" />
    <TestEntry testId="35d7b8e8-27a3-6571-1fc9-6ccd664ceb67" executionId="0ed38eba-90a9-4b72-a3c2-e9d5fd4ca83d" testListId="8c84fa94-04c1-424b-9868-57a2d4851a1d" />
    <TestEntry testId="4a9e37df-119f-2ae7-7cef-1a3fd380fa68" executionId="c87bb3e0-0873-4be0-b3ab-b3b7069914d8" testListId="8c84fa94-04c1-424b-9868-57a2d4851a1d" />
    <TestEntry testId="4d9f609b-9748-2d3d-ef13-99417adf73d3" executionId="c6cd7d71-e50b-4c9d-bd5d-c7324173dcd2" testListId="8c84fa94-04c1-424b-9868-57a2d4851a1d" />
    <TestEntry testId="50e71873-5382-aea1-8aa3-16c4124a611c" executionId="4f90465f-1d78-4152-acd1-9a48d9777c7a" testListId="8c84fa94-04c1-424b-9868-57a2d4851a1d" />
    <TestEntry testId="638db12d-f4d9-5732-976a-4a0534bd8e31" executionId="47bd4444-847b-4f2f-80d2-8f0c6f3ec55c" testListId="8c84fa94-04c1-424b-9868-57a2d4851a1d" />
    <TestEntry testId="6d741a4b-b840-c94e-6fec-9ad37075440b" executionId="1fe4a8c2-2678-4e92-a66b-8ce75edae579" testListId="8c84fa94-04c1-424b-9868-57a2d4851a1d" />
    <TestEntry testId="7045ed99-7bec-cb2e-4217-57f02cb534d2" executionId="c0442238-6b12-41c9-af82-41a729c22494" testListId="8c84fa94-04c1-424b-9868-57a2d4851a1d" />
    <TestEntry testId="951377d5-8b5c-3942-6744-f840ea784f78" executionId="4b6a02df-8c6b-48bd-9b1c-82aff57ee56a" testListId="8c84fa94-04c1-424b-9868-57a2d4851a1d" />
    <TestEntry testId="9d6826a8-5c68-a485-e483-436c2cf3768a" executionId="c3ed7427-ae83-441f-82a4-4f346a78d931" testListId="8c84fa94-04c1-424b-9868-57a2d4851a1d" />
    <TestEntry testId="9f183d84-1a40-328c-0e82-1289d55dc8a4" executionId="68c5630f-2e3a-45a1-913b-db1817171ce1" testListId="8c84fa94-04c1-424b-9868-57a2d4851a1d" />
    <TestEntry testId="a0c49f97-4c46-aaa7-65fe-c340d3cc5530" executionId="b972e46b-716e-4430-864e-2d34afdeb23e" testListId="8c84fa94-04c1-424b-9868-57a2d4851a1d" />
    <TestEntry testId="a4628515-46b4-c70c-8364-475d7f98d32d" executionId="b2a265d5-278d-4568-a42a-21e70cbd586f" testListId="8c84fa94-04c1-424b-9868-57a2d4851a1d" />
    <TestEntry testId="a9e1fe60-aef5-26a5-aeff-3af8de9a6509" executionId="3acc8d7b-cd78-417a-9101-a8252ecb47ae" testListId="8c84fa94-04c1-424b-9868-57a2d4851a1d" />
    <TestEntry testId="b242119b-6c6d-a1d7-b70e-841a77b00aa9" executionId="8ccb559b-64e2-4c4f-bdb9-32b49b413db6" testListId="8c84fa94-04c1-424b-9868-57a2d4851a1d" />
    <TestEntry testId="b2bddc14-9ecf-9c3e-4886-a804ac62e823" executionId="5e6aea19-49f8-4db9-be18-a7decc7de977" testListId="8c84fa94-04c1-424b-9868-57a2d4851a1d" />
    <TestEntry testId="bb25f5e8-0a22-030c-457d-cde5aff7053f" executionId="7a9c553e-1910-4fbf-b0d4-b6892dd1cfc9" testListId="8c84fa94-04c1-424b-9868-57a2d4851a1d" />
    <TestEntry testId="bcc61a10-54f1-098d-368c-52702511ba4e" executionId="e0dae50a-6b4c-487b-924c-e20ed19e26e3" testListId="8c84fa94-04c1-424b-9868-57a2d4851a1d" />
    <TestEntry testId="bd913aa3-a7a9-b079-cf42-1019668a0ba0" executionId="ace7d1d3-a962-4cd7-84f3-9b0ffcc4c333" testListId="8c84fa94-04c1-424b-9868-57a2d4851a1d" />
    <TestEntry testId="c1a7519e-8be0-49bb-96e8-df97a7aa9c1c" executionId="b2ce1c57-ccbb-4750-be89-071788e1ccc5" testListId="8c84fa94-04c1-424b-9868-57a2d4851a1d" />
    <TestEntry testId="c359a629-267e-54ad-29b5-82b266ca490e" executionId="1e80efcc-bc84-49e1-a644-8a211f5d4888" testListId="8c84fa94-04c1-424b-9868-57a2d4851a1d" />
    <TestEntry testId="c6c72218-b2f9-461b-67e2-f4fe049044c1" executionId="48d1e466-7680-4f82-806e-365d56ae8e0b" testListId="8c84fa94-04c1-424b-9868-57a2d4851a1d" />
    <TestEntry testId="c74743c9-d1d1-9907-d4c1-fafc295fb03d" executionId="d3f105f7-d1d8-4bf8-9b19-fc27bdbf403e" testListId="8c84fa94-04c1-424b-9868-57a2d4851a1d" />
    <TestEntry testId="dd779965-9e02-24e7-ce9b-ee249ce007ff" executionId="7f411826-268c-4ead-a574-dc2e59d6f6bd" testListId="8c84fa94-04c1-424b-9868-57a2d4851a1d" />
    <TestEntry testId="e21b1ef6-b7a6-7707-028b-2a6ac4f12496" executionId="d6780fcf-6a87-4286-b293-31a1f8cfbef5" testListId="8c84fa94-04c1-424b-9868-57a2d4851a1d" />
    <TestEntry testId="f68c92a7-b373-8674-d1f9-d12f84b24e94" executionId="52bc9d18-c6dc-494e-8134-4b4c4b2e143f" testListId="8c84fa94-04c1-424b-9868-57a2d4851a1d" />
  </TestEntries>
  <Results>
    <UnitTestResult executionId="d7b15d23-bc36-4a11-bea5-d97999df3b9b" testId="047f228c-3d5e-5000-880c-4fec01d71f5b" testName="RemoveFromEmpty_listFails" computerName="HP-WORKSTATION" duration="00:00:00.0021790" startTime="2008-11-16T18:28:23.3906250+00:00" endTime="2008-11-16T18:28:23.4687500+00:00" testType="13cdc9d9-ddb5-4fa4-a97d-d965ccfc6d4b" outcome="Passed" testListId="8c84fa94-04c1-424b-9868-57a2d4851a1d">
      <Output>
      </Output>
    </UnitTestResult>
    <UnitTestResult executionId="441b9009-692c-499e-a989-225fc93150b0" testId="0675ee84-efb4-e1ad-adf4-7ea1752bad6c" testName="AccessingEmptyListFails" computerName="HP-WORKSTATION" duration="00:00:00.0017312" startTime="2008-11-16T18:28:23.4687500+00:00" endTime="2008-11-16T18:28:23.5312500+00:00" testType="13cdc9d9-ddb5-4fa4-a97d-d965ccfc6d4b" outcome="Passed" testListId="8c84fa94-04c1-424b-9868-57a2d4851a1d">
      <Output>
      </Output>
    </UnitTestResult>
    <UnitTestResult executionId="76482299-c221-4615-8a97-4864e8be5b14" testId="08f4ebad-c5c7-eff1-bf0c-2b35ca80b807" testName="RemoveWhereItemNotFoundFails" computerName="HP-WORKSTATION" duration="00:00:00.0025478" startTime="2008-11-16T18:28:23.5312500+00:00" endTime="2008-11-16T18:28:23.5468750+00:00" testType="13cdc9d9-ddb5-4fa4-a97d-d965ccfc6d4b" outcome="Passed" testListId="8c84fa94-04c1-424b-9868-57a2d4851a1d">
      <Output>
      </Output>
    </UnitTestResult>
    <UnitTestResult executionId="530d7542-f33f-4f2a-a8e4-789db0c6354b" testId="0ae09384-f2b1-67f9-17b4-649fc55a26e4" testName="ListWithItemsHasCorrectSize" computerName="HP-WORKSTATION" duration="00:00:00.0020416" startTime="2008-11-16T18:28:23.5468750+00:00" endTime="2008-11-16T18:28:23.5468750+00:00" testType="13cdc9d9-ddb5-4fa4-a97d-d965ccfc6d4b" outcome="Passed" testListId="8c84fa94-04c1-424b-9868-57a2d4851a1d">
      <Output>
      </Output>
    </UnitTestResult>
    <UnitTestResult executionId="7ba8254d-6786-4957-8790-12cdaa05b493" testId="1608fcbc-3198-537d-b8ea-b48c6c646d07" testName="RemovingOnlyItemWorks" computerName="HP-WORKSTATION" duration="00:00:00.0040996" startTime="2008-11-16T18:28:23.5468750+00:00" endTime="2008-11-16T18:28:23.5625000+00:00" testType="13cdc9d9-ddb5-4fa4-a97d-d965ccfc6d4b" outcome="Passed" testListId="8c84fa94-04c1-424b-9868-57a2d4851a1d">
      <Output>
      </Output>
    </UnitTestResult>
    <UnitTestResult executionId="195fe2e8-cff0-4fbe-a2ca-a1c7f398d981" testId="1aeb1152-9438-dc8a-fc87-64d5ffc56305" testName="RemovingItemFromMiddleWorks" computerName="HP-WORKSTATION" duration="00:00:00.0011026" startTime="2008-11-16T18:28:23.5625000+00:00" endTime="2008-11-16T18:28:23.5625000+00:00" testType="13cdc9d9-ddb5-4fa4-a97d-d965ccfc6d4b" outcome="Passed" testListId="8c84fa94-04c1-424b-9868-57a2d4851a1d">
      <Output>
      </Output>
    </UnitTestResult>
    <UnitTestResult executionId="5160590c-644c-4aab-bf95-1cda9f77011f" testId="2379ab60-e063-6099-3890-60e315b59038" testName="RemovingFirstItemWorks" computerName="HP-WORKSTATION" duration="00:00:00.0005212" startTime="2008-11-16T18:28:23.5625000+00:00" endTime="2008-11-16T18:28:23.5625000+00:00" testType="13cdc9d9-ddb5-4fa4-a97d-d965ccfc6d4b" outcome="Passed" testListId="8c84fa94-04c1-424b-9868-57a2d4851a1d">
      <Output>
      </Output>
    </UnitTestResult>
    <UnitTestResult executionId="d1e6254a-fb43-4725-b5f2-0d631d71911c" testId="322650b2-9f9d-d8fb-13dd-d3492a3dd2b6" testName="CanGetMultipleItems" computerName="HP-WORKSTATION" duration="00:00:00.0017505" startTime="2008-11-16T18:28:23.5625000+00:00" endTime="2008-11-16T18:28:23.5781250+00:00" testType="13cdc9d9-ddb5-4fa4-a97d-d965ccfc6d4b" outcome="Passed" testListId="8c84fa94-04c1-424b-9868-57a2d4851a1d">
      <Output>
      </Output>
    </UnitTestResult>
    <UnitTestResult executionId="c5354e9e-1b1c-40bb-a1cd-f89efbfcc695" testId="355826a2-29b2-22df-a3cf-8f88ab33fffe" testName="ListWithItemsIsNotEmpty" computerName="HP-WORKSTATION" duration="00:00:00.0003131" startTime="2008-11-16T18:28:23.5781250+00:00" endTime="2008-11-16T18:28:23.5781250+00:00" testType="13cdc9d9-ddb5-4fa4-a97d-d965ccfc6d4b" outcome="Passed" testListId="8c84fa94-04c1-424b-9868-57a2d4851a1d">
      <Output>
      </Output>
    </UnitTestResult>
    <UnitTestResult executionId="0ed38eba-90a9-4b72-a3c2-e9d5fd4ca83d" testId="35d7b8e8-27a3-6571-1fc9-6ccd664ceb67" testName="RemovingOnlyItemWorks" computerName="HP-WORKSTATION" duration="00:00:00.0021600" startTime="2008-11-16T18:28:23.5781250+00:00" endTime="2008-11-16T18:28:23.5781250+00:00" testType="13cdc9d9-ddb5-4fa4-a97d-d965ccfc6d4b" outcome="Passed" testListId="8c84fa94-04c1-424b-9868-57a2d4851a1d">
      <Output>
      </Output>
    </UnitTestResult>
    <UnitTestResult executionId="c87bb3e0-0873-4be0-b3ab-b3b7069914d8" testId="4a9e37df-119f-2ae7-7cef-1a3fd380fa68" testName="RemoveWhereItemNotFoundFails" computerName="HP-WORKSTATION" duration="00:00:00.0005687" startTime="2008-11-16T18:28:23.5781250+00:00" endTime="2008-11-16T18:28:23.5937500+00:00" testType="13cdc9d9-ddb5-4fa4-a97d-d965ccfc6d4b" outcome="Passed" testListId="8c84fa94-04c1-424b-9868-57a2d4851a1d">
      <Output>
      </Output>
    </UnitTestResult>
    <UnitTestResult executionId="c6cd7d71-e50b-4c9d-bd5d-c7324173dcd2" testId="4d9f609b-9748-2d3d-ef13-99417adf73d3" testName="NullArgumentForRemoveFails" computerName="HP-WORKSTATION" duration="00:00:00.0004955" startTime="2008-11-16T18:28:23.5937500+00:00" endTime="2008-11-16T18:28:23.5937500+00:00" testType="13cdc9d9-ddb5-4fa4-a97d-d965ccfc6d4b" outcome="Passed" testListId="8c84fa94-04c1-424b-9868-57a2d4851a1d">
      <Output>
      </Output>
    </UnitTestResult>
    <UnitTestResult executionId="4f90465f-1d78-4152-acd1-9a48d9777c7a" testId="50e71873-5382-aea1-8aa3-16c4124a611c" testName="CanGetSingleItem" computerName="HP-WORKSTATION" duration="00:00:00.0009805" startTime="2008-11-16T18:28:23.5937500+00:00" endTime="2008-11-16T18:28:23.5937500+00:00" testType="13cdc9d9-ddb5-4fa4-a97d-d965ccfc6d4b" outcome="Passed" testListId="8c84fa94-04c1-424b-9868-57a2d4851a1d">
      <Output>
      </Output>
    </UnitTestResult>
    <UnitTestResult executionId="47bd4444-847b-4f2f-80d2-8f0c6f3ec55c" testId="638db12d-f4d9-5732-976a-4a0534bd8e31" testName="RemovingLastItemWorks" computerName="HP-WORKSTATION" duration="00:00:00.0011881" startTime="2008-11-16T18:28:23.5937500+00:00" endTime="2008-11-16T18:28:23.6093750+00:00" testType="13cdc9d9-ddb5-4fa4-a97d-d965ccfc6d4b" outcome="Passed" testListId="8c84fa94-04c1-424b-9868-57a2d4851a1d">
      <Output>
      </Output>
    </UnitTestResult>
    <UnitTestResult executionId="1fe4a8c2-2678-4e92-a66b-8ce75edae579" testId="6d741a4b-b840-c94e-6fec-9ad37075440b" testName="AccessingEmpty_listFails" computerName="HP-WORKSTATION" duration="00:00:00.0006900" startTime="2008-11-16T18:28:23.6093750+00:00" endTime="2008-11-16T18:28:23.6093750+00:00" testType="13cdc9d9-ddb5-4fa4-a97d-d965ccfc6d4b" outcome="Passed" testListId="8c84fa94-04c1-424b-9868-57a2d4851a1d">
      <Output>
      </Output>
    </UnitTestResult>
    <UnitTestResult executionId="c0442238-6b12-41c9-af82-41a729c22494" testId="7045ed99-7bec-cb2e-4217-57f02cb534d2" testName="New_listIsEmpty" computerName="HP-WORKSTATION" duration="00:00:00.0002209" startTime="2008-11-16T18:28:23.6093750+00:00" endTime="2008-11-16T18:28:23.6093750+00:00" testType="13cdc9d9-ddb5-4fa4-a97d-d965ccfc6d4b" outcome="Passed" testListId="8c84fa94-04c1-424b-9868-57a2d4851a1d">
      <Output>
      </Output>
    </UnitTestResult>
    <UnitTestResult executionId="4b6a02df-8c6b-48bd-9b1c-82aff57ee56a" testId="951377d5-8b5c-3942-6744-f840ea784f78" testName="NewListHasZeroSize" computerName="HP-WORKSTATION" duration="00:00:00.0002684" startTime="2008-11-16T18:28:23.6093750+00:00" endTime="2008-11-16T18:28:23.6093750+00:00" testType="13cdc9d9-ddb5-4fa4-a97d-d965ccfc6d4b" outcome="Passed" testListId="8c84fa94-04c1-424b-9868-57a2d4851a1d">
      <Output>
      </Output>
    </UnitTestResult>
    <UnitTestResult executionId="c3ed7427-ae83-441f-82a4-4f346a78d931" testId="9d6826a8-5c68-a485-e483-436c2cf3768a" testName="RemovingItemFromMiddleWorks" computerName="HP-WORKSTATION" duration="00:00:00.0046944" startTime="2008-11-16T18:28:23.6093750+00:00" endTime="2008-11-16T18:28:23.6250000+00:00" testType="13cdc9d9-ddb5-4fa4-a97d-d965ccfc6d4b" outcome="Failed" testListId="8c84fa94-04c1-424b-9868-57a2d4851a1d">
      <Output>
        <ErrorInfo>
          <Message>Assert.AreEqual failed. Expected:&lt;_list Contents: abc ghi&gt;. Actual:&lt;List Contents: abc ghi&gt;. </Message>
          <StackTrace>   at GenericLinkedListVB.Linked_listTest.RemovingItemFromMiddleWorks() in C:\development\bcc\CourseProjects\GenericsInDotNet\GenericLinkedListVB\LinkedListTest.vb:line 108
</StackTrace>
        </ErrorInfo>
      </Output>
    </UnitTestResult>
    <UnitTestResult executionId="68c5630f-2e3a-45a1-913b-db1817171ce1" testId="9f183d84-1a40-328c-0e82-1289d55dc8a4" testName="ListWithItemsIsNotEmpty" computerName="HP-WORKSTATION" duration="00:00:00.0002804" startTime="2008-11-16T18:28:23.6250000+00:00" endTime="2008-11-16T18:28:23.6250000+00:00" testType="13cdc9d9-ddb5-4fa4-a97d-d965ccfc6d4b" outcome="Passed" testListId="8c84fa94-04c1-424b-9868-57a2d4851a1d">
      <Output>
      </Output>
    </UnitTestResult>
    <UnitTestResult executionId="b972e46b-716e-4430-864e-2d34afdeb23e" testId="a0c49f97-4c46-aaa7-65fe-c340d3cc5530" testName="CanGetSingleItem" computerName="HP-WORKSTATION" duration="00:00:00.0003539" startTime="2008-11-16T18:28:23.6250000+00:00" endTime="2008-11-16T18:28:23.6406250+00:00" testType="13cdc9d9-ddb5-4fa4-a97d-d965ccfc6d4b" outcome="Passed" testListId="8c84fa94-04c1-424b-9868-57a2d4851a1d">
      <Output>
      </Output>
    </UnitTestResult>
    <UnitTestResult executionId="b2a265d5-278d-4568-a42a-21e70cbd586f" testId="a4628515-46b4-c70c-8364-475d7f98d32d" testName="AccessingWithNegativeIndexFails" computerName="HP-WORKSTATION" duration="00:00:00.0005866" startTime="2008-11-16T18:28:23.6406250+00:00" endTime="2008-11-16T18:28:23.6406250+00:00" testType="13cdc9d9-ddb5-4fa4-a97d-d965ccfc6d4b" outcome="Passed" testListId="8c84fa94-04c1-424b-9868-57a2d4851a1d">
      <Output>
      </Output>
    </UnitTestResult>
    <UnitTestResult executionId="3acc8d7b-cd78-417a-9101-a8252ecb47ae" testId="a9e1fe60-aef5-26a5-aeff-3af8de9a6509" testName="NullArgumentForRemoveFails" computerName="HP-WORKSTATION" duration="00:00:00.0005126" startTime="2008-11-16T18:28:23.6406250+00:00" endTime="2008-11-16T18:28:23.6406250+00:00" testType="13cdc9d9-ddb5-4fa4-a97d-d965ccfc6d4b" outcome="Passed" testListId="8c84fa94-04c1-424b-9868-57a2d4851a1d">
      <Output>
      </Output>
    </UnitTestResult>
    <UnitTestResult executionId="8ccb559b-64e2-4c4f-bdb9-32b49b413db6" testId="b242119b-6c6d-a1d7-b70e-841a77b00aa9" testName="RemovingFirstItemWorks" computerName="HP-WORKSTATION" duration="00:00:00.0013392" startTime="2008-11-16T18:28:23.6406250+00:00" endTime="2008-11-16T18:28:23.6562500+00:00" testType="13cdc9d9-ddb5-4fa4-a97d-d965ccfc6d4b" outcome="Failed" testListId="8c84fa94-04c1-424b-9868-57a2d4851a1d">
      <Output>
        <ErrorInfo>
          <Message>Assert.AreEqual failed. Expected:&lt;_list Contents: def ghi&gt;. Actual:&lt;List Contents: def ghi&gt;. </Message>
          <StackTrace>   at GenericLinkedListVB.Linked_listTest.RemovingFirstItemWorks() in C:\development\bcc\CourseProjects\GenericsInDotNet\GenericLinkedListVB\LinkedListTest.vb:line 91
</StackTrace>
        </ErrorInfo>
      </Output>
    </UnitTestResult>
    <UnitTestResult executionId="5e6aea19-49f8-4db9-be18-a7decc7de977" testId="b2bddc14-9ecf-9c3e-4886-a804ac62e823" testName="NewListIsEmpty" computerName="HP-WORKSTATION" duration="00:00:00.0002466" startTime="2008-11-16T18:28:23.6562500+00:00" endTime="2008-11-16T18:28:23.6562500+00:00" testType="13cdc9d9-ddb5-4fa4-a97d-d965ccfc6d4b" outcome="Passed" testListId="8c84fa94-04c1-424b-9868-57a2d4851a1d">
      <Output>
      </Output>
    </UnitTestResult>
    <UnitTestResult executionId="7a9c553e-1910-4fbf-b0d4-b6892dd1cfc9" testId="bb25f5e8-0a22-030c-457d-cde5aff7053f" testName="CanGetMultipleItems" computerName="HP-WORKSTATION" duration="00:00:00.0006442" startTime="2008-11-16T18:28:23.6562500+00:00" endTime="2008-11-16T18:28:23.6562500+00:00" testType="13cdc9d9-ddb5-4fa4-a97d-d965ccfc6d4b" outcome="Passed" testListId="8c84fa94-04c1-424b-9868-57a2d4851a1d">
      <Output>
      </Output>
    </UnitTestResult>
    <UnitTestResult executionId="e0dae50a-6b4c-487b-924c-e20ed19e26e3" testId="bcc61a10-54f1-098d-368c-52702511ba4e" testName="RemovingLastItemWorks" computerName="HP-WORKSTATION" duration="00:00:00.0007439" startTime="2008-11-16T18:28:23.6562500+00:00" endTime="2008-11-16T18:28:23.6562500+00:00" testType="13cdc9d9-ddb5-4fa4-a97d-d965ccfc6d4b" outcome="Passed" testListId="8c84fa94-04c1-424b-9868-57a2d4851a1d">
      <Output>
      </Output>
    </UnitTestResult>
    <UnitTestResult executionId="ace7d1d3-a962-4cd7-84f3-9b0ffcc4c333" testId="bd913aa3-a7a9-b079-cf42-1019668a0ba0" testName="AccessingWithTooLargeAnIndexFails" computerName="HP-WORKSTATION" duration="00:00:00.0006796" startTime="2008-11-16T18:28:23.6562500+00:00" endTime="2008-11-16T18:28:23.6718750+00:00" testType="13cdc9d9-ddb5-4fa4-a97d-d965ccfc6d4b" outcome="Passed" testListId="8c84fa94-04c1-424b-9868-57a2d4851a1d">
      <Output>
      </Output>
    </UnitTestResult>
    <UnitTestResult executionId="b2ce1c57-ccbb-4750-be89-071788e1ccc5" testId="c1a7519e-8be0-49bb-96e8-df97a7aa9c1c" testName="ToStringWorks" computerName="HP-WORKSTATION" duration="00:00:00.0007540" startTime="2008-11-16T18:28:23.6718750+00:00" endTime="2008-11-16T18:28:23.6718750+00:00" testType="13cdc9d9-ddb5-4fa4-a97d-d965ccfc6d4b" outcome="Passed" testListId="8c84fa94-04c1-424b-9868-57a2d4851a1d">
      <Output>
      </Output>
    </UnitTestResult>
    <UnitTestResult executionId="1e80efcc-bc84-49e1-a644-8a211f5d4888" testId="c359a629-267e-54ad-29b5-82b266ca490e" testName="ToStringWorks" computerName="HP-WORKSTATION" duration="00:00:00.0007330" startTime="2008-11-16T18:28:23.6718750+00:00" endTime="2008-11-16T18:28:23.6718750+00:00" testType="13cdc9d9-ddb5-4fa4-a97d-d965ccfc6d4b" outcome="Passed" testListId="8c84fa94-04c1-424b-9868-57a2d4851a1d">
      <Output>
      </Output>
    </UnitTestResult>
    <UnitTestResult executionId="48d1e466-7680-4f82-806e-365d56ae8e0b" testId="c6c72218-b2f9-461b-67e2-f4fe049044c1" testName="RemoveFromEmptyListFails" computerName="HP-WORKSTATION" duration="00:00:00.0004886" startTime="2008-11-16T18:28:23.6718750+00:00" endTime="2008-11-16T18:28:23.6718750+00:00" testType="13cdc9d9-ddb5-4fa4-a97d-d965ccfc6d4b" outcome="Passed" testListId="8c84fa94-04c1-424b-9868-57a2d4851a1d">
      <Output>
      </Output>
    </UnitTestResult>
    <UnitTestResult executionId="d3f105f7-d1d8-4bf8-9b19-fc27bdbf403e" testId="c74743c9-d1d1-9907-d4c1-fafc295fb03d" testName="ListWithItemsHasCorrectSize" computerName="HP-WORKSTATION" duration="00:00:00.0003070" startTime="2008-11-16T18:28:23.6875000+00:00" endTime="2008-11-16T18:28:23.6875000+00:00" testType="13cdc9d9-ddb5-4fa4-a97d-d965ccfc6d4b" outcome="Passed" testListId="8c84fa94-04c1-424b-9868-57a2d4851a1d">
      <Output>
      </Output>
    </UnitTestResult>
    <UnitTestResult executionId="7f411826-268c-4ead-a574-dc2e59d6f6bd" testId="dd779965-9e02-24e7-ce9b-ee249ce007ff" testName="NewListHasZeroSize" computerName="HP-WORKSTATION" duration="00:00:00.0002673" startTime="2008-11-16T18:28:23.6875000+00:00" endTime="2008-11-16T18:28:23.6875000+00:00" testType="13cdc9d9-ddb5-4fa4-a97d-d965ccfc6d4b" outcome="Passed" testListId="8c84fa94-04c1-424b-9868-57a2d4851a1d">
      <Output>
      </Output>
    </UnitTestResult>
    <UnitTestResult executionId="d6780fcf-6a87-4286-b293-31a1f8cfbef5" testId="e21b1ef6-b7a6-7707-028b-2a6ac4f12496" testName="AccessingWithNegativeIndexFails" computerName="HP-WORKSTATION" duration="00:00:00.0007467" startTime="2008-11-16T18:28:23.6875000+00:00" endTime="2008-11-16T18:28:23.7031250+00:00" testType="13cdc9d9-ddb5-4fa4-a97d-d965ccfc6d4b" outcome="Passed" testListId="8c84fa94-04c1-424b-9868-57a2d4851a1d">
      <Output>
      </Output>
    </UnitTestResult>
    <UnitTestResult executionId="52bc9d18-c6dc-494e-8134-4b4c4b2e143f" testId="f68c92a7-b373-8674-d1f9-d12f84b24e94" testName="AccessingWithTooLargeAnIndexFails" computerName="HP-WORKSTATION" duration="00:00:00.0005173" startTime="2008-11-16T18:28:23.7031250+00:00" endTime="2008-11-16T18:28:23.7031250+00:00" testType="13cdc9d9-ddb5-4fa4-a97d-d965ccfc6d4b" outcome="Passed" testListId="8c84fa94-04c1-424b-9868-57a2d4851a1d">
      <Output>
      </Output>
    </UnitTestResult>
  </Results>
</TestRun>