<?xml version="1.0" encoding="UTF-8"?>
<TestRun id="d51b90a1-1556-4151-899e-5cd48dd9a76b" name="Administrator@HP-WORKSTATION 2008-11-16 18:28:58" runUser="HP-WORKSTATION\Administrator" xmlns="http://microsoft.com/schemas/VisualStudio/TeamTest/2006">
  <TestRunConfiguration name="Local Test Run" id="3fcbd058-78fd-489e-a4fb-fddf2f5b8824">
    <Description>This is a default test run configuration for a local test run.</Description>
    <Deployment runDeploymentRoot="C:\development\bcc\CourseProjects\GenericsInDotNet\TestResults\Administrator_HP-WORKSTATION 2008-11-16 18_28_58" />
    <TestTypeSpecific />
  </TestRunConfiguration>
  <ResultSummary outcome="Completed">
    <Counters total="34" executed="34" passed="34" error="0" failed="0" timeout="0" aborted="0" inconclusive="0" passedButRunAborted="0" notRunnable="0" notExecuted="0" disconnected="0" warning="0" completed="0" inProgress="0" pending="0" />
  </ResultSummary>
  <Times creation="2008-11-16T18:28:58.7812500+00:00" queuing="2008-11-16T18:28:59.1250000+00:00" start="2008-11-16T18:28:59.1406250+00:00" finish="2008-11-16T18:28:59.4375000+00:00" />
  <TestDefinitions>
    <UnitTest name="New_listIsEmpty" storage="c:\development\bcc\courseprojects\genericsindotnet\genericlinkedlistvb\bin\debug\genericlinkedlistvb.dll" id="7045ed99-7bec-cb2e-4217-57f02cb534d2">
      <Css projectStructure="" iteration="" />
      <Owners>
        <Owner name="" />
      </Owners>
      <Execution id="b42a13fc-c8cb-4fba-96d4-b37967f51eb4" />
      <TestMethod codeBase="C:\development\bcc\CourseProjects\GenericsInDotNet\GenericLinkedListVB\bin\Debug\GenericLinkedListVB.dll" adapterTypeName="Microsoft.VisualStudio.TestTools.TestTypes.Unit.UnitTestAdapter, Microsoft.VisualStudio.QualityTools.Tips.UnitTest.Adapter, Version=9.0.0.0, Culture=neutral, PublicKeyToken=b03f5f7f11d50a3a" className="GenericLinkedListVB.Linked_listTest, GenericLinkedListVB" name="New_listIsEmpty" />
    </UnitTest>
    <UnitTest name="AccessingEmptyListFails" storage="c:\development\bcc\courseprojects\genericsindotnet\genericlinkedlistcs\bin\debug\genericlinkedlistcs.dll" id="0675ee84-efb4-e1ad-adf4-7ea1752bad6c">
      <Css projectStructure="" iteration="" />
      <Owners>
        <Owner name="" />
      </Owners>
      <Execution id="e06078f0-f737-475e-9fde-8f2cfedfd59f" />
      <TestMethod codeBase="C:\development\bcc\CourseProjects\GenericsInDotNet\GenericLinkedListCS\bin\Debug\GenericLinkedListCS.dll" adapterTypeName="Microsoft.VisualStudio.TestTools.TestTypes.Unit.UnitTestAdapter, Microsoft.VisualStudio.QualityTools.Tips.UnitTest.Adapter, Version=9.0.0.0, Culture=neutral, PublicKeyToken=b03f5f7f11d50a3a" className="LinkedList.LinkedListTest, GenericLinkedListCS" name="AccessingEmptyListFails" />
    </UnitTest>
    <UnitTest name="RemovingLastItemWorks" storage="c:\development\bcc\courseprojects\genericsindotnet\genericlinkedlistvb\bin\debug\genericlinkedlistvb.dll" id="638db12d-f4d9-5732-976a-4a0534bd8e31">
      <Css projectStructure="" iteration="" />
      <Owners>
        <Owner name="" />
      </Owners>
      <Execution id="99bb4832-f4d4-4689-8870-486ec4d1ef1b" />
      <TestMethod codeBase="C:\development\bcc\CourseProjects\GenericsInDotNet\GenericLinkedListVB\bin\Debug\GenericLinkedListVB.dll" adapterTypeName="Microsoft.VisualStudio.TestTools.TestTypes.Unit.UnitTestAdapter, Microsoft.VisualStudio.QualityTools.Tips.UnitTest.Adapter, Version=9.0.0.0, Culture=neutral, PublicKeyToken=b03f5f7f11d50a3a" className="GenericLinkedListVB.Linked_listTest, GenericLinkedListVB" name="RemovingLastItemWorks" />
    </UnitTest>
    <UnitTest name="ListWithItemsIsNotEmpty" storage="c:\development\bcc\courseprojects\genericsindotnet\genericlinkedlistcs\bin\debug\genericlinkedlistcs.dll" id="9f183d84-1a40-328c-0e82-1289d55dc8a4">
      <Css projectStructure="" iteration="" />
      <Owners>
        <Owner name="" />
      </Owners>
      <Execution id="31e9f3e0-31d2-4332-82f6-26e16a6bd1ca" />
      <TestMethod codeBase="C:\development\bcc\CourseProjects\GenericsInDotNet\GenericLinkedListCS\bin\Debug\GenericLinkedListCS.dll" adapterTypeName="Microsoft.VisualStudio.TestTools.TestTypes.Unit.UnitTestAdapter, Microsoft.VisualStudio.QualityTools.Tips.UnitTest.Adapter, Version=9.0.0.0, Culture=neutral, PublicKeyToken=b03f5f7f11d50a3a" className="LinkedList.LinkedListTest, GenericLinkedListCS" name="ListWithItemsIsNotEmpty" />
    </UnitTest>
    <UnitTest name="AccessingEmpty_listFails" storage="c:\development\bcc\courseprojects\genericsindotnet\genericlinkedlistvb\bin\debug\genericlinkedlistvb.dll" id="6d741a4b-b840-c94e-6fec-9ad37075440b">
      <Css projectStructure="" iteration="" />
      <Owners>
        <Owner name="" />
      </Owners>
      <Execution id="058bb8fa-85f9-4c6b-9914-958791d93506" />
      <TestMethod codeBase="C:\development\bcc\CourseProjects\GenericsInDotNet\GenericLinkedListVB\bin\Debug\GenericLinkedListVB.dll" adapterTypeName="Microsoft.VisualStudio.TestTools.TestTypes.Unit.UnitTestAdapter, Microsoft.VisualStudio.QualityTools.Tips.UnitTest.Adapter, Version=9.0.0.0, Culture=neutral, PublicKeyToken=b03f5f7f11d50a3a" className="GenericLinkedListVB.Linked_listTest, GenericLinkedListVB" name="AccessingEmpty_listFails" />
    </UnitTest>
    <UnitTest name="ListWithItemsHasCorrectSize" storage="c:\development\bcc\courseprojects\genericsindotnet\genericlinkedlistcs\bin\debug\genericlinkedlistcs.dll" id="0ae09384-f2b1-67f9-17b4-649fc55a26e4">
      <Css projectStructure="" iteration="" />
      <Owners>
        <Owner name="" />
      </Owners>
      <Execution id="f7931fcb-a435-4180-b00e-fb0d9013830c" />
      <TestMethod codeBase="C:\development\bcc\CourseProjects\GenericsInDotNet\GenericLinkedListCS\bin\Debug\GenericLinkedListCS.dll" adapterTypeName="Microsoft.VisualStudio.TestTools.TestTypes.Unit.UnitTestAdapter, Microsoft.VisualStudio.QualityTools.Tips.UnitTest.Adapter, Version=9.0.0.0, Culture=neutral, PublicKeyToken=b03f5f7f11d50a3a" className="LinkedList.LinkedListTest, GenericLinkedListCS" name="ListWithItemsHasCorrectSize" />
    </UnitTest>
    <UnitTest name="RemovingItemFromMiddleWorks" storage="c:\development\bcc\courseprojects\genericsindotnet\genericlinkedlistcs\bin\debug\genericlinkedlistcs.dll" id="1aeb1152-9438-dc8a-fc87-64d5ffc56305">
      <Css projectStructure="" iteration="" />
      <Owners>
        <Owner name="" />
      </Owners>
      <Execution id="77ae32dc-10e0-4699-b22f-ef0745bb1acc" />
      <TestMethod codeBase="C:\development\bcc\CourseProjects\GenericsInDotNet\GenericLinkedListCS\bin\Debug\GenericLinkedListCS.dll" adapterTypeName="Microsoft.VisualStudio.TestTools.TestTypes.Unit.UnitTestAdapter, Microsoft.VisualStudio.QualityTools.Tips.UnitTest.Adapter, Version=9.0.0.0, Culture=neutral, PublicKeyToken=b03f5f7f11d50a3a" className="LinkedList.LinkedListTest, GenericLinkedListCS" name="RemovingItemFromMiddleWorks" />
    </UnitTest>
    <UnitTest name="NewListHasZeroSize" storage="c:\development\bcc\courseprojects\genericsindotnet\genericlinkedlistcs\bin\debug\genericlinkedlistcs.dll" id="dd779965-9e02-24e7-ce9b-ee249ce007ff">
      <Css projectStructure="" iteration="" />
      <Owners>
        <Owner name="" />
      </Owners>
      <Execution id="c134d2cb-b110-42cd-a28e-f3d2b6cb87c6" />
      <TestMethod codeBase="C:\development\bcc\CourseProjects\GenericsInDotNet\GenericLinkedListCS\bin\Debug\GenericLinkedListCS.dll" adapterTypeName="Microsoft.VisualStudio.TestTools.TestTypes.Unit.UnitTestAdapter, Microsoft.VisualStudio.QualityTools.Tips.UnitTest.Adapter, Version=9.0.0.0, Culture=neutral, PublicKeyToken=b03f5f7f11d50a3a" className="LinkedList.LinkedListTest, GenericLinkedListCS" name="NewListHasZeroSize" />
    </UnitTest>
    <UnitTest name="AccessingWithTooLargeAnIndexFails" storage="c:\development\bcc\courseprojects\genericsindotnet\genericlinkedlistvb\bin\debug\genericlinkedlistvb.dll" id="bd913aa3-a7a9-b079-cf42-1019668a0ba0">
      <Css projectStructure="" iteration="" />
      <Owners>
        <Owner name="" />
      </Owners>
      <Execution id="4845e09e-53fe-4633-a68d-d5b6df137288" />
      <TestMethod codeBase="C:\development\bcc\CourseProjects\GenericsInDotNet\GenericLinkedListVB\bin\Debug\GenericLinkedListVB.dll" adapterTypeName="Microsoft.VisualStudio.TestTools.TestTypes.Unit.UnitTestAdapter, Microsoft.VisualStudio.QualityTools.Tips.UnitTest.Adapter, Version=9.0.0.0, Culture=neutral, PublicKeyToken=b03f5f7f11d50a3a" className="GenericLinkedListVB.Linked_listTest, GenericLinkedListVB" name="AccessingWithTooLargeAnIndexFails" />
    </UnitTest>
    <UnitTest name="AccessingWithNegativeIndexFails" storage="c:\development\bcc\courseprojects\genericsindotnet\genericlinkedlistvb\bin\debug\genericlinkedlistvb.dll" id="a4628515-46b4-c70c-8364-475d7f98d32d">
      <Css projectStructure="" iteration="" />
      <Owners>
        <Owner name="" />
      </Owners>
      <Execution id="484ec4f6-b982-48cf-a0e0-ac23ed8a8197" />
      <TestMethod codeBase="C:\development\bcc\CourseProjects\GenericsInDotNet\GenericLinkedListVB\bin\Debug\GenericLinkedListVB.dll" adapterTypeName="Microsoft.VisualStudio.TestTools.TestTypes.Unit.UnitTestAdapter, Microsoft.VisualStudio.QualityTools.Tips.UnitTest.Adapter, Version=9.0.0.0, Culture=neutral, PublicKeyToken=b03f5f7f11d50a3a" className="GenericLinkedListVB.Linked_listTest, GenericLinkedListVB" name="AccessingWithNegativeIndexFails" />
    </UnitTest>
    <UnitTest name="ToStringWorks" storage="c:\development\bcc\courseprojects\genericsindotnet\genericlinkedlistvb\bin\debug\genericlinkedlistvb.dll" id="c359a629-267e-54ad-29b5-82b266ca490e">
      <Css projectStructure="" iteration="" />
      <Owners>
        <Owner name="" />
      </Owners>
      <Execution id="90d0f21b-157d-49d6-9906-dcc93c6d1190" />
      <TestMethod codeBase="C:\development\bcc\CourseProjects\GenericsInDotNet\GenericLinkedListVB\bin\Debug\GenericLinkedListVB.dll" adapterTypeName="Microsoft.VisualStudio.TestTools.TestTypes.Unit.UnitTestAdapter, Microsoft.VisualStudio.QualityTools.Tips.UnitTest.Adapter, Version=9.0.0.0, Culture=neutral, PublicKeyToken=b03f5f7f11d50a3a" className="GenericLinkedListVB.Linked_listTest, GenericLinkedListVB" name="ToStringWorks" />
    </UnitTest>
    <UnitTest name="RemovingOnlyItemWorks" storage="c:\development\bcc\courseprojects\genericsindotnet\genericlinkedlistvb\bin\debug\genericlinkedlistvb.dll" id="35d7b8e8-27a3-6571-1fc9-6ccd664ceb67">
      <Css projectStructure="" iteration="" />
      <Owners>
        <Owner name="" />
      </Owners>
      <Execution id="9b2c1c13-41b8-4a50-b383-a5e7aa5fa1a2" />
      <TestMethod codeBase="C:\development\bcc\CourseProjects\GenericsInDotNet\GenericLinkedListVB\bin\Debug\GenericLinkedListVB.dll" adapterTypeName="Microsoft.VisualStudio.TestTools.TestTypes.Unit.UnitTestAdapter, Microsoft.VisualStudio.QualityTools.Tips.UnitTest.Adapter, Version=9.0.0.0, Culture=neutral, PublicKeyToken=b03f5f7f11d50a3a" className="GenericLinkedListVB.Linked_listTest, GenericLinkedListVB" name="RemovingOnlyItemWorks" />
    </UnitTest>
    <UnitTest name="RemovingFirstItemWorks" storage="c:\development\bcc\courseprojects\genericsindotnet\genericlinkedlistcs\bin\debug\genericlinkedlistcs.dll" id="2379ab60-e063-6099-3890-60e315b59038">
      <Css projectStructure="" iteration="" />
      <Owners>
        <Owner name="" />
      </Owners>
      <Execution id="f1791af8-cc05-421c-abc8-b6a16cdafeff" />
      <TestMethod codeBase="C:\development\bcc\CourseProjects\GenericsInDotNet\GenericLinkedListCS\bin\Debug\GenericLinkedListCS.dll" adapterTypeName="Microsoft.VisualStudio.TestTools.TestTypes.Unit.UnitTestAdapter, Microsoft.VisualStudio.QualityTools.Tips.UnitTest.Adapter, Version=9.0.0.0, Culture=neutral, PublicKeyToken=b03f5f7f11d50a3a" className="LinkedList.LinkedListTest, GenericLinkedListCS" name="RemovingFirstItemWorks" />
    </UnitTest>
    <UnitTest name="NullArgumentForRemoveFails" storage="c:\development\bcc\courseprojects\genericsindotnet\genericlinkedlistvb\bin\debug\genericlinkedlistvb.dll" id="a9e1fe60-aef5-26a5-aeff-3af8de9a6509">
      <Css projectStructure="" iteration="" />
      <Owners>
        <Owner name="" />
      </Owners>
      <Execution id="937c4a96-0484-4c5c-9b6b-f4e9c2186d5c" />
      <TestMethod codeBase="C:\development\bcc\CourseProjects\GenericsInDotNet\GenericLinkedListVB\bin\Debug\GenericLinkedListVB.dll" adapterTypeName="Microsoft.VisualStudio.TestTools.TestTypes.Unit.UnitTestAdapter, Microsoft.VisualStudio.QualityTools.Tips.UnitTest.Adapter, Version=9.0.0.0, Culture=neutral, PublicKeyToken=b03f5f7f11d50a3a" className="GenericLinkedListVB.Linked_listTest, GenericLinkedListVB" name="NullArgumentForRemoveFails" />
    </UnitTest>
    <UnitTest name="CanGetMultipleItems" storage="c:\development\bcc\courseprojects\genericsindotnet\genericlinkedlistvb\bin\debug\genericlinkedlistvb.dll" id="322650b2-9f9d-d8fb-13dd-d3492a3dd2b6">
      <Css projectStructure="" iteration="" />
      <Owners>
        <Owner name="" />
      </Owners>
      <Execution id="2ba17d71-2e7c-44ff-a70c-15aae159954f" />
      <TestMethod codeBase="C:\development\bcc\CourseProjects\GenericsInDotNet\GenericLinkedListVB\bin\Debug\GenericLinkedListVB.dll" adapterTypeName="Microsoft.VisualStudio.TestTools.TestTypes.Unit.UnitTestAdapter, Microsoft.VisualStudio.QualityTools.Tips.UnitTest.Adapter, Version=9.0.0.0, Culture=neutral, PublicKeyToken=b03f5f7f11d50a3a" className="GenericLinkedListVB.Linked_listTest, GenericLinkedListVB" name="CanGetMultipleItems" />
    </UnitTest>
    <UnitTest name="RemovingItemFromMiddleWorks" storage="c:\development\bcc\courseprojects\genericsindotnet\genericlinkedlistvb\bin\debug\genericlinkedlistvb.dll" id="9d6826a8-5c68-a485-e483-436c2cf3768a">
      <Css projectStructure="" iteration="" />
      <Owners>
        <Owner name="" />
      </Owners>
      <Execution id="c2d8d37c-39fb-4f69-a098-289ac3227ca8" />
      <TestMethod codeBase="C:\development\bcc\CourseProjects\GenericsInDotNet\GenericLinkedListVB\bin\Debug\GenericLinkedListVB.dll" adapterTypeName="Microsoft.VisualStudio.TestTools.TestTypes.Unit.UnitTestAdapter, Microsoft.VisualStudio.QualityTools.Tips.UnitTest.Adapter, Version=9.0.0.0, Culture=neutral, PublicKeyToken=b03f5f7f11d50a3a" className="GenericLinkedListVB.Linked_listTest, GenericLinkedListVB" name="RemovingItemFromMiddleWorks" />
    </UnitTest>
    <UnitTest name="RemoveWhereItemNotFoundFails" storage="c:\development\bcc\courseprojects\genericsindotnet\genericlinkedlistvb\bin\debug\genericlinkedlistvb.dll" id="08f4ebad-c5c7-eff1-bf0c-2b35ca80b807">
      <Css projectStructure="" iteration="" />
      <Owners>
        <Owner name="" />
      </Owners>
      <Execution id="e007f7ad-c8fb-463c-b444-d301a9f34130" />
      <TestMethod codeBase="C:\development\bcc\CourseProjects\GenericsInDotNet\GenericLinkedListVB\bin\Debug\GenericLinkedListVB.dll" adapterTypeName="Microsoft.VisualStudio.TestTools.TestTypes.Unit.UnitTestAdapter, Microsoft.VisualStudio.QualityTools.Tips.UnitTest.Adapter, Version=9.0.0.0, Culture=neutral, PublicKeyToken=b03f5f7f11d50a3a" className="GenericLinkedListVB.Linked_listTest, GenericLinkedListVB" name="RemoveWhereItemNotFoundFails" />
    </UnitTest>
    <UnitTest name="NullArgumentForRemoveFails" storage="c:\development\bcc\courseprojects\genericsindotnet\genericlinkedlistcs\bin\debug\genericlinkedlistcs.dll" id="4d9f609b-9748-2d3d-ef13-99417adf73d3">
      <Css projectStructure="" iteration="" />
      <Owners>
        <Owner name="" />
      </Owners>
      <Execution id="a6a9c88f-c966-40cd-a77b-fbc5a9bb0063" />
      <TestMethod codeBase="C:\development\bcc\CourseProjects\GenericsInDotNet\GenericLinkedListCS\bin\Debug\GenericLinkedListCS.dll" adapterTypeName="Microsoft.VisualStudio.TestTools.TestTypes.Unit.UnitTestAdapter, Microsoft.VisualStudio.QualityTools.Tips.UnitTest.Adapter, Version=9.0.0.0, Culture=neutral, PublicKeyToken=b03f5f7f11d50a3a" className="LinkedList.LinkedListTest, GenericLinkedListCS" name="NullArgumentForRemoveFails" />
    </UnitTest>
    <UnitTest name="RemoveWhereItemNotFoundFails" storage="c:\development\bcc\courseprojects\genericsindotnet\genericlinkedlistcs\bin\debug\genericlinkedlistcs.dll" id="4a9e37df-119f-2ae7-7cef-1a3fd380fa68">
      <Css projectStructure="" iteration="" />
      <Owners>
        <Owner name="" />
      </Owners>
      <Execution id="12492e99-e906-4f90-bcbe-75adac53dba9" />
      <TestMethod codeBase="C:\development\bcc\CourseProjects\GenericsInDotNet\GenericLinkedListCS\bin\Debug\GenericLinkedListCS.dll" adapterTypeName="Microsoft.VisualStudio.TestTools.TestTypes.Unit.UnitTestAdapter, Microsoft.VisualStudio.QualityTools.Tips.UnitTest.Adapter, Version=9.0.0.0, Culture=neutral, PublicKeyToken=b03f5f7f11d50a3a" className="LinkedList.LinkedListTest, GenericLinkedListCS" name="RemoveWhereItemNotFoundFails" />
    </UnitTest>
    <UnitTest name="RemovingOnlyItemWorks" storage="c:\development\bcc\courseprojects\genericsindotnet\genericlinkedlistcs\bin\debug\genericlinkedlistcs.dll" id="1608fcbc-3198-537d-b8ea-b48c6c646d07">
      <Css projectStructure="" iteration="" />
      <Owners>
        <Owner name="" />
      </Owners>
      <Execution id="04dd559e-e724-4417-be89-ae0b91a96ba9" />
      <TestMethod codeBase="C:\development\bcc\CourseProjects\GenericsInDotNet\GenericLinkedListCS\bin\Debug\GenericLinkedListCS.dll" adapterTypeName="Microsoft.VisualStudio.TestTools.TestTypes.Unit.UnitTestAdapter, Microsoft.VisualStudio.QualityTools.Tips.UnitTest.Adapter, Version=9.0.0.0, Culture=neutral, PublicKeyToken=b03f5f7f11d50a3a" className="LinkedList.LinkedListTest, GenericLinkedListCS" name="RemovingOnlyItemWorks" />
    </UnitTest>
    <UnitTest name="ListWithItemsIsNotEmpty" storage="c:\development\bcc\courseprojects\genericsindotnet\genericlinkedlistvb\bin\debug\genericlinkedlistvb.dll" id="355826a2-29b2-22df-a3cf-8f88ab33fffe">
      <Css projectStructure="" iteration="" />
      <Owners>
        <Owner name="" />
      </Owners>
      <Execution id="9db94f8b-a510-498c-b115-c0b698340fd6" />
      <TestMethod codeBase="C:\development\bcc\CourseProjects\GenericsInDotNet\GenericLinkedListVB\bin\Debug\GenericLinkedListVB.dll" adapterTypeName="Microsoft.VisualStudio.TestTools.TestTypes.Unit.UnitTestAdapter, Microsoft.VisualStudio.QualityTools.Tips.UnitTest.Adapter, Version=9.0.0.0, Culture=neutral, PublicKeyToken=b03f5f7f11d50a3a" className="GenericLinkedListVB.Linked_listTest, GenericLinkedListVB" name="ListWithItemsIsNotEmpty" />
    </UnitTest>
    <UnitTest name="RemoveFromEmpty_listFails" storage="c:\development\bcc\courseprojects\genericsindotnet\genericlinkedlistvb\bin\debug\genericlinkedlistvb.dll" id="047f228c-3d5e-5000-880c-4fec01d71f5b">
      <Css projectStructure="" iteration="" />
      <Owners>
        <Owner name="" />
      </Owners>
      <Execution id="3b8d03a2-5a93-4d20-8ede-f38bc8e46fa8" />
      <TestMethod codeBase="C:\development\bcc\CourseProjects\GenericsInDotNet\GenericLinkedListVB\bin\Debug\GenericLinkedListVB.dll" adapterTypeName="Microsoft.VisualStudio.TestTools.TestTypes.Unit.UnitTestAdapter, Microsoft.VisualStudio.QualityTools.Tips.UnitTest.Adapter, Version=9.0.0.0, Culture=neutral, PublicKeyToken=b03f5f7f11d50a3a" className="GenericLinkedListVB.Linked_listTest, GenericLinkedListVB" name="RemoveFromEmpty_listFails" />
    </UnitTest>
    <UnitTest name="CanGetSingleItem" storage="c:\development\bcc\courseprojects\genericsindotnet\genericlinkedlistvb\bin\debug\genericlinkedlistvb.dll" id="a0c49f97-4c46-aaa7-65fe-c340d3cc5530">
      <Css projectStructure="" iteration="" />
      <Owners>
        <Owner name="" />
      </Owners>
      <Execution id="eb5d4191-dc5a-40ad-b485-08ada595bacc" />
      <TestMethod codeBase="C:\development\bcc\CourseProjects\GenericsInDotNet\GenericLinkedListVB\bin\Debug\GenericLinkedListVB.dll" adapterTypeName="Microsoft.VisualStudio.TestTools.TestTypes.Unit.UnitTestAdapter, Microsoft.VisualStudio.QualityTools.Tips.UnitTest.Adapter, Version=9.0.0.0, Culture=neutral, PublicKeyToken=b03f5f7f11d50a3a" className="GenericLinkedListVB.Linked_listTest, GenericLinkedListVB" name="CanGetSingleItem" />
    </UnitTest>
    <UnitTest name="AccessingWithTooLargeAnIndexFails" storage="c:\development\bcc\courseprojects\genericsindotnet\genericlinkedlistcs\bin\debug\genericlinkedlistcs.dll" id="f68c92a7-b373-8674-d1f9-d12f84b24e94">
      <Css projectStructure="" iteration="" />
      <Owners>
        <Owner name="" />
      </Owners>
      <Execution id="d84aae81-6815-4c97-8cfc-b84181f3e211" />
      <TestMethod codeBase="C:\development\bcc\CourseProjects\GenericsInDotNet\GenericLinkedListCS\bin\Debug\GenericLinkedListCS.dll" adapterTypeName="Microsoft.VisualStudio.TestTools.TestTypes.Unit.UnitTestAdapter, Microsoft.VisualStudio.QualityTools.Tips.UnitTest.Adapter, Version=9.0.0.0, Culture=neutral, PublicKeyToken=b03f5f7f11d50a3a" className="LinkedList.LinkedListTest, GenericLinkedListCS" name="AccessingWithTooLargeAnIndexFails" />
    </UnitTest>
    <UnitTest name="NewListIsEmpty" storage="c:\development\bcc\courseprojects\genericsindotnet\genericlinkedlistcs\bin\debug\genericlinkedlistcs.dll" id="b2bddc14-9ecf-9c3e-4886-a804ac62e823">
      <Css projectStructure="" iteration="" />
      <Owners>
        <Owner name="" />
      </Owners>
      <Execution id="972a6faa-d76e-45f7-aec8-4cda41e5e8c2" />
      <TestMethod codeBase="C:\development\bcc\CourseProjects\GenericsInDotNet\GenericLinkedListCS\bin\Debug\GenericLinkedListCS.dll" adapterTypeName="Microsoft.VisualStudio.TestTools.TestTypes.Unit.UnitTestAdapter, Microsoft.VisualStudio.QualityTools.Tips.UnitTest.Adapter, Version=9.0.0.0, Culture=neutral, PublicKeyToken=b03f5f7f11d50a3a" className="LinkedList.LinkedListTest, GenericLinkedListCS" name="NewListIsEmpty" />
    </UnitTest>
    <UnitTest name="AccessingWithNegativeIndexFails" storage="c:\development\bcc\courseprojects\genericsindotnet\genericlinkedlistcs\bin\debug\genericlinkedlistcs.dll" id="e21b1ef6-b7a6-7707-028b-2a6ac4f12496">
      <Css projectStructure="" iteration="" />
      <Owners>
        <Owner name="" />
      </Owners>
      <Execution id="cfbe5f4d-8fd6-4f45-a1ba-95c1b11cb82b" />
      <TestMethod codeBase="C:\development\bcc\CourseProjects\GenericsInDotNet\GenericLinkedListCS\bin\Debug\GenericLinkedListCS.dll" adapterTypeName="Microsoft.VisualStudio.TestTools.TestTypes.Unit.UnitTestAdapter, Microsoft.VisualStudio.QualityTools.Tips.UnitTest.Adapter, Version=9.0.0.0, Culture=neutral, PublicKeyToken=b03f5f7f11d50a3a" className="LinkedList.LinkedListTest, GenericLinkedListCS" name="AccessingWithNegativeIndexFails" />
    </UnitTest>
    <UnitTest name="RemoveFromEmptyListFails" storage="c:\development\bcc\courseprojects\genericsindotnet\genericlinkedlistcs\bin\debug\genericlinkedlistcs.dll" id="c6c72218-b2f9-461b-67e2-f4fe049044c1">
      <Css projectStructure="" iteration="" />
      <Owners>
        <Owner name="" />
      </Owners>
      <Execution id="ef5a9b88-164a-46cb-b426-58cd4c146b96" />
      <TestMethod codeBase="C:\development\bcc\CourseProjects\GenericsInDotNet\GenericLinkedListCS\bin\Debug\GenericLinkedListCS.dll" adapterTypeName="Microsoft.VisualStudio.TestTools.TestTypes.Unit.UnitTestAdapter, Microsoft.VisualStudio.QualityTools.Tips.UnitTest.Adapter, Version=9.0.0.0, Culture=neutral, PublicKeyToken=b03f5f7f11d50a3a" className="LinkedList.LinkedListTest, GenericLinkedListCS" name="RemoveFromEmptyListFails" />
    </UnitTest>
    <UnitTest name="NewListHasZeroSize" storage="c:\development\bcc\courseprojects\genericsindotnet\genericlinkedlistvb\bin\debug\genericlinkedlistvb.dll" id="951377d5-8b5c-3942-6744-f840ea784f78">
      <Css projectStructure="" iteration="" />
      <Owners>
        <Owner name="" />
      </Owners>
      <Execution id="94ebc1f5-925b-4e40-a167-c4ab2cea1118" />
      <TestMethod codeBase="C:\development\bcc\CourseProjects\GenericsInDotNet\GenericLinkedListVB\bin\Debug\GenericLinkedListVB.dll" adapterTypeName="Microsoft.VisualStudio.TestTools.TestTypes.Unit.UnitTestAdapter, Microsoft.VisualStudio.QualityTools.Tips.UnitTest.Adapter, Version=9.0.0.0, Culture=neutral, PublicKeyToken=b03f5f7f11d50a3a" className="GenericLinkedListVB.Linked_listTest, GenericLinkedListVB" name="NewListHasZeroSize" />
    </UnitTest>
    <UnitTest name="ListWithItemsHasCorrectSize" storage="c:\development\bcc\courseprojects\genericsindotnet\genericlinkedlistvb\bin\debug\genericlinkedlistvb.dll" id="c74743c9-d1d1-9907-d4c1-fafc295fb03d">
      <Css projectStructure="" iteration="" />
      <Owners>
        <Owner name="" />
      </Owners>
      <Execution id="63193db7-59f8-4906-bc81-c5991c72a3da" />
      <TestMethod codeBase="C:\development\bcc\CourseProjects\GenericsInDotNet\GenericLinkedListVB\bin\Debug\GenericLinkedListVB.dll" adapterTypeName="Microsoft.VisualStudio.TestTools.TestTypes.Unit.UnitTestAdapter, Microsoft.VisualStudio.QualityTools.Tips.UnitTest.Adapter, Version=9.0.0.0, Culture=neutral, PublicKeyToken=b03f5f7f11d50a3a" className="GenericLinkedListVB.Linked_listTest, GenericLinkedListVB" name="ListWithItemsHasCorrectSize" />
    </UnitTest>
    <UnitTest name="ToStringWorks" storage="c:\development\bcc\courseprojects\genericsindotnet\genericlinkedlistcs\bin\debug\genericlinkedlistcs.dll" id="c1a7519e-8be0-49bb-96e8-df97a7aa9c1c">
      <Css projectStructure="" iteration="" />
      <Owners>
        <Owner name="" />
      </Owners>
      <Execution id="97e32038-cc2b-4d02-ab71-172dd16c18e9" />
      <TestMethod codeBase="C:\development\bcc\CourseProjects\GenericsInDotNet\GenericLinkedListCS\bin\Debug\GenericLinkedListCS.dll" adapterTypeName="Microsoft.VisualStudio.TestTools.TestTypes.Unit.UnitTestAdapter, Microsoft.VisualStudio.QualityTools.Tips.UnitTest.Adapter, Version=9.0.0.0, Culture=neutral, PublicKeyToken=b03f5f7f11d50a3a" className="LinkedList.LinkedListTest, GenericLinkedListCS" name="ToStringWorks" />
    </UnitTest>
    <UnitTest name="CanGetSingleItem" storage="c:\development\bcc\courseprojects\genericsindotnet\genericlinkedlistcs\bin\debug\genericlinkedlistcs.dll" id="50e71873-5382-aea1-8aa3-16c4124a611c">
      <Css projectStructure="" iteration="" />
      <Owners>
        <Owner name="" />
      </Owners>
      <Execution id="e3f87386-cd0c-4f47-a914-a2a2b5a7056f" />
      <TestMethod codeBase="C:\development\bcc\CourseProjects\GenericsInDotNet\GenericLinkedListCS\bin\Debug\GenericLinkedListCS.dll" adapterTypeName="Microsoft.VisualStudio.TestTools.TestTypes.Unit.UnitTestAdapter, Microsoft.VisualStudio.QualityTools.Tips.UnitTest.Adapter, Version=9.0.0.0, Culture=neutral, PublicKeyToken=b03f5f7f11d50a3a" className="LinkedList.LinkedListTest, GenericLinkedListCS" name="CanGetSingleItem" />
    </UnitTest>
    <UnitTest name="RemovingFirstItemWorks" storage="c:\development\bcc\courseprojects\genericsindotnet\genericlinkedlistvb\bin\debug\genericlinkedlistvb.dll" id="b242119b-6c6d-a1d7-b70e-841a77b00aa9">
      <Css projectStructure="" iteration="" />
      <Owners>
        <Owner name="" />
      </Owners>
      <Execution id="eafe5618-0adb-4c14-963c-fc38e70a64a3" />
      <TestMethod codeBase="C:\development\bcc\CourseProjects\GenericsInDotNet\GenericLinkedListVB\bin\Debug\GenericLinkedListVB.dll" adapterTypeName="Microsoft.VisualStudio.TestTools.TestTypes.Unit.UnitTestAdapter, Microsoft.VisualStudio.QualityTools.Tips.UnitTest.Adapter, Version=9.0.0.0, Culture=neutral, PublicKeyToken=b03f5f7f11d50a3a" className="GenericLinkedListVB.Linked_listTest, GenericLinkedListVB" name="RemovingFirstItemWorks" />
    </UnitTest>
    <UnitTest name="RemovingLastItemWorks" storage="c:\development\bcc\courseprojects\genericsindotnet\genericlinkedlistcs\bin\debug\genericlinkedlistcs.dll" id="bcc61a10-54f1-098d-368c-52702511ba4e">
      <Css projectStructure="" iteration="" />
      <Owners>
        <Owner name="" />
      </Owners>
      <Execution id="9dfa289b-96a8-49cb-af44-bf508cfd0382" />
      <TestMethod codeBase="C:\development\bcc\CourseProjects\GenericsInDotNet\GenericLinkedListCS\bin\Debug\GenericLinkedListCS.dll" adapterTypeName="Microsoft.VisualStudio.TestTools.TestTypes.Unit.UnitTestAdapter, Microsoft.VisualStudio.QualityTools.Tips.UnitTest.Adapter, Version=9.0.0.0, Culture=neutral, PublicKeyToken=b03f5f7f11d50a3a" className="LinkedList.LinkedListTest, GenericLinkedListCS" name="RemovingLastItemWorks" />
    </UnitTest>
    <UnitTest name="CanGetMultipleItems" storage="c:\development\bcc\courseprojects\genericsindotnet\genericlinkedlistcs\bin\debug\genericlinkedlistcs.dll" id="bb25f5e8-0a22-030c-457d-cde5aff7053f">
      <Css projectStructure="" iteration="" />
      <Owners>
        <Owner name="" />
      </Owners>
      <Execution id="f0d21620-d9c1-4a87-b29a-139685344c30" />
      <TestMethod codeBase="C:\development\bcc\CourseProjects\GenericsInDotNet\GenericLinkedListCS\bin\Debug\GenericLinkedListCS.dll" adapterTypeName="Microsoft.VisualStudio.TestTools.TestTypes.Unit.UnitTestAdapter, Microsoft.VisualStudio.QualityTools.Tips.UnitTest.Adapter, Version=9.0.0.0, Culture=neutral, PublicKeyToken=b03f5f7f11d50a3a" className="LinkedList.LinkedListTest, GenericLinkedListCS" name="CanGetMultipleItems" />
    </UnitTest>
  </TestDefinitions>
  <TestLists>
    <TestList name="Results Not in a List" id="8c84fa94-04c1-424b-9868-57a2d4851a1d" />
    <TestList name="All Loaded Results" id="19431567-8539-422a-85d7-44ee4e166bda" />
  </TestLists>
  <TestEntries>
    <TestEntry testId="047f228c-3d5e-5000-880c-4fec01d71f5b" executionId="3b8d03a2-5a93-4d20-8ede-f38bc8e46fa8" testListId="8c84fa94-04c1-424b-9868-57a2d4851a1d" />
    <TestEntry testId="0675ee84-efb4-e1ad-adf4-7ea1752bad6c" executionId="e06078f0-f737-475e-9fde-8f2cfedfd59f" testListId="8c84fa94-04c1-424b-9868-57a2d4851a1d" />
    <TestEntry testId="08f4ebad-c5c7-eff1-bf0c-2b35ca80b807" executionId="e007f7ad-c8fb-463c-b444-d301a9f34130" testListId="8c84fa94-04c1-424b-9868-57a2d4851a1d" />
    <TestEntry testId="0ae09384-f2b1-67f9-17b4-649fc55a26e4" executionId="f7931fcb-a435-4180-b00e-fb0d9013830c" testListId="8c84fa94-04c1-424b-9868-57a2d4851a1d" />
    <TestEntry testId="1608fcbc-3198-537d-b8ea-b48c6c646d07" executionId="04dd559e-e724-4417-be89-ae0b91a96ba9" testListId="8c84fa94-04c1-424b-9868-57a2d4851a1d" />
    <TestEntry testId="1aeb1152-9438-dc8a-fc87-64d5ffc56305" executionId="77ae32dc-10e0-4699-b22f-ef0745bb1acc" testListId="8c84fa94-04c1-424b-9868-57a2d4851a1d" />
    <TestEntry testId="2379ab60-e063-6099-3890-60e315b59038" executionId="f1791af8-cc05-421c-abc8-b6a16cdafeff" testListId="8c84fa94-04c1-424b-9868-57a2d4851a1d" />
    <TestEntry testId="322650b2-9f9d-d8fb-13dd-d3492a3dd2b6" executionId="2ba17d71-2e7c-44ff-a70c-15aae159954f" testListId="8c84fa94-04c1-424b-9868-57a2d4851a1d" />
    <TestEntry testId="355826a2-29b2-22df-a3cf-8f88ab33fffe" executionId="9db94f8b-a510-498c-b115-c0b698340fd6" testListId="8c84fa94-04c1-424b-9868-57a2d4851a1d" />
    <TestEntry testId="35d7b8e8-27a3-6571-1fc9-6ccd664ceb67" executionId="9b2c1c13-41b8-4a50-b383-a5e7aa5fa1a2" testListId="8c84fa94-04c1-424b-9868-57a2d4851a1d" />
    <TestEntry testId="4a9e37df-119f-2ae7-7cef-1a3fd380fa68" executionId="12492e99-e906-4f90-bcbe-75adac53dba9" testListId="8c84fa94-04c1-424b-9868-57a2d4851a1d" />
    <TestEntry testId="4d9f609b-9748-2d3d-ef13-99417adf73d3" executionId="a6a9c88f-c966-40cd-a77b-fbc5a9bb0063" testListId="8c84fa94-04c1-424b-9868-57a2d4851a1d" />
    <TestEntry testId="50e71873-5382-aea1-8aa3-16c4124a611c" executionId="e3f87386-cd0c-4f47-a914-a2a2b5a7056f" testListId="8c84fa94-04c1-424b-9868-57a2d4851a1d" />
    <TestEntry testId="638db12d-f4d9-5732-976a-4a0534bd8e31" executionId="99bb4832-f4d4-4689-8870-486ec4d1ef1b" testListId="8c84fa94-04c1-424b-9868-57a2d4851a1d" />
    <TestEntry testId="6d741a4b-b840-c94e-6fec-9ad37075440b" executionId="058bb8fa-85f9-4c6b-9914-958791d93506" testListId="8c84fa94-04c1-424b-9868-57a2d4851a1d" />
    <TestEntry testId="7045ed99-7bec-cb2e-4217-57f02cb534d2" executionId="b42a13fc-c8cb-4fba-96d4-b37967f51eb4" testListId="8c84fa94-04c1-424b-9868-57a2d4851a1d" />
    <TestEntry testId="951377d5-8b5c-3942-6744-f840ea784f78" executionId="94ebc1f5-925b-4e40-a167-c4ab2cea1118" testListId="8c84fa94-04c1-424b-9868-57a2d4851a1d" />
    <TestEntry testId="9d6826a8-5c68-a485-e483-436c2cf3768a" executionId="c2d8d37c-39fb-4f69-a098-289ac3227ca8" testListId="8c84fa94-04c1-424b-9868-57a2d4851a1d" />
    <TestEntry testId="9f183d84-1a40-328c-0e82-1289d55dc8a4" executionId="31e9f3e0-31d2-4332-82f6-26e16a6bd1ca" testListId="8c84fa94-04c1-424b-9868-57a2d4851a1d" />
    <TestEntry testId="a0c49f97-4c46-aaa7-65fe-c340d3cc5530" executionId="eb5d4191-dc5a-40ad-b485-08ada595bacc" testListId="8c84fa94-04c1-424b-9868-57a2d4851a1d" />
    <TestEntry testId="a4628515-46b4-c70c-8364-475d7f98d32d" executionId="484ec4f6-b982-48cf-a0e0-ac23ed8a8197" testListId="8c84fa94-04c1-424b-9868-57a2d4851a1d" />
    <TestEntry testId="a9e1fe60-aef5-26a5-aeff-3af8de9a6509" executionId="937c4a96-0484-4c5c-9b6b-f4e9c2186d5c" testListId="8c84fa94-04c1-424b-9868-57a2d4851a1d" />
    <TestEntry testId="b242119b-6c6d-a1d7-b70e-841a77b00aa9" executionId="eafe5618-0adb-4c14-963c-fc38e70a64a3" testListId="8c84fa94-04c1-424b-9868-57a2d4851a1d" />
    <TestEntry testId="b2bddc14-9ecf-9c3e-4886-a804ac62e823" executionId="972a6faa-d76e-45f7-aec8-4cda41e5e8c2" testListId="8c84fa94-04c1-424b-9868-57a2d4851a1d" />
    <TestEntry testId="bb25f5e8-0a22-030c-457d-cde5aff7053f" executionId="f0d21620-d9c1-4a87-b29a-139685344c30" testListId="8c84fa94-04c1-424b-9868-57a2d4851a1d" />
    <TestEntry testId="bcc61a10-54f1-098d-368c-52702511ba4e" executionId="9dfa289b-96a8-49cb-af44-bf508cfd0382" testListId="8c84fa94-04c1-424b-9868-57a2d4851a1d" />
    <TestEntry testId="bd913aa3-a7a9-b079-cf42-1019668a0ba0" executionId="4845e09e-53fe-4633-a68d-d5b6df137288" testListId="8c84fa94-04c1-424b-9868-57a2d4851a1d" />
    <TestEntry testId="c1a7519e-8be0-49bb-96e8-df97a7aa9c1c" executionId="97e32038-cc2b-4d02-ab71-172dd16c18e9" testListId="8c84fa94-04c1-424b-9868-57a2d4851a1d" />
    <TestEntry testId="c359a629-267e-54ad-29b5-82b266ca490e" executionId="90d0f21b-157d-49d6-9906-dcc93c6d1190" testListId="8c84fa94-04c1-424b-9868-57a2d4851a1d" />
    <TestEntry testId="c6c72218-b2f9-461b-67e2-f4fe049044c1" executionId="ef5a9b88-164a-46cb-b426-58cd4c146b96" testListId="8c84fa94-04c1-424b-9868-57a2d4851a1d" />
    <TestEntry testId="c74743c9-d1d1-9907-d4c1-fafc295fb03d" executionId="63193db7-59f8-4906-bc81-c5991c72a3da" testListId="8c84fa94-04c1-424b-9868-57a2d4851a1d" />
    <TestEntry testId="dd779965-9e02-24e7-ce9b-ee249ce007ff" executionId="c134d2cb-b110-42cd-a28e-f3d2b6cb87c6" testListId="8c84fa94-04c1-424b-9868-57a2d4851a1d" />
    <TestEntry testId="e21b1ef6-b7a6-7707-028b-2a6ac4f12496" executionId="cfbe5f4d-8fd6-4f45-a1ba-95c1b11cb82b" testListId="8c84fa94-04c1-424b-9868-57a2d4851a1d" />
    <TestEntry testId="f68c92a7-b373-8674-d1f9-d12f84b24e94" executionId="d84aae81-6815-4c97-8cfc-b84181f3e211" testListId="8c84fa94-04c1-424b-9868-57a2d4851a1d" />
  </TestEntries>
  <Results>
    <UnitTestResult executionId="3b8d03a2-5a93-4d20-8ede-f38bc8e46fa8" testId="047f228c-3d5e-5000-880c-4fec01d71f5b" testName="RemoveFromEmpty_listFails" computerName="HP-WORKSTATION" duration="00:00:00.0022687" startTime="2008-11-16T18:28:59.1406250+00:00" endTime="2008-11-16T18:28:59.2187500+00:00" testType="13cdc9d9-ddb5-4fa4-a97d-d965ccfc6d4b" outcome="Passed" testListId="8c84fa94-04c1-424b-9868-57a2d4851a1d">
      <Output>
      </Output>
    </UnitTestResult>
    <UnitTestResult executionId="e06078f0-f737-475e-9fde-8f2cfedfd59f" testId="0675ee84-efb4-e1ad-adf4-7ea1752bad6c" testName="AccessingEmptyListFails" computerName="HP-WORKSTATION" duration="00:00:00.0017591" startTime="2008-11-16T18:28:59.2187500+00:00" endTime="2008-11-16T18:28:59.2812500+00:00" testType="13cdc9d9-ddb5-4fa4-a97d-d965ccfc6d4b" outcome="Passed" testListId="8c84fa94-04c1-424b-9868-57a2d4851a1d">
      <Output>
      </Output>
    </UnitTestResult>
    <UnitTestResult executionId="e007f7ad-c8fb-463c-b444-d301a9f34130" testId="08f4ebad-c5c7-eff1-bf0c-2b35ca80b807" testName="RemoveWhereItemNotFoundFails" computerName="HP-WORKSTATION" duration="00:00:00.0030939" startTime="2008-11-16T18:28:59.2812500+00:00" endTime="2008-11-16T18:28:59.2968750+00:00" testType="13cdc9d9-ddb5-4fa4-a97d-d965ccfc6d4b" outcome="Passed" testListId="8c84fa94-04c1-424b-9868-57a2d4851a1d">
      <Output>
      </Output>
    </UnitTestResult>
    <UnitTestResult executionId="f7931fcb-a435-4180-b00e-fb0d9013830c" testId="0ae09384-f2b1-67f9-17b4-649fc55a26e4" testName="ListWithItemsHasCorrectSize" computerName="HP-WORKSTATION" duration="00:00:00.0021075" startTime="2008-11-16T18:28:59.2968750+00:00" endTime="2008-11-16T18:28:59.2968750+00:00" testType="13cdc9d9-ddb5-4fa4-a97d-d965ccfc6d4b" outcome="Passed" testListId="8c84fa94-04c1-424b-9868-57a2d4851a1d">
      <Output>
      </Output>
    </UnitTestResult>
    <UnitTestResult executionId="04dd559e-e724-4417-be89-ae0b91a96ba9" testId="1608fcbc-3198-537d-b8ea-b48c6c646d07" testName="RemovingOnlyItemWorks" computerName="HP-WORKSTATION" duration="00:00:00.0035403" startTime="2008-11-16T18:28:59.2968750+00:00" endTime="2008-11-16T18:28:59.2968750+00:00" testType="13cdc9d9-ddb5-4fa4-a97d-d965ccfc6d4b" outcome="Passed" testListId="8c84fa94-04c1-424b-9868-57a2d4851a1d">
      <Output>
      </Output>
    </UnitTestResult>
    <UnitTestResult executionId="77ae32dc-10e0-4699-b22f-ef0745bb1acc" testId="1aeb1152-9438-dc8a-fc87-64d5ffc56305" testName="RemovingItemFromMiddleWorks" computerName="HP-WORKSTATION" duration="00:00:00.0011104" startTime="2008-11-16T18:28:59.2968750+00:00" endTime="2008-11-16T18:28:59.3125000+00:00" testType="13cdc9d9-ddb5-4fa4-a97d-d965ccfc6d4b" outcome="Passed" testListId="8c84fa94-04c1-424b-9868-57a2d4851a1d">
      <Output>
      </Output>
    </UnitTestResult>
    <UnitTestResult executionId="f1791af8-cc05-421c-abc8-b6a16cdafeff" testId="2379ab60-e063-6099-3890-60e315b59038" testName="RemovingFirstItemWorks" computerName="HP-WORKSTATION" duration="00:00:00.0005062" startTime="2008-11-16T18:28:59.3125000+00:00" endTime="2008-11-16T18:28:59.3125000+00:00" testType="13cdc9d9-ddb5-4fa4-a97d-d965ccfc6d4b" outcome="Passed" testListId="8c84fa94-04c1-424b-9868-57a2d4851a1d">
      <Output>
      </Output>
    </UnitTestResult>
    <UnitTestResult executionId="2ba17d71-2e7c-44ff-a70c-15aae159954f" testId="322650b2-9f9d-d8fb-13dd-d3492a3dd2b6" testName="CanGetMultipleItems" computerName="HP-WORKSTATION" duration="00:00:00.0017183" startTime="2008-11-16T18:28:59.3125000+00:00" endTime="2008-11-16T18:28:59.3125000+00:00" testType="13cdc9d9-ddb5-4fa4-a97d-d965ccfc6d4b" outcome="Passed" testListId="8c84fa94-04c1-424b-9868-57a2d4851a1d">
      <Output>
      </Output>
    </UnitTestResult>
    <UnitTestResult executionId="9db94f8b-a510-498c-b115-c0b698340fd6" testId="355826a2-29b2-22df-a3cf-8f88ab33fffe" testName="ListWithItemsIsNotEmpty" computerName="HP-WORKSTATION" duration="00:00:00.0003307" startTime="2008-11-16T18:28:59.3125000+00:00" endTime="2008-11-16T18:28:59.3281250+00:00" testType="13cdc9d9-ddb5-4fa4-a97d-d965ccfc6d4b" outcome="Passed" testListId="8c84fa94-04c1-424b-9868-57a2d4851a1d">
      <Output>
      </Output>
    </UnitTestResult>
    <UnitTestResult executionId="9b2c1c13-41b8-4a50-b383-a5e7aa5fa1a2" testId="35d7b8e8-27a3-6571-1fc9-6ccd664ceb67" testName="RemovingOnlyItemWorks" computerName="HP-WORKSTATION" duration="00:00:00.0022636" startTime="2008-11-16T18:28:59.3281250+00:00" endTime="2008-11-16T18:28:59.3281250+00:00" testType="13cdc9d9-ddb5-4fa4-a97d-d965ccfc6d4b" outcome="Passed" testListId="8c84fa94-04c1-424b-9868-57a2d4851a1d">
      <Output>
      </Output>
    </UnitTestResult>
    <UnitTestResult executionId="12492e99-e906-4f90-bcbe-75adac53dba9" testId="4a9e37df-119f-2ae7-7cef-1a3fd380fa68" testName="RemoveWhereItemNotFoundFails" computerName="HP-WORKSTATION" duration="00:00:00.0007229" startTime="2008-11-16T18:28:59.3281250+00:00" endTime="2008-11-16T18:28:59.3281250+00:00" testType="13cdc9d9-ddb5-4fa4-a97d-d965ccfc6d4b" outcome="Passed" testListId="8c84fa94-04c1-424b-9868-57a2d4851a1d">
      <Output>
      </Output>
    </UnitTestResult>
    <UnitTestResult executionId="a6a9c88f-c966-40cd-a77b-fbc5a9bb0063" testId="4d9f609b-9748-2d3d-ef13-99417adf73d3" testName="NullArgumentForRemoveFails" computerName="HP-WORKSTATION" duration="00:00:00.0005000" startTime="2008-11-16T18:28:59.3437500+00:00" endTime="2008-11-16T18:28:59.3437500+00:00" testType="13cdc9d9-ddb5-4fa4-a97d-d965ccfc6d4b" outcome="Passed" testListId="8c84fa94-04c1-424b-9868-57a2d4851a1d">
      <Output>
      </Output>
    </UnitTestResult>
    <UnitTestResult executionId="e3f87386-cd0c-4f47-a914-a2a2b5a7056f" testId="50e71873-5382-aea1-8aa3-16c4124a611c" testName="CanGetSingleItem" computerName="HP-WORKSTATION" duration="00:00:00.0009856" startTime="2008-11-16T18:28:59.3437500+00:00" endTime="2008-11-16T18:28:59.3437500+00:00" testType="13cdc9d9-ddb5-4fa4-a97d-d965ccfc6d4b" outcome="Passed" testListId="8c84fa94-04c1-424b-9868-57a2d4851a1d">
      <Output>
      </Output>
    </UnitTestResult>
    <UnitTestResult executionId="99bb4832-f4d4-4689-8870-486ec4d1ef1b" testId="638db12d-f4d9-5732-976a-4a0534bd8e31" testName="RemovingLastItemWorks" computerName="HP-WORKSTATION" duration="00:00:00.0010330" startTime="2008-11-16T18:28:59.3437500+00:00" endTime="2008-11-16T18:28:59.3437500+00:00" testType="13cdc9d9-ddb5-4fa4-a97d-d965ccfc6d4b" outcome="Passed" testListId="8c84fa94-04c1-424b-9868-57a2d4851a1d">
      <Output>
      </Output>
    </UnitTestResult>
    <UnitTestResult executionId="058bb8fa-85f9-4c6b-9914-958791d93506" testId="6d741a4b-b840-c94e-6fec-9ad37075440b" testName="AccessingEmpty_listFails" computerName="HP-WORKSTATION" duration="00:00:00.0005900" startTime="2008-11-16T18:28:59.3593750+00:00" endTime="2008-11-16T18:28:59.3593750+00:00" testType="13cdc9d9-ddb5-4fa4-a97d-d965ccfc6d4b" outcome="Passed" testListId="8c84fa94-04c1-424b-9868-57a2d4851a1d">
      <Output>
      </Output>
    </UnitTestResult>
    <UnitTestResult executionId="b42a13fc-c8cb-4fba-96d4-b37967f51eb4" testId="7045ed99-7bec-cb2e-4217-57f02cb534d2" testName="New_listIsEmpty" computerName="HP-WORKSTATION" duration="00:00:00.0002137" startTime="2008-11-16T18:28:59.3593750+00:00" endTime="2008-11-16T18:28:59.3593750+00:00" testType="13cdc9d9-ddb5-4fa4-a97d-d965ccfc6d4b" outcome="Passed" testListId="8c84fa94-04c1-424b-9868-57a2d4851a1d">
      <Output>
      </Output>
    </UnitTestResult>
    <UnitTestResult executionId="94ebc1f5-925b-4e40-a167-c4ab2cea1118" testId="951377d5-8b5c-3942-6744-f840ea784f78" testName="NewListHasZeroSize" computerName="HP-WORKSTATION" duration="00:00:00.0002525" startTime="2008-11-16T18:28:59.3593750+00:00" endTime="2008-11-16T18:28:59.3593750+00:00" testType="13cdc9d9-ddb5-4fa4-a97d-d965ccfc6d4b" outcome="Passed" testListId="8c84fa94-04c1-424b-9868-57a2d4851a1d">
      <Output>
      </Output>
    </UnitTestResult>
    <UnitTestResult executionId="c2d8d37c-39fb-4f69-a098-289ac3227ca8" testId="9d6826a8-5c68-a485-e483-436c2cf3768a" testName="RemovingItemFromMiddleWorks" computerName="HP-WORKSTATION" duration="00:00:00.0009409" startTime="2008-11-16T18:28:59.3593750+00:00" endTime="2008-11-16T18:28:59.3593750+00:00" testType="13cdc9d9-ddb5-4fa4-a97d-d965ccfc6d4b" outcome="Passed" testListId="8c84fa94-04c1-424b-9868-57a2d4851a1d">
      <Output>
      </Output>
    </UnitTestResult>
    <UnitTestResult executionId="31e9f3e0-31d2-4332-82f6-26e16a6bd1ca" testId="9f183d84-1a40-328c-0e82-1289d55dc8a4" testName="ListWithItemsIsNotEmpty" computerName="HP-WORKSTATION" duration="00:00:00.0002357" startTime="2008-11-16T18:28:59.3593750+00:00" endTime="2008-11-16T18:28:59.3593750+00:00" testType="13cdc9d9-ddb5-4fa4-a97d-d965ccfc6d4b" outcome="Passed" testListId="8c84fa94-04c1-424b-9868-57a2d4851a1d">
      <Output>
      </Output>
    </UnitTestResult>
    <UnitTestResult executionId="eb5d4191-dc5a-40ad-b485-08ada595bacc" testId="a0c49f97-4c46-aaa7-65fe-c340d3cc5530" testName="CanGetSingleItem" computerName="HP-WORKSTATION" duration="00:00:00.0003187" startTime="2008-11-16T18:28:59.3593750+00:00" endTime="2008-11-16T18:28:59.3750000+00:00" testType="13cdc9d9-ddb5-4fa4-a97d-d965ccfc6d4b" outcome="Passed" testListId="8c84fa94-04c1-424b-9868-57a2d4851a1d">
      <Output>
      </Output>
    </UnitTestResult>
    <UnitTestResult executionId="484ec4f6-b982-48cf-a0e0-ac23ed8a8197" testId="a4628515-46b4-c70c-8364-475d7f98d32d" testName="AccessingWithNegativeIndexFails" computerName="HP-WORKSTATION" duration="00:00:00.0005240" startTime="2008-11-16T18:28:59.3750000+00:00" endTime="2008-11-16T18:28:59.3750000+00:00" testType="13cdc9d9-ddb5-4fa4-a97d-d965ccfc6d4b" outcome="Passed" testListId="8c84fa94-04c1-424b-9868-57a2d4851a1d">
      <Output>
      </Output>
    </UnitTestResult>
    <UnitTestResult executionId="937c4a96-0484-4c5c-9b6b-f4e9c2186d5c" testId="a9e1fe60-aef5-26a5-aeff-3af8de9a6509" testName="NullArgumentForRemoveFails" computerName="HP-WORKSTATION" duration="00:00:00.0004455" startTime="2008-11-16T18:28:59.3750000+00:00" endTime="2008-11-16T18:28:59.3750000+00:00" testType="13cdc9d9-ddb5-4fa4-a97d-d965ccfc6d4b" outcome="Passed" testListId="8c84fa94-04c1-424b-9868-57a2d4851a1d">
      <Output>
      </Output>
    </UnitTestResult>
    <UnitTestResult executionId="eafe5618-0adb-4c14-963c-fc38e70a64a3" testId="b242119b-6c6d-a1d7-b70e-841a77b00aa9" testName="RemovingFirstItemWorks" computerName="HP-WORKSTATION" duration="00:00:00.0005732" startTime="2008-11-16T18:28:59.3750000+00:00" endTime="2008-11-16T18:28:59.3750000+00:00" testType="13cdc9d9-ddb5-4fa4-a97d-d965ccfc6d4b" outcome="Passed" testListId="8c84fa94-04c1-424b-9868-57a2d4851a1d">
      <Output>
      </Output>
    </UnitTestResult>
    <UnitTestResult executionId="972a6faa-d76e-45f7-aec8-4cda41e5e8c2" testId="b2bddc14-9ecf-9c3e-4886-a804ac62e823" testName="NewListIsEmpty" computerName="HP-WORKSTATION" duration="00:00:00.0004087" startTime="2008-11-16T18:28:59.3750000+00:00" endTime="2008-11-16T18:28:59.3750000+00:00" testType="13cdc9d9-ddb5-4fa4-a97d-d965ccfc6d4b" outcome="Passed" testListId="8c84fa94-04c1-424b-9868-57a2d4851a1d">
      <Output>
      </Output>
    </UnitTestResult>
    <UnitTestResult executionId="f0d21620-d9c1-4a87-b29a-139685344c30" testId="bb25f5e8-0a22-030c-457d-cde5aff7053f" testName="CanGetMultipleItems" computerName="HP-WORKSTATION" duration="00:00:00.0008542" startTime="2008-11-16T18:28:59.3906250+00:00" endTime="2008-11-16T18:28:59.3906250+00:00" testType="13cdc9d9-ddb5-4fa4-a97d-d965ccfc6d4b" outcome="Passed" testListId="8c84fa94-04c1-424b-9868-57a2d4851a1d">
      <Output>
      </Output>
    </UnitTestResult>
    <UnitTestResult executionId="9dfa289b-96a8-49cb-af44-bf508cfd0382" testId="bcc61a10-54f1-098d-368c-52702511ba4e" testName="RemovingLastItemWorks" computerName="HP-WORKSTATION" duration="00:00:00.0008115" startTime="2008-11-16T18:28:59.3906250+00:00" endTime="2008-11-16T18:28:59.3906250+00:00" testType="13cdc9d9-ddb5-4fa4-a97d-d965ccfc6d4b" outcome="Passed" testListId="8c84fa94-04c1-424b-9868-57a2d4851a1d">
      <Output>
      </Output>
    </UnitTestResult>
    <UnitTestResult executionId="4845e09e-53fe-4633-a68d-d5b6df137288" testId="bd913aa3-a7a9-b079-cf42-1019668a0ba0" testName="AccessingWithTooLargeAnIndexFails" computerName="HP-WORKSTATION" duration="00:00:00.0005735" startTime="2008-11-16T18:28:59.3906250+00:00" endTime="2008-11-16T18:28:59.4062500+00:00" testType="13cdc9d9-ddb5-4fa4-a97d-d965ccfc6d4b" outcome="Passed" testListId="8c84fa94-04c1-424b-9868-57a2d4851a1d">
      <Output>
      </Output>
    </UnitTestResult>
    <UnitTestResult executionId="97e32038-cc2b-4d02-ab71-172dd16c18e9" testId="c1a7519e-8be0-49bb-96e8-df97a7aa9c1c" testName="ToStringWorks" computerName="HP-WORKSTATION" duration="00:00:00.0006777" startTime="2008-11-16T18:28:59.4062500+00:00" endTime="2008-11-16T18:28:59.4062500+00:00" testType="13cdc9d9-ddb5-4fa4-a97d-d965ccfc6d4b" outcome="Passed" testListId="8c84fa94-04c1-424b-9868-57a2d4851a1d">
      <Output>
      </Output>
    </UnitTestResult>
    <UnitTestResult executionId="90d0f21b-157d-49d6-9906-dcc93c6d1190" testId="c359a629-267e-54ad-29b5-82b266ca490e" testName="ToStringWorks" computerName="HP-WORKSTATION" duration="00:00:00.0007073" startTime="2008-11-16T18:28:59.4062500+00:00" endTime="2008-11-16T18:28:59.4062500+00:00" testType="13cdc9d9-ddb5-4fa4-a97d-d965ccfc6d4b" outcome="Passed" testListId="8c84fa94-04c1-424b-9868-57a2d4851a1d">
      <Output>
      </Output>
    </UnitTestResult>
    <UnitTestResult executionId="ef5a9b88-164a-46cb-b426-58cd4c146b96" testId="c6c72218-b2f9-461b-67e2-f4fe049044c1" testName="RemoveFromEmptyListFails" computerName="HP-WORKSTATION" duration="00:00:00.0005229" startTime="2008-11-16T18:28:59.4062500+00:00" endTime="2008-11-16T18:28:59.4218750+00:00" testType="13cdc9d9-ddb5-4fa4-a97d-d965ccfc6d4b" outcome="Passed" testListId="8c84fa94-04c1-424b-9868-57a2d4851a1d">
      <Output>
      </Output>
    </UnitTestResult>
    <UnitTestResult executionId="63193db7-59f8-4906-bc81-c5991c72a3da" testId="c74743c9-d1d1-9907-d4c1-fafc295fb03d" testName="ListWithItemsHasCorrectSize" computerName="HP-WORKSTATION" duration="00:00:00.0002765" startTime="2008-11-16T18:28:59.4218750+00:00" endTime="2008-11-16T18:28:59.4218750+00:00" testType="13cdc9d9-ddb5-4fa4-a97d-d965ccfc6d4b" outcome="Passed" testListId="8c84fa94-04c1-424b-9868-57a2d4851a1d">
      <Output>
      </Output>
    </UnitTestResult>
    <UnitTestResult executionId="c134d2cb-b110-42cd-a28e-f3d2b6cb87c6" testId="dd779965-9e02-24e7-ce9b-ee249ce007ff" testName="NewListHasZeroSize" computerName="HP-WORKSTATION" duration="00:00:00.0002648" startTime="2008-11-16T18:28:59.4218750+00:00" endTime="2008-11-16T18:28:59.4218750+00:00" testType="13cdc9d9-ddb5-4fa4-a97d-d965ccfc6d4b" outcome="Passed" testListId="8c84fa94-04c1-424b-9868-57a2d4851a1d">
      <Output>
      </Output>
    </UnitTestResult>
    <UnitTestResult executionId="cfbe5f4d-8fd6-4f45-a1ba-95c1b11cb82b" testId="e21b1ef6-b7a6-7707-028b-2a6ac4f12496" testName="AccessingWithNegativeIndexFails" computerName="HP-WORKSTATION" duration="00:00:00.0005341" startTime="2008-11-16T18:28:59.4218750+00:00" endTime="2008-11-16T18:28:59.4218750+00:00" testType="13cdc9d9-ddb5-4fa4-a97d-d965ccfc6d4b" outcome="Passed" testListId="8c84fa94-04c1-424b-9868-57a2d4851a1d">
      <Output>
      </Output>
    </UnitTestResult>
    <UnitTestResult executionId="d84aae81-6815-4c97-8cfc-b84181f3e211" testId="f68c92a7-b373-8674-d1f9-d12f84b24e94" testName="AccessingWithTooLargeAnIndexFails" computerName="HP-WORKSTATION" duration="00:00:00.0005109" startTime="2008-11-16T18:28:59.4218750+00:00" endTime="2008-11-16T18:28:59.4375000+00:00" testType="13cdc9d9-ddb5-4fa4-a97d-d965ccfc6d4b" outcome="Passed" testListId="8c84fa94-04c1-424b-9868-57a2d4851a1d">
      <Output>
      </Output>
    </UnitTestResult>
  </Results>
</TestRun>