<?xml version="1.0" encoding="UTF-8"?>
<TestRun id="3cb08ec1-9abf-476a-a232-825705f31b3d" name="Administrator@HP-WORKSTATION 2008-11-16 17:03:19" runUser="HP-WORKSTATION\Administrator" xmlns="http://microsoft.com/schemas/VisualStudio/TeamTest/2006">
  <TestRunConfiguration name="Local Test Run" id="3fcbd058-78fd-489e-a4fb-fddf2f5b8824">
    <Description>This is a default test run configuration for a local test run.</Description>
    <Deployment runDeploymentRoot="C:\development\bcc\CourseProjects\GenericsInDotNet\TestResults\Administrator_HP-WORKSTATION 2008-11-16 17_03_19" />
    <TestTypeSpecific />
  </TestRunConfiguration>
  <ResultSummary outcome="Completed">
    <Counters total="19" executed="19" passed="19" error="0" failed="0" timeout="0" aborted="0" inconclusive="0" passedButRunAborted="0" notRunnable="0" notExecuted="0" disconnected="0" warning="0" completed="0" inProgress="0" pending="0" />
  </ResultSummary>
  <Times creation="2008-11-16T17:03:19.6093750+00:00" queuing="2008-11-16T17:03:20.2500000+00:00" start="2008-11-16T17:03:20.4843750+00:00" finish="2008-11-16T17:03:20.8437500+00:00" />
  <TestDefinitions>
    <UnitTest name="AccessingWithTooLargeAnIndexFails" storage="c:\development\bcc\courseprojects\genericsindotnet\genericlinkedlistcs\bin\debug\genericlinkedlistcs.dll" id="f68c92a7-b373-8674-d1f9-d12f84b24e94">
      <Css projectStructure="" iteration="" />
      <Owners>
        <Owner name="" />
      </Owners>
      <Execution id="4f315f5d-bc24-4d88-8d08-53793a9bfac1" />
      <TestMethod codeBase="C:\development\bcc\CourseProjects\GenericsInDotNet\GenericLinkedListCS\bin\Debug\GenericLinkedListCS.dll" adapterTypeName="Microsoft.VisualStudio.TestTools.TestTypes.Unit.UnitTestAdapter, Microsoft.VisualStudio.QualityTools.Tips.UnitTest.Adapter, Version=9.0.0.0, Culture=neutral, PublicKeyToken=b03f5f7f11d50a3a" className="LinkedList.LinkedListTest, GenericLinkedListCS" name="AccessingWithTooLargeAnIndexFails" />
    </UnitTest>
    <UnitTest name="AccessingWithNegativeIndexFails" storage="c:\development\bcc\courseprojects\genericsindotnet\genericlinkedlistcs\bin\debug\genericlinkedlistcs.dll" id="e21b1ef6-b7a6-7707-028b-2a6ac4f12496">
      <Css projectStructure="" iteration="" />
      <Owners>
        <Owner name="" />
      </Owners>
      <Execution id="2d3450c6-9757-46dd-a6e4-88e2e7428174" />
      <TestMethod codeBase="C:\development\bcc\CourseProjects\GenericsInDotNet\GenericLinkedListCS\bin\Debug\GenericLinkedListCS.dll" adapterTypeName="Microsoft.VisualStudio.TestTools.TestTypes.Unit.UnitTestAdapter, Microsoft.VisualStudio.QualityTools.Tips.UnitTest.Adapter, Version=9.0.0.0, Culture=neutral, PublicKeyToken=b03f5f7f11d50a3a" className="LinkedList.LinkedListTest, GenericLinkedListCS" name="AccessingWithNegativeIndexFails" />
    </UnitTest>
    <UnitTest name="NewListHasZeroSize" storage="c:\development\bcc\courseprojects\genericsindotnet\genericlinkedlistcs\bin\debug\genericlinkedlistcs.dll" id="dd779965-9e02-24e7-ce9b-ee249ce007ff">
      <Css projectStructure="" iteration="" />
      <Owners>
        <Owner name="" />
      </Owners>
      <Execution id="54df40c2-d3f7-429c-a397-cce420a14328" />
      <TestMethod codeBase="C:\development\bcc\CourseProjects\GenericsInDotNet\GenericLinkedListCS\bin\Debug\GenericLinkedListCS.dll" adapterTypeName="Microsoft.VisualStudio.TestTools.TestTypes.Unit.UnitTestAdapter, Microsoft.VisualStudio.QualityTools.Tips.UnitTest.Adapter, Version=9.0.0.0, Culture=neutral, PublicKeyToken=b03f5f7f11d50a3a" className="LinkedList.LinkedListTest, GenericLinkedListCS" name="NewListHasZeroSize" />
    </UnitTest>
    <UnitTest name="RemoveWhereItemNotFoundFails" storage="c:\development\bcc\courseprojects\genericsindotnet\genericlinkedlistcs\bin\debug\genericlinkedlistcs.dll" id="4a9e37df-119f-2ae7-7cef-1a3fd380fa68">
      <Css projectStructure="" iteration="" />
      <Owners>
        <Owner name="" />
      </Owners>
      <Execution id="9e55b310-5bb4-4e43-a7ea-7588b282ef94" />
      <TestMethod codeBase="C:\development\bcc\CourseProjects\GenericsInDotNet\GenericLinkedListCS\bin\Debug\GenericLinkedListCS.dll" adapterTypeName="Microsoft.VisualStudio.TestTools.TestTypes.Unit.UnitTestAdapter, Microsoft.VisualStudio.QualityTools.Tips.UnitTest.Adapter, Version=9.0.0.0, Culture=neutral, PublicKeyToken=b03f5f7f11d50a3a" className="LinkedList.LinkedListTest, GenericLinkedListCS" name="RemoveWhereItemNotFoundFails" />
    </UnitTest>
    <UnitTest name="AddItemCallbackWorks" storage="c:\development\bcc\courseprojects\genericsindotnet\genericlinkedlistcs\bin\debug\genericlinkedlistcs.dll" id="2d18f21f-c3fb-b66e-00b2-96b7673599e9">
      <Css projectStructure="" iteration="" />
      <Owners>
        <Owner name="" />
      </Owners>
      <Execution id="9191fdf5-08e3-499d-9409-eb4cc0257ed4" />
      <TestMethod codeBase="C:\development\bcc\CourseProjects\GenericsInDotNet\GenericLinkedListCS\bin\Debug\GenericLinkedListCS.dll" adapterTypeName="Microsoft.VisualStudio.TestTools.TestTypes.Unit.UnitTestAdapter, Microsoft.VisualStudio.QualityTools.Tips.UnitTest.Adapter, Version=9.0.0.0, Culture=neutral, PublicKeyToken=b03f5f7f11d50a3a" className="LinkedList.LinkedListTest, GenericLinkedListCS" name="AddItemCallbackWorks" />
    </UnitTest>
    <UnitTest name="RemovingItemFromMiddleWorks" storage="c:\development\bcc\courseprojects\genericsindotnet\genericlinkedlistcs\bin\debug\genericlinkedlistcs.dll" id="1aeb1152-9438-dc8a-fc87-64d5ffc56305">
      <Css projectStructure="" iteration="" />
      <Owners>
        <Owner name="" />
      </Owners>
      <Execution id="701e0d80-70e1-4ac7-beea-be125457a565" />
      <TestMethod codeBase="C:\development\bcc\CourseProjects\GenericsInDotNet\GenericLinkedListCS\bin\Debug\GenericLinkedListCS.dll" adapterTypeName="Microsoft.VisualStudio.TestTools.TestTypes.Unit.UnitTestAdapter, Microsoft.VisualStudio.QualityTools.Tips.UnitTest.Adapter, Version=9.0.0.0, Culture=neutral, PublicKeyToken=b03f5f7f11d50a3a" className="LinkedList.LinkedListTest, GenericLinkedListCS" name="RemovingItemFromMiddleWorks" />
    </UnitTest>
    <UnitTest name="RemoveFromEmptyListFails" storage="c:\development\bcc\courseprojects\genericsindotnet\genericlinkedlistcs\bin\debug\genericlinkedlistcs.dll" id="c6c72218-b2f9-461b-67e2-f4fe049044c1">
      <Css projectStructure="" iteration="" />
      <Owners>
        <Owner name="" />
      </Owners>
      <Execution id="0b598a8d-fe5f-47aa-9300-b09d2ce5cc0e" />
      <TestMethod codeBase="C:\development\bcc\CourseProjects\GenericsInDotNet\GenericLinkedListCS\bin\Debug\GenericLinkedListCS.dll" adapterTypeName="Microsoft.VisualStudio.TestTools.TestTypes.Unit.UnitTestAdapter, Microsoft.VisualStudio.QualityTools.Tips.UnitTest.Adapter, Version=9.0.0.0, Culture=neutral, PublicKeyToken=b03f5f7f11d50a3a" className="LinkedList.LinkedListTest, GenericLinkedListCS" name="RemoveFromEmptyListFails" />
    </UnitTest>
    <UnitTest name="ForEachLoopWorks" storage="c:\development\bcc\courseprojects\genericsindotnet\genericlinkedlistcs\bin\debug\genericlinkedlistcs.dll" id="65f13660-6751-d46c-d3b2-443a77a0d197">
      <Css projectStructure="" iteration="" />
      <Owners>
        <Owner name="" />
      </Owners>
      <Execution id="412ab278-f078-4792-8e36-d9bfb0b17ddd" />
      <TestMethod codeBase="C:\development\bcc\CourseProjects\GenericsInDotNet\GenericLinkedListCS\bin\Debug\GenericLinkedListCS.dll" adapterTypeName="Microsoft.VisualStudio.TestTools.TestTypes.Unit.UnitTestAdapter, Microsoft.VisualStudio.QualityTools.Tips.UnitTest.Adapter, Version=9.0.0.0, Culture=neutral, PublicKeyToken=b03f5f7f11d50a3a" className="LinkedList.LinkedListTest, GenericLinkedListCS" name="ForEachLoopWorks" />
    </UnitTest>
    <UnitTest name="RemovingLastItemWorks" storage="c:\development\bcc\courseprojects\genericsindotnet\genericlinkedlistcs\bin\debug\genericlinkedlistcs.dll" id="bcc61a10-54f1-098d-368c-52702511ba4e">
      <Css projectStructure="" iteration="" />
      <Owners>
        <Owner name="" />
      </Owners>
      <Execution id="bf00424b-d68f-460a-a8f5-82c1708dbaee" />
      <TestMethod codeBase="C:\development\bcc\CourseProjects\GenericsInDotNet\GenericLinkedListCS\bin\Debug\GenericLinkedListCS.dll" adapterTypeName="Microsoft.VisualStudio.TestTools.TestTypes.Unit.UnitTestAdapter, Microsoft.VisualStudio.QualityTools.Tips.UnitTest.Adapter, Version=9.0.0.0, Culture=neutral, PublicKeyToken=b03f5f7f11d50a3a" className="LinkedList.LinkedListTest, GenericLinkedListCS" name="RemovingLastItemWorks" />
    </UnitTest>
    <UnitTest name="ListWithItemsHasCorrectSize" storage="c:\development\bcc\courseprojects\genericsindotnet\genericlinkedlistcs\bin\debug\genericlinkedlistcs.dll" id="0ae09384-f2b1-67f9-17b4-649fc55a26e4">
      <Css projectStructure="" iteration="" />
      <Owners>
        <Owner name="" />
      </Owners>
      <Execution id="2ab68593-b6ae-4aa1-b61c-5b804b07735b" />
      <TestMethod codeBase="C:\development\bcc\CourseProjects\GenericsInDotNet\GenericLinkedListCS\bin\Debug\GenericLinkedListCS.dll" adapterTypeName="Microsoft.VisualStudio.TestTools.TestTypes.Unit.UnitTestAdapter, Microsoft.VisualStudio.QualityTools.Tips.UnitTest.Adapter, Version=9.0.0.0, Culture=neutral, PublicKeyToken=b03f5f7f11d50a3a" className="LinkedList.LinkedListTest, GenericLinkedListCS" name="ListWithItemsHasCorrectSize" />
    </UnitTest>
    <UnitTest name="NewListIsEmpty" storage="c:\development\bcc\courseprojects\genericsindotnet\genericlinkedlistcs\bin\debug\genericlinkedlistcs.dll" id="b2bddc14-9ecf-9c3e-4886-a804ac62e823">
      <Css projectStructure="" iteration="" />
      <Owners>
        <Owner name="" />
      </Owners>
      <Execution id="a5449395-70f2-4790-86ed-bdae5bbe9616" />
      <TestMethod codeBase="C:\development\bcc\CourseProjects\GenericsInDotNet\GenericLinkedListCS\bin\Debug\GenericLinkedListCS.dll" adapterTypeName="Microsoft.VisualStudio.TestTools.TestTypes.Unit.UnitTestAdapter, Microsoft.VisualStudio.QualityTools.Tips.UnitTest.Adapter, Version=9.0.0.0, Culture=neutral, PublicKeyToken=b03f5f7f11d50a3a" className="LinkedList.LinkedListTest, GenericLinkedListCS" name="NewListIsEmpty" />
    </UnitTest>
    <UnitTest name="RemovingOnlyItemWorks" storage="c:\development\bcc\courseprojects\genericsindotnet\genericlinkedlistcs\bin\debug\genericlinkedlistcs.dll" id="1608fcbc-3198-537d-b8ea-b48c6c646d07">
      <Css projectStructure="" iteration="" />
      <Owners>
        <Owner name="" />
      </Owners>
      <Execution id="96aff569-db4b-4015-933f-2433840e3a28" />
      <TestMethod codeBase="C:\development\bcc\CourseProjects\GenericsInDotNet\GenericLinkedListCS\bin\Debug\GenericLinkedListCS.dll" adapterTypeName="Microsoft.VisualStudio.TestTools.TestTypes.Unit.UnitTestAdapter, Microsoft.VisualStudio.QualityTools.Tips.UnitTest.Adapter, Version=9.0.0.0, Culture=neutral, PublicKeyToken=b03f5f7f11d50a3a" className="LinkedList.LinkedListTest, GenericLinkedListCS" name="RemovingOnlyItemWorks" />
    </UnitTest>
    <UnitTest name="CanGetSingleItem" storage="c:\development\bcc\courseprojects\genericsindotnet\genericlinkedlistcs\bin\debug\genericlinkedlistcs.dll" id="50e71873-5382-aea1-8aa3-16c4124a611c">
      <Css projectStructure="" iteration="" />
      <Owners>
        <Owner name="" />
      </Owners>
      <Execution id="2bb21419-e151-41fc-9304-168bebb2f646" />
      <TestMethod codeBase="C:\development\bcc\CourseProjects\GenericsInDotNet\GenericLinkedListCS\bin\Debug\GenericLinkedListCS.dll" adapterTypeName="Microsoft.VisualStudio.TestTools.TestTypes.Unit.UnitTestAdapter, Microsoft.VisualStudio.QualityTools.Tips.UnitTest.Adapter, Version=9.0.0.0, Culture=neutral, PublicKeyToken=b03f5f7f11d50a3a" className="LinkedList.LinkedListTest, GenericLinkedListCS" name="CanGetSingleItem" />
    </UnitTest>
    <UnitTest name="RemovingFirstItemWorks" storage="c:\development\bcc\courseprojects\genericsindotnet\genericlinkedlistcs\bin\debug\genericlinkedlistcs.dll" id="2379ab60-e063-6099-3890-60e315b59038">
      <Css projectStructure="" iteration="" />
      <Owners>
        <Owner name="" />
      </Owners>
      <Execution id="91045deb-fd79-4534-82bf-505304ceab78" />
      <TestMethod codeBase="C:\development\bcc\CourseProjects\GenericsInDotNet\GenericLinkedListCS\bin\Debug\GenericLinkedListCS.dll" adapterTypeName="Microsoft.VisualStudio.TestTools.TestTypes.Unit.UnitTestAdapter, Microsoft.VisualStudio.QualityTools.Tips.UnitTest.Adapter, Version=9.0.0.0, Culture=neutral, PublicKeyToken=b03f5f7f11d50a3a" className="LinkedList.LinkedListTest, GenericLinkedListCS" name="RemovingFirstItemWorks" />
    </UnitTest>
    <UnitTest name="CanGetMultipleItems" storage="c:\development\bcc\courseprojects\genericsindotnet\genericlinkedlistcs\bin\debug\genericlinkedlistcs.dll" id="bb25f5e8-0a22-030c-457d-cde5aff7053f">
      <Css projectStructure="" iteration="" />
      <Owners>
        <Owner name="" />
      </Owners>
      <Execution id="197dee7f-7f19-4b57-b059-57aa079ab1f7" />
      <TestMethod codeBase="C:\development\bcc\CourseProjects\GenericsInDotNet\GenericLinkedListCS\bin\Debug\GenericLinkedListCS.dll" adapterTypeName="Microsoft.VisualStudio.TestTools.TestTypes.Unit.UnitTestAdapter, Microsoft.VisualStudio.QualityTools.Tips.UnitTest.Adapter, Version=9.0.0.0, Culture=neutral, PublicKeyToken=b03f5f7f11d50a3a" className="LinkedList.LinkedListTest, GenericLinkedListCS" name="CanGetMultipleItems" />
    </UnitTest>
    <UnitTest name="NullArgumentForRemoveFails" storage="c:\development\bcc\courseprojects\genericsindotnet\genericlinkedlistcs\bin\debug\genericlinkedlistcs.dll" id="4d9f609b-9748-2d3d-ef13-99417adf73d3">
      <Css projectStructure="" iteration="" />
      <Owners>
        <Owner name="" />
      </Owners>
      <Execution id="5337d321-deb4-4b09-ad06-bf49b1138478" />
      <TestMethod codeBase="C:\development\bcc\CourseProjects\GenericsInDotNet\GenericLinkedListCS\bin\Debug\GenericLinkedListCS.dll" adapterTypeName="Microsoft.VisualStudio.TestTools.TestTypes.Unit.UnitTestAdapter, Microsoft.VisualStudio.QualityTools.Tips.UnitTest.Adapter, Version=9.0.0.0, Culture=neutral, PublicKeyToken=b03f5f7f11d50a3a" className="LinkedList.LinkedListTest, GenericLinkedListCS" name="NullArgumentForRemoveFails" />
    </UnitTest>
    <UnitTest name="AccessingEmptyListFails" storage="c:\development\bcc\courseprojects\genericsindotnet\genericlinkedlistcs\bin\debug\genericlinkedlistcs.dll" id="0675ee84-efb4-e1ad-adf4-7ea1752bad6c">
      <Css projectStructure="" iteration="" />
      <Owners>
        <Owner name="" />
      </Owners>
      <Execution id="3e545726-8d57-47db-b217-467bd16fd5e1" />
      <TestMethod codeBase="C:\development\bcc\CourseProjects\GenericsInDotNet\GenericLinkedListCS\bin\Debug\GenericLinkedListCS.dll" adapterTypeName="Microsoft.VisualStudio.TestTools.TestTypes.Unit.UnitTestAdapter, Microsoft.VisualStudio.QualityTools.Tips.UnitTest.Adapter, Version=9.0.0.0, Culture=neutral, PublicKeyToken=b03f5f7f11d50a3a" className="LinkedList.LinkedListTest, GenericLinkedListCS" name="AccessingEmptyListFails" />
    </UnitTest>
    <UnitTest name="ListWithItemsIsNotEmpty" storage="c:\development\bcc\courseprojects\genericsindotnet\genericlinkedlistcs\bin\debug\genericlinkedlistcs.dll" id="9f183d84-1a40-328c-0e82-1289d55dc8a4">
      <Css projectStructure="" iteration="" />
      <Owners>
        <Owner name="" />
      </Owners>
      <Execution id="6b70d605-07ea-49a4-9549-c9272c37f384" />
      <TestMethod codeBase="C:\development\bcc\CourseProjects\GenericsInDotNet\GenericLinkedListCS\bin\Debug\GenericLinkedListCS.dll" adapterTypeName="Microsoft.VisualStudio.TestTools.TestTypes.Unit.UnitTestAdapter, Microsoft.VisualStudio.QualityTools.Tips.UnitTest.Adapter, Version=9.0.0.0, Culture=neutral, PublicKeyToken=b03f5f7f11d50a3a" className="LinkedList.LinkedListTest, GenericLinkedListCS" name="ListWithItemsIsNotEmpty" />
    </UnitTest>
    <UnitTest name="ToStringWorks" storage="c:\development\bcc\courseprojects\genericsindotnet\genericlinkedlistcs\bin\debug\genericlinkedlistcs.dll" id="c1a7519e-8be0-49bb-96e8-df97a7aa9c1c">
      <Css projectStructure="" iteration="" />
      <Owners>
        <Owner name="" />
      </Owners>
      <Execution id="fa54c4cf-2382-4e6a-b546-fc003119a111" />
      <TestMethod codeBase="C:\development\bcc\CourseProjects\GenericsInDotNet\GenericLinkedListCS\bin\Debug\GenericLinkedListCS.dll" adapterTypeName="Microsoft.VisualStudio.TestTools.TestTypes.Unit.UnitTestAdapter, Microsoft.VisualStudio.QualityTools.Tips.UnitTest.Adapter, Version=9.0.0.0, Culture=neutral, PublicKeyToken=b03f5f7f11d50a3a" className="LinkedList.LinkedListTest, GenericLinkedListCS" name="ToStringWorks" />
    </UnitTest>
  </TestDefinitions>
  <TestLists>
    <TestList name="Results Not in a List" id="8c84fa94-04c1-424b-9868-57a2d4851a1d" />
    <TestList name="All Loaded Results" id="19431567-8539-422a-85d7-44ee4e166bda" />
  </TestLists>
  <TestEntries>
    <TestEntry testId="0675ee84-efb4-e1ad-adf4-7ea1752bad6c" executionId="3e545726-8d57-47db-b217-467bd16fd5e1" testListId="8c84fa94-04c1-424b-9868-57a2d4851a1d" />
    <TestEntry testId="0ae09384-f2b1-67f9-17b4-649fc55a26e4" executionId="2ab68593-b6ae-4aa1-b61c-5b804b07735b" testListId="8c84fa94-04c1-424b-9868-57a2d4851a1d" />
    <TestEntry testId="1608fcbc-3198-537d-b8ea-b48c6c646d07" executionId="96aff569-db4b-4015-933f-2433840e3a28" testListId="8c84fa94-04c1-424b-9868-57a2d4851a1d" />
    <TestEntry testId="1aeb1152-9438-dc8a-fc87-64d5ffc56305" executionId="701e0d80-70e1-4ac7-beea-be125457a565" testListId="8c84fa94-04c1-424b-9868-57a2d4851a1d" />
    <TestEntry testId="2379ab60-e063-6099-3890-60e315b59038" executionId="91045deb-fd79-4534-82bf-505304ceab78" testListId="8c84fa94-04c1-424b-9868-57a2d4851a1d" />
    <TestEntry testId="2d18f21f-c3fb-b66e-00b2-96b7673599e9" executionId="9191fdf5-08e3-499d-9409-eb4cc0257ed4" testListId="8c84fa94-04c1-424b-9868-57a2d4851a1d" />
    <TestEntry testId="4a9e37df-119f-2ae7-7cef-1a3fd380fa68" executionId="9e55b310-5bb4-4e43-a7ea-7588b282ef94" testListId="8c84fa94-04c1-424b-9868-57a2d4851a1d" />
    <TestEntry testId="4d9f609b-9748-2d3d-ef13-99417adf73d3" executionId="5337d321-deb4-4b09-ad06-bf49b1138478" testListId="8c84fa94-04c1-424b-9868-57a2d4851a1d" />
    <TestEntry testId="50e71873-5382-aea1-8aa3-16c4124a611c" executionId="2bb21419-e151-41fc-9304-168bebb2f646" testListId="8c84fa94-04c1-424b-9868-57a2d4851a1d" />
    <TestEntry testId="65f13660-6751-d46c-d3b2-443a77a0d197" executionId="412ab278-f078-4792-8e36-d9bfb0b17ddd" testListId="8c84fa94-04c1-424b-9868-57a2d4851a1d" />
    <TestEntry testId="9f183d84-1a40-328c-0e82-1289d55dc8a4" executionId="6b70d605-07ea-49a4-9549-c9272c37f384" testListId="8c84fa94-04c1-424b-9868-57a2d4851a1d" />
    <TestEntry testId="b2bddc14-9ecf-9c3e-4886-a804ac62e823" executionId="a5449395-70f2-4790-86ed-bdae5bbe9616" testListId="8c84fa94-04c1-424b-9868-57a2d4851a1d" />
    <TestEntry testId="bb25f5e8-0a22-030c-457d-cde5aff7053f" executionId="197dee7f-7f19-4b57-b059-57aa079ab1f7" testListId="8c84fa94-04c1-424b-9868-57a2d4851a1d" />
    <TestEntry testId="bcc61a10-54f1-098d-368c-52702511ba4e" executionId="bf00424b-d68f-460a-a8f5-82c1708dbaee" testListId="8c84fa94-04c1-424b-9868-57a2d4851a1d" />
    <TestEntry testId="c1a7519e-8be0-49bb-96e8-df97a7aa9c1c" executionId="fa54c4cf-2382-4e6a-b546-fc003119a111" testListId="8c84fa94-04c1-424b-9868-57a2d4851a1d" />
    <TestEntry testId="c6c72218-b2f9-461b-67e2-f4fe049044c1" executionId="0b598a8d-fe5f-47aa-9300-b09d2ce5cc0e" testListId="8c84fa94-04c1-424b-9868-57a2d4851a1d" />
    <TestEntry testId="dd779965-9e02-24e7-ce9b-ee249ce007ff" executionId="54df40c2-d3f7-429c-a397-cce420a14328" testListId="8c84fa94-04c1-424b-9868-57a2d4851a1d" />
    <TestEntry testId="e21b1ef6-b7a6-7707-028b-2a6ac4f12496" executionId="2d3450c6-9757-46dd-a6e4-88e2e7428174" testListId="8c84fa94-04c1-424b-9868-57a2d4851a1d" />
    <TestEntry testId="f68c92a7-b373-8674-d1f9-d12f84b24e94" executionId="4f315f5d-bc24-4d88-8d08-53793a9bfac1" testListId="8c84fa94-04c1-424b-9868-57a2d4851a1d" />
  </TestEntries>
  <Results>
    <UnitTestResult executionId="3e545726-8d57-47db-b217-467bd16fd5e1" testId="0675ee84-efb4-e1ad-adf4-7ea1752bad6c" testName="AccessingEmptyListFails" computerName="HP-WORKSTATION" duration="00:00:00.0150865" startTime="2008-11-16T17:03:20.5156250+00:00" endTime="2008-11-16T17:03:20.7187500+00:00" testType="13cdc9d9-ddb5-4fa4-a97d-d965ccfc6d4b" outcome="Passed" testListId="8c84fa94-04c1-424b-9868-57a2d4851a1d">
      <Output>
      </Output>
    </UnitTestResult>
    <UnitTestResult executionId="2ab68593-b6ae-4aa1-b61c-5b804b07735b" testId="0ae09384-f2b1-67f9-17b4-649fc55a26e4" testName="ListWithItemsHasCorrectSize" computerName="HP-WORKSTATION" duration="00:00:00.0053336" startTime="2008-11-16T17:03:20.7187500+00:00" endTime="2008-11-16T17:03:20.7187500+00:00" testType="13cdc9d9-ddb5-4fa4-a97d-d965ccfc6d4b" outcome="Passed" testListId="8c84fa94-04c1-424b-9868-57a2d4851a1d">
      <Output>
      </Output>
    </UnitTestResult>
    <UnitTestResult executionId="96aff569-db4b-4015-933f-2433840e3a28" testId="1608fcbc-3198-537d-b8ea-b48c6c646d07" testName="RemovingOnlyItemWorks" computerName="HP-WORKSTATION" duration="00:00:00.0045237" startTime="2008-11-16T17:03:20.7343750+00:00" endTime="2008-11-16T17:03:20.7343750+00:00" testType="13cdc9d9-ddb5-4fa4-a97d-d965ccfc6d4b" outcome="Passed" testListId="8c84fa94-04c1-424b-9868-57a2d4851a1d">
      <Output>
      </Output>
    </UnitTestResult>
    <UnitTestResult executionId="701e0d80-70e1-4ac7-beea-be125457a565" testId="1aeb1152-9438-dc8a-fc87-64d5ffc56305" testName="RemovingItemFromMiddleWorks" computerName="HP-WORKSTATION" duration="00:00:00.0011423" startTime="2008-11-16T17:03:20.7343750+00:00" endTime="2008-11-16T17:03:20.7343750+00:00" testType="13cdc9d9-ddb5-4fa4-a97d-d965ccfc6d4b" outcome="Passed" testListId="8c84fa94-04c1-424b-9868-57a2d4851a1d">
      <Output>
      </Output>
    </UnitTestResult>
    <UnitTestResult executionId="91045deb-fd79-4534-82bf-505304ceab78" testId="2379ab60-e063-6099-3890-60e315b59038" testName="RemovingFirstItemWorks" computerName="HP-WORKSTATION" duration="00:00:00.0004545" startTime="2008-11-16T17:03:20.7343750+00:00" endTime="2008-11-16T17:03:20.7500000+00:00" testType="13cdc9d9-ddb5-4fa4-a97d-d965ccfc6d4b" outcome="Passed" testListId="8c84fa94-04c1-424b-9868-57a2d4851a1d">
      <Output>
      </Output>
    </UnitTestResult>
    <UnitTestResult executionId="9191fdf5-08e3-499d-9409-eb4cc0257ed4" testId="2d18f21f-c3fb-b66e-00b2-96b7673599e9" testName="AddItemCallbackWorks" computerName="HP-WORKSTATION" duration="00:00:00.0009822" startTime="2008-11-16T17:03:20.7500000+00:00" endTime="2008-11-16T17:03:20.7500000+00:00" testType="13cdc9d9-ddb5-4fa4-a97d-d965ccfc6d4b" outcome="Passed" testListId="8c84fa94-04c1-424b-9868-57a2d4851a1d">
      <Output>
      </Output>
    </UnitTestResult>
    <UnitTestResult executionId="9e55b310-5bb4-4e43-a7ea-7588b282ef94" testId="4a9e37df-119f-2ae7-7cef-1a3fd380fa68" testName="RemoveWhereItemNotFoundFails" computerName="HP-WORKSTATION" duration="00:00:00.0005372" startTime="2008-11-16T17:03:20.7500000+00:00" endTime="2008-11-16T17:03:20.7500000+00:00" testType="13cdc9d9-ddb5-4fa4-a97d-d965ccfc6d4b" outcome="Passed" testListId="8c84fa94-04c1-424b-9868-57a2d4851a1d">
      <Output>
      </Output>
    </UnitTestResult>
    <UnitTestResult executionId="5337d321-deb4-4b09-ad06-bf49b1138478" testId="4d9f609b-9748-2d3d-ef13-99417adf73d3" testName="NullArgumentForRemoveFails" computerName="HP-WORKSTATION" duration="00:00:00.0004752" startTime="2008-11-16T17:03:20.7500000+00:00" endTime="2008-11-16T17:03:20.7500000+00:00" testType="13cdc9d9-ddb5-4fa4-a97d-d965ccfc6d4b" outcome="Passed" testListId="8c84fa94-04c1-424b-9868-57a2d4851a1d">
      <Output>
      </Output>
    </UnitTestResult>
    <UnitTestResult executionId="2bb21419-e151-41fc-9304-168bebb2f646" testId="50e71873-5382-aea1-8aa3-16c4124a611c" testName="CanGetSingleItem" computerName="HP-WORKSTATION" duration="00:00:00.0011345" startTime="2008-11-16T17:03:20.7500000+00:00" endTime="2008-11-16T17:03:20.7656250+00:00" testType="13cdc9d9-ddb5-4fa4-a97d-d965ccfc6d4b" outcome="Passed" testListId="8c84fa94-04c1-424b-9868-57a2d4851a1d">
      <Output>
      </Output>
    </UnitTestResult>
    <UnitTestResult executionId="412ab278-f078-4792-8e36-d9bfb0b17ddd" testId="65f13660-6751-d46c-d3b2-443a77a0d197" testName="ForEachLoopWorks" computerName="HP-WORKSTATION" duration="00:00:00.0019421" startTime="2008-11-16T17:03:20.7656250+00:00" endTime="2008-11-16T17:03:20.7656250+00:00" testType="13cdc9d9-ddb5-4fa4-a97d-d965ccfc6d4b" outcome="Passed" testListId="8c84fa94-04c1-424b-9868-57a2d4851a1d">
      <Output>
      </Output>
    </UnitTestResult>
    <UnitTestResult executionId="6b70d605-07ea-49a4-9549-c9272c37f384" testId="9f183d84-1a40-328c-0e82-1289d55dc8a4" testName="ListWithItemsIsNotEmpty" computerName="HP-WORKSTATION" duration="00:00:00.0003899" startTime="2008-11-16T17:03:20.7656250+00:00" endTime="2008-11-16T17:03:20.7656250+00:00" testType="13cdc9d9-ddb5-4fa4-a97d-d965ccfc6d4b" outcome="Passed" testListId="8c84fa94-04c1-424b-9868-57a2d4851a1d">
      <Output>
      </Output>
    </UnitTestResult>
    <UnitTestResult executionId="a5449395-70f2-4790-86ed-bdae5bbe9616" testId="b2bddc14-9ecf-9c3e-4886-a804ac62e823" testName="NewListIsEmpty" computerName="HP-WORKSTATION" duration="00:00:00.0003676" startTime="2008-11-16T17:03:20.7656250+00:00" endTime="2008-11-16T17:03:20.7656250+00:00" testType="13cdc9d9-ddb5-4fa4-a97d-d965ccfc6d4b" outcome="Passed" testListId="8c84fa94-04c1-424b-9868-57a2d4851a1d">
      <Output>
      </Output>
    </UnitTestResult>
    <UnitTestResult executionId="197dee7f-7f19-4b57-b059-57aa079ab1f7" testId="bb25f5e8-0a22-030c-457d-cde5aff7053f" testName="CanGetMultipleItems" computerName="HP-WORKSTATION" duration="00:00:00.0005408" startTime="2008-11-16T17:03:20.7656250+00:00" endTime="2008-11-16T17:03:20.7812500+00:00" testType="13cdc9d9-ddb5-4fa4-a97d-d965ccfc6d4b" outcome="Passed" testListId="8c84fa94-04c1-424b-9868-57a2d4851a1d">
      <Output>
      </Output>
    </UnitTestResult>
    <UnitTestResult executionId="bf00424b-d68f-460a-a8f5-82c1708dbaee" testId="bcc61a10-54f1-098d-368c-52702511ba4e" testName="RemovingLastItemWorks" computerName="HP-WORKSTATION" duration="00:00:00.0007408" startTime="2008-11-16T17:03:20.7812500+00:00" endTime="2008-11-16T17:03:20.7812500+00:00" testType="13cdc9d9-ddb5-4fa4-a97d-d965ccfc6d4b" outcome="Passed" testListId="8c84fa94-04c1-424b-9868-57a2d4851a1d">
      <Output>
      </Output>
    </UnitTestResult>
    <UnitTestResult executionId="fa54c4cf-2382-4e6a-b546-fc003119a111" testId="c1a7519e-8be0-49bb-96e8-df97a7aa9c1c" testName="ToStringWorks" computerName="HP-WORKSTATION" duration="00:00:00.0005235" startTime="2008-11-16T17:03:20.7812500+00:00" endTime="2008-11-16T17:03:20.7812500+00:00" testType="13cdc9d9-ddb5-4fa4-a97d-d965ccfc6d4b" outcome="Passed" testListId="8c84fa94-04c1-424b-9868-57a2d4851a1d">
      <Output>
      </Output>
    </UnitTestResult>
    <UnitTestResult executionId="0b598a8d-fe5f-47aa-9300-b09d2ce5cc0e" testId="c6c72218-b2f9-461b-67e2-f4fe049044c1" testName="RemoveFromEmptyListFails" computerName="HP-WORKSTATION" duration="00:00:00.0006025" startTime="2008-11-16T17:03:20.7812500+00:00" endTime="2008-11-16T17:03:20.7812500+00:00" testType="13cdc9d9-ddb5-4fa4-a97d-d965ccfc6d4b" outcome="Passed" testListId="8c84fa94-04c1-424b-9868-57a2d4851a1d">
      <Output>
      </Output>
    </UnitTestResult>
    <UnitTestResult executionId="54df40c2-d3f7-429c-a397-cce420a14328" testId="dd779965-9e02-24e7-ce9b-ee249ce007ff" testName="NewListHasZeroSize" computerName="HP-WORKSTATION" duration="00:00:00.0001930" startTime="2008-11-16T17:03:20.7812500+00:00" endTime="2008-11-16T17:03:20.7968750+00:00" testType="13cdc9d9-ddb5-4fa4-a97d-d965ccfc6d4b" outcome="Passed" testListId="8c84fa94-04c1-424b-9868-57a2d4851a1d">
      <Output>
      </Output>
    </UnitTestResult>
    <UnitTestResult executionId="2d3450c6-9757-46dd-a6e4-88e2e7428174" testId="e21b1ef6-b7a6-7707-028b-2a6ac4f12496" testName="AccessingWithNegativeIndexFails" computerName="HP-WORKSTATION" duration="00:00:00.0005763" startTime="2008-11-16T17:03:20.7968750+00:00" endTime="2008-11-16T17:03:20.7968750+00:00" testType="13cdc9d9-ddb5-4fa4-a97d-d965ccfc6d4b" outcome="Passed" testListId="8c84fa94-04c1-424b-9868-57a2d4851a1d">
      <Output>
      </Output>
    </UnitTestResult>
    <UnitTestResult executionId="4f315f5d-bc24-4d88-8d08-53793a9bfac1" testId="f68c92a7-b373-8674-d1f9-d12f84b24e94" testName="AccessingWithTooLargeAnIndexFails" computerName="HP-WORKSTATION" duration="00:00:00.0005509" startTime="2008-11-16T17:03:20.7968750+00:00" endTime="2008-11-16T17:03:20.7968750+00:00" testType="13cdc9d9-ddb5-4fa4-a97d-d965ccfc6d4b" outcome="Passed" testListId="8c84fa94-04c1-424b-9868-57a2d4851a1d">
      <Output>
      </Output>
    </UnitTestResult>
  </Results>
</TestRun>