<?xml version="1.0" encoding="UTF-8"?>
<TestRun id="b41d3922-7a7d-4b86-84a9-46b5e1285602" name="Garth@HOME-PC 2011-09-13 15:35:48" runUser="Home-PC\Garth" xmlns="http://microsoft.com/schemas/VisualStudio/TeamTest/2010">
  <TestSettings name="Local Test Run" id="3fcbd058-78fd-489e-a4fb-fddf2f5b8824">
    <Description>This is a default test run configuration for a local test run.</Description>
    <Execution>
      <TestTypeSpecific />
      <AgentRule name="Execution Agents">
      </AgentRule>
    </Execution>
    <Deployment runDeploymentRoot="Garth_HOME-PC 2011-09-13 15_35_48" />
  </TestSettings>
  <Times creation="2011-09-13T15:35:48.4093174+01:00" queuing="2011-09-13T15:35:50.4174322+01:00" start="2011-09-13T15:35:50.6204438+01:00" finish="2011-09-13T15:35:51.1554744+01:00" />
  <ResultSummary outcome="Completed">
    <Counters total="17" executed="17" passed="17" error="0" failed="0" timeout="0" aborted="0" inconclusive="0" passedButRunAborted="0" notRunnable="0" notExecuted="0" disconnected="0" warning="0" completed="0" inProgress="0" pending="0" />
  </ResultSummary>
  <TestDefinitions>
    <UnitTest name="RemovingOnlyItemWorks" storage="c:\currentbuilds\dotnetlitsept2011\courseprojects\languages\programmingwithgenerics\genericlinkedlistcs\bin\debug\genericlinkedlistcs.dll" id="d779b876-1f71-d7d4-35d2-1d61e1f90580">
      <Execution id="af0ecc89-71ae-4e8e-a086-4a8f6fe9c406" />
      <TestMethod codeBase="C:/CurrentBuilds/DotNetLitSept2011/CourseProjects/Languages/ProgrammingWithGenerics/GenericLinkedListCS/bin/Debug/GenericLinkedListCS.DLL" adapterTypeName="Microsoft.VisualStudio.TestTools.TestTypes.Unit.UnitTestAdapter, Microsoft.VisualStudio.QualityTools.Tips.UnitTest.Adapter, Version=10.0.0.0, Culture=neutral, PublicKeyToken=b03f5f7f11d50a3a" className="GenericLinkedListCS.LinkedListTest, GenericLinkedListCS, Version=1.0.0.0, Culture=neutral, PublicKeyToken=null" name="RemovingOnlyItemWorks" />
    </UnitTest>
    <UnitTest name="NullArgumentForRemoveFails" storage="c:\currentbuilds\dotnetlitsept2011\courseprojects\languages\programmingwithgenerics\genericlinkedlistcs\bin\debug\genericlinkedlistcs.dll" id="204b4f9a-dab2-307f-8c00-c45577ba124e">
      <Execution id="f054ed58-ff08-491e-b5cd-2824ef19b99b" />
      <TestMethod codeBase="C:/CurrentBuilds/DotNetLitSept2011/CourseProjects/Languages/ProgrammingWithGenerics/GenericLinkedListCS/bin/Debug/GenericLinkedListCS.DLL" adapterTypeName="Microsoft.VisualStudio.TestTools.TestTypes.Unit.UnitTestAdapter, Microsoft.VisualStudio.QualityTools.Tips.UnitTest.Adapter, Version=10.0.0.0, Culture=neutral, PublicKeyToken=b03f5f7f11d50a3a" className="GenericLinkedListCS.LinkedListTest, GenericLinkedListCS, Version=1.0.0.0, Culture=neutral, PublicKeyToken=null" name="NullArgumentForRemoveFails" />
    </UnitTest>
    <UnitTest name="NewListIsEmpty" storage="c:\currentbuilds\dotnetlitsept2011\courseprojects\languages\programmingwithgenerics\genericlinkedlistcs\bin\debug\genericlinkedlistcs.dll" id="a2b8ee21-eb43-d59f-170d-e5b5ace7e6f8">
      <Execution id="f2b9fd4b-80ce-4af1-be14-03e70186da47" />
      <TestMethod codeBase="C:/CurrentBuilds/DotNetLitSept2011/CourseProjects/Languages/ProgrammingWithGenerics/GenericLinkedListCS/bin/Debug/GenericLinkedListCS.DLL" adapterTypeName="Microsoft.VisualStudio.TestTools.TestTypes.Unit.UnitTestAdapter, Microsoft.VisualStudio.QualityTools.Tips.UnitTest.Adapter, Version=10.0.0.0, Culture=neutral, PublicKeyToken=b03f5f7f11d50a3a" className="GenericLinkedListCS.LinkedListTest, GenericLinkedListCS, Version=1.0.0.0, Culture=neutral, PublicKeyToken=null" name="NewListIsEmpty" />
    </UnitTest>
    <UnitTest name="CanGetMultipleItems" storage="c:\currentbuilds\dotnetlitsept2011\courseprojects\languages\programmingwithgenerics\genericlinkedlistcs\bin\debug\genericlinkedlistcs.dll" id="ef9f1fd5-fe4c-9c8a-faa8-34afd26c97c9">
      <Execution id="c0899b43-b963-4334-b296-1169dd82a58b" />
      <TestMethod codeBase="C:/CurrentBuilds/DotNetLitSept2011/CourseProjects/Languages/ProgrammingWithGenerics/GenericLinkedListCS/bin/Debug/GenericLinkedListCS.DLL" adapterTypeName="Microsoft.VisualStudio.TestTools.TestTypes.Unit.UnitTestAdapter, Microsoft.VisualStudio.QualityTools.Tips.UnitTest.Adapter, Version=10.0.0.0, Culture=neutral, PublicKeyToken=b03f5f7f11d50a3a" className="GenericLinkedListCS.LinkedListTest, GenericLinkedListCS, Version=1.0.0.0, Culture=neutral, PublicKeyToken=null" name="CanGetMultipleItems" />
    </UnitTest>
    <UnitTest name="ListWithItemsIsNotEmpty" storage="c:\currentbuilds\dotnetlitsept2011\courseprojects\languages\programmingwithgenerics\genericlinkedlistcs\bin\debug\genericlinkedlistcs.dll" id="95cf47cd-f407-9999-9f75-9a2a68724915">
      <Execution id="9b710679-9cb8-4eb4-a209-8fa511a42e40" />
      <TestMethod codeBase="C:/CurrentBuilds/DotNetLitSept2011/CourseProjects/Languages/ProgrammingWithGenerics/GenericLinkedListCS/bin/Debug/GenericLinkedListCS.DLL" adapterTypeName="Microsoft.VisualStudio.TestTools.TestTypes.Unit.UnitTestAdapter, Microsoft.VisualStudio.QualityTools.Tips.UnitTest.Adapter, Version=10.0.0.0, Culture=neutral, PublicKeyToken=b03f5f7f11d50a3a" className="GenericLinkedListCS.LinkedListTest, GenericLinkedListCS, Version=1.0.0.0, Culture=neutral, PublicKeyToken=null" name="ListWithItemsIsNotEmpty" />
    </UnitTest>
    <UnitTest name="AccessingEmptyListFails" storage="c:\currentbuilds\dotnetlitsept2011\courseprojects\languages\programmingwithgenerics\genericlinkedlistcs\bin\debug\genericlinkedlistcs.dll" id="adeeb323-e91a-0789-84eb-36d3efa2f9c7">
      <Execution id="2faa0bcd-2313-405a-8a81-ae554f13d274" />
      <TestMethod codeBase="C:/CurrentBuilds/DotNetLitSept2011/CourseProjects/Languages/ProgrammingWithGenerics/GenericLinkedListCS/bin/Debug/GenericLinkedListCS.DLL" adapterTypeName="Microsoft.VisualStudio.TestTools.TestTypes.Unit.UnitTestAdapter, Microsoft.VisualStudio.QualityTools.Tips.UnitTest.Adapter, Version=10.0.0.0, Culture=neutral, PublicKeyToken=b03f5f7f11d50a3a" className="GenericLinkedListCS.LinkedListTest, GenericLinkedListCS, Version=1.0.0.0, Culture=neutral, PublicKeyToken=null" name="AccessingEmptyListFails" />
    </UnitTest>
    <UnitTest name="RemoveWhereItemNotFoundFails" storage="c:\currentbuilds\dotnetlitsept2011\courseprojects\languages\programmingwithgenerics\genericlinkedlistcs\bin\debug\genericlinkedlistcs.dll" id="868f9f42-7d2c-8768-af9f-336896d629c0">
      <Execution id="4e8a80b7-de8e-47a4-bcde-f8b0c5fc0ff0" />
      <TestMethod codeBase="C:/CurrentBuilds/DotNetLitSept2011/CourseProjects/Languages/ProgrammingWithGenerics/GenericLinkedListCS/bin/Debug/GenericLinkedListCS.DLL" adapterTypeName="Microsoft.VisualStudio.TestTools.TestTypes.Unit.UnitTestAdapter, Microsoft.VisualStudio.QualityTools.Tips.UnitTest.Adapter, Version=10.0.0.0, Culture=neutral, PublicKeyToken=b03f5f7f11d50a3a" className="GenericLinkedListCS.LinkedListTest, GenericLinkedListCS, Version=1.0.0.0, Culture=neutral, PublicKeyToken=null" name="RemoveWhereItemNotFoundFails" />
    </UnitTest>
    <UnitTest name="ToStringWorks" storage="c:\currentbuilds\dotnetlitsept2011\courseprojects\languages\programmingwithgenerics\genericlinkedlistcs\bin\debug\genericlinkedlistcs.dll" id="6ebdf376-c392-777f-64e3-5a7c87fd5e56">
      <Execution id="c274e7cd-9b3f-4222-917b-3470f638711d" />
      <TestMethod codeBase="C:/CurrentBuilds/DotNetLitSept2011/CourseProjects/Languages/ProgrammingWithGenerics/GenericLinkedListCS/bin/Debug/GenericLinkedListCS.DLL" adapterTypeName="Microsoft.VisualStudio.TestTools.TestTypes.Unit.UnitTestAdapter, Microsoft.VisualStudio.QualityTools.Tips.UnitTest.Adapter, Version=10.0.0.0, Culture=neutral, PublicKeyToken=b03f5f7f11d50a3a" className="GenericLinkedListCS.LinkedListTest, GenericLinkedListCS, Version=1.0.0.0, Culture=neutral, PublicKeyToken=null" name="ToStringWorks" />
    </UnitTest>
    <UnitTest name="AccessingWithTooLargeAnIndexFails" storage="c:\currentbuilds\dotnetlitsept2011\courseprojects\languages\programmingwithgenerics\genericlinkedlistcs\bin\debug\genericlinkedlistcs.dll" id="1c921095-2581-dd1d-f2e4-b4787d68d253">
      <Execution id="453f3b98-2091-4284-9b3d-1c406bcbb439" />
      <TestMethod codeBase="C:/CurrentBuilds/DotNetLitSept2011/CourseProjects/Languages/ProgrammingWithGenerics/GenericLinkedListCS/bin/Debug/GenericLinkedListCS.DLL" adapterTypeName="Microsoft.VisualStudio.TestTools.TestTypes.Unit.UnitTestAdapter, Microsoft.VisualStudio.QualityTools.Tips.UnitTest.Adapter, Version=10.0.0.0, Culture=neutral, PublicKeyToken=b03f5f7f11d50a3a" className="GenericLinkedListCS.LinkedListTest, GenericLinkedListCS, Version=1.0.0.0, Culture=neutral, PublicKeyToken=null" name="AccessingWithTooLargeAnIndexFails" />
    </UnitTest>
    <UnitTest name="AccessingWithNegativeIndexFails" storage="c:\currentbuilds\dotnetlitsept2011\courseprojects\languages\programmingwithgenerics\genericlinkedlistcs\bin\debug\genericlinkedlistcs.dll" id="ad93a550-9dd7-5801-8ae7-e4478c31ee9f">
      <Execution id="5c49ae37-7bba-42cc-a464-7d56faf5b49e" />
      <TestMethod codeBase="C:/CurrentBuilds/DotNetLitSept2011/CourseProjects/Languages/ProgrammingWithGenerics/GenericLinkedListCS/bin/Debug/GenericLinkedListCS.DLL" adapterTypeName="Microsoft.VisualStudio.TestTools.TestTypes.Unit.UnitTestAdapter, Microsoft.VisualStudio.QualityTools.Tips.UnitTest.Adapter, Version=10.0.0.0, Culture=neutral, PublicKeyToken=b03f5f7f11d50a3a" className="GenericLinkedListCS.LinkedListTest, GenericLinkedListCS, Version=1.0.0.0, Culture=neutral, PublicKeyToken=null" name="AccessingWithNegativeIndexFails" />
    </UnitTest>
    <UnitTest name="RemovingItemFromMiddleWorks" storage="c:\currentbuilds\dotnetlitsept2011\courseprojects\languages\programmingwithgenerics\genericlinkedlistcs\bin\debug\genericlinkedlistcs.dll" id="11421c5f-4311-0434-59c8-4bd2dc0ce096">
      <Execution id="b640820d-6d2f-4775-943c-2c3e9bd622b3" />
      <TestMethod codeBase="C:/CurrentBuilds/DotNetLitSept2011/CourseProjects/Languages/ProgrammingWithGenerics/GenericLinkedListCS/bin/Debug/GenericLinkedListCS.DLL" adapterTypeName="Microsoft.VisualStudio.TestTools.TestTypes.Unit.UnitTestAdapter, Microsoft.VisualStudio.QualityTools.Tips.UnitTest.Adapter, Version=10.0.0.0, Culture=neutral, PublicKeyToken=b03f5f7f11d50a3a" className="GenericLinkedListCS.LinkedListTest, GenericLinkedListCS, Version=1.0.0.0, Culture=neutral, PublicKeyToken=null" name="RemovingItemFromMiddleWorks" />
    </UnitTest>
    <UnitTest name="CanGetSingleItem" storage="c:\currentbuilds\dotnetlitsept2011\courseprojects\languages\programmingwithgenerics\genericlinkedlistcs\bin\debug\genericlinkedlistcs.dll" id="e0974bb9-6aa7-8ee7-664e-8600d5f9a298">
      <Execution id="3827dc49-a22d-46c5-8e92-b11f0a517df2" />
      <TestMethod codeBase="C:/CurrentBuilds/DotNetLitSept2011/CourseProjects/Languages/ProgrammingWithGenerics/GenericLinkedListCS/bin/Debug/GenericLinkedListCS.DLL" adapterTypeName="Microsoft.VisualStudio.TestTools.TestTypes.Unit.UnitTestAdapter, Microsoft.VisualStudio.QualityTools.Tips.UnitTest.Adapter, Version=10.0.0.0, Culture=neutral, PublicKeyToken=b03f5f7f11d50a3a" className="GenericLinkedListCS.LinkedListTest, GenericLinkedListCS, Version=1.0.0.0, Culture=neutral, PublicKeyToken=null" name="CanGetSingleItem" />
    </UnitTest>
    <UnitTest name="RemovingLastItemWorks" storage="c:\currentbuilds\dotnetlitsept2011\courseprojects\languages\programmingwithgenerics\genericlinkedlistcs\bin\debug\genericlinkedlistcs.dll" id="04c5a396-41c7-45dc-b956-d33fb5265f7c">
      <Execution id="81db9188-f734-4a93-b7cd-db56c54b0133" />
      <TestMethod codeBase="C:/CurrentBuilds/DotNetLitSept2011/CourseProjects/Languages/ProgrammingWithGenerics/GenericLinkedListCS/bin/Debug/GenericLinkedListCS.DLL" adapterTypeName="Microsoft.VisualStudio.TestTools.TestTypes.Unit.UnitTestAdapter, Microsoft.VisualStudio.QualityTools.Tips.UnitTest.Adapter, Version=10.0.0.0, Culture=neutral, PublicKeyToken=b03f5f7f11d50a3a" className="GenericLinkedListCS.LinkedListTest, GenericLinkedListCS, Version=1.0.0.0, Culture=neutral, PublicKeyToken=null" name="RemovingLastItemWorks" />
    </UnitTest>
    <UnitTest name="RemoveFromEmptyListFails" storage="c:\currentbuilds\dotnetlitsept2011\courseprojects\languages\programmingwithgenerics\genericlinkedlistcs\bin\debug\genericlinkedlistcs.dll" id="651000fe-39aa-680c-14b6-4f6736b83edc">
      <Execution id="cb305e80-e35e-4c51-8582-a7e307223913" />
      <TestMethod codeBase="C:/CurrentBuilds/DotNetLitSept2011/CourseProjects/Languages/ProgrammingWithGenerics/GenericLinkedListCS/bin/Debug/GenericLinkedListCS.DLL" adapterTypeName="Microsoft.VisualStudio.TestTools.TestTypes.Unit.UnitTestAdapter, Microsoft.VisualStudio.QualityTools.Tips.UnitTest.Adapter, Version=10.0.0.0, Culture=neutral, PublicKeyToken=b03f5f7f11d50a3a" className="GenericLinkedListCS.LinkedListTest, GenericLinkedListCS, Version=1.0.0.0, Culture=neutral, PublicKeyToken=null" name="RemoveFromEmptyListFails" />
    </UnitTest>
    <UnitTest name="RemovingFirstItemWorks" storage="c:\currentbuilds\dotnetlitsept2011\courseprojects\languages\programmingwithgenerics\genericlinkedlistcs\bin\debug\genericlinkedlistcs.dll" id="faac8a3b-672c-4821-37e9-218aec3b37d6">
      <Execution id="1fcecc47-fb6a-4a9b-943d-a99e3d13c83d" />
      <TestMethod codeBase="C:/CurrentBuilds/DotNetLitSept2011/CourseProjects/Languages/ProgrammingWithGenerics/GenericLinkedListCS/bin/Debug/GenericLinkedListCS.DLL" adapterTypeName="Microsoft.VisualStudio.TestTools.TestTypes.Unit.UnitTestAdapter, Microsoft.VisualStudio.QualityTools.Tips.UnitTest.Adapter, Version=10.0.0.0, Culture=neutral, PublicKeyToken=b03f5f7f11d50a3a" className="GenericLinkedListCS.LinkedListTest, GenericLinkedListCS, Version=1.0.0.0, Culture=neutral, PublicKeyToken=null" name="RemovingFirstItemWorks" />
    </UnitTest>
    <UnitTest name="NewListHasZeroSize" storage="c:\currentbuilds\dotnetlitsept2011\courseprojects\languages\programmingwithgenerics\genericlinkedlistcs\bin\debug\genericlinkedlistcs.dll" id="3cae1f32-c8a6-ee4d-1eec-3b8ed35302df">
      <Execution id="0eec0773-e8a3-4b83-acfc-a044c515373f" />
      <TestMethod codeBase="C:/CurrentBuilds/DotNetLitSept2011/CourseProjects/Languages/ProgrammingWithGenerics/GenericLinkedListCS/bin/Debug/GenericLinkedListCS.DLL" adapterTypeName="Microsoft.VisualStudio.TestTools.TestTypes.Unit.UnitTestAdapter, Microsoft.VisualStudio.QualityTools.Tips.UnitTest.Adapter, Version=10.0.0.0, Culture=neutral, PublicKeyToken=b03f5f7f11d50a3a" className="GenericLinkedListCS.LinkedListTest, GenericLinkedListCS, Version=1.0.0.0, Culture=neutral, PublicKeyToken=null" name="NewListHasZeroSize" />
    </UnitTest>
    <UnitTest name="ListWithItemsHasCorrectSize" storage="c:\currentbuilds\dotnetlitsept2011\courseprojects\languages\programmingwithgenerics\genericlinkedlistcs\bin\debug\genericlinkedlistcs.dll" id="0b9ddbae-0f9c-af5d-4e3f-6e4aac58c977">
      <Execution id="a0cc11d3-677d-4773-ab7d-b1a17c05ca34" />
      <TestMethod codeBase="C:/CurrentBuilds/DotNetLitSept2011/CourseProjects/Languages/ProgrammingWithGenerics/GenericLinkedListCS/bin/Debug/GenericLinkedListCS.DLL" adapterTypeName="Microsoft.VisualStudio.TestTools.TestTypes.Unit.UnitTestAdapter, Microsoft.VisualStudio.QualityTools.Tips.UnitTest.Adapter, Version=10.0.0.0, Culture=neutral, PublicKeyToken=b03f5f7f11d50a3a" className="GenericLinkedListCS.LinkedListTest, GenericLinkedListCS, Version=1.0.0.0, Culture=neutral, PublicKeyToken=null" name="ListWithItemsHasCorrectSize" />
    </UnitTest>
  </TestDefinitions>
  <TestLists>
    <TestList name="Results Not in a List" id="8c84fa94-04c1-424b-9868-57a2d4851a1d" />
    <TestList name="All Loaded Results" id="19431567-8539-422a-85d7-44ee4e166bda" />
  </TestLists>
  <TestEntries>
    <TestEntry testId="a2b8ee21-eb43-d59f-170d-e5b5ace7e6f8" executionId="f2b9fd4b-80ce-4af1-be14-03e70186da47" testListId="8c84fa94-04c1-424b-9868-57a2d4851a1d" />
    <TestEntry testId="95cf47cd-f407-9999-9f75-9a2a68724915" executionId="9b710679-9cb8-4eb4-a209-8fa511a42e40" testListId="8c84fa94-04c1-424b-9868-57a2d4851a1d" />
    <TestEntry testId="3cae1f32-c8a6-ee4d-1eec-3b8ed35302df" executionId="0eec0773-e8a3-4b83-acfc-a044c515373f" testListId="8c84fa94-04c1-424b-9868-57a2d4851a1d" />
    <TestEntry testId="0b9ddbae-0f9c-af5d-4e3f-6e4aac58c977" executionId="a0cc11d3-677d-4773-ab7d-b1a17c05ca34" testListId="8c84fa94-04c1-424b-9868-57a2d4851a1d" />
    <TestEntry testId="e0974bb9-6aa7-8ee7-664e-8600d5f9a298" executionId="3827dc49-a22d-46c5-8e92-b11f0a517df2" testListId="8c84fa94-04c1-424b-9868-57a2d4851a1d" />
    <TestEntry testId="ef9f1fd5-fe4c-9c8a-faa8-34afd26c97c9" executionId="c0899b43-b963-4334-b296-1169dd82a58b" testListId="8c84fa94-04c1-424b-9868-57a2d4851a1d" />
    <TestEntry testId="adeeb323-e91a-0789-84eb-36d3efa2f9c7" executionId="2faa0bcd-2313-405a-8a81-ae554f13d274" testListId="8c84fa94-04c1-424b-9868-57a2d4851a1d" />
    <TestEntry testId="ad93a550-9dd7-5801-8ae7-e4478c31ee9f" executionId="5c49ae37-7bba-42cc-a464-7d56faf5b49e" testListId="8c84fa94-04c1-424b-9868-57a2d4851a1d" />
    <TestEntry testId="1c921095-2581-dd1d-f2e4-b4787d68d253" executionId="453f3b98-2091-4284-9b3d-1c406bcbb439" testListId="8c84fa94-04c1-424b-9868-57a2d4851a1d" />
    <TestEntry testId="6ebdf376-c392-777f-64e3-5a7c87fd5e56" executionId="c274e7cd-9b3f-4222-917b-3470f638711d" testListId="8c84fa94-04c1-424b-9868-57a2d4851a1d" />
    <TestEntry testId="651000fe-39aa-680c-14b6-4f6736b83edc" executionId="cb305e80-e35e-4c51-8582-a7e307223913" testListId="8c84fa94-04c1-424b-9868-57a2d4851a1d" />
    <TestEntry testId="204b4f9a-dab2-307f-8c00-c45577ba124e" executionId="f054ed58-ff08-491e-b5cd-2824ef19b99b" testListId="8c84fa94-04c1-424b-9868-57a2d4851a1d" />
    <TestEntry testId="868f9f42-7d2c-8768-af9f-336896d629c0" executionId="4e8a80b7-de8e-47a4-bcde-f8b0c5fc0ff0" testListId="8c84fa94-04c1-424b-9868-57a2d4851a1d" />
    <TestEntry testId="d779b876-1f71-d7d4-35d2-1d61e1f90580" executionId="af0ecc89-71ae-4e8e-a086-4a8f6fe9c406" testListId="8c84fa94-04c1-424b-9868-57a2d4851a1d" />
    <TestEntry testId="faac8a3b-672c-4821-37e9-218aec3b37d6" executionId="1fcecc47-fb6a-4a9b-943d-a99e3d13c83d" testListId="8c84fa94-04c1-424b-9868-57a2d4851a1d" />
    <TestEntry testId="04c5a396-41c7-45dc-b956-d33fb5265f7c" executionId="81db9188-f734-4a93-b7cd-db56c54b0133" testListId="8c84fa94-04c1-424b-9868-57a2d4851a1d" />
    <TestEntry testId="11421c5f-4311-0434-59c8-4bd2dc0ce096" executionId="b640820d-6d2f-4775-943c-2c3e9bd622b3" testListId="8c84fa94-04c1-424b-9868-57a2d4851a1d" />
  </TestEntries>
  <Results>
    <UnitTestResult executionId="f2b9fd4b-80ce-4af1-be14-03e70186da47" testId="a2b8ee21-eb43-d59f-170d-e5b5ace7e6f8" testName="NewListIsEmpty" computerName="HOME-PC" duration="00:00:00.0315194" startTime="2011-09-13T15:35:50.7124491+01:00" endTime="2011-09-13T15:35:51.0334675+01:00" testType="13cdc9d9-ddb5-4fa4-a97d-d965ccfc6d4b" outcome="Passed" testListId="8c84fa94-04c1-424b-9868-57a2d4851a1d" relativeResultsDirectory="f2b9fd4b-80ce-4af1-be14-03e70186da47">
    </UnitTestResult>
    <UnitTestResult executionId="9b710679-9cb8-4eb4-a209-8fa511a42e40" testId="95cf47cd-f407-9999-9f75-9a2a68724915" testName="ListWithItemsIsNotEmpty" computerName="HOME-PC" duration="00:00:00.0005689" startTime="2011-09-13T15:35:51.0354676+01:00" endTime="2011-09-13T15:35:51.0394678+01:00" testType="13cdc9d9-ddb5-4fa4-a97d-d965ccfc6d4b" outcome="Passed" testListId="8c84fa94-04c1-424b-9868-57a2d4851a1d" relativeResultsDirectory="9b710679-9cb8-4eb4-a209-8fa511a42e40">
    </UnitTestResult>
    <UnitTestResult executionId="0eec0773-e8a3-4b83-acfc-a044c515373f" testId="3cae1f32-c8a6-ee4d-1eec-3b8ed35302df" testName="NewListHasZeroSize" computerName="HOME-PC" duration="00:00:00.0008142" startTime="2011-09-13T15:35:51.0414679+01:00" endTime="2011-09-13T15:35:51.0454681+01:00" testType="13cdc9d9-ddb5-4fa4-a97d-d965ccfc6d4b" outcome="Passed" testListId="8c84fa94-04c1-424b-9868-57a2d4851a1d" relativeResultsDirectory="0eec0773-e8a3-4b83-acfc-a044c515373f">
    </UnitTestResult>
    <UnitTestResult executionId="a0cc11d3-677d-4773-ab7d-b1a17c05ca34" testId="0b9ddbae-0f9c-af5d-4e3f-6e4aac58c977" testName="ListWithItemsHasCorrectSize" computerName="HOME-PC" duration="00:00:00.0004644" startTime="2011-09-13T15:35:51.0474683+01:00" endTime="2011-09-13T15:35:51.0504684+01:00" testType="13cdc9d9-ddb5-4fa4-a97d-d965ccfc6d4b" outcome="Passed" testListId="8c84fa94-04c1-424b-9868-57a2d4851a1d" relativeResultsDirectory="a0cc11d3-677d-4773-ab7d-b1a17c05ca34">
    </UnitTestResult>
    <UnitTestResult executionId="3827dc49-a22d-46c5-8e92-b11f0a517df2" testId="e0974bb9-6aa7-8ee7-664e-8600d5f9a298" testName="CanGetSingleItem" computerName="HOME-PC" duration="00:00:00.0007478" startTime="2011-09-13T15:35:51.0524685+01:00" endTime="2011-09-13T15:35:51.0564688+01:00" testType="13cdc9d9-ddb5-4fa4-a97d-d965ccfc6d4b" outcome="Passed" testListId="8c84fa94-04c1-424b-9868-57a2d4851a1d" relativeResultsDirectory="3827dc49-a22d-46c5-8e92-b11f0a517df2">
    </UnitTestResult>
    <UnitTestResult executionId="c0899b43-b963-4334-b296-1169dd82a58b" testId="ef9f1fd5-fe4c-9c8a-faa8-34afd26c97c9" testName="CanGetMultipleItems" computerName="HOME-PC" duration="00:00:00.0002078" startTime="2011-09-13T15:35:51.0584689+01:00" endTime="2011-09-13T15:35:51.0614691+01:00" testType="13cdc9d9-ddb5-4fa4-a97d-d965ccfc6d4b" outcome="Passed" testListId="8c84fa94-04c1-424b-9868-57a2d4851a1d" relativeResultsDirectory="c0899b43-b963-4334-b296-1169dd82a58b">
    </UnitTestResult>
    <UnitTestResult executionId="2faa0bcd-2313-405a-8a81-ae554f13d274" testId="adeeb323-e91a-0789-84eb-36d3efa2f9c7" testName="AccessingEmptyListFails" computerName="HOME-PC" duration="00:00:00.0038677" startTime="2011-09-13T15:35:51.0634692+01:00" endTime="2011-09-13T15:35:51.0704696+01:00" testType="13cdc9d9-ddb5-4fa4-a97d-d965ccfc6d4b" outcome="Passed" testListId="8c84fa94-04c1-424b-9868-57a2d4851a1d" relativeResultsDirectory="2faa0bcd-2313-405a-8a81-ae554f13d274">
    </UnitTestResult>
    <UnitTestResult executionId="5c49ae37-7bba-42cc-a464-7d56faf5b49e" testId="ad93a550-9dd7-5801-8ae7-e4478c31ee9f" testName="AccessingWithNegativeIndexFails" computerName="HOME-PC" duration="00:00:00.0003633" startTime="2011-09-13T15:35:51.0724697+01:00" endTime="2011-09-13T15:35:51.0754699+01:00" testType="13cdc9d9-ddb5-4fa4-a97d-d965ccfc6d4b" outcome="Passed" testListId="8c84fa94-04c1-424b-9868-57a2d4851a1d" relativeResultsDirectory="5c49ae37-7bba-42cc-a464-7d56faf5b49e">
    </UnitTestResult>
    <UnitTestResult executionId="453f3b98-2091-4284-9b3d-1c406bcbb439" testId="1c921095-2581-dd1d-f2e4-b4787d68d253" testName="AccessingWithTooLargeAnIndexFails" computerName="HOME-PC" duration="00:00:00.0002753" startTime="2011-09-13T15:35:51.0764699+01:00" endTime="2011-09-13T15:35:51.0804701+01:00" testType="13cdc9d9-ddb5-4fa4-a97d-d965ccfc6d4b" outcome="Passed" testListId="8c84fa94-04c1-424b-9868-57a2d4851a1d" relativeResultsDirectory="453f3b98-2091-4284-9b3d-1c406bcbb439">
    </UnitTestResult>
    <UnitTestResult executionId="c274e7cd-9b3f-4222-917b-3470f638711d" testId="6ebdf376-c392-777f-64e3-5a7c87fd5e56" testName="ToStringWorks" computerName="HOME-PC" duration="00:00:00.0004688" startTime="2011-09-13T15:35:51.0824703+01:00" endTime="2011-09-13T15:35:51.0854704+01:00" testType="13cdc9d9-ddb5-4fa4-a97d-d965ccfc6d4b" outcome="Passed" testListId="8c84fa94-04c1-424b-9868-57a2d4851a1d" relativeResultsDirectory="c274e7cd-9b3f-4222-917b-3470f638711d">
    </UnitTestResult>
    <UnitTestResult executionId="cb305e80-e35e-4c51-8582-a7e307223913" testId="651000fe-39aa-680c-14b6-4f6736b83edc" testName="RemoveFromEmptyListFails" computerName="HOME-PC" duration="00:00:00.0005953" startTime="2011-09-13T15:35:51.0874705+01:00" endTime="2011-09-13T15:35:51.0904707+01:00" testType="13cdc9d9-ddb5-4fa4-a97d-d965ccfc6d4b" outcome="Passed" testListId="8c84fa94-04c1-424b-9868-57a2d4851a1d" relativeResultsDirectory="cb305e80-e35e-4c51-8582-a7e307223913">
    </UnitTestResult>
    <UnitTestResult executionId="f054ed58-ff08-491e-b5cd-2824ef19b99b" testId="204b4f9a-dab2-307f-8c00-c45577ba124e" testName="NullArgumentForRemoveFails" computerName="HOME-PC" duration="00:00:00.0002569" startTime="2011-09-13T15:35:51.0924708+01:00" endTime="2011-09-13T15:35:51.0954710+01:00" testType="13cdc9d9-ddb5-4fa4-a97d-d965ccfc6d4b" outcome="Passed" testListId="8c84fa94-04c1-424b-9868-57a2d4851a1d" relativeResultsDirectory="f054ed58-ff08-491e-b5cd-2824ef19b99b">
    </UnitTestResult>
    <UnitTestResult executionId="4e8a80b7-de8e-47a4-bcde-f8b0c5fc0ff0" testId="868f9f42-7d2c-8768-af9f-336896d629c0" testName="RemoveWhereItemNotFoundFails" computerName="HOME-PC" duration="00:00:00.0004461" startTime="2011-09-13T15:35:51.0974711+01:00" endTime="2011-09-13T15:35:51.1004713+01:00" testType="13cdc9d9-ddb5-4fa4-a97d-d965ccfc6d4b" outcome="Passed" testListId="8c84fa94-04c1-424b-9868-57a2d4851a1d" relativeResultsDirectory="4e8a80b7-de8e-47a4-bcde-f8b0c5fc0ff0">
    </UnitTestResult>
    <UnitTestResult executionId="af0ecc89-71ae-4e8e-a086-4a8f6fe9c406" testId="d779b876-1f71-d7d4-35d2-1d61e1f90580" testName="RemovingOnlyItemWorks" computerName="HOME-PC" duration="00:00:00.0003457" startTime="2011-09-13T15:35:51.1024714+01:00" endTime="2011-09-13T15:35:51.1054716+01:00" testType="13cdc9d9-ddb5-4fa4-a97d-d965ccfc6d4b" outcome="Passed" testListId="8c84fa94-04c1-424b-9868-57a2d4851a1d" relativeResultsDirectory="af0ecc89-71ae-4e8e-a086-4a8f6fe9c406">
    </UnitTestResult>
    <UnitTestResult executionId="1fcecc47-fb6a-4a9b-943d-a99e3d13c83d" testId="faac8a3b-672c-4821-37e9-218aec3b37d6" testName="RemovingFirstItemWorks" computerName="HOME-PC" duration="00:00:00.0002566" startTime="2011-09-13T15:35:51.1074717+01:00" endTime="2011-09-13T15:35:51.1104719+01:00" testType="13cdc9d9-ddb5-4fa4-a97d-d965ccfc6d4b" outcome="Passed" testListId="8c84fa94-04c1-424b-9868-57a2d4851a1d" relativeResultsDirectory="1fcecc47-fb6a-4a9b-943d-a99e3d13c83d">
    </UnitTestResult>
    <UnitTestResult executionId="81db9188-f734-4a93-b7cd-db56c54b0133" testId="04c5a396-41c7-45dc-b956-d33fb5265f7c" testName="RemovingLastItemWorks" computerName="HOME-PC" duration="00:00:00.0003130" startTime="2011-09-13T15:35:51.1124720+01:00" endTime="2011-09-13T15:35:51.1154721+01:00" testType="13cdc9d9-ddb5-4fa4-a97d-d965ccfc6d4b" outcome="Passed" testListId="8c84fa94-04c1-424b-9868-57a2d4851a1d" relativeResultsDirectory="81db9188-f734-4a93-b7cd-db56c54b0133">
    </UnitTestResult>
    <UnitTestResult executionId="b640820d-6d2f-4775-943c-2c3e9bd622b3" testId="11421c5f-4311-0434-59c8-4bd2dc0ce096" testName="RemovingItemFromMiddleWorks" computerName="HOME-PC" duration="00:00:00.0003658" startTime="2011-09-13T15:35:51.1174723+01:00" endTime="2011-09-13T15:35:51.1204724+01:00" testType="13cdc9d9-ddb5-4fa4-a97d-d965ccfc6d4b" outcome="Passed" testListId="8c84fa94-04c1-424b-9868-57a2d4851a1d" relativeResultsDirectory="b640820d-6d2f-4775-943c-2c3e9bd622b3">
    </UnitTestResult>
  </Results>
</TestRun>