<?xml version="1.0" encoding="UTF-8"?>
<TestRun id="0b8af73a-0bbd-44e8-84ec-9a5e90dca57c" name="Garth@HOME-PC 2012-10-21 23:10:37" runUser="Home-PC\Garth" xmlns="http://microsoft.com/schemas/VisualStudio/TeamTest/2010">
  <TestSettings name="Local" id="ed2b291a-a0a0-42bb-beaa-5dd90ff8b83e">
    <Description>These are default test settings for a local test run.</Description>
    <Deployment enabled="false" runDeploymentRoot="Garth_HOME-PC 2012-10-21 23_10_37" />
    <Execution>
      <TestTypeSpecific />
      <AgentRule name="Execution Agents">
      </AgentRule>
    </Execution>
  </TestSettings>
  <Times creation="2012-10-21T23:10:37.5885650+01:00" queuing="2012-10-21T23:10:37.7685753+01:00" start="2012-10-21T23:10:37.7965769+01:00" finish="2012-10-21T23:10:38.0795931+01:00" />
  <ResultSummary outcome="Completed">
    <Counters total="7" executed="7" passed="7" error="0" failed="0" timeout="0" aborted="0" inconclusive="0" passedButRunAborted="0" notRunnable="0" notExecuted="0" disconnected="0" warning="0" completed="0" inProgress="0" pending="0" />
    <Output>
      <DebugTrace>Assembly level initalize method called
Class level initalize method called
Class level cleanup method called
Assembly level cleanup method called
</DebugTrace>
    </Output>
  </ResultSummary>
  <TestDefinitions>
    <UnitTest name="MultiplicationWorks" storage="c:\currentbuilds\scrumdeveloperkainosoctober2012\courseprojects\visualstudioprojects\introducingmstest\introtomstest\bin\debug\introtomstest.dll" id="74bf918c-2abb-0190-c4fa-41fa45cc78a7">
      <Execution id="53bf6808-03c4-431c-a6c1-b6702901129b" />
      <TestMethod codeBase="C:/CurrentBuilds/ScrumDeveloperKainosOctober2012/CourseProjects/VisualStudioProjects/IntroducingMSTest/IntroToMSTest/bin/Debug/IntroToMSTest.DLL" adapterTypeName="Microsoft.VisualStudio.TestTools.TestTypes.Unit.UnitTestAdapter, Microsoft.VisualStudio.QualityTools.Tips.UnitTest.Adapter, Version=10.0.0.0, Culture=neutral, PublicKeyToken=b03f5f7f11d50a3a" className="IntroToMSTest.BasicMathTest, IntroToMSTest, Version=1.0.0.0, Culture=neutral, PublicKeyToken=null" name="MultiplicationWorks" />
    </UnitTest>
    <UnitTest name="SubtractionWorks" storage="c:\currentbuilds\scrumdeveloperkainosoctober2012\courseprojects\visualstudioprojects\introducingmstest\introtomstest\bin\debug\introtomstest.dll" id="997995d1-55ea-a3aa-9a04-7ce9face92c4">
      <Execution id="a202c4b6-cf5b-45a6-9bb2-0635faaaf603" />
      <TestMethod codeBase="C:/CurrentBuilds/ScrumDeveloperKainosOctober2012/CourseProjects/VisualStudioProjects/IntroducingMSTest/IntroToMSTest/bin/Debug/IntroToMSTest.DLL" adapterTypeName="Microsoft.VisualStudio.TestTools.TestTypes.Unit.UnitTestAdapter, Microsoft.VisualStudio.QualityTools.Tips.UnitTest.Adapter, Version=10.0.0.0, Culture=neutral, PublicKeyToken=b03f5f7f11d50a3a" className="IntroToMSTest.BasicMathTest, IntroToMSTest, Version=1.0.0.0, Culture=neutral, PublicKeyToken=null" name="SubtractionWorks" />
    </UnitTest>
    <UnitTest name="T1" storage="c:\currentbuilds\scrumdeveloperkainosoctober2012\courseprojects\visualstudioprojects\introducingmstest\introtomstest\bin\debug\introtomstest.dll" id="cff93ae4-577e-c6b9-c704-6ac814d14a7a">
      <Execution id="1d1c8f99-023c-4e11-b780-13d5d2173ac0" />
      <TestMethod codeBase="C:/CurrentBuilds/ScrumDeveloperKainosOctober2012/CourseProjects/VisualStudioProjects/IntroducingMSTest/IntroToMSTest/bin/Debug/IntroToMSTest.DLL" adapterTypeName="Microsoft.VisualStudio.TestTools.TestTypes.Unit.UnitTestAdapter, Microsoft.VisualStudio.QualityTools.Tips.UnitTest.Adapter, Version=10.0.0.0, Culture=neutral, PublicKeyToken=b03f5f7f11d50a3a" className="IntroToMSTest.ContextDemoTest, IntroToMSTest, Version=1.0.0.0, Culture=neutral, PublicKeyToken=null" name="T1" />
    </UnitTest>
    <UnitTest name="AdditionWorks" storage="c:\currentbuilds\scrumdeveloperkainosoctober2012\courseprojects\visualstudioprojects\introducingmstest\introtomstest\bin\debug\introtomstest.dll" id="73f09976-87e7-54c9-e40f-f3832ccf1043">
      <Execution id="481a2ea3-f4e2-4a9c-ab10-5aeaeb584ba6" />
      <TestMethod codeBase="C:/CurrentBuilds/ScrumDeveloperKainosOctober2012/CourseProjects/VisualStudioProjects/IntroducingMSTest/IntroToMSTest/bin/Debug/IntroToMSTest.DLL" adapterTypeName="Microsoft.VisualStudio.TestTools.TestTypes.Unit.UnitTestAdapter, Microsoft.VisualStudio.QualityTools.Tips.UnitTest.Adapter, Version=10.0.0.0, Culture=neutral, PublicKeyToken=b03f5f7f11d50a3a" className="IntroToMSTest.BasicMathTest, IntroToMSTest, Version=1.0.0.0, Culture=neutral, PublicKeyToken=null" name="AdditionWorks" />
    </UnitTest>
    <UnitTest name="T1" storage="c:\currentbuilds\scrumdeveloperkainosoctober2012\courseprojects\visualstudioprojects\introducingmstest\introtomstest\bin\debug\introtomstest.dll" id="197e193c-8bc3-904a-e054-81f586253185">
      <Execution id="ed9486e0-b91f-4282-9224-60056caa7568" />
      <TestMethod codeBase="C:/CurrentBuilds/ScrumDeveloperKainosOctober2012/CourseProjects/VisualStudioProjects/IntroducingMSTest/IntroToMSTest/bin/Debug/IntroToMSTest.DLL" adapterTypeName="Microsoft.VisualStudio.TestTools.TestTypes.Unit.UnitTestAdapter, Microsoft.VisualStudio.QualityTools.Tips.UnitTest.Adapter, Version=10.0.0.0, Culture=neutral, PublicKeyToken=b03f5f7f11d50a3a" className="IntroToMSTest.SkeletonTest, IntroToMSTest, Version=1.0.0.0, Culture=neutral, PublicKeyToken=null" name="T1" />
    </UnitTest>
    <UnitTest name="T3" storage="c:\currentbuilds\scrumdeveloperkainosoctober2012\courseprojects\visualstudioprojects\introducingmstest\introtomstest\bin\debug\introtomstest.dll" id="bd091580-2f39-8950-7bb8-9cb822e8d9b1">
      <Execution id="a459f70c-048b-4ecb-b880-483d34ac7283" />
      <TestMethod codeBase="C:/CurrentBuilds/ScrumDeveloperKainosOctober2012/CourseProjects/VisualStudioProjects/IntroducingMSTest/IntroToMSTest/bin/Debug/IntroToMSTest.DLL" adapterTypeName="Microsoft.VisualStudio.TestTools.TestTypes.Unit.UnitTestAdapter, Microsoft.VisualStudio.QualityTools.Tips.UnitTest.Adapter, Version=10.0.0.0, Culture=neutral, PublicKeyToken=b03f5f7f11d50a3a" className="IntroToMSTest.SkeletonTest, IntroToMSTest, Version=1.0.0.0, Culture=neutral, PublicKeyToken=null" name="T3" />
    </UnitTest>
    <UnitTest name="T2" storage="c:\currentbuilds\scrumdeveloperkainosoctober2012\courseprojects\visualstudioprojects\introducingmstest\introtomstest\bin\debug\introtomstest.dll" id="bd793b99-7be3-8cd7-a04a-dcecc4ff1cd6">
      <Execution id="729f3b65-29b7-4333-a063-653892b26c37" />
      <TestMethod codeBase="C:/CurrentBuilds/ScrumDeveloperKainosOctober2012/CourseProjects/VisualStudioProjects/IntroducingMSTest/IntroToMSTest/bin/Debug/IntroToMSTest.DLL" adapterTypeName="Microsoft.VisualStudio.TestTools.TestTypes.Unit.UnitTestAdapter, Microsoft.VisualStudio.QualityTools.Tips.UnitTest.Adapter, Version=10.0.0.0, Culture=neutral, PublicKeyToken=b03f5f7f11d50a3a" className="IntroToMSTest.SkeletonTest, IntroToMSTest, Version=1.0.0.0, Culture=neutral, PublicKeyToken=null" name="T2" />
    </UnitTest>
  </TestDefinitions>
  <TestLists>
    <TestList name="Results Not in a List" id="8c84fa94-04c1-424b-9868-57a2d4851a1d" />
    <TestList name="All Loaded Results" id="19431567-8539-422a-85d7-44ee4e166bda" />
  </TestLists>
  <TestEntries>
    <TestEntry testId="197e193c-8bc3-904a-e054-81f586253185" executionId="ed9486e0-b91f-4282-9224-60056caa7568" testListId="8c84fa94-04c1-424b-9868-57a2d4851a1d" />
    <TestEntry testId="73f09976-87e7-54c9-e40f-f3832ccf1043" executionId="481a2ea3-f4e2-4a9c-ab10-5aeaeb584ba6" testListId="8c84fa94-04c1-424b-9868-57a2d4851a1d" />
    <TestEntry testId="74bf918c-2abb-0190-c4fa-41fa45cc78a7" executionId="53bf6808-03c4-431c-a6c1-b6702901129b" testListId="8c84fa94-04c1-424b-9868-57a2d4851a1d" />
    <TestEntry testId="997995d1-55ea-a3aa-9a04-7ce9face92c4" executionId="a202c4b6-cf5b-45a6-9bb2-0635faaaf603" testListId="8c84fa94-04c1-424b-9868-57a2d4851a1d" />
    <TestEntry testId="bd091580-2f39-8950-7bb8-9cb822e8d9b1" executionId="a459f70c-048b-4ecb-b880-483d34ac7283" testListId="8c84fa94-04c1-424b-9868-57a2d4851a1d" />
    <TestEntry testId="bd793b99-7be3-8cd7-a04a-dcecc4ff1cd6" executionId="729f3b65-29b7-4333-a063-653892b26c37" testListId="8c84fa94-04c1-424b-9868-57a2d4851a1d" />
    <TestEntry testId="cff93ae4-577e-c6b9-c704-6ac814d14a7a" executionId="1d1c8f99-023c-4e11-b780-13d5d2173ac0" testListId="8c84fa94-04c1-424b-9868-57a2d4851a1d" />
  </TestEntries>
  <Results>
    <UnitTestResult executionId="ed9486e0-b91f-4282-9224-60056caa7568" testId="197e193c-8bc3-904a-e054-81f586253185" testName="T1" computerName="HOME-PC" duration="00:00:00.0087203" startTime="2012-10-21T23:10:37.8045774+01:00" endTime="2012-10-21T23:10:38.0385908+01:00" testType="13cdc9d9-ddb5-4fa4-a97d-d965ccfc6d4b" outcome="Passed" testListId="8c84fa94-04c1-424b-9868-57a2d4851a1d" relativeResultsDirectory="ed9486e0-b91f-4282-9224-60056caa7568">
      <Output>
        <DebugTrace>Test level initalize method called
Test One Called
Test level cleanup method called
</DebugTrace>
      </Output>
    </UnitTestResult>
    <UnitTestResult executionId="481a2ea3-f4e2-4a9c-ab10-5aeaeb584ba6" testId="73f09976-87e7-54c9-e40f-f3832ccf1043" testName="AdditionWorks" computerName="HOME-PC" duration="00:00:00.0008838" startTime="2012-10-21T23:10:38.0395908+01:00" endTime="2012-10-21T23:10:38.0445911+01:00" testType="13cdc9d9-ddb5-4fa4-a97d-d965ccfc6d4b" outcome="Passed" testListId="8c84fa94-04c1-424b-9868-57a2d4851a1d" relativeResultsDirectory="481a2ea3-f4e2-4a9c-ab10-5aeaeb584ba6">
    </UnitTestResult>
    <UnitTestResult executionId="53bf6808-03c4-431c-a6c1-b6702901129b" testId="74bf918c-2abb-0190-c4fa-41fa45cc78a7" testName="MultiplicationWorks" computerName="HOME-PC" duration="00:00:00.0001484" startTime="2012-10-21T23:10:38.0445911+01:00" endTime="2012-10-21T23:10:38.0485913+01:00" testType="13cdc9d9-ddb5-4fa4-a97d-d965ccfc6d4b" outcome="Passed" testListId="8c84fa94-04c1-424b-9868-57a2d4851a1d" relativeResultsDirectory="53bf6808-03c4-431c-a6c1-b6702901129b">
    </UnitTestResult>
    <UnitTestResult executionId="a202c4b6-cf5b-45a6-9bb2-0635faaaf603" testId="997995d1-55ea-a3aa-9a04-7ce9face92c4" testName="SubtractionWorks" computerName="HOME-PC" duration="00:00:00.0001638" startTime="2012-10-21T23:10:38.0485913+01:00" endTime="2012-10-21T23:10:38.0515915+01:00" testType="13cdc9d9-ddb5-4fa4-a97d-d965ccfc6d4b" outcome="Passed" testListId="8c84fa94-04c1-424b-9868-57a2d4851a1d" relativeResultsDirectory="a202c4b6-cf5b-45a6-9bb2-0635faaaf603">
    </UnitTestResult>
    <UnitTestResult executionId="a459f70c-048b-4ecb-b880-483d34ac7283" testId="bd091580-2f39-8950-7bb8-9cb822e8d9b1" testName="T3" computerName="HOME-PC" duration="00:00:00.0001833" startTime="2012-10-21T23:10:38.0525916+01:00" endTime="2012-10-21T23:10:38.0555917+01:00" testType="13cdc9d9-ddb5-4fa4-a97d-d965ccfc6d4b" outcome="Passed" testListId="8c84fa94-04c1-424b-9868-57a2d4851a1d" relativeResultsDirectory="a459f70c-048b-4ecb-b880-483d34ac7283">
      <Output>
        <DebugTrace>Test level initalize method called
Test Three Called
Test level cleanup method called
</DebugTrace>
      </Output>
    </UnitTestResult>
    <UnitTestResult executionId="729f3b65-29b7-4333-a063-653892b26c37" testId="bd793b99-7be3-8cd7-a04a-dcecc4ff1cd6" testName="T2" computerName="HOME-PC" duration="00:00:00.0001499" startTime="2012-10-21T23:10:38.0565918+01:00" endTime="2012-10-21T23:10:38.0595920+01:00" testType="13cdc9d9-ddb5-4fa4-a97d-d965ccfc6d4b" outcome="Passed" testListId="8c84fa94-04c1-424b-9868-57a2d4851a1d" relativeResultsDirectory="729f3b65-29b7-4333-a063-653892b26c37">
      <Output>
        <DebugTrace>Test level initalize method called
Test Two Called
Test level cleanup method called
</DebugTrace>
      </Output>
    </UnitTestResult>
    <UnitTestResult executionId="1d1c8f99-023c-4e11-b780-13d5d2173ac0" testId="cff93ae4-577e-c6b9-c704-6ac814d14a7a" testName="T1" computerName="HOME-PC" duration="00:00:00.0004604" startTime="2012-10-21T23:10:38.0605920+01:00" endTime="2012-10-21T23:10:38.0645923+01:00" testType="13cdc9d9-ddb5-4fa4-a97d-d965ccfc6d4b" outcome="Passed" testListId="8c84fa94-04c1-424b-9868-57a2d4851a1d" relativeResultsDirectory="1d1c8f99-023c-4e11-b780-13d5d2173ac0">
      <Output>
        <DebugTrace>This is the only test method in 'T1'
	Test directory is 'C:\CurrentBuilds\ScrumDeveloperKainosOctober2012\CourseProjects\VisualStudioProjects\IntroducingMSTest\TestResults\Garth_HOME-PC 2012-10-21 23_10_37'
	Test deployment directory is 'C:\CurrentBuilds\ScrumDeveloperKainosOctober2012\CourseProjects\VisualStudioProjects\IntroducingMSTest\TestResults\Garth_HOME-PC 2012-10-21 23_10_37\Out'
	Test log directory is 'C:\CurrentBuilds\ScrumDeveloperKainosOctober2012\CourseProjects\VisualStudioProjects\IntroducingMSTest\TestResults\Garth_HOME-PC 2012-10-21 23_10_37\In\HOME-PC'
</DebugTrace>
      </Output>
    </UnitTestResult>
  </Results>
</TestRun>