<?xml version="1.0" encoding="UTF-8"?>
<TestRun id="3d5c687d-0bdf-41a1-b34f-100769c4729a" name="Garth@HOME-PC 2012-10-21 23:08:26" runUser="Home-PC\Garth" xmlns="http://microsoft.com/schemas/VisualStudio/TeamTest/2010">
  <TestSettings name="Local" id="ed2b291a-a0a0-42bb-beaa-5dd90ff8b83e">
    <Description>These are default test settings for a local test run.</Description>
    <Deployment enabled="false" runDeploymentRoot="Garth_HOME-PC 2012-10-21 23_08_26" />
    <Execution>
      <TestTypeSpecific />
      <AgentRule name="Execution Agents">
      </AgentRule>
    </Execution>
  </TestSettings>
  <Times creation="2012-10-21T23:08:26.2280516+01:00" queuing="2012-10-21T23:08:26.8990900+01:00" start="2012-10-21T23:08:26.9520930+01:00" finish="2012-10-21T23:08:28.0711571+01:00" />
  <ResultSummary outcome="Completed">
    <Counters total="7" executed="7" passed="7" error="0" failed="0" timeout="0" aborted="0" inconclusive="0" passedButRunAborted="0" notRunnable="0" notExecuted="0" disconnected="0" warning="0" completed="0" inProgress="0" pending="0" />
    <Output>
      <DebugTrace>Assembly level initalize method called
Class level initalize method called
Class level cleanup method called
Assembly level cleanup method called
</DebugTrace>
    </Output>
  </ResultSummary>
  <TestDefinitions>
    <UnitTest name="MultiplicationWorks" storage="c:\currentbuilds\scrumdeveloperkainosoctober2012\courseprojects\visualstudioprojects\introducingmstest\introtomstest\bin\debug\introtomstest.dll" id="74bf918c-2abb-0190-c4fa-41fa45cc78a7">
      <Execution id="1ccf89b5-c169-4d09-bba5-32df1b98d52e" />
      <TestMethod codeBase="C:/CurrentBuilds/ScrumDeveloperKainosOctober2012/CourseProjects/VisualStudioProjects/IntroducingMSTest/IntroToMSTest/bin/Debug/IntroToMSTest.DLL" adapterTypeName="Microsoft.VisualStudio.TestTools.TestTypes.Unit.UnitTestAdapter, Microsoft.VisualStudio.QualityTools.Tips.UnitTest.Adapter, Version=10.0.0.0, Culture=neutral, PublicKeyToken=b03f5f7f11d50a3a" className="IntroToMSTest.BasicMathTest, IntroToMSTest, Version=1.0.0.0, Culture=neutral, PublicKeyToken=null" name="MultiplicationWorks" />
    </UnitTest>
    <UnitTest name="SubtractionWorks" storage="c:\currentbuilds\scrumdeveloperkainosoctober2012\courseprojects\visualstudioprojects\introducingmstest\introtomstest\bin\debug\introtomstest.dll" id="997995d1-55ea-a3aa-9a04-7ce9face92c4">
      <Execution id="eb220599-8c3a-4152-8b8a-3f44fee25d8a" />
      <TestMethod codeBase="C:/CurrentBuilds/ScrumDeveloperKainosOctober2012/CourseProjects/VisualStudioProjects/IntroducingMSTest/IntroToMSTest/bin/Debug/IntroToMSTest.DLL" adapterTypeName="Microsoft.VisualStudio.TestTools.TestTypes.Unit.UnitTestAdapter, Microsoft.VisualStudio.QualityTools.Tips.UnitTest.Adapter, Version=10.0.0.0, Culture=neutral, PublicKeyToken=b03f5f7f11d50a3a" className="IntroToMSTest.BasicMathTest, IntroToMSTest, Version=1.0.0.0, Culture=neutral, PublicKeyToken=null" name="SubtractionWorks" />
    </UnitTest>
    <UnitTest name="T1" storage="c:\currentbuilds\scrumdeveloperkainosoctober2012\courseprojects\visualstudioprojects\introducingmstest\introtomstest\bin\debug\introtomstest.dll" id="cff93ae4-577e-c6b9-c704-6ac814d14a7a">
      <Execution id="9836cdc6-ea23-420d-915e-2536e75c3233" />
      <TestMethod codeBase="C:/CurrentBuilds/ScrumDeveloperKainosOctober2012/CourseProjects/VisualStudioProjects/IntroducingMSTest/IntroToMSTest/bin/Debug/IntroToMSTest.DLL" adapterTypeName="Microsoft.VisualStudio.TestTools.TestTypes.Unit.UnitTestAdapter, Microsoft.VisualStudio.QualityTools.Tips.UnitTest.Adapter, Version=10.0.0.0, Culture=neutral, PublicKeyToken=b03f5f7f11d50a3a" className="IntroToMSTest.ContextDemoTest, IntroToMSTest, Version=1.0.0.0, Culture=neutral, PublicKeyToken=null" name="T1" />
    </UnitTest>
    <UnitTest name="AdditionWorks" storage="c:\currentbuilds\scrumdeveloperkainosoctober2012\courseprojects\visualstudioprojects\introducingmstest\introtomstest\bin\debug\introtomstest.dll" id="73f09976-87e7-54c9-e40f-f3832ccf1043">
      <Execution id="22528129-197c-415e-a472-d88d06a7fe49" />
      <TestMethod codeBase="C:/CurrentBuilds/ScrumDeveloperKainosOctober2012/CourseProjects/VisualStudioProjects/IntroducingMSTest/IntroToMSTest/bin/Debug/IntroToMSTest.DLL" adapterTypeName="Microsoft.VisualStudio.TestTools.TestTypes.Unit.UnitTestAdapter, Microsoft.VisualStudio.QualityTools.Tips.UnitTest.Adapter, Version=10.0.0.0, Culture=neutral, PublicKeyToken=b03f5f7f11d50a3a" className="IntroToMSTest.BasicMathTest, IntroToMSTest, Version=1.0.0.0, Culture=neutral, PublicKeyToken=null" name="AdditionWorks" />
    </UnitTest>
    <UnitTest name="T1" storage="c:\currentbuilds\scrumdeveloperkainosoctober2012\courseprojects\visualstudioprojects\introducingmstest\introtomstest\bin\debug\introtomstest.dll" id="197e193c-8bc3-904a-e054-81f586253185">
      <Execution id="9997593c-cb3e-4fd9-8956-8188de85f56f" />
      <TestMethod codeBase="C:/CurrentBuilds/ScrumDeveloperKainosOctober2012/CourseProjects/VisualStudioProjects/IntroducingMSTest/IntroToMSTest/bin/Debug/IntroToMSTest.DLL" adapterTypeName="Microsoft.VisualStudio.TestTools.TestTypes.Unit.UnitTestAdapter, Microsoft.VisualStudio.QualityTools.Tips.UnitTest.Adapter, Version=10.0.0.0, Culture=neutral, PublicKeyToken=b03f5f7f11d50a3a" className="IntroToMSTest.SkeletonTest, IntroToMSTest, Version=1.0.0.0, Culture=neutral, PublicKeyToken=null" name="T1" />
    </UnitTest>
    <UnitTest name="T3" storage="c:\currentbuilds\scrumdeveloperkainosoctober2012\courseprojects\visualstudioprojects\introducingmstest\introtomstest\bin\debug\introtomstest.dll" id="bd091580-2f39-8950-7bb8-9cb822e8d9b1">
      <Execution id="f2a61448-540f-40e9-910e-9110662eee3f" />
      <TestMethod codeBase="C:/CurrentBuilds/ScrumDeveloperKainosOctober2012/CourseProjects/VisualStudioProjects/IntroducingMSTest/IntroToMSTest/bin/Debug/IntroToMSTest.DLL" adapterTypeName="Microsoft.VisualStudio.TestTools.TestTypes.Unit.UnitTestAdapter, Microsoft.VisualStudio.QualityTools.Tips.UnitTest.Adapter, Version=10.0.0.0, Culture=neutral, PublicKeyToken=b03f5f7f11d50a3a" className="IntroToMSTest.SkeletonTest, IntroToMSTest, Version=1.0.0.0, Culture=neutral, PublicKeyToken=null" name="T3" />
    </UnitTest>
    <UnitTest name="T2" storage="c:\currentbuilds\scrumdeveloperkainosoctober2012\courseprojects\visualstudioprojects\introducingmstest\introtomstest\bin\debug\introtomstest.dll" id="bd793b99-7be3-8cd7-a04a-dcecc4ff1cd6">
      <Execution id="def59f63-f210-4970-8aac-679092148a2c" />
      <TestMethod codeBase="C:/CurrentBuilds/ScrumDeveloperKainosOctober2012/CourseProjects/VisualStudioProjects/IntroducingMSTest/IntroToMSTest/bin/Debug/IntroToMSTest.DLL" adapterTypeName="Microsoft.VisualStudio.TestTools.TestTypes.Unit.UnitTestAdapter, Microsoft.VisualStudio.QualityTools.Tips.UnitTest.Adapter, Version=10.0.0.0, Culture=neutral, PublicKeyToken=b03f5f7f11d50a3a" className="IntroToMSTest.SkeletonTest, IntroToMSTest, Version=1.0.0.0, Culture=neutral, PublicKeyToken=null" name="T2" />
    </UnitTest>
  </TestDefinitions>
  <TestLists>
    <TestList name="Results Not in a List" id="8c84fa94-04c1-424b-9868-57a2d4851a1d" />
    <TestList name="All Loaded Results" id="19431567-8539-422a-85d7-44ee4e166bda" />
  </TestLists>
  <TestEntries>
    <TestEntry testId="197e193c-8bc3-904a-e054-81f586253185" executionId="9997593c-cb3e-4fd9-8956-8188de85f56f" testListId="8c84fa94-04c1-424b-9868-57a2d4851a1d" />
    <TestEntry testId="73f09976-87e7-54c9-e40f-f3832ccf1043" executionId="22528129-197c-415e-a472-d88d06a7fe49" testListId="8c84fa94-04c1-424b-9868-57a2d4851a1d" />
    <TestEntry testId="74bf918c-2abb-0190-c4fa-41fa45cc78a7" executionId="1ccf89b5-c169-4d09-bba5-32df1b98d52e" testListId="8c84fa94-04c1-424b-9868-57a2d4851a1d" />
    <TestEntry testId="997995d1-55ea-a3aa-9a04-7ce9face92c4" executionId="eb220599-8c3a-4152-8b8a-3f44fee25d8a" testListId="8c84fa94-04c1-424b-9868-57a2d4851a1d" />
    <TestEntry testId="bd091580-2f39-8950-7bb8-9cb822e8d9b1" executionId="f2a61448-540f-40e9-910e-9110662eee3f" testListId="8c84fa94-04c1-424b-9868-57a2d4851a1d" />
    <TestEntry testId="bd793b99-7be3-8cd7-a04a-dcecc4ff1cd6" executionId="def59f63-f210-4970-8aac-679092148a2c" testListId="8c84fa94-04c1-424b-9868-57a2d4851a1d" />
    <TestEntry testId="cff93ae4-577e-c6b9-c704-6ac814d14a7a" executionId="9836cdc6-ea23-420d-915e-2536e75c3233" testListId="8c84fa94-04c1-424b-9868-57a2d4851a1d" />
  </TestEntries>
  <Results>
    <UnitTestResult executionId="9997593c-cb3e-4fd9-8956-8188de85f56f" testId="197e193c-8bc3-904a-e054-81f586253185" testName="T1" computerName="HOME-PC" duration="00:00:00.0127259" startTime="2012-10-21T23:08:26.9820948+01:00" endTime="2012-10-21T23:08:27.7681397+01:00" testType="13cdc9d9-ddb5-4fa4-a97d-d965ccfc6d4b" outcome="Passed" testListId="8c84fa94-04c1-424b-9868-57a2d4851a1d" relativeResultsDirectory="9997593c-cb3e-4fd9-8956-8188de85f56f">
      <Output>
        <DebugTrace>Test level initalize method called
Test One Called
Test level cleanup method called
</DebugTrace>
      </Output>
    </UnitTestResult>
    <UnitTestResult executionId="22528129-197c-415e-a472-d88d06a7fe49" testId="73f09976-87e7-54c9-e40f-f3832ccf1043" testName="AdditionWorks" computerName="HOME-PC" duration="00:00:00.0011375" startTime="2012-10-21T23:08:27.7751401+01:00" endTime="2012-10-21T23:08:27.7841406+01:00" testType="13cdc9d9-ddb5-4fa4-a97d-d965ccfc6d4b" outcome="Passed" testListId="8c84fa94-04c1-424b-9868-57a2d4851a1d" relativeResultsDirectory="22528129-197c-415e-a472-d88d06a7fe49">
    </UnitTestResult>
    <UnitTestResult executionId="1ccf89b5-c169-4d09-bba5-32df1b98d52e" testId="74bf918c-2abb-0190-c4fa-41fa45cc78a7" testName="MultiplicationWorks" computerName="HOME-PC" duration="00:00:00.0002357" startTime="2012-10-21T23:08:27.7911410+01:00" endTime="2012-10-21T23:08:27.7991415+01:00" testType="13cdc9d9-ddb5-4fa4-a97d-d965ccfc6d4b" outcome="Passed" testListId="8c84fa94-04c1-424b-9868-57a2d4851a1d" relativeResultsDirectory="1ccf89b5-c169-4d09-bba5-32df1b98d52e">
    </UnitTestResult>
    <UnitTestResult executionId="eb220599-8c3a-4152-8b8a-3f44fee25d8a" testId="997995d1-55ea-a3aa-9a04-7ce9face92c4" testName="SubtractionWorks" computerName="HOME-PC" duration="00:00:00.0002386" startTime="2012-10-21T23:08:27.8031417+01:00" endTime="2012-10-21T23:08:27.8111422+01:00" testType="13cdc9d9-ddb5-4fa4-a97d-d965ccfc6d4b" outcome="Passed" testListId="8c84fa94-04c1-424b-9868-57a2d4851a1d" relativeResultsDirectory="eb220599-8c3a-4152-8b8a-3f44fee25d8a">
    </UnitTestResult>
    <UnitTestResult executionId="f2a61448-540f-40e9-910e-9110662eee3f" testId="bd091580-2f39-8950-7bb8-9cb822e8d9b1" testName="T3" computerName="HOME-PC" duration="00:00:00.0025445" startTime="2012-10-21T23:08:27.9921525+01:00" endTime="2012-10-21T23:08:28.0021531+01:00" testType="13cdc9d9-ddb5-4fa4-a97d-d965ccfc6d4b" outcome="Passed" testListId="8c84fa94-04c1-424b-9868-57a2d4851a1d" relativeResultsDirectory="f2a61448-540f-40e9-910e-9110662eee3f">
      <Output>
        <DebugTrace>Test level initalize method called
Test Three Called
Test level cleanup method called
</DebugTrace>
      </Output>
    </UnitTestResult>
    <UnitTestResult executionId="def59f63-f210-4970-8aac-679092148a2c" testId="bd793b99-7be3-8cd7-a04a-dcecc4ff1cd6" testName="T2" computerName="HOME-PC" duration="00:00:00.0027751" startTime="2012-10-21T23:08:28.0061533+01:00" endTime="2012-10-21T23:08:28.0151539+01:00" testType="13cdc9d9-ddb5-4fa4-a97d-d965ccfc6d4b" outcome="Passed" testListId="8c84fa94-04c1-424b-9868-57a2d4851a1d" relativeResultsDirectory="def59f63-f210-4970-8aac-679092148a2c">
      <Output>
        <DebugTrace>Test level initalize method called
Test Two Called
Test level cleanup method called
</DebugTrace>
      </Output>
    </UnitTestResult>
    <UnitTestResult executionId="9836cdc6-ea23-420d-915e-2536e75c3233" testId="cff93ae4-577e-c6b9-c704-6ac814d14a7a" testName="T1" computerName="HOME-PC" duration="00:00:00.0035736" startTime="2012-10-21T23:08:28.0191541+01:00" endTime="2012-10-21T23:08:28.0291547+01:00" testType="13cdc9d9-ddb5-4fa4-a97d-d965ccfc6d4b" outcome="Passed" testListId="8c84fa94-04c1-424b-9868-57a2d4851a1d" relativeResultsDirectory="9836cdc6-ea23-420d-915e-2536e75c3233">
      <Output>
        <DebugTrace>This is the only test method in 'T1'
	Test directory is 'C:\CurrentBuilds\ScrumDeveloperKainosOctober2012\CourseProjects\VisualStudioProjects\IntroducingMSTest\TestResults\Garth_HOME-PC 2012-10-21 23_08_26'
	Test deployment directory is 'C:\CurrentBuilds\ScrumDeveloperKainosOctober2012\CourseProjects\VisualStudioProjects\IntroducingMSTest\TestResults\Garth_HOME-PC 2012-10-21 23_08_26\Out'
	Test log directory is 'C:\CurrentBuilds\ScrumDeveloperKainosOctober2012\CourseProjects\VisualStudioProjects\IntroducingMSTest\TestResults\Garth_HOME-PC 2012-10-21 23_08_26\In\HOME-PC'
</DebugTrace>
      </Output>
    </UnitTestResult>
  </Results>
</TestRun>