<?xml version="1.0" encoding="UTF-8"?>
<TestRun id="3d673434-fb30-4ac3-b87c-03f1b55a1ca6" name="Garth@HOME-PC 2012-10-21 22:33:09" runUser="Home-PC\Garth" xmlns="http://microsoft.com/schemas/VisualStudio/TeamTest/2010">
  <TestSettings name="Local" id="ed2b291a-a0a0-42bb-beaa-5dd90ff8b83e">
    <Description>These are default test settings for a local test run.</Description>
    <Deployment enabled="false" runDeploymentRoot="Garth_HOME-PC 2012-10-21 22_33_09" />
    <Execution>
      <TestTypeSpecific />
      <AgentRule name="Execution Agents">
      </AgentRule>
    </Execution>
  </TestSettings>
  <Times creation="2012-10-21T22:33:09.4419784+01:00" queuing="2012-10-21T22:33:10.1300178+01:00" start="2012-10-21T22:33:10.1810207+01:00" finish="2012-10-21T22:33:11.1860782+01:00" />
  <ResultSummary outcome="Completed">
    <Counters total="3" executed="3" passed="3" error="0" failed="0" timeout="0" aborted="0" inconclusive="0" passedButRunAborted="0" notRunnable="0" notExecuted="0" disconnected="0" warning="0" completed="0" inProgress="0" pending="0" />
    <Output>
      <DebugTrace>Assemblt level initalize method called
Class level initalize method called
Class level cleanup method called
Assemblt level cleanup method called
</DebugTrace>
    </Output>
  </ResultSummary>
  <TestDefinitions>
    <UnitTest name="T1" storage="c:\currentbuilds\scrumdeveloperkainosoctober2012\courseprojects\visualstudioprojects\introducingmstest\introtomstest\bin\debug\introtomstest.dll" id="197e193c-8bc3-904a-e054-81f586253185">
      <Execution id="26e166e1-1e0c-4331-b365-5c05d4445c2a" />
      <TestMethod codeBase="C:/CurrentBuilds/ScrumDeveloperKainosOctober2012/CourseProjects/VisualStudioProjects/IntroducingMSTest/IntroToMSTest/bin/Debug/IntroToMSTest.DLL" adapterTypeName="Microsoft.VisualStudio.TestTools.TestTypes.Unit.UnitTestAdapter, Microsoft.VisualStudio.QualityTools.Tips.UnitTest.Adapter, Version=10.0.0.0, Culture=neutral, PublicKeyToken=b03f5f7f11d50a3a" className="IntroToMSTest.SkeletonTest, IntroToMSTest, Version=1.0.0.0, Culture=neutral, PublicKeyToken=null" name="T1" />
    </UnitTest>
    <UnitTest name="T3" storage="c:\currentbuilds\scrumdeveloperkainosoctober2012\courseprojects\visualstudioprojects\introducingmstest\introtomstest\bin\debug\introtomstest.dll" id="bd091580-2f39-8950-7bb8-9cb822e8d9b1">
      <Execution id="5b1cd59f-991d-4330-8575-1b34c07b380b" />
      <TestMethod codeBase="C:/CurrentBuilds/ScrumDeveloperKainosOctober2012/CourseProjects/VisualStudioProjects/IntroducingMSTest/IntroToMSTest/bin/Debug/IntroToMSTest.DLL" adapterTypeName="Microsoft.VisualStudio.TestTools.TestTypes.Unit.UnitTestAdapter, Microsoft.VisualStudio.QualityTools.Tips.UnitTest.Adapter, Version=10.0.0.0, Culture=neutral, PublicKeyToken=b03f5f7f11d50a3a" className="IntroToMSTest.SkeletonTest, IntroToMSTest, Version=1.0.0.0, Culture=neutral, PublicKeyToken=null" name="T3" />
    </UnitTest>
    <UnitTest name="T2" storage="c:\currentbuilds\scrumdeveloperkainosoctober2012\courseprojects\visualstudioprojects\introducingmstest\introtomstest\bin\debug\introtomstest.dll" id="bd793b99-7be3-8cd7-a04a-dcecc4ff1cd6">
      <Execution id="5d250511-14cc-4a4a-a2a2-e26adb6abded" />
      <TestMethod codeBase="C:/CurrentBuilds/ScrumDeveloperKainosOctober2012/CourseProjects/VisualStudioProjects/IntroducingMSTest/IntroToMSTest/bin/Debug/IntroToMSTest.DLL" adapterTypeName="Microsoft.VisualStudio.TestTools.TestTypes.Unit.UnitTestAdapter, Microsoft.VisualStudio.QualityTools.Tips.UnitTest.Adapter, Version=10.0.0.0, Culture=neutral, PublicKeyToken=b03f5f7f11d50a3a" className="IntroToMSTest.SkeletonTest, IntroToMSTest, Version=1.0.0.0, Culture=neutral, PublicKeyToken=null" name="T2" />
    </UnitTest>
  </TestDefinitions>
  <TestLists>
    <TestList name="Results Not in a List" id="8c84fa94-04c1-424b-9868-57a2d4851a1d" />
    <TestList name="All Loaded Results" id="19431567-8539-422a-85d7-44ee4e166bda" />
  </TestLists>
  <TestEntries>
    <TestEntry testId="197e193c-8bc3-904a-e054-81f586253185" executionId="26e166e1-1e0c-4331-b365-5c05d4445c2a" testListId="8c84fa94-04c1-424b-9868-57a2d4851a1d" />
    <TestEntry testId="bd091580-2f39-8950-7bb8-9cb822e8d9b1" executionId="5b1cd59f-991d-4330-8575-1b34c07b380b" testListId="8c84fa94-04c1-424b-9868-57a2d4851a1d" />
    <TestEntry testId="bd793b99-7be3-8cd7-a04a-dcecc4ff1cd6" executionId="5d250511-14cc-4a4a-a2a2-e26adb6abded" testListId="8c84fa94-04c1-424b-9868-57a2d4851a1d" />
  </TestEntries>
  <Results>
    <UnitTestResult executionId="26e166e1-1e0c-4331-b365-5c05d4445c2a" testId="197e193c-8bc3-904a-e054-81f586253185" testName="T1" computerName="HOME-PC" duration="00:00:00.0135976" startTime="2012-10-21T22:33:10.2110224+01:00" endTime="2012-10-21T22:33:11.0820722+01:00" testType="13cdc9d9-ddb5-4fa4-a97d-d965ccfc6d4b" outcome="Passed" testListId="8c84fa94-04c1-424b-9868-57a2d4851a1d" relativeResultsDirectory="26e166e1-1e0c-4331-b365-5c05d4445c2a">
      <Output>
        <DebugTrace>Test level initalize method called
Test One Called
Test level cleanup method called
</DebugTrace>
      </Output>
    </UnitTestResult>
    <UnitTestResult executionId="5b1cd59f-991d-4330-8575-1b34c07b380b" testId="bd091580-2f39-8950-7bb8-9cb822e8d9b1" testName="T3" computerName="HOME-PC" duration="00:00:00.0029867" startTime="2012-10-21T22:33:11.0870725+01:00" endTime="2012-10-21T22:33:11.0980731+01:00" testType="13cdc9d9-ddb5-4fa4-a97d-d965ccfc6d4b" outcome="Passed" testListId="8c84fa94-04c1-424b-9868-57a2d4851a1d" relativeResultsDirectory="5b1cd59f-991d-4330-8575-1b34c07b380b">
      <Output>
        <DebugTrace>Test level initalize method called
Test Three Called
Test level cleanup method called
</DebugTrace>
      </Output>
    </UnitTestResult>
    <UnitTestResult executionId="5d250511-14cc-4a4a-a2a2-e26adb6abded" testId="bd793b99-7be3-8cd7-a04a-dcecc4ff1cd6" testName="T2" computerName="HOME-PC" duration="00:00:00.0030725" startTime="2012-10-21T22:33:11.1080737+01:00" endTime="2012-10-21T22:33:11.1180743+01:00" testType="13cdc9d9-ddb5-4fa4-a97d-d965ccfc6d4b" outcome="Passed" testListId="8c84fa94-04c1-424b-9868-57a2d4851a1d" relativeResultsDirectory="5d250511-14cc-4a4a-a2a2-e26adb6abded">
      <Output>
        <DebugTrace>Test level initalize method called
Test Two Called
Test level cleanup method called
</DebugTrace>
      </Output>
    </UnitTestResult>
  </Results>
</TestRun>