<?xml version="1.0" encoding="UTF-8"?>
<TestRun id="fa012cac-fba8-4c03-856f-563ab4606a2d" name="Garth@HOME-PC 2012-10-21 23:04:45" runUser="Home-PC\Garth" xmlns="http://microsoft.com/schemas/VisualStudio/TeamTest/2010">
  <TestSettings name="Local" id="ed2b291a-a0a0-42bb-beaa-5dd90ff8b83e">
    <Description>These are default test settings for a local test run.</Description>
    <Deployment enabled="false" runDeploymentRoot="Garth_HOME-PC 2012-10-21 23_04_45" />
    <Execution>
      <TestTypeSpecific />
      <AgentRule name="Execution Agents">
      </AgentRule>
    </Execution>
  </TestSettings>
  <Times creation="2012-10-21T23:04:45.6414348+01:00" queuing="2012-10-21T23:04:45.8744481+01:00" start="2012-10-21T23:04:45.9194507+01:00" finish="2012-10-21T23:04:46.1764654+01:00" />
  <ResultSummary outcome="Completed">
    <Counters total="3" executed="3" passed="3" error="0" failed="0" timeout="0" aborted="0" inconclusive="0" passedButRunAborted="0" notRunnable="0" notExecuted="0" disconnected="0" warning="0" completed="0" inProgress="0" pending="0" />
    <Output>
      <DebugTrace>Assembly level initalize method called
Assembly level cleanup method called
</DebugTrace>
    </Output>
  </ResultSummary>
  <TestDefinitions>
    <UnitTest name="AdditionWorks" storage="c:\currentbuilds\scrumdeveloperkainosoctober2012\courseprojects\visualstudioprojects\introducingmstest\introtomstest\bin\debug\introtomstest.dll" id="73f09976-87e7-54c9-e40f-f3832ccf1043">
      <Execution id="d57696ca-1910-4980-b325-8a7161839170" />
      <TestMethod codeBase="C:/CurrentBuilds/ScrumDeveloperKainosOctober2012/CourseProjects/VisualStudioProjects/IntroducingMSTest/IntroToMSTest/bin/Debug/IntroToMSTest.DLL" adapterTypeName="Microsoft.VisualStudio.TestTools.TestTypes.Unit.UnitTestAdapter, Microsoft.VisualStudio.QualityTools.Tips.UnitTest.Adapter, Version=10.0.0.0, Culture=neutral, PublicKeyToken=b03f5f7f11d50a3a" className="IntroToMSTest.BasicMathTest, IntroToMSTest, Version=1.0.0.0, Culture=neutral, PublicKeyToken=null" name="AdditionWorks" />
    </UnitTest>
    <UnitTest name="MultiplicationWorks" storage="c:\currentbuilds\scrumdeveloperkainosoctober2012\courseprojects\visualstudioprojects\introducingmstest\introtomstest\bin\debug\introtomstest.dll" id="74bf918c-2abb-0190-c4fa-41fa45cc78a7">
      <Execution id="e0b98625-e44b-4508-a617-f4d30efaa2af" />
      <TestMethod codeBase="C:/CurrentBuilds/ScrumDeveloperKainosOctober2012/CourseProjects/VisualStudioProjects/IntroducingMSTest/IntroToMSTest/bin/Debug/IntroToMSTest.DLL" adapterTypeName="Microsoft.VisualStudio.TestTools.TestTypes.Unit.UnitTestAdapter, Microsoft.VisualStudio.QualityTools.Tips.UnitTest.Adapter, Version=10.0.0.0, Culture=neutral, PublicKeyToken=b03f5f7f11d50a3a" className="IntroToMSTest.BasicMathTest, IntroToMSTest, Version=1.0.0.0, Culture=neutral, PublicKeyToken=null" name="MultiplicationWorks" />
    </UnitTest>
    <UnitTest name="SubtractionWorks" storage="c:\currentbuilds\scrumdeveloperkainosoctober2012\courseprojects\visualstudioprojects\introducingmstest\introtomstest\bin\debug\introtomstest.dll" id="997995d1-55ea-a3aa-9a04-7ce9face92c4">
      <Execution id="18016113-dfa8-44be-b403-5f116a7fb16d" />
      <TestMethod codeBase="C:/CurrentBuilds/ScrumDeveloperKainosOctober2012/CourseProjects/VisualStudioProjects/IntroducingMSTest/IntroToMSTest/bin/Debug/IntroToMSTest.DLL" adapterTypeName="Microsoft.VisualStudio.TestTools.TestTypes.Unit.UnitTestAdapter, Microsoft.VisualStudio.QualityTools.Tips.UnitTest.Adapter, Version=10.0.0.0, Culture=neutral, PublicKeyToken=b03f5f7f11d50a3a" className="IntroToMSTest.BasicMathTest, IntroToMSTest, Version=1.0.0.0, Culture=neutral, PublicKeyToken=null" name="SubtractionWorks" />
    </UnitTest>
  </TestDefinitions>
  <TestLists>
    <TestList name="Results Not in a List" id="8c84fa94-04c1-424b-9868-57a2d4851a1d" />
    <TestList name="All Loaded Results" id="19431567-8539-422a-85d7-44ee4e166bda" />
  </TestLists>
  <TestEntries>
    <TestEntry testId="73f09976-87e7-54c9-e40f-f3832ccf1043" executionId="d57696ca-1910-4980-b325-8a7161839170" testListId="8c84fa94-04c1-424b-9868-57a2d4851a1d" />
    <TestEntry testId="74bf918c-2abb-0190-c4fa-41fa45cc78a7" executionId="e0b98625-e44b-4508-a617-f4d30efaa2af" testListId="8c84fa94-04c1-424b-9868-57a2d4851a1d" />
    <TestEntry testId="997995d1-55ea-a3aa-9a04-7ce9face92c4" executionId="18016113-dfa8-44be-b403-5f116a7fb16d" testListId="8c84fa94-04c1-424b-9868-57a2d4851a1d" />
  </TestEntries>
  <Results>
    <UnitTestResult executionId="d57696ca-1910-4980-b325-8a7161839170" testId="73f09976-87e7-54c9-e40f-f3832ccf1043" testName="AdditionWorks" computerName="HOME-PC" duration="00:00:00.0093483" startTime="2012-10-21T23:04:45.9264511+01:00" endTime="2012-10-21T23:04:46.1514640+01:00" testType="13cdc9d9-ddb5-4fa4-a97d-d965ccfc6d4b" outcome="Passed" testListId="8c84fa94-04c1-424b-9868-57a2d4851a1d" relativeResultsDirectory="d57696ca-1910-4980-b325-8a7161839170">
    </UnitTestResult>
    <UnitTestResult executionId="e0b98625-e44b-4508-a617-f4d30efaa2af" testId="74bf918c-2abb-0190-c4fa-41fa45cc78a7" testName="MultiplicationWorks" computerName="HOME-PC" duration="00:00:00.0001660" startTime="2012-10-21T23:04:46.1514640+01:00" endTime="2012-10-21T23:04:46.1554642+01:00" testType="13cdc9d9-ddb5-4fa4-a97d-d965ccfc6d4b" outcome="Passed" testListId="8c84fa94-04c1-424b-9868-57a2d4851a1d" relativeResultsDirectory="e0b98625-e44b-4508-a617-f4d30efaa2af">
    </UnitTestResult>
    <UnitTestResult executionId="18016113-dfa8-44be-b403-5f116a7fb16d" testId="997995d1-55ea-a3aa-9a04-7ce9face92c4" testName="SubtractionWorks" computerName="HOME-PC" duration="00:00:00.0001862" startTime="2012-10-21T23:04:46.1564643+01:00" endTime="2012-10-21T23:04:46.1594644+01:00" testType="13cdc9d9-ddb5-4fa4-a97d-d965ccfc6d4b" outcome="Passed" testListId="8c84fa94-04c1-424b-9868-57a2d4851a1d" relativeResultsDirectory="18016113-dfa8-44be-b403-5f116a7fb16d">
    </UnitTestResult>
  </Results>
</TestRun>