<?xml version="1.0" encoding="UTF-8"?>
<TestRun id="6d076558-8b0e-48a9-a58f-4d2bbe7ca6ce" name="Garth@HOME-PC 2012-10-21 22:48:41" runUser="Home-PC\Garth" xmlns="http://microsoft.com/schemas/VisualStudio/TeamTest/2010">
  <TestSettings name="Local" id="ed2b291a-a0a0-42bb-beaa-5dd90ff8b83e">
    <Description>These are default test settings for a local test run.</Description>
    <Deployment enabled="false" runDeploymentRoot="Garth_HOME-PC 2012-10-21 22_48_41" />
    <Execution>
      <TestTypeSpecific />
      <AgentRule name="Execution Agents">
      </AgentRule>
    </Execution>
  </TestSettings>
  <Times creation="2012-10-21T22:48:41.0142613+01:00" queuing="2012-10-21T22:48:41.1972718+01:00" start="2012-10-21T22:48:41.2232732+01:00" finish="2012-10-21T22:48:41.4802879+01:00" />
  <ResultSummary outcome="Failed">
    <Counters total="1" executed="1" error="0" failed="1" timeout="0" aborted="0" inconclusive="0" passedButRunAborted="0" notRunnable="0" notExecuted="0" disconnected="0" warning="0" passed="0" completed="0" inProgress="0" pending="0" />
    <Output>
      <DebugTrace>Assembly level initalize method called
Assembly level cleanup method called
</DebugTrace>
    </Output>
  </ResultSummary>
  <TestDefinitions>
    <UnitTest name="SubtractionWorks" storage="c:\currentbuilds\scrumdeveloperkainosoctober2012\courseprojects\visualstudioprojects\introducingmstest\introtomstest\bin\debug\introtomstest.dll" id="997995d1-55ea-a3aa-9a04-7ce9face92c4">
      <Execution id="a98811cb-db95-48bf-9203-c44fb30bcab3" />
      <TestMethod codeBase="C:/CurrentBuilds/ScrumDeveloperKainosOctober2012/CourseProjects/VisualStudioProjects/IntroducingMSTest/IntroToMSTest/bin/Debug/IntroToMSTest.DLL" adapterTypeName="Microsoft.VisualStudio.TestTools.TestTypes.Unit.UnitTestAdapter, Microsoft.VisualStudio.QualityTools.Tips.UnitTest.Adapter, Version=10.0.0.0, Culture=neutral, PublicKeyToken=b03f5f7f11d50a3a" className="IntroToMSTest.BasicMathTest, IntroToMSTest, Version=1.0.0.0, Culture=neutral, PublicKeyToken=null" name="SubtractionWorks" />
    </UnitTest>
  </TestDefinitions>
  <TestLists>
    <TestList name="Results Not in a List" id="8c84fa94-04c1-424b-9868-57a2d4851a1d" />
    <TestList name="All Loaded Results" id="19431567-8539-422a-85d7-44ee4e166bda" />
  </TestLists>
  <TestEntries>
    <TestEntry testId="997995d1-55ea-a3aa-9a04-7ce9face92c4" executionId="a98811cb-db95-48bf-9203-c44fb30bcab3" testListId="8c84fa94-04c1-424b-9868-57a2d4851a1d" />
  </TestEntries>
  <Results>
    <UnitTestResult executionId="a98811cb-db95-48bf-9203-c44fb30bcab3" testId="997995d1-55ea-a3aa-9a04-7ce9face92c4" testName="SubtractionWorks" computerName="HOME-PC" duration="00:00:00.0243420" startTime="2012-10-21T22:48:41.2312737+01:00" endTime="2012-10-21T22:48:41.4642870+01:00" testType="13cdc9d9-ddb5-4fa4-a97d-d965ccfc6d4b" outcome="Failed" testListId="8c84fa94-04c1-424b-9868-57a2d4851a1d" relativeResultsDirectory="a98811cb-db95-48bf-9203-c44fb30bcab3">
      <Output>
        <ErrorInfo>
          <Message>Test method IntroToMSTest.BasicMathTest.SubtractionWorks threw exception: 
System.NullReferenceException: Object reference not set to an instance of an object.</Message>
          <StackTrace>    at IntroToMSTest.BasicMathTest.SubtractionWorks() in C:\CurrentBuilds\ScrumDeveloperKainosOctober2012\CourseProjects\VisualStudioProjects\IntroducingMSTest\IntroToMSTest\BasicMathTest.cs:line 19
</StackTrace>
        </ErrorInfo>
      </Output>
    </UnitTestResult>
  </Results>
</TestRun>