<?xml version="1.0" encoding="UTF-8"?>
<TestRun id="01b6fda5-f939-42a4-9c0d-7ede2c0c92fa" name="Garth@HOME-PC 2012-10-21 22:40:37" runUser="Home-PC\Garth" xmlns="http://microsoft.com/schemas/VisualStudio/TeamTest/2010">
  <TestSettings name="Local" id="ed2b291a-a0a0-42bb-beaa-5dd90ff8b83e">
    <Description>These are default test settings for a local test run.</Description>
    <Deployment enabled="false" runDeploymentRoot="Garth_HOME-PC 2012-10-21 22_40_37" />
    <Execution>
      <TestTypeSpecific />
      <AgentRule name="Execution Agents">
      </AgentRule>
    </Execution>
  </TestSettings>
  <Times creation="2012-10-21T22:40:37.3255959+01:00" queuing="2012-10-21T22:40:37.9986344+01:00" start="2012-10-21T22:40:38.0496373+01:00" finish="2012-10-21T22:40:38.9986916+01:00" />
  <ResultSummary outcome="Completed">
    <Counters total="4" executed="4" passed="4" error="0" failed="0" timeout="0" aborted="0" inconclusive="0" passedButRunAborted="0" notRunnable="0" notExecuted="0" disconnected="0" warning="0" completed="0" inProgress="0" pending="0" />
    <Output>
      <DebugTrace>Assembly level initalize method called
Class level initalize method called
Class level cleanup method called
Assembly level cleanup method called
</DebugTrace>
    </Output>
  </ResultSummary>
  <TestDefinitions>
    <UnitTest name="T1" storage="c:\currentbuilds\scrumdeveloperkainosoctober2012\courseprojects\visualstudioprojects\introducingmstest\introtomstest\bin\debug\introtomstest.dll" id="197e193c-8bc3-904a-e054-81f586253185">
      <Execution id="e271a483-6940-46d4-8bea-8de040922611" />
      <TestMethod codeBase="C:/CurrentBuilds/ScrumDeveloperKainosOctober2012/CourseProjects/VisualStudioProjects/IntroducingMSTest/IntroToMSTest/bin/Debug/IntroToMSTest.DLL" adapterTypeName="Microsoft.VisualStudio.TestTools.TestTypes.Unit.UnitTestAdapter, Microsoft.VisualStudio.QualityTools.Tips.UnitTest.Adapter, Version=10.0.0.0, Culture=neutral, PublicKeyToken=b03f5f7f11d50a3a" className="IntroToMSTest.SkeletonTest, IntroToMSTest, Version=1.0.0.0, Culture=neutral, PublicKeyToken=null" name="T1" />
    </UnitTest>
    <UnitTest name="T1" storage="c:\currentbuilds\scrumdeveloperkainosoctober2012\courseprojects\visualstudioprojects\introducingmstest\introtomstest\bin\debug\introtomstest.dll" id="cff93ae4-577e-c6b9-c704-6ac814d14a7a">
      <Execution id="9df2cb4f-eb86-4948-90db-c6c0505560a8" />
      <TestMethod codeBase="C:/CurrentBuilds/ScrumDeveloperKainosOctober2012/CourseProjects/VisualStudioProjects/IntroducingMSTest/IntroToMSTest/bin/Debug/IntroToMSTest.DLL" adapterTypeName="Microsoft.VisualStudio.TestTools.TestTypes.Unit.UnitTestAdapter, Microsoft.VisualStudio.QualityTools.Tips.UnitTest.Adapter, Version=10.0.0.0, Culture=neutral, PublicKeyToken=b03f5f7f11d50a3a" className="IntroToMSTest.ContextDemoTest, IntroToMSTest, Version=1.0.0.0, Culture=neutral, PublicKeyToken=null" name="T1" />
    </UnitTest>
    <UnitTest name="T3" storage="c:\currentbuilds\scrumdeveloperkainosoctober2012\courseprojects\visualstudioprojects\introducingmstest\introtomstest\bin\debug\introtomstest.dll" id="bd091580-2f39-8950-7bb8-9cb822e8d9b1">
      <Execution id="67b56497-1ebf-4027-90ca-8a829b84a721" />
      <TestMethod codeBase="C:/CurrentBuilds/ScrumDeveloperKainosOctober2012/CourseProjects/VisualStudioProjects/IntroducingMSTest/IntroToMSTest/bin/Debug/IntroToMSTest.DLL" adapterTypeName="Microsoft.VisualStudio.TestTools.TestTypes.Unit.UnitTestAdapter, Microsoft.VisualStudio.QualityTools.Tips.UnitTest.Adapter, Version=10.0.0.0, Culture=neutral, PublicKeyToken=b03f5f7f11d50a3a" className="IntroToMSTest.SkeletonTest, IntroToMSTest, Version=1.0.0.0, Culture=neutral, PublicKeyToken=null" name="T3" />
    </UnitTest>
    <UnitTest name="T2" storage="c:\currentbuilds\scrumdeveloperkainosoctober2012\courseprojects\visualstudioprojects\introducingmstest\introtomstest\bin\debug\introtomstest.dll" id="bd793b99-7be3-8cd7-a04a-dcecc4ff1cd6">
      <Execution id="692a66db-8192-4401-a578-81ac657bf407" />
      <TestMethod codeBase="C:/CurrentBuilds/ScrumDeveloperKainosOctober2012/CourseProjects/VisualStudioProjects/IntroducingMSTest/IntroToMSTest/bin/Debug/IntroToMSTest.DLL" adapterTypeName="Microsoft.VisualStudio.TestTools.TestTypes.Unit.UnitTestAdapter, Microsoft.VisualStudio.QualityTools.Tips.UnitTest.Adapter, Version=10.0.0.0, Culture=neutral, PublicKeyToken=b03f5f7f11d50a3a" className="IntroToMSTest.SkeletonTest, IntroToMSTest, Version=1.0.0.0, Culture=neutral, PublicKeyToken=null" name="T2" />
    </UnitTest>
  </TestDefinitions>
  <TestLists>
    <TestList name="Results Not in a List" id="8c84fa94-04c1-424b-9868-57a2d4851a1d" />
    <TestList name="All Loaded Results" id="19431567-8539-422a-85d7-44ee4e166bda" />
  </TestLists>
  <TestEntries>
    <TestEntry testId="197e193c-8bc3-904a-e054-81f586253185" executionId="e271a483-6940-46d4-8bea-8de040922611" testListId="8c84fa94-04c1-424b-9868-57a2d4851a1d" />
    <TestEntry testId="bd091580-2f39-8950-7bb8-9cb822e8d9b1" executionId="67b56497-1ebf-4027-90ca-8a829b84a721" testListId="8c84fa94-04c1-424b-9868-57a2d4851a1d" />
    <TestEntry testId="bd793b99-7be3-8cd7-a04a-dcecc4ff1cd6" executionId="692a66db-8192-4401-a578-81ac657bf407" testListId="8c84fa94-04c1-424b-9868-57a2d4851a1d" />
    <TestEntry testId="cff93ae4-577e-c6b9-c704-6ac814d14a7a" executionId="9df2cb4f-eb86-4948-90db-c6c0505560a8" testListId="8c84fa94-04c1-424b-9868-57a2d4851a1d" />
  </TestEntries>
  <Results>
    <UnitTestResult executionId="e271a483-6940-46d4-8bea-8de040922611" testId="197e193c-8bc3-904a-e054-81f586253185" testName="T1" computerName="HOME-PC" duration="00:00:00.0135954" startTime="2012-10-21T22:40:38.1096407+01:00" endTime="2012-10-21T22:40:38.9066863+01:00" testType="13cdc9d9-ddb5-4fa4-a97d-d965ccfc6d4b" outcome="Passed" testListId="8c84fa94-04c1-424b-9868-57a2d4851a1d" relativeResultsDirectory="e271a483-6940-46d4-8bea-8de040922611">
      <Output>
        <DebugTrace>Test level initalize method called
Test One Called
Test level cleanup method called
</DebugTrace>
      </Output>
    </UnitTestResult>
    <UnitTestResult executionId="67b56497-1ebf-4027-90ca-8a829b84a721" testId="bd091580-2f39-8950-7bb8-9cb822e8d9b1" testName="T3" computerName="HOME-PC" duration="00:00:00.0030802" startTime="2012-10-21T22:40:38.9106865+01:00" endTime="2012-10-21T22:40:38.9206871+01:00" testType="13cdc9d9-ddb5-4fa4-a97d-d965ccfc6d4b" outcome="Passed" testListId="8c84fa94-04c1-424b-9868-57a2d4851a1d" relativeResultsDirectory="67b56497-1ebf-4027-90ca-8a829b84a721">
      <Output>
        <DebugTrace>Test level initalize method called
Test Three Called
Test level cleanup method called
</DebugTrace>
      </Output>
    </UnitTestResult>
    <UnitTestResult executionId="692a66db-8192-4401-a578-81ac657bf407" testId="bd793b99-7be3-8cd7-a04a-dcecc4ff1cd6" testName="T2" computerName="HOME-PC" duration="00:00:00.0029742" startTime="2012-10-21T22:40:38.9236873+01:00" endTime="2012-10-21T22:40:38.9336879+01:00" testType="13cdc9d9-ddb5-4fa4-a97d-d965ccfc6d4b" outcome="Passed" testListId="8c84fa94-04c1-424b-9868-57a2d4851a1d" relativeResultsDirectory="692a66db-8192-4401-a578-81ac657bf407">
      <Output>
        <DebugTrace>Test level initalize method called
Test Two Called
Test level cleanup method called
</DebugTrace>
      </Output>
    </UnitTestResult>
    <UnitTestResult executionId="9df2cb4f-eb86-4948-90db-c6c0505560a8" testId="cff93ae4-577e-c6b9-c704-6ac814d14a7a" testName="T1" computerName="HOME-PC" duration="00:00:00.0037796" startTime="2012-10-21T22:40:38.9366880+01:00" endTime="2012-10-21T22:40:38.9466886+01:00" testType="13cdc9d9-ddb5-4fa4-a97d-d965ccfc6d4b" outcome="Passed" testListId="8c84fa94-04c1-424b-9868-57a2d4851a1d" relativeResultsDirectory="9df2cb4f-eb86-4948-90db-c6c0505560a8">
      <Output>
        <DebugTrace>This is the only test method in 'T1'
	Test directory is 'C:\CurrentBuilds\ScrumDeveloperKainosOctober2012\CourseProjects\VisualStudioProjects\IntroducingMSTest\TestResults\Garth_HOME-PC 2012-10-21 22_40_37'
	Test deployment directory is 'C:\CurrentBuilds\ScrumDeveloperKainosOctober2012\CourseProjects\VisualStudioProjects\IntroducingMSTest\TestResults\Garth_HOME-PC 2012-10-21 22_40_37\Out'
	Test log directory is 'C:\CurrentBuilds\ScrumDeveloperKainosOctober2012\CourseProjects\VisualStudioProjects\IntroducingMSTest\TestResults\Garth_HOME-PC 2012-10-21 22_40_37\In\HOME-PC'
</DebugTrace>
      </Output>
    </UnitTestResult>
  </Results>
</TestRun>