<?xml version="1.0" encoding="UTF-8"?>
<TestRun id="716daa74-5b23-440c-b091-c36823a9de0c" name="Garth@HOME-PC 2012-10-21 22:28:48" runUser="Home-PC\Garth" xmlns="http://microsoft.com/schemas/VisualStudio/TeamTest/2010">
  <TestSettings name="Local" id="ed2b291a-a0a0-42bb-beaa-5dd90ff8b83e">
    <Description>These are default test settings for a local test run.</Description>
    <Deployment enabled="false" runDeploymentRoot="Garth_HOME-PC 2012-10-21 22_28_48" />
    <Execution>
      <TestTypeSpecific />
      <AgentRule name="Execution Agents">
      </AgentRule>
    </Execution>
  </TestSettings>
  <Times creation="2012-10-21T22:28:48.8750748+01:00" queuing="2012-10-21T22:28:49.5741148+01:00" start="2012-10-21T22:28:49.6241177+01:00" finish="2012-10-21T22:28:50.5231691+01:00" />
  <ResultSummary outcome="Error">
    <Counters total="3" executed="3" error="3" failed="0" timeout="0" aborted="0" inconclusive="0" passedButRunAborted="0" notRunnable="0" notExecuted="0" disconnected="0" warning="0" passed="0" completed="0" inProgress="0" pending="0" />
  </ResultSummary>
  <TestDefinitions>
    <UnitTest name="T1" storage="c:\currentbuilds\scrumdeveloperkainosoctober2012\courseprojects\visualstudioprojects\introducingmstest\introtomstest\bin\debug\introtomstest.dll" id="197e193c-8bc3-904a-e054-81f586253185">
      <Execution id="753cc4c3-27b2-4214-954d-04cfe4d31c3d" />
      <TestMethod codeBase="C:/CurrentBuilds/ScrumDeveloperKainosOctober2012/CourseProjects/VisualStudioProjects/IntroducingMSTest/IntroToMSTest/bin/Debug/IntroToMSTest.DLL" adapterTypeName="Microsoft.VisualStudio.TestTools.TestTypes.Unit.UnitTestAdapter, Microsoft.VisualStudio.QualityTools.Tips.UnitTest.Adapter, Version=10.0.0.0, Culture=neutral, PublicKeyToken=b03f5f7f11d50a3a" className="IntroToMSTest.SkeletonTest, IntroToMSTest, Version=1.0.0.0, Culture=neutral, PublicKeyToken=null" name="T1" />
    </UnitTest>
    <UnitTest name="T3" storage="c:\currentbuilds\scrumdeveloperkainosoctober2012\courseprojects\visualstudioprojects\introducingmstest\introtomstest\bin\debug\introtomstest.dll" id="bd091580-2f39-8950-7bb8-9cb822e8d9b1">
      <Execution id="0108de1b-fb16-4929-81c6-51be8b664476" />
      <TestMethod codeBase="C:/CurrentBuilds/ScrumDeveloperKainosOctober2012/CourseProjects/VisualStudioProjects/IntroducingMSTest/IntroToMSTest/bin/Debug/IntroToMSTest.DLL" adapterTypeName="Microsoft.VisualStudio.TestTools.TestTypes.Unit.UnitTestAdapter, Microsoft.VisualStudio.QualityTools.Tips.UnitTest.Adapter, Version=10.0.0.0, Culture=neutral, PublicKeyToken=b03f5f7f11d50a3a" className="IntroToMSTest.SkeletonTest, IntroToMSTest, Version=1.0.0.0, Culture=neutral, PublicKeyToken=null" name="T3" />
    </UnitTest>
    <UnitTest name="T2" storage="c:\currentbuilds\scrumdeveloperkainosoctober2012\courseprojects\visualstudioprojects\introducingmstest\introtomstest\bin\debug\introtomstest.dll" id="bd793b99-7be3-8cd7-a04a-dcecc4ff1cd6">
      <Execution id="cbccbed3-a68a-4873-b075-48b7e9764c14" />
      <TestMethod codeBase="C:/CurrentBuilds/ScrumDeveloperKainosOctober2012/CourseProjects/VisualStudioProjects/IntroducingMSTest/IntroToMSTest/bin/Debug/IntroToMSTest.DLL" adapterTypeName="Microsoft.VisualStudio.TestTools.TestTypes.Unit.UnitTestAdapter, Microsoft.VisualStudio.QualityTools.Tips.UnitTest.Adapter, Version=10.0.0.0, Culture=neutral, PublicKeyToken=b03f5f7f11d50a3a" className="IntroToMSTest.SkeletonTest, IntroToMSTest, Version=1.0.0.0, Culture=neutral, PublicKeyToken=null" name="T2" />
    </UnitTest>
  </TestDefinitions>
  <TestLists>
    <TestList name="Results Not in a List" id="8c84fa94-04c1-424b-9868-57a2d4851a1d" />
    <TestList name="All Loaded Results" id="19431567-8539-422a-85d7-44ee4e166bda" />
  </TestLists>
  <TestEntries>
    <TestEntry testId="197e193c-8bc3-904a-e054-81f586253185" executionId="753cc4c3-27b2-4214-954d-04cfe4d31c3d" testListId="8c84fa94-04c1-424b-9868-57a2d4851a1d" />
    <TestEntry testId="bd091580-2f39-8950-7bb8-9cb822e8d9b1" executionId="0108de1b-fb16-4929-81c6-51be8b664476" testListId="8c84fa94-04c1-424b-9868-57a2d4851a1d" />
    <TestEntry testId="bd793b99-7be3-8cd7-a04a-dcecc4ff1cd6" executionId="cbccbed3-a68a-4873-b075-48b7e9764c14" testListId="8c84fa94-04c1-424b-9868-57a2d4851a1d" />
  </TestEntries>
  <Results>
    <UnitTestResult executionId="753cc4c3-27b2-4214-954d-04cfe4d31c3d" testId="197e193c-8bc3-904a-e054-81f586253185" testName="T1" computerName="HOME-PC" startTime="2012-10-21T22:28:49.6551194+01:00" endTime="2012-10-21T22:28:50.4201632+01:00" testType="13cdc9d9-ddb5-4fa4-a97d-d965ccfc6d4b" testListId="8c84fa94-04c1-424b-9868-57a2d4851a1d" relativeResultsDirectory="753cc4c3-27b2-4214-954d-04cfe4d31c3d">
      <Output>
        <ErrorInfo>
          <Message>Method IntroToMSTest.SkeletonTest.StartAll has wrong signature.  The method should have 1 parameters.</Message>
        </ErrorInfo>
      </Output>
    </UnitTestResult>
    <UnitTestResult executionId="0108de1b-fb16-4929-81c6-51be8b664476" testId="bd091580-2f39-8950-7bb8-9cb822e8d9b1" testName="T3" computerName="HOME-PC" startTime="2012-10-21T22:28:50.4291637+01:00" endTime="2012-10-21T22:28:50.4411644+01:00" testType="13cdc9d9-ddb5-4fa4-a97d-d965ccfc6d4b" testListId="8c84fa94-04c1-424b-9868-57a2d4851a1d" relativeResultsDirectory="0108de1b-fb16-4929-81c6-51be8b664476">
      <Output>
        <ErrorInfo>
          <Message>Method IntroToMSTest.SkeletonTest.StartAll has wrong signature.  The method should have 1 parameters.</Message>
        </ErrorInfo>
      </Output>
    </UnitTestResult>
    <UnitTestResult executionId="cbccbed3-a68a-4873-b075-48b7e9764c14" testId="bd793b99-7be3-8cd7-a04a-dcecc4ff1cd6" testName="T2" computerName="HOME-PC" startTime="2012-10-21T22:28:50.4441646+01:00" endTime="2012-10-21T22:28:50.4551652+01:00" testType="13cdc9d9-ddb5-4fa4-a97d-d965ccfc6d4b" testListId="8c84fa94-04c1-424b-9868-57a2d4851a1d" relativeResultsDirectory="cbccbed3-a68a-4873-b075-48b7e9764c14">
      <Output>
        <ErrorInfo>
          <Message>Method IntroToMSTest.SkeletonTest.StartAll has wrong signature.  The method should have 1 parameters.</Message>
        </ErrorInfo>
      </Output>
    </UnitTestResult>
  </Results>
</TestRun>