<?xml version="1.0" encoding="UTF-8"?>
<TestRun id="f8b5c720-bf86-4aea-998d-0d97dc91210f" name="Garth@HOME-PC 2012-10-21 21:53:34" runUser="Home-PC\Garth" xmlns="http://microsoft.com/schemas/VisualStudio/TeamTest/2010">
  <TestSettings name="Local" id="ca016ff4-8a36-4ae7-8e54-6875c4006350">
    <Description>These are default test settings for a local test run.</Description>
    <Deployment enabled="false" runDeploymentRoot="Garth_HOME-PC 2012-10-21 21_53_34" />
    <Execution>
      <TestTypeSpecific />
      <AgentRule name="Execution Agents">
      </AgentRule>
    </Execution>
  </TestSettings>
  <Times creation="2012-10-21T21:53:34.5511424+01:00" queuing="2012-10-21T21:53:34.5681434+01:00" start="2012-10-21T21:53:34.5771439+01:00" finish="2012-10-21T21:53:35.3301870+01:00" />
  <ResultSummary outcome="Completed">
    <Counters total="37" executed="37" passed="37" error="0" failed="0" timeout="0" aborted="0" inconclusive="0" passedButRunAborted="0" notRunnable="0" notExecuted="0" disconnected="0" warning="0" completed="0" inProgress="0" pending="0" />
  </ResultSummary>
  <TestDefinitions>
    <UnitTest name="NewListHasZeroSize" storage="c:\currentbuilds\scrumdeveloperkainosoctober2012\courseprojects\visualstudioprojects\linkedlistchallenge\linkedlistsolutiongenericwithmstestvb\bin\debug\genericlinkedlistvb.dll" id="70040799-7ff4-31fa-ee51-7627b8b542ca">
      <Execution id="bbb39e2b-8161-4c98-be84-3df5f667f4d3" />
      <TestMethod codeBase="C:/CurrentBuilds/ScrumDeveloperKainosOctober2012/CourseProjects/VisualStudioProjects/LinkedListChallenge/LinkedListSolutionGenericWithMSTestVB/bin/Debug/GenericLinkedListVB.DLL" adapterTypeName="Microsoft.VisualStudio.TestTools.TestTypes.Unit.UnitTestAdapter, Microsoft.VisualStudio.QualityTools.Tips.UnitTest.Adapter, Version=10.0.0.0, Culture=neutral, PublicKeyToken=b03f5f7f11d50a3a" className="GenericLinkedListVB.LinkedListTest, GenericLinkedListVB, Version=1.0.0.0, Culture=neutral, PublicKeyToken=null" name="NewListHasZeroSize" />
    </UnitTest>
    <UnitTest name="RemovingLastItemWorks" storage="c:\currentbuilds\scrumdeveloperkainosoctober2012\courseprojects\visualstudioprojects\linkedlistchallenge\linkedlistsolutiongenericwithmstestcs\bin\debug\genericlinkedlistcs.dll" id="04c5a396-41c7-45dc-b956-d33fb5265f7c">
      <Execution id="4d875b08-5a89-4e4a-ae26-b221eb4221f9" />
      <TestMethod codeBase="C:/CurrentBuilds/ScrumDeveloperKainosOctober2012/CourseProjects/VisualStudioProjects/LinkedListChallenge/LinkedListSolutionGenericWithMSTestCS/bin/Debug/GenericLinkedListCS.DLL" adapterTypeName="Microsoft.VisualStudio.TestTools.TestTypes.Unit.UnitTestAdapter, Microsoft.VisualStudio.QualityTools.Tips.UnitTest.Adapter, Version=10.0.0.0, Culture=neutral, PublicKeyToken=b03f5f7f11d50a3a" className="GenericLinkedListCS.LinkedListTest, GenericLinkedListCS, Version=1.0.0.0, Culture=neutral, PublicKeyToken=null" name="RemovingLastItemWorks" />
    </UnitTest>
    <UnitTest name="RemovingOnlyItemWorks" storage="c:\currentbuilds\scrumdeveloperkainosoctober2012\courseprojects\visualstudioprojects\linkedlistchallenge\linkedlistsolutiongenericwithmstestvb\bin\debug\genericlinkedlistvb.dll" id="06bb2d1a-1fea-c6c7-a6ed-a5f7e171babc">
      <Execution id="ff9a5cdc-a0ca-43fb-9420-8ae976962791" />
      <TestMethod codeBase="C:/CurrentBuilds/ScrumDeveloperKainosOctober2012/CourseProjects/VisualStudioProjects/LinkedListChallenge/LinkedListSolutionGenericWithMSTestVB/bin/Debug/GenericLinkedListVB.DLL" adapterTypeName="Microsoft.VisualStudio.TestTools.TestTypes.Unit.UnitTestAdapter, Microsoft.VisualStudio.QualityTools.Tips.UnitTest.Adapter, Version=10.0.0.0, Culture=neutral, PublicKeyToken=b03f5f7f11d50a3a" className="GenericLinkedListVB.LinkedListTest, GenericLinkedListVB, Version=1.0.0.0, Culture=neutral, PublicKeyToken=null" name="RemovingOnlyItemWorks" />
    </UnitTest>
    <UnitTest name="RemovingItemFromMiddleWorks" storage="c:\currentbuilds\scrumdeveloperkainosoctober2012\courseprojects\visualstudioprojects\linkedlistchallenge\linkedlistsolutiongenericwithmstestcs\bin\debug\genericlinkedlistcs.dll" id="11421c5f-4311-0434-59c8-4bd2dc0ce096">
      <Execution id="37955abe-6c7b-4296-b74c-bf0b93c0d98d" />
      <TestMethod codeBase="C:/CurrentBuilds/ScrumDeveloperKainosOctober2012/CourseProjects/VisualStudioProjects/LinkedListChallenge/LinkedListSolutionGenericWithMSTestCS/bin/Debug/GenericLinkedListCS.DLL" adapterTypeName="Microsoft.VisualStudio.TestTools.TestTypes.Unit.UnitTestAdapter, Microsoft.VisualStudio.QualityTools.Tips.UnitTest.Adapter, Version=10.0.0.0, Culture=neutral, PublicKeyToken=b03f5f7f11d50a3a" className="GenericLinkedListCS.LinkedListTest, GenericLinkedListCS, Version=1.0.0.0, Culture=neutral, PublicKeyToken=null" name="RemovingItemFromMiddleWorks" />
    </UnitTest>
    <UnitTest name="AccessingEmptyListFails" storage="c:\currentbuilds\scrumdeveloperkainosoctober2012\courseprojects\visualstudioprojects\linkedlistchallenge\linkedlistsolutiongenericwithmstestcs\bin\debug\genericlinkedlistcs.dll" id="adeeb323-e91a-0789-84eb-36d3efa2f9c7">
      <Execution id="b8c4b0b4-c3e9-47a8-ae3a-3b34afa63433" />
      <TestMethod codeBase="C:/CurrentBuilds/ScrumDeveloperKainosOctober2012/CourseProjects/VisualStudioProjects/LinkedListChallenge/LinkedListSolutionGenericWithMSTestCS/bin/Debug/GenericLinkedListCS.DLL" adapterTypeName="Microsoft.VisualStudio.TestTools.TestTypes.Unit.UnitTestAdapter, Microsoft.VisualStudio.QualityTools.Tips.UnitTest.Adapter, Version=10.0.0.0, Culture=neutral, PublicKeyToken=b03f5f7f11d50a3a" className="GenericLinkedListCS.LinkedListTest, GenericLinkedListCS, Version=1.0.0.0, Culture=neutral, PublicKeyToken=null" name="AccessingEmptyListFails" />
    </UnitTest>
    <UnitTest name="NewListIsEmpty" storage="c:\currentbuilds\scrumdeveloperkainosoctober2012\courseprojects\visualstudioprojects\linkedlistchallenge\linkedlistsolutiongenericwithmstestvb\bin\debug\genericlinkedlistvb.dll" id="c71471f3-ac31-6a79-e51e-823a52582aef">
      <Execution id="349bcfd2-d31e-41c1-998b-309f3f6b926a" />
      <TestMethod codeBase="C:/CurrentBuilds/ScrumDeveloperKainosOctober2012/CourseProjects/VisualStudioProjects/LinkedListChallenge/LinkedListSolutionGenericWithMSTestVB/bin/Debug/GenericLinkedListVB.DLL" adapterTypeName="Microsoft.VisualStudio.TestTools.TestTypes.Unit.UnitTestAdapter, Microsoft.VisualStudio.QualityTools.Tips.UnitTest.Adapter, Version=10.0.0.0, Culture=neutral, PublicKeyToken=b03f5f7f11d50a3a" className="GenericLinkedListVB.LinkedListTest, GenericLinkedListVB, Version=1.0.0.0, Culture=neutral, PublicKeyToken=null" name="NewListIsEmpty" />
    </UnitTest>
    <UnitTest name="NullArgumentForRemoveFails" storage="c:\currentbuilds\scrumdeveloperkainosoctober2012\courseprojects\visualstudioprojects\linkedlistchallenge\linkedlistsolutiongenericwithmstestcs\bin\debug\genericlinkedlistcs.dll" id="204b4f9a-dab2-307f-8c00-c45577ba124e">
      <Execution id="831c0ca4-674a-422b-81b3-135466b7638d" />
      <TestMethod codeBase="C:/CurrentBuilds/ScrumDeveloperKainosOctober2012/CourseProjects/VisualStudioProjects/LinkedListChallenge/LinkedListSolutionGenericWithMSTestCS/bin/Debug/GenericLinkedListCS.DLL" adapterTypeName="Microsoft.VisualStudio.TestTools.TestTypes.Unit.UnitTestAdapter, Microsoft.VisualStudio.QualityTools.Tips.UnitTest.Adapter, Version=10.0.0.0, Culture=neutral, PublicKeyToken=b03f5f7f11d50a3a" className="GenericLinkedListCS.LinkedListTest, GenericLinkedListCS, Version=1.0.0.0, Culture=neutral, PublicKeyToken=null" name="NullArgumentForRemoveFails" />
    </UnitTest>
    <UnitTest name="AccessingWithNegativeIndexFails" storage="c:\currentbuilds\scrumdeveloperkainosoctober2012\courseprojects\visualstudioprojects\linkedlistchallenge\linkedlistsolutiongenericwithmstestvb\bin\debug\genericlinkedlistvb.dll" id="2fbdeb02-4423-af8c-638c-9ba1ba4a3c5c">
      <Execution id="5cda3d32-614d-402a-ac3a-ba5be83ccfd6" />
      <TestMethod codeBase="C:/CurrentBuilds/ScrumDeveloperKainosOctober2012/CourseProjects/VisualStudioProjects/LinkedListChallenge/LinkedListSolutionGenericWithMSTestVB/bin/Debug/GenericLinkedListVB.DLL" adapterTypeName="Microsoft.VisualStudio.TestTools.TestTypes.Unit.UnitTestAdapter, Microsoft.VisualStudio.QualityTools.Tips.UnitTest.Adapter, Version=10.0.0.0, Culture=neutral, PublicKeyToken=b03f5f7f11d50a3a" className="GenericLinkedListVB.LinkedListTest, GenericLinkedListVB, Version=1.0.0.0, Culture=neutral, PublicKeyToken=null" name="AccessingWithNegativeIndexFails" />
    </UnitTest>
    <UnitTest name="ListWithItemsHasCorrectSize" storage="c:\currentbuilds\scrumdeveloperkainosoctober2012\courseprojects\visualstudioprojects\linkedlistchallenge\linkedlistsolutiongenericwithmstestvb\bin\debug\genericlinkedlistvb.dll" id="02c67c13-5686-be9b-7e84-3f24faa7dcd8">
      <Execution id="60ef410e-9292-43b4-ad26-3e0e04c97bd5" />
      <TestMethod codeBase="C:/CurrentBuilds/ScrumDeveloperKainosOctober2012/CourseProjects/VisualStudioProjects/LinkedListChallenge/LinkedListSolutionGenericWithMSTestVB/bin/Debug/GenericLinkedListVB.DLL" adapterTypeName="Microsoft.VisualStudio.TestTools.TestTypes.Unit.UnitTestAdapter, Microsoft.VisualStudio.QualityTools.Tips.UnitTest.Adapter, Version=10.0.0.0, Culture=neutral, PublicKeyToken=b03f5f7f11d50a3a" className="GenericLinkedListVB.LinkedListTest, GenericLinkedListVB, Version=1.0.0.0, Culture=neutral, PublicKeyToken=null" name="ListWithItemsHasCorrectSize" />
    </UnitTest>
    <UnitTest name="ListWithItemsIsNotEmpty" storage="c:\currentbuilds\scrumdeveloperkainosoctober2012\courseprojects\visualstudioprojects\linkedlistchallenge\linkedlistsolutiongenericwithmstestcs\bin\debug\genericlinkedlistcs.dll" id="95cf47cd-f407-9999-9f75-9a2a68724915">
      <Execution id="85c161a0-02ef-4925-9466-71f386b9fd9f" />
      <TestMethod codeBase="C:/CurrentBuilds/ScrumDeveloperKainosOctober2012/CourseProjects/VisualStudioProjects/LinkedListChallenge/LinkedListSolutionGenericWithMSTestCS/bin/Debug/GenericLinkedListCS.DLL" adapterTypeName="Microsoft.VisualStudio.TestTools.TestTypes.Unit.UnitTestAdapter, Microsoft.VisualStudio.QualityTools.Tips.UnitTest.Adapter, Version=10.0.0.0, Culture=neutral, PublicKeyToken=b03f5f7f11d50a3a" className="GenericLinkedListCS.LinkedListTest, GenericLinkedListCS, Version=1.0.0.0, Culture=neutral, PublicKeyToken=null" name="ListWithItemsIsNotEmpty" />
    </UnitTest>
    <UnitTest name="NewListIsEmpty" storage="c:\currentbuilds\scrumdeveloperkainosoctober2012\courseprojects\visualstudioprojects\linkedlistchallenge\linkedlistsolutiongenericwithmstestcs\bin\debug\genericlinkedlistcs.dll" id="a2b8ee21-eb43-d59f-170d-e5b5ace7e6f8">
      <Execution id="634dbdd6-5696-493e-be58-3f47e0618d1e" />
      <TestMethod codeBase="C:/CurrentBuilds/ScrumDeveloperKainosOctober2012/CourseProjects/VisualStudioProjects/LinkedListChallenge/LinkedListSolutionGenericWithMSTestCS/bin/Debug/GenericLinkedListCS.DLL" adapterTypeName="Microsoft.VisualStudio.TestTools.TestTypes.Unit.UnitTestAdapter, Microsoft.VisualStudio.QualityTools.Tips.UnitTest.Adapter, Version=10.0.0.0, Culture=neutral, PublicKeyToken=b03f5f7f11d50a3a" className="GenericLinkedListCS.LinkedListTest, GenericLinkedListCS, Version=1.0.0.0, Culture=neutral, PublicKeyToken=null" name="NewListIsEmpty" />
    </UnitTest>
    <UnitTest name="CanGetSingleItem" storage="c:\currentbuilds\scrumdeveloperkainosoctober2012\courseprojects\visualstudioprojects\linkedlistchallenge\linkedlistsolutiongenericwithmstestcs\bin\debug\genericlinkedlistcs.dll" id="e0974bb9-6aa7-8ee7-664e-8600d5f9a298">
      <Execution id="236c9bfe-4cd0-4e64-aea9-76938c347e57" />
      <TestMethod codeBase="C:/CurrentBuilds/ScrumDeveloperKainosOctober2012/CourseProjects/VisualStudioProjects/LinkedListChallenge/LinkedListSolutionGenericWithMSTestCS/bin/Debug/GenericLinkedListCS.DLL" adapterTypeName="Microsoft.VisualStudio.TestTools.TestTypes.Unit.UnitTestAdapter, Microsoft.VisualStudio.QualityTools.Tips.UnitTest.Adapter, Version=10.0.0.0, Culture=neutral, PublicKeyToken=b03f5f7f11d50a3a" className="GenericLinkedListCS.LinkedListTest, GenericLinkedListCS, Version=1.0.0.0, Culture=neutral, PublicKeyToken=null" name="CanGetSingleItem" />
    </UnitTest>
    <UnitTest name="ToStringWorks" storage="c:\currentbuilds\scrumdeveloperkainosoctober2012\courseprojects\visualstudioprojects\linkedlistchallenge\linkedlistsolutiongenericwithmstestvb\bin\debug\genericlinkedlistvb.dll" id="d0ef3d4e-31cb-a274-6e65-39f9492a235a">
      <Execution id="57bb1b8d-1c7d-40da-b715-6e904f4fefb9" />
      <TestMethod codeBase="C:/CurrentBuilds/ScrumDeveloperKainosOctober2012/CourseProjects/VisualStudioProjects/LinkedListChallenge/LinkedListSolutionGenericWithMSTestVB/bin/Debug/GenericLinkedListVB.DLL" adapterTypeName="Microsoft.VisualStudio.TestTools.TestTypes.Unit.UnitTestAdapter, Microsoft.VisualStudio.QualityTools.Tips.UnitTest.Adapter, Version=10.0.0.0, Culture=neutral, PublicKeyToken=b03f5f7f11d50a3a" className="GenericLinkedListVB.LinkedListTest, GenericLinkedListVB, Version=1.0.0.0, Culture=neutral, PublicKeyToken=null" name="ToStringWorks" />
    </UnitTest>
    <UnitTest name="AccessingWithNegativeIndexFails" storage="c:\currentbuilds\scrumdeveloperkainosoctober2012\courseprojects\visualstudioprojects\linkedlistchallenge\linkedlistsolutiongenericwithmstestcs\bin\debug\genericlinkedlistcs.dll" id="ad93a550-9dd7-5801-8ae7-e4478c31ee9f">
      <Execution id="beb2e23a-5b2a-457d-875f-80c3f2b5b3d6" />
      <TestMethod codeBase="C:/CurrentBuilds/ScrumDeveloperKainosOctober2012/CourseProjects/VisualStudioProjects/LinkedListChallenge/LinkedListSolutionGenericWithMSTestCS/bin/Debug/GenericLinkedListCS.DLL" adapterTypeName="Microsoft.VisualStudio.TestTools.TestTypes.Unit.UnitTestAdapter, Microsoft.VisualStudio.QualityTools.Tips.UnitTest.Adapter, Version=10.0.0.0, Culture=neutral, PublicKeyToken=b03f5f7f11d50a3a" className="GenericLinkedListCS.LinkedListTest, GenericLinkedListCS, Version=1.0.0.0, Culture=neutral, PublicKeyToken=null" name="AccessingWithNegativeIndexFails" />
    </UnitTest>
    <UnitTest name="FirstItemCanBeFetched" storage="c:\currentbuilds\scrumdeveloperkainosoctober2012\courseprojects\visualstudioprojects\linkedlistchallenge\linkedlistmsteststart\bin\debug\linkedlistmsteststart.dll" id="d97eb0ad-1658-6d02-8aa3-c7ef77f40d50">
      <Execution id="ebadb72c-463f-4f3b-9009-dd6eba243042" />
      <TestMethod codeBase="C:/CurrentBuilds/ScrumDeveloperKainosOctober2012/CourseProjects/VisualStudioProjects/LinkedListChallenge/LinkedListMSTestStart/bin/Debug/LinkedListMSTestStart.DLL" adapterTypeName="Microsoft.VisualStudio.TestTools.TestTypes.Unit.UnitTestAdapter, Microsoft.VisualStudio.QualityTools.Tips.UnitTest.Adapter, Version=10.0.0.0, Culture=neutral, PublicKeyToken=b03f5f7f11d50a3a" className="LinkedListMSTestStart.LinkedListTest, LinkedListMSTestStart, Version=1.0.0.0, Culture=neutral, PublicKeyToken=null" name="FirstItemCanBeFetched" />
    </UnitTest>
    <UnitTest name="AccessingWithTooLargeAnIndexFails" storage="c:\currentbuilds\scrumdeveloperkainosoctober2012\courseprojects\visualstudioprojects\linkedlistchallenge\linkedlistsolutiongenericwithmstestcs\bin\debug\genericlinkedlistcs.dll" id="1c921095-2581-dd1d-f2e4-b4787d68d253">
      <Execution id="a59944e0-5ca5-4d45-8abb-b44ad31bcbb4" />
      <TestMethod codeBase="C:/CurrentBuilds/ScrumDeveloperKainosOctober2012/CourseProjects/VisualStudioProjects/LinkedListChallenge/LinkedListSolutionGenericWithMSTestCS/bin/Debug/GenericLinkedListCS.DLL" adapterTypeName="Microsoft.VisualStudio.TestTools.TestTypes.Unit.UnitTestAdapter, Microsoft.VisualStudio.QualityTools.Tips.UnitTest.Adapter, Version=10.0.0.0, Culture=neutral, PublicKeyToken=b03f5f7f11d50a3a" className="GenericLinkedListCS.LinkedListTest, GenericLinkedListCS, Version=1.0.0.0, Culture=neutral, PublicKeyToken=null" name="AccessingWithTooLargeAnIndexFails" />
    </UnitTest>
    <UnitTest name="RemoveWhereItemNotFoundFails" storage="c:\currentbuilds\scrumdeveloperkainosoctober2012\courseprojects\visualstudioprojects\linkedlistchallenge\linkedlistsolutiongenericwithmstestcs\bin\debug\genericlinkedlistcs.dll" id="868f9f42-7d2c-8768-af9f-336896d629c0">
      <Execution id="f31d832d-996b-4df9-8797-cec3fbe59ad6" />
      <TestMethod codeBase="C:/CurrentBuilds/ScrumDeveloperKainosOctober2012/CourseProjects/VisualStudioProjects/LinkedListChallenge/LinkedListSolutionGenericWithMSTestCS/bin/Debug/GenericLinkedListCS.DLL" adapterTypeName="Microsoft.VisualStudio.TestTools.TestTypes.Unit.UnitTestAdapter, Microsoft.VisualStudio.QualityTools.Tips.UnitTest.Adapter, Version=10.0.0.0, Culture=neutral, PublicKeyToken=b03f5f7f11d50a3a" className="GenericLinkedListCS.LinkedListTest, GenericLinkedListCS, Version=1.0.0.0, Culture=neutral, PublicKeyToken=null" name="RemoveWhereItemNotFoundFails" />
    </UnitTest>
    <UnitTest name="CanGetMultipleItems" storage="c:\currentbuilds\scrumdeveloperkainosoctober2012\courseprojects\visualstudioprojects\linkedlistchallenge\linkedlistsolutiongenericwithmstestvb\bin\debug\genericlinkedlistvb.dll" id="783bde12-9771-e303-5ca3-093d826cc2ec">
      <Execution id="84669116-befe-4e59-a749-f00a5d0f0eaa" />
      <TestMethod codeBase="C:/CurrentBuilds/ScrumDeveloperKainosOctober2012/CourseProjects/VisualStudioProjects/LinkedListChallenge/LinkedListSolutionGenericWithMSTestVB/bin/Debug/GenericLinkedListVB.DLL" adapterTypeName="Microsoft.VisualStudio.TestTools.TestTypes.Unit.UnitTestAdapter, Microsoft.VisualStudio.QualityTools.Tips.UnitTest.Adapter, Version=10.0.0.0, Culture=neutral, PublicKeyToken=b03f5f7f11d50a3a" className="GenericLinkedListVB.LinkedListTest, GenericLinkedListVB, Version=1.0.0.0, Culture=neutral, PublicKeyToken=null" name="CanGetMultipleItems" />
    </UnitTest>
    <UnitTest name="NullArgumentForRemoveFails" storage="c:\currentbuilds\scrumdeveloperkainosoctober2012\courseprojects\visualstudioprojects\linkedlistchallenge\linkedlistsolutiongenericwithmstestvb\bin\debug\genericlinkedlistvb.dll" id="1796fa40-dd81-76df-b5a6-765fbdff4dd7">
      <Execution id="d24ded86-d953-487e-b1ca-732bf8a83202" />
      <TestMethod codeBase="C:/CurrentBuilds/ScrumDeveloperKainosOctober2012/CourseProjects/VisualStudioProjects/LinkedListChallenge/LinkedListSolutionGenericWithMSTestVB/bin/Debug/GenericLinkedListVB.DLL" adapterTypeName="Microsoft.VisualStudio.TestTools.TestTypes.Unit.UnitTestAdapter, Microsoft.VisualStudio.QualityTools.Tips.UnitTest.Adapter, Version=10.0.0.0, Culture=neutral, PublicKeyToken=b03f5f7f11d50a3a" className="GenericLinkedListVB.LinkedListTest, GenericLinkedListVB, Version=1.0.0.0, Culture=neutral, PublicKeyToken=null" name="NullArgumentForRemoveFails" />
    </UnitTest>
    <UnitTest name="NewListHasZeroSize" storage="c:\currentbuilds\scrumdeveloperkainosoctober2012\courseprojects\visualstudioprojects\linkedlistchallenge\linkedlistsolutiongenericwithmstestcs\bin\debug\genericlinkedlistcs.dll" id="3cae1f32-c8a6-ee4d-1eec-3b8ed35302df">
      <Execution id="ee2fbb46-aece-431d-9078-b60cc4ad8cba" />
      <TestMethod codeBase="C:/CurrentBuilds/ScrumDeveloperKainosOctober2012/CourseProjects/VisualStudioProjects/LinkedListChallenge/LinkedListSolutionGenericWithMSTestCS/bin/Debug/GenericLinkedListCS.DLL" adapterTypeName="Microsoft.VisualStudio.TestTools.TestTypes.Unit.UnitTestAdapter, Microsoft.VisualStudio.QualityTools.Tips.UnitTest.Adapter, Version=10.0.0.0, Culture=neutral, PublicKeyToken=b03f5f7f11d50a3a" className="GenericLinkedListCS.LinkedListTest, GenericLinkedListCS, Version=1.0.0.0, Culture=neutral, PublicKeyToken=null" name="NewListHasZeroSize" />
    </UnitTest>
    <UnitTest name="RemoveFromEmptyListFails" storage="c:\currentbuilds\scrumdeveloperkainosoctober2012\courseprojects\visualstudioprojects\linkedlistchallenge\linkedlistsolutiongenericwithmstestcs\bin\debug\genericlinkedlistcs.dll" id="651000fe-39aa-680c-14b6-4f6736b83edc">
      <Execution id="244fbbcd-a742-462e-bb4c-4956e1dd20a1" />
      <TestMethod codeBase="C:/CurrentBuilds/ScrumDeveloperKainosOctober2012/CourseProjects/VisualStudioProjects/LinkedListChallenge/LinkedListSolutionGenericWithMSTestCS/bin/Debug/GenericLinkedListCS.DLL" adapterTypeName="Microsoft.VisualStudio.TestTools.TestTypes.Unit.UnitTestAdapter, Microsoft.VisualStudio.QualityTools.Tips.UnitTest.Adapter, Version=10.0.0.0, Culture=neutral, PublicKeyToken=b03f5f7f11d50a3a" className="GenericLinkedListCS.LinkedListTest, GenericLinkedListCS, Version=1.0.0.0, Culture=neutral, PublicKeyToken=null" name="RemoveFromEmptyListFails" />
    </UnitTest>
    <UnitTest name="RemovingOnlyItemWorks" storage="c:\currentbuilds\scrumdeveloperkainosoctober2012\courseprojects\visualstudioprojects\linkedlistchallenge\linkedlistsolutiongenericwithmstestcs\bin\debug\genericlinkedlistcs.dll" id="d779b876-1f71-d7d4-35d2-1d61e1f90580">
      <Execution id="37ec8397-d0c5-4cc1-80a2-1bafdecfcd6e" />
      <TestMethod codeBase="C:/CurrentBuilds/ScrumDeveloperKainosOctober2012/CourseProjects/VisualStudioProjects/LinkedListChallenge/LinkedListSolutionGenericWithMSTestCS/bin/Debug/GenericLinkedListCS.DLL" adapterTypeName="Microsoft.VisualStudio.TestTools.TestTypes.Unit.UnitTestAdapter, Microsoft.VisualStudio.QualityTools.Tips.UnitTest.Adapter, Version=10.0.0.0, Culture=neutral, PublicKeyToken=b03f5f7f11d50a3a" className="GenericLinkedListCS.LinkedListTest, GenericLinkedListCS, Version=1.0.0.0, Culture=neutral, PublicKeyToken=null" name="RemovingOnlyItemWorks" />
    </UnitTest>
    <UnitTest name="ListWithItemsIsNotEmpty" storage="c:\currentbuilds\scrumdeveloperkainosoctober2012\courseprojects\visualstudioprojects\linkedlistchallenge\linkedlistsolutiongenericwithmstestvb\bin\debug\genericlinkedlistvb.dll" id="1199292a-e48f-e4c1-b551-72eb62effb32">
      <Execution id="1fe2758a-f0e7-49ab-a8bc-5b817fa192d4" />
      <TestMethod codeBase="C:/CurrentBuilds/ScrumDeveloperKainosOctober2012/CourseProjects/VisualStudioProjects/LinkedListChallenge/LinkedListSolutionGenericWithMSTestVB/bin/Debug/GenericLinkedListVB.DLL" adapterTypeName="Microsoft.VisualStudio.TestTools.TestTypes.Unit.UnitTestAdapter, Microsoft.VisualStudio.QualityTools.Tips.UnitTest.Adapter, Version=10.0.0.0, Culture=neutral, PublicKeyToken=b03f5f7f11d50a3a" className="GenericLinkedListVB.LinkedListTest, GenericLinkedListVB, Version=1.0.0.0, Culture=neutral, PublicKeyToken=null" name="ListWithItemsIsNotEmpty" />
    </UnitTest>
    <UnitTest name="RemoveFromEmptyListFails" storage="c:\currentbuilds\scrumdeveloperkainosoctober2012\courseprojects\visualstudioprojects\linkedlistchallenge\linkedlistsolutiongenericwithmstestvb\bin\debug\genericlinkedlistvb.dll" id="9d0ce35a-4c62-88d8-c95d-528e4214e627">
      <Execution id="da03f549-b5ae-4b9b-be2d-bffcf054949e" />
      <TestMethod codeBase="C:/CurrentBuilds/ScrumDeveloperKainosOctober2012/CourseProjects/VisualStudioProjects/LinkedListChallenge/LinkedListSolutionGenericWithMSTestVB/bin/Debug/GenericLinkedListVB.DLL" adapterTypeName="Microsoft.VisualStudio.TestTools.TestTypes.Unit.UnitTestAdapter, Microsoft.VisualStudio.QualityTools.Tips.UnitTest.Adapter, Version=10.0.0.0, Culture=neutral, PublicKeyToken=b03f5f7f11d50a3a" className="GenericLinkedListVB.LinkedListTest, GenericLinkedListVB, Version=1.0.0.0, Culture=neutral, PublicKeyToken=null" name="RemoveFromEmptyListFails" />
    </UnitTest>
    <UnitTest name="RemoveWhereItemNotFoundFails" storage="c:\currentbuilds\scrumdeveloperkainosoctober2012\courseprojects\visualstudioprojects\linkedlistchallenge\linkedlistsolutiongenericwithmstestvb\bin\debug\genericlinkedlistvb.dll" id="4f5ea40f-a9b1-c208-d3c6-5d8b8410b973">
      <Execution id="82b52c92-dee0-4322-9958-470c1d6ec390" />
      <TestMethod codeBase="C:/CurrentBuilds/ScrumDeveloperKainosOctober2012/CourseProjects/VisualStudioProjects/LinkedListChallenge/LinkedListSolutionGenericWithMSTestVB/bin/Debug/GenericLinkedListVB.DLL" adapterTypeName="Microsoft.VisualStudio.TestTools.TestTypes.Unit.UnitTestAdapter, Microsoft.VisualStudio.QualityTools.Tips.UnitTest.Adapter, Version=10.0.0.0, Culture=neutral, PublicKeyToken=b03f5f7f11d50a3a" className="GenericLinkedListVB.LinkedListTest, GenericLinkedListVB, Version=1.0.0.0, Culture=neutral, PublicKeyToken=null" name="RemoveWhereItemNotFoundFails" />
    </UnitTest>
    <UnitTest name="ListWithItemsHasCorrectSize" storage="c:\currentbuilds\scrumdeveloperkainosoctober2012\courseprojects\visualstudioprojects\linkedlistchallenge\linkedlistsolutiongenericwithmstestcs\bin\debug\genericlinkedlistcs.dll" id="0b9ddbae-0f9c-af5d-4e3f-6e4aac58c977">
      <Execution id="568996e5-3725-4791-9858-bd3c443d6c69" />
      <TestMethod codeBase="C:/CurrentBuilds/ScrumDeveloperKainosOctober2012/CourseProjects/VisualStudioProjects/LinkedListChallenge/LinkedListSolutionGenericWithMSTestCS/bin/Debug/GenericLinkedListCS.DLL" adapterTypeName="Microsoft.VisualStudio.TestTools.TestTypes.Unit.UnitTestAdapter, Microsoft.VisualStudio.QualityTools.Tips.UnitTest.Adapter, Version=10.0.0.0, Culture=neutral, PublicKeyToken=b03f5f7f11d50a3a" className="GenericLinkedListCS.LinkedListTest, GenericLinkedListCS, Version=1.0.0.0, Culture=neutral, PublicKeyToken=null" name="ListWithItemsHasCorrectSize" />
    </UnitTest>
    <UnitTest name="CanGetSingleItem" storage="c:\currentbuilds\scrumdeveloperkainosoctober2012\courseprojects\visualstudioprojects\linkedlistchallenge\linkedlistsolutiongenericwithmstestvb\bin\debug\genericlinkedlistvb.dll" id="b4bdad7e-fe61-0c53-a2ba-322fe3c730de">
      <Execution id="d7bf43c6-354a-49f7-aa81-4064f976bb90" />
      <TestMethod codeBase="C:/CurrentBuilds/ScrumDeveloperKainosOctober2012/CourseProjects/VisualStudioProjects/LinkedListChallenge/LinkedListSolutionGenericWithMSTestVB/bin/Debug/GenericLinkedListVB.DLL" adapterTypeName="Microsoft.VisualStudio.TestTools.TestTypes.Unit.UnitTestAdapter, Microsoft.VisualStudio.QualityTools.Tips.UnitTest.Adapter, Version=10.0.0.0, Culture=neutral, PublicKeyToken=b03f5f7f11d50a3a" className="GenericLinkedListVB.LinkedListTest, GenericLinkedListVB, Version=1.0.0.0, Culture=neutral, PublicKeyToken=null" name="CanGetSingleItem" />
    </UnitTest>
    <UnitTest name="RemovingLastItemWorks" storage="c:\currentbuilds\scrumdeveloperkainosoctober2012\courseprojects\visualstudioprojects\linkedlistchallenge\linkedlistsolutiongenericwithmstestvb\bin\debug\genericlinkedlistvb.dll" id="b2d138ab-f74e-8154-830b-91eb081eb89b">
      <Execution id="405070b6-3e8d-4dd0-81bf-2bdfeda103fe" />
      <TestMethod codeBase="C:/CurrentBuilds/ScrumDeveloperKainosOctober2012/CourseProjects/VisualStudioProjects/LinkedListChallenge/LinkedListSolutionGenericWithMSTestVB/bin/Debug/GenericLinkedListVB.DLL" adapterTypeName="Microsoft.VisualStudio.TestTools.TestTypes.Unit.UnitTestAdapter, Microsoft.VisualStudio.QualityTools.Tips.UnitTest.Adapter, Version=10.0.0.0, Culture=neutral, PublicKeyToken=b03f5f7f11d50a3a" className="GenericLinkedListVB.LinkedListTest, GenericLinkedListVB, Version=1.0.0.0, Culture=neutral, PublicKeyToken=null" name="RemovingLastItemWorks" />
    </UnitTest>
    <UnitTest name="RemovingFirstItemWorks" storage="c:\currentbuilds\scrumdeveloperkainosoctober2012\courseprojects\visualstudioprojects\linkedlistchallenge\linkedlistsolutiongenericwithmstestvb\bin\debug\genericlinkedlistvb.dll" id="053b6cbe-3cc7-4a33-3131-dede70c75661">
      <Execution id="f2c67d41-4ecc-4554-b27c-e25bd7652d33" />
      <TestMethod codeBase="C:/CurrentBuilds/ScrumDeveloperKainosOctober2012/CourseProjects/VisualStudioProjects/LinkedListChallenge/LinkedListSolutionGenericWithMSTestVB/bin/Debug/GenericLinkedListVB.DLL" adapterTypeName="Microsoft.VisualStudio.TestTools.TestTypes.Unit.UnitTestAdapter, Microsoft.VisualStudio.QualityTools.Tips.UnitTest.Adapter, Version=10.0.0.0, Culture=neutral, PublicKeyToken=b03f5f7f11d50a3a" className="GenericLinkedListVB.LinkedListTest, GenericLinkedListVB, Version=1.0.0.0, Culture=neutral, PublicKeyToken=null" name="RemovingFirstItemWorks" />
    </UnitTest>
    <UnitTest name="AccessingEmptyListFails" storage="c:\currentbuilds\scrumdeveloperkainosoctober2012\courseprojects\visualstudioprojects\linkedlistchallenge\linkedlistsolutiongenericwithmstestvb\bin\debug\genericlinkedlistvb.dll" id="70107d2d-3266-30a7-52f6-de1d025a6a3a">
      <Execution id="5adae3c9-16d2-4840-8865-4c46b1cfc096" />
      <TestMethod codeBase="C:/CurrentBuilds/ScrumDeveloperKainosOctober2012/CourseProjects/VisualStudioProjects/LinkedListChallenge/LinkedListSolutionGenericWithMSTestVB/bin/Debug/GenericLinkedListVB.DLL" adapterTypeName="Microsoft.VisualStudio.TestTools.TestTypes.Unit.UnitTestAdapter, Microsoft.VisualStudio.QualityTools.Tips.UnitTest.Adapter, Version=10.0.0.0, Culture=neutral, PublicKeyToken=b03f5f7f11d50a3a" className="GenericLinkedListVB.LinkedListTest, GenericLinkedListVB, Version=1.0.0.0, Culture=neutral, PublicKeyToken=null" name="AccessingEmptyListFails" />
    </UnitTest>
    <UnitTest name="RemovingItemFromMiddleWorks" storage="c:\currentbuilds\scrumdeveloperkainosoctober2012\courseprojects\visualstudioprojects\linkedlistchallenge\linkedlistsolutiongenericwithmstestvb\bin\debug\genericlinkedlistvb.dll" id="3d8c2c0e-1ad8-8714-62f9-579f87a98b40">
      <Execution id="af77eaf3-67ec-49e2-8682-aafce396aef1" />
      <TestMethod codeBase="C:/CurrentBuilds/ScrumDeveloperKainosOctober2012/CourseProjects/VisualStudioProjects/LinkedListChallenge/LinkedListSolutionGenericWithMSTestVB/bin/Debug/GenericLinkedListVB.DLL" adapterTypeName="Microsoft.VisualStudio.TestTools.TestTypes.Unit.UnitTestAdapter, Microsoft.VisualStudio.QualityTools.Tips.UnitTest.Adapter, Version=10.0.0.0, Culture=neutral, PublicKeyToken=b03f5f7f11d50a3a" className="GenericLinkedListVB.LinkedListTest, GenericLinkedListVB, Version=1.0.0.0, Culture=neutral, PublicKeyToken=null" name="RemovingItemFromMiddleWorks" />
    </UnitTest>
    <UnitTest name="AccessingWithTooLargeAnIndexFails" storage="c:\currentbuilds\scrumdeveloperkainosoctober2012\courseprojects\visualstudioprojects\linkedlistchallenge\linkedlistsolutiongenericwithmstestvb\bin\debug\genericlinkedlistvb.dll" id="7313d119-be8f-fa94-0400-b7118f0b2f70">
      <Execution id="ec9ff242-aef8-492f-b8c9-265750546755" />
      <TestMethod codeBase="C:/CurrentBuilds/ScrumDeveloperKainosOctober2012/CourseProjects/VisualStudioProjects/LinkedListChallenge/LinkedListSolutionGenericWithMSTestVB/bin/Debug/GenericLinkedListVB.DLL" adapterTypeName="Microsoft.VisualStudio.TestTools.TestTypes.Unit.UnitTestAdapter, Microsoft.VisualStudio.QualityTools.Tips.UnitTest.Adapter, Version=10.0.0.0, Culture=neutral, PublicKeyToken=b03f5f7f11d50a3a" className="GenericLinkedListVB.LinkedListTest, GenericLinkedListVB, Version=1.0.0.0, Culture=neutral, PublicKeyToken=null" name="AccessingWithTooLargeAnIndexFails" />
    </UnitTest>
    <UnitTest name="ListWithItemsIsntEmpty" storage="c:\currentbuilds\scrumdeveloperkainosoctober2012\courseprojects\visualstudioprojects\linkedlistchallenge\linkedlistmsteststart\bin\debug\linkedlistmsteststart.dll" id="b7aeb646-dbc7-09f9-c0c5-17cbd8f870c2">
      <Execution id="d2ad11a8-fa21-416c-9e8e-82810ffc18c4" />
      <TestMethod codeBase="C:/CurrentBuilds/ScrumDeveloperKainosOctober2012/CourseProjects/VisualStudioProjects/LinkedListChallenge/LinkedListMSTestStart/bin/Debug/LinkedListMSTestStart.DLL" adapterTypeName="Microsoft.VisualStudio.TestTools.TestTypes.Unit.UnitTestAdapter, Microsoft.VisualStudio.QualityTools.Tips.UnitTest.Adapter, Version=10.0.0.0, Culture=neutral, PublicKeyToken=b03f5f7f11d50a3a" className="LinkedListMSTestStart.LinkedListTest, LinkedListMSTestStart, Version=1.0.0.0, Culture=neutral, PublicKeyToken=null" name="ListWithItemsIsntEmpty" />
    </UnitTest>
    <UnitTest name="NewListIsEmpty" storage="c:\currentbuilds\scrumdeveloperkainosoctober2012\courseprojects\visualstudioprojects\linkedlistchallenge\linkedlistmsteststart\bin\debug\linkedlistmsteststart.dll" id="2956a1e5-41fe-134a-0dab-ce607461e05a">
      <Execution id="cbd44e3e-8c18-4e3e-a280-abacbb520b76" />
      <TestMethod codeBase="C:/CurrentBuilds/ScrumDeveloperKainosOctober2012/CourseProjects/VisualStudioProjects/LinkedListChallenge/LinkedListMSTestStart/bin/Debug/LinkedListMSTestStart.DLL" adapterTypeName="Microsoft.VisualStudio.TestTools.TestTypes.Unit.UnitTestAdapter, Microsoft.VisualStudio.QualityTools.Tips.UnitTest.Adapter, Version=10.0.0.0, Culture=neutral, PublicKeyToken=b03f5f7f11d50a3a" className="LinkedListMSTestStart.LinkedListTest, LinkedListMSTestStart, Version=1.0.0.0, Culture=neutral, PublicKeyToken=null" name="NewListIsEmpty" />
    </UnitTest>
    <UnitTest name="RemovingFirstItemWorks" storage="c:\currentbuilds\scrumdeveloperkainosoctober2012\courseprojects\visualstudioprojects\linkedlistchallenge\linkedlistsolutiongenericwithmstestcs\bin\debug\genericlinkedlistcs.dll" id="faac8a3b-672c-4821-37e9-218aec3b37d6">
      <Execution id="00828bce-799f-411f-a835-baf6808e66b2" />
      <TestMethod codeBase="C:/CurrentBuilds/ScrumDeveloperKainosOctober2012/CourseProjects/VisualStudioProjects/LinkedListChallenge/LinkedListSolutionGenericWithMSTestCS/bin/Debug/GenericLinkedListCS.DLL" adapterTypeName="Microsoft.VisualStudio.TestTools.TestTypes.Unit.UnitTestAdapter, Microsoft.VisualStudio.QualityTools.Tips.UnitTest.Adapter, Version=10.0.0.0, Culture=neutral, PublicKeyToken=b03f5f7f11d50a3a" className="GenericLinkedListCS.LinkedListTest, GenericLinkedListCS, Version=1.0.0.0, Culture=neutral, PublicKeyToken=null" name="RemovingFirstItemWorks" />
    </UnitTest>
    <UnitTest name="CanGetMultipleItems" storage="c:\currentbuilds\scrumdeveloperkainosoctober2012\courseprojects\visualstudioprojects\linkedlistchallenge\linkedlistsolutiongenericwithmstestcs\bin\debug\genericlinkedlistcs.dll" id="ef9f1fd5-fe4c-9c8a-faa8-34afd26c97c9">
      <Execution id="78ab02f8-a3c6-46f4-a01f-82a1a69c4358" />
      <TestMethod codeBase="C:/CurrentBuilds/ScrumDeveloperKainosOctober2012/CourseProjects/VisualStudioProjects/LinkedListChallenge/LinkedListSolutionGenericWithMSTestCS/bin/Debug/GenericLinkedListCS.DLL" adapterTypeName="Microsoft.VisualStudio.TestTools.TestTypes.Unit.UnitTestAdapter, Microsoft.VisualStudio.QualityTools.Tips.UnitTest.Adapter, Version=10.0.0.0, Culture=neutral, PublicKeyToken=b03f5f7f11d50a3a" className="GenericLinkedListCS.LinkedListTest, GenericLinkedListCS, Version=1.0.0.0, Culture=neutral, PublicKeyToken=null" name="CanGetMultipleItems" />
    </UnitTest>
    <UnitTest name="ToStringWorks" storage="c:\currentbuilds\scrumdeveloperkainosoctober2012\courseprojects\visualstudioprojects\linkedlistchallenge\linkedlistsolutiongenericwithmstestcs\bin\debug\genericlinkedlistcs.dll" id="6ebdf376-c392-777f-64e3-5a7c87fd5e56">
      <Execution id="6803ac39-08e5-484e-97b2-bee5615f9b92" />
      <TestMethod codeBase="C:/CurrentBuilds/ScrumDeveloperKainosOctober2012/CourseProjects/VisualStudioProjects/LinkedListChallenge/LinkedListSolutionGenericWithMSTestCS/bin/Debug/GenericLinkedListCS.DLL" adapterTypeName="Microsoft.VisualStudio.TestTools.TestTypes.Unit.UnitTestAdapter, Microsoft.VisualStudio.QualityTools.Tips.UnitTest.Adapter, Version=10.0.0.0, Culture=neutral, PublicKeyToken=b03f5f7f11d50a3a" className="GenericLinkedListCS.LinkedListTest, GenericLinkedListCS, Version=1.0.0.0, Culture=neutral, PublicKeyToken=null" name="ToStringWorks" />
    </UnitTest>
  </TestDefinitions>
  <TestLists>
    <TestList name="Results Not in a List" id="8c84fa94-04c1-424b-9868-57a2d4851a1d" />
    <TestList name="All Loaded Results" id="19431567-8539-422a-85d7-44ee4e166bda" />
  </TestLists>
  <TestEntries>
    <TestEntry testId="02c67c13-5686-be9b-7e84-3f24faa7dcd8" executionId="60ef410e-9292-43b4-ad26-3e0e04c97bd5" testListId="8c84fa94-04c1-424b-9868-57a2d4851a1d" />
    <TestEntry testId="04c5a396-41c7-45dc-b956-d33fb5265f7c" executionId="4d875b08-5a89-4e4a-ae26-b221eb4221f9" testListId="8c84fa94-04c1-424b-9868-57a2d4851a1d" />
    <TestEntry testId="053b6cbe-3cc7-4a33-3131-dede70c75661" executionId="f2c67d41-4ecc-4554-b27c-e25bd7652d33" testListId="8c84fa94-04c1-424b-9868-57a2d4851a1d" />
    <TestEntry testId="06bb2d1a-1fea-c6c7-a6ed-a5f7e171babc" executionId="ff9a5cdc-a0ca-43fb-9420-8ae976962791" testListId="8c84fa94-04c1-424b-9868-57a2d4851a1d" />
    <TestEntry testId="0b9ddbae-0f9c-af5d-4e3f-6e4aac58c977" executionId="568996e5-3725-4791-9858-bd3c443d6c69" testListId="8c84fa94-04c1-424b-9868-57a2d4851a1d" />
    <TestEntry testId="11421c5f-4311-0434-59c8-4bd2dc0ce096" executionId="37955abe-6c7b-4296-b74c-bf0b93c0d98d" testListId="8c84fa94-04c1-424b-9868-57a2d4851a1d" />
    <TestEntry testId="1199292a-e48f-e4c1-b551-72eb62effb32" executionId="1fe2758a-f0e7-49ab-a8bc-5b817fa192d4" testListId="8c84fa94-04c1-424b-9868-57a2d4851a1d" />
    <TestEntry testId="1796fa40-dd81-76df-b5a6-765fbdff4dd7" executionId="d24ded86-d953-487e-b1ca-732bf8a83202" testListId="8c84fa94-04c1-424b-9868-57a2d4851a1d" />
    <TestEntry testId="1c921095-2581-dd1d-f2e4-b4787d68d253" executionId="a59944e0-5ca5-4d45-8abb-b44ad31bcbb4" testListId="8c84fa94-04c1-424b-9868-57a2d4851a1d" />
    <TestEntry testId="204b4f9a-dab2-307f-8c00-c45577ba124e" executionId="831c0ca4-674a-422b-81b3-135466b7638d" testListId="8c84fa94-04c1-424b-9868-57a2d4851a1d" />
    <TestEntry testId="2956a1e5-41fe-134a-0dab-ce607461e05a" executionId="cbd44e3e-8c18-4e3e-a280-abacbb520b76" testListId="8c84fa94-04c1-424b-9868-57a2d4851a1d" />
    <TestEntry testId="2fbdeb02-4423-af8c-638c-9ba1ba4a3c5c" executionId="5cda3d32-614d-402a-ac3a-ba5be83ccfd6" testListId="8c84fa94-04c1-424b-9868-57a2d4851a1d" />
    <TestEntry testId="3cae1f32-c8a6-ee4d-1eec-3b8ed35302df" executionId="ee2fbb46-aece-431d-9078-b60cc4ad8cba" testListId="8c84fa94-04c1-424b-9868-57a2d4851a1d" />
    <TestEntry testId="3d8c2c0e-1ad8-8714-62f9-579f87a98b40" executionId="af77eaf3-67ec-49e2-8682-aafce396aef1" testListId="8c84fa94-04c1-424b-9868-57a2d4851a1d" />
    <TestEntry testId="4f5ea40f-a9b1-c208-d3c6-5d8b8410b973" executionId="82b52c92-dee0-4322-9958-470c1d6ec390" testListId="8c84fa94-04c1-424b-9868-57a2d4851a1d" />
    <TestEntry testId="651000fe-39aa-680c-14b6-4f6736b83edc" executionId="244fbbcd-a742-462e-bb4c-4956e1dd20a1" testListId="8c84fa94-04c1-424b-9868-57a2d4851a1d" />
    <TestEntry testId="6ebdf376-c392-777f-64e3-5a7c87fd5e56" executionId="6803ac39-08e5-484e-97b2-bee5615f9b92" testListId="8c84fa94-04c1-424b-9868-57a2d4851a1d" />
    <TestEntry testId="70040799-7ff4-31fa-ee51-7627b8b542ca" executionId="bbb39e2b-8161-4c98-be84-3df5f667f4d3" testListId="8c84fa94-04c1-424b-9868-57a2d4851a1d" />
    <TestEntry testId="70107d2d-3266-30a7-52f6-de1d025a6a3a" executionId="5adae3c9-16d2-4840-8865-4c46b1cfc096" testListId="8c84fa94-04c1-424b-9868-57a2d4851a1d" />
    <TestEntry testId="7313d119-be8f-fa94-0400-b7118f0b2f70" executionId="ec9ff242-aef8-492f-b8c9-265750546755" testListId="8c84fa94-04c1-424b-9868-57a2d4851a1d" />
    <TestEntry testId="783bde12-9771-e303-5ca3-093d826cc2ec" executionId="84669116-befe-4e59-a749-f00a5d0f0eaa" testListId="8c84fa94-04c1-424b-9868-57a2d4851a1d" />
    <TestEntry testId="868f9f42-7d2c-8768-af9f-336896d629c0" executionId="f31d832d-996b-4df9-8797-cec3fbe59ad6" testListId="8c84fa94-04c1-424b-9868-57a2d4851a1d" />
    <TestEntry testId="95cf47cd-f407-9999-9f75-9a2a68724915" executionId="85c161a0-02ef-4925-9466-71f386b9fd9f" testListId="8c84fa94-04c1-424b-9868-57a2d4851a1d" />
    <TestEntry testId="9d0ce35a-4c62-88d8-c95d-528e4214e627" executionId="da03f549-b5ae-4b9b-be2d-bffcf054949e" testListId="8c84fa94-04c1-424b-9868-57a2d4851a1d" />
    <TestEntry testId="a2b8ee21-eb43-d59f-170d-e5b5ace7e6f8" executionId="634dbdd6-5696-493e-be58-3f47e0618d1e" testListId="8c84fa94-04c1-424b-9868-57a2d4851a1d" />
    <TestEntry testId="ad93a550-9dd7-5801-8ae7-e4478c31ee9f" executionId="beb2e23a-5b2a-457d-875f-80c3f2b5b3d6" testListId="8c84fa94-04c1-424b-9868-57a2d4851a1d" />
    <TestEntry testId="adeeb323-e91a-0789-84eb-36d3efa2f9c7" executionId="b8c4b0b4-c3e9-47a8-ae3a-3b34afa63433" testListId="8c84fa94-04c1-424b-9868-57a2d4851a1d" />
    <TestEntry testId="b2d138ab-f74e-8154-830b-91eb081eb89b" executionId="405070b6-3e8d-4dd0-81bf-2bdfeda103fe" testListId="8c84fa94-04c1-424b-9868-57a2d4851a1d" />
    <TestEntry testId="b4bdad7e-fe61-0c53-a2ba-322fe3c730de" executionId="d7bf43c6-354a-49f7-aa81-4064f976bb90" testListId="8c84fa94-04c1-424b-9868-57a2d4851a1d" />
    <TestEntry testId="b7aeb646-dbc7-09f9-c0c5-17cbd8f870c2" executionId="d2ad11a8-fa21-416c-9e8e-82810ffc18c4" testListId="8c84fa94-04c1-424b-9868-57a2d4851a1d" />
    <TestEntry testId="c71471f3-ac31-6a79-e51e-823a52582aef" executionId="349bcfd2-d31e-41c1-998b-309f3f6b926a" testListId="8c84fa94-04c1-424b-9868-57a2d4851a1d" />
    <TestEntry testId="d0ef3d4e-31cb-a274-6e65-39f9492a235a" executionId="57bb1b8d-1c7d-40da-b715-6e904f4fefb9" testListId="8c84fa94-04c1-424b-9868-57a2d4851a1d" />
    <TestEntry testId="d779b876-1f71-d7d4-35d2-1d61e1f90580" executionId="37ec8397-d0c5-4cc1-80a2-1bafdecfcd6e" testListId="8c84fa94-04c1-424b-9868-57a2d4851a1d" />
    <TestEntry testId="d97eb0ad-1658-6d02-8aa3-c7ef77f40d50" executionId="ebadb72c-463f-4f3b-9009-dd6eba243042" testListId="8c84fa94-04c1-424b-9868-57a2d4851a1d" />
    <TestEntry testId="e0974bb9-6aa7-8ee7-664e-8600d5f9a298" executionId="236c9bfe-4cd0-4e64-aea9-76938c347e57" testListId="8c84fa94-04c1-424b-9868-57a2d4851a1d" />
    <TestEntry testId="ef9f1fd5-fe4c-9c8a-faa8-34afd26c97c9" executionId="78ab02f8-a3c6-46f4-a01f-82a1a69c4358" testListId="8c84fa94-04c1-424b-9868-57a2d4851a1d" />
    <TestEntry testId="faac8a3b-672c-4821-37e9-218aec3b37d6" executionId="00828bce-799f-411f-a835-baf6808e66b2" testListId="8c84fa94-04c1-424b-9868-57a2d4851a1d" />
  </TestEntries>
  <Results>
    <UnitTestResult executionId="60ef410e-9292-43b4-ad26-3e0e04c97bd5" testId="02c67c13-5686-be9b-7e84-3f24faa7dcd8" testName="ListWithItemsHasCorrectSize" computerName="HOME-PC" duration="00:00:00.0101182" startTime="2012-10-21T21:53:34.5801441+01:00" endTime="2012-10-21T21:53:34.7591543+01:00" testType="13cdc9d9-ddb5-4fa4-a97d-d965ccfc6d4b" outcome="Passed" testListId="8c84fa94-04c1-424b-9868-57a2d4851a1d" relativeResultsDirectory="60ef410e-9292-43b4-ad26-3e0e04c97bd5">
    </UnitTestResult>
    <UnitTestResult executionId="4d875b08-5a89-4e4a-ae26-b221eb4221f9" testId="04c5a396-41c7-45dc-b956-d33fb5265f7c" testName="RemovingLastItemWorks" computerName="HOME-PC" duration="00:00:00.0105347" startTime="2012-10-21T21:53:34.7601544+01:00" endTime="2012-10-21T21:53:34.9421648+01:00" testType="13cdc9d9-ddb5-4fa4-a97d-d965ccfc6d4b" outcome="Passed" testListId="8c84fa94-04c1-424b-9868-57a2d4851a1d" relativeResultsDirectory="4d875b08-5a89-4e4a-ae26-b221eb4221f9">
    </UnitTestResult>
    <UnitTestResult executionId="f2c67d41-4ecc-4554-b27c-e25bd7652d33" testId="053b6cbe-3cc7-4a33-3131-dede70c75661" testName="RemovingFirstItemWorks" computerName="HOME-PC" duration="00:00:00.0011775" startTime="2012-10-21T21:53:34.9431648+01:00" endTime="2012-10-21T21:53:34.9481651+01:00" testType="13cdc9d9-ddb5-4fa4-a97d-d965ccfc6d4b" outcome="Passed" testListId="8c84fa94-04c1-424b-9868-57a2d4851a1d" relativeResultsDirectory="f2c67d41-4ecc-4554-b27c-e25bd7652d33">
    </UnitTestResult>
    <UnitTestResult executionId="ff9a5cdc-a0ca-43fb-9420-8ae976962791" testId="06bb2d1a-1fea-c6c7-a6ed-a5f7e171babc" testName="RemovingOnlyItemWorks" computerName="HOME-PC" duration="00:00:00.0002291" startTime="2012-10-21T21:53:34.9481651+01:00" endTime="2012-10-21T21:53:34.9521653+01:00" testType="13cdc9d9-ddb5-4fa4-a97d-d965ccfc6d4b" outcome="Passed" testListId="8c84fa94-04c1-424b-9868-57a2d4851a1d" relativeResultsDirectory="ff9a5cdc-a0ca-43fb-9420-8ae976962791">
    </UnitTestResult>
    <UnitTestResult executionId="568996e5-3725-4791-9858-bd3c443d6c69" testId="0b9ddbae-0f9c-af5d-4e3f-6e4aac58c977" testName="ListWithItemsHasCorrectSize" computerName="HOME-PC" duration="00:00:00.0001437" startTime="2012-10-21T21:53:34.9531654+01:00" endTime="2012-10-21T21:53:34.9561656+01:00" testType="13cdc9d9-ddb5-4fa4-a97d-d965ccfc6d4b" outcome="Passed" testListId="8c84fa94-04c1-424b-9868-57a2d4851a1d" relativeResultsDirectory="568996e5-3725-4791-9858-bd3c443d6c69">
    </UnitTestResult>
    <UnitTestResult executionId="37955abe-6c7b-4296-b74c-bf0b93c0d98d" testId="11421c5f-4311-0434-59c8-4bd2dc0ce096" testName="RemovingItemFromMiddleWorks" computerName="HOME-PC" duration="00:00:00.0003977" startTime="2012-10-21T21:53:34.9571656+01:00" endTime="2012-10-21T21:53:34.9601658+01:00" testType="13cdc9d9-ddb5-4fa4-a97d-d965ccfc6d4b" outcome="Passed" testListId="8c84fa94-04c1-424b-9868-57a2d4851a1d" relativeResultsDirectory="37955abe-6c7b-4296-b74c-bf0b93c0d98d">
    </UnitTestResult>
    <UnitTestResult executionId="1fe2758a-f0e7-49ab-a8bc-5b817fa192d4" testId="1199292a-e48f-e4c1-b551-72eb62effb32" testName="ListWithItemsIsNotEmpty" computerName="HOME-PC" duration="00:00:00.0001316" startTime="2012-10-21T21:53:34.9611659+01:00" endTime="2012-10-21T21:53:34.9651661+01:00" testType="13cdc9d9-ddb5-4fa4-a97d-d965ccfc6d4b" outcome="Passed" testListId="8c84fa94-04c1-424b-9868-57a2d4851a1d" relativeResultsDirectory="1fe2758a-f0e7-49ab-a8bc-5b817fa192d4">
    </UnitTestResult>
    <UnitTestResult executionId="d24ded86-d953-487e-b1ca-732bf8a83202" testId="1796fa40-dd81-76df-b5a6-765fbdff4dd7" testName="NullArgumentForRemoveFails" computerName="HOME-PC" duration="00:00:00.0019037" startTime="2012-10-21T21:53:34.9651661+01:00" endTime="2012-10-21T21:53:34.9701664+01:00" testType="13cdc9d9-ddb5-4fa4-a97d-d965ccfc6d4b" outcome="Passed" testListId="8c84fa94-04c1-424b-9868-57a2d4851a1d" relativeResultsDirectory="d24ded86-d953-487e-b1ca-732bf8a83202">
    </UnitTestResult>
    <UnitTestResult executionId="a59944e0-5ca5-4d45-8abb-b44ad31bcbb4" testId="1c921095-2581-dd1d-f2e4-b4787d68d253" testName="AccessingWithTooLargeAnIndexFails" computerName="HOME-PC" duration="00:00:00.0021120" startTime="2012-10-21T21:53:34.9711664+01:00" endTime="2012-10-21T21:53:34.9771668+01:00" testType="13cdc9d9-ddb5-4fa4-a97d-d965ccfc6d4b" outcome="Passed" testListId="8c84fa94-04c1-424b-9868-57a2d4851a1d" relativeResultsDirectory="a59944e0-5ca5-4d45-8abb-b44ad31bcbb4">
    </UnitTestResult>
    <UnitTestResult executionId="831c0ca4-674a-422b-81b3-135466b7638d" testId="204b4f9a-dab2-307f-8c00-c45577ba124e" testName="NullArgumentForRemoveFails" computerName="HOME-PC" duration="00:00:00.0003057" startTime="2012-10-21T21:53:34.9771668+01:00" endTime="2012-10-21T21:53:34.9811670+01:00" testType="13cdc9d9-ddb5-4fa4-a97d-d965ccfc6d4b" outcome="Passed" testListId="8c84fa94-04c1-424b-9868-57a2d4851a1d" relativeResultsDirectory="831c0ca4-674a-422b-81b3-135466b7638d">
    </UnitTestResult>
    <UnitTestResult executionId="cbd44e3e-8c18-4e3e-a280-abacbb520b76" testId="2956a1e5-41fe-134a-0dab-ce607461e05a" testName="NewListIsEmpty" computerName="HOME-PC" duration="00:00:00.0097520" startTime="2012-10-21T21:53:34.9821671+01:00" endTime="2012-10-21T21:53:35.1691778+01:00" testType="13cdc9d9-ddb5-4fa4-a97d-d965ccfc6d4b" outcome="Passed" testListId="8c84fa94-04c1-424b-9868-57a2d4851a1d" relativeResultsDirectory="cbd44e3e-8c18-4e3e-a280-abacbb520b76">
    </UnitTestResult>
    <UnitTestResult executionId="5cda3d32-614d-402a-ac3a-ba5be83ccfd6" testId="2fbdeb02-4423-af8c-638c-9ba1ba4a3c5c" testName="AccessingWithNegativeIndexFails" computerName="HOME-PC" duration="00:00:00.0006870" startTime="2012-10-21T21:53:35.1701778+01:00" endTime="2012-10-21T21:53:35.1741780+01:00" testType="13cdc9d9-ddb5-4fa4-a97d-d965ccfc6d4b" outcome="Passed" testListId="8c84fa94-04c1-424b-9868-57a2d4851a1d" relativeResultsDirectory="5cda3d32-614d-402a-ac3a-ba5be83ccfd6">
    </UnitTestResult>
    <UnitTestResult executionId="ee2fbb46-aece-431d-9078-b60cc4ad8cba" testId="3cae1f32-c8a6-ee4d-1eec-3b8ed35302df" testName="NewListHasZeroSize" computerName="HOME-PC" duration="00:00:00.0001323" startTime="2012-10-21T21:53:35.1751781+01:00" endTime="2012-10-21T21:53:35.1781783+01:00" testType="13cdc9d9-ddb5-4fa4-a97d-d965ccfc6d4b" outcome="Passed" testListId="8c84fa94-04c1-424b-9868-57a2d4851a1d" relativeResultsDirectory="ee2fbb46-aece-431d-9078-b60cc4ad8cba">
    </UnitTestResult>
    <UnitTestResult executionId="af77eaf3-67ec-49e2-8682-aafce396aef1" testId="3d8c2c0e-1ad8-8714-62f9-579f87a98b40" testName="RemovingItemFromMiddleWorks" computerName="HOME-PC" duration="00:00:00.0004751" startTime="2012-10-21T21:53:35.1791783+01:00" endTime="2012-10-21T21:53:35.1821785+01:00" testType="13cdc9d9-ddb5-4fa4-a97d-d965ccfc6d4b" outcome="Passed" testListId="8c84fa94-04c1-424b-9868-57a2d4851a1d" relativeResultsDirectory="af77eaf3-67ec-49e2-8682-aafce396aef1">
    </UnitTestResult>
    <UnitTestResult executionId="82b52c92-dee0-4322-9958-470c1d6ec390" testId="4f5ea40f-a9b1-c208-d3c6-5d8b8410b973" testName="RemoveWhereItemNotFoundFails" computerName="HOME-PC" duration="00:00:00.0002903" startTime="2012-10-21T21:53:35.1831786+01:00" endTime="2012-10-21T21:53:35.1861787+01:00" testType="13cdc9d9-ddb5-4fa4-a97d-d965ccfc6d4b" outcome="Passed" testListId="8c84fa94-04c1-424b-9868-57a2d4851a1d" relativeResultsDirectory="82b52c92-dee0-4322-9958-470c1d6ec390">
    </UnitTestResult>
    <UnitTestResult executionId="244fbbcd-a742-462e-bb4c-4956e1dd20a1" testId="651000fe-39aa-680c-14b6-4f6736b83edc" testName="RemoveFromEmptyListFails" computerName="HOME-PC" duration="00:00:00.0003457" startTime="2012-10-21T21:53:35.1871788+01:00" endTime="2012-10-21T21:53:35.1911790+01:00" testType="13cdc9d9-ddb5-4fa4-a97d-d965ccfc6d4b" outcome="Passed" testListId="8c84fa94-04c1-424b-9868-57a2d4851a1d" relativeResultsDirectory="244fbbcd-a742-462e-bb4c-4956e1dd20a1">
    </UnitTestResult>
    <UnitTestResult executionId="6803ac39-08e5-484e-97b2-bee5615f9b92" testId="6ebdf376-c392-777f-64e3-5a7c87fd5e56" testName="ToStringWorks" computerName="HOME-PC" duration="00:00:00.0002111" startTime="2012-10-21T21:53:35.1911790+01:00" endTime="2012-10-21T21:53:35.1951792+01:00" testType="13cdc9d9-ddb5-4fa4-a97d-d965ccfc6d4b" outcome="Passed" testListId="8c84fa94-04c1-424b-9868-57a2d4851a1d" relativeResultsDirectory="6803ac39-08e5-484e-97b2-bee5615f9b92">
    </UnitTestResult>
    <UnitTestResult executionId="bbb39e2b-8161-4c98-be84-3df5f667f4d3" testId="70040799-7ff4-31fa-ee51-7627b8b542ca" testName="NewListHasZeroSize" computerName="HOME-PC" duration="00:00:00.0001283" startTime="2012-10-21T21:53:35.1951792+01:00" endTime="2012-10-21T21:53:35.1981794+01:00" testType="13cdc9d9-ddb5-4fa4-a97d-d965ccfc6d4b" outcome="Passed" testListId="8c84fa94-04c1-424b-9868-57a2d4851a1d" relativeResultsDirectory="bbb39e2b-8161-4c98-be84-3df5f667f4d3">
    </UnitTestResult>
    <UnitTestResult executionId="5adae3c9-16d2-4840-8865-4c46b1cfc096" testId="70107d2d-3266-30a7-52f6-de1d025a6a3a" testName="AccessingEmptyListFails" computerName="HOME-PC" duration="00:00:00.0008703" startTime="2012-10-21T21:53:35.1991795+01:00" endTime="2012-10-21T21:53:35.2031797+01:00" testType="13cdc9d9-ddb5-4fa4-a97d-d965ccfc6d4b" outcome="Passed" testListId="8c84fa94-04c1-424b-9868-57a2d4851a1d" relativeResultsDirectory="5adae3c9-16d2-4840-8865-4c46b1cfc096">
    </UnitTestResult>
    <UnitTestResult executionId="ec9ff242-aef8-492f-b8c9-265750546755" testId="7313d119-be8f-fa94-0400-b7118f0b2f70" testName="AccessingWithTooLargeAnIndexFails" computerName="HOME-PC" duration="00:00:00.0003020" startTime="2012-10-21T21:53:35.2041798+01:00" endTime="2012-10-21T21:53:35.2071799+01:00" testType="13cdc9d9-ddb5-4fa4-a97d-d965ccfc6d4b" outcome="Passed" testListId="8c84fa94-04c1-424b-9868-57a2d4851a1d" relativeResultsDirectory="ec9ff242-aef8-492f-b8c9-265750546755">
    </UnitTestResult>
    <UnitTestResult executionId="84669116-befe-4e59-a749-f00a5d0f0eaa" testId="783bde12-9771-e303-5ca3-093d826cc2ec" testName="CanGetMultipleItems" computerName="HOME-PC" duration="00:00:00.0003776" startTime="2012-10-21T21:53:35.2081800+01:00" endTime="2012-10-21T21:53:35.2111802+01:00" testType="13cdc9d9-ddb5-4fa4-a97d-d965ccfc6d4b" outcome="Passed" testListId="8c84fa94-04c1-424b-9868-57a2d4851a1d" relativeResultsDirectory="84669116-befe-4e59-a749-f00a5d0f0eaa">
    </UnitTestResult>
    <UnitTestResult executionId="f31d832d-996b-4df9-8797-cec3fbe59ad6" testId="868f9f42-7d2c-8768-af9f-336896d629c0" testName="RemoveWhereItemNotFoundFails" computerName="HOME-PC" duration="00:00:00.0002958" startTime="2012-10-21T21:53:35.2121802+01:00" endTime="2012-10-21T21:53:35.2151804+01:00" testType="13cdc9d9-ddb5-4fa4-a97d-d965ccfc6d4b" outcome="Passed" testListId="8c84fa94-04c1-424b-9868-57a2d4851a1d" relativeResultsDirectory="f31d832d-996b-4df9-8797-cec3fbe59ad6">
    </UnitTestResult>
    <UnitTestResult executionId="85c161a0-02ef-4925-9466-71f386b9fd9f" testId="95cf47cd-f407-9999-9f75-9a2a68724915" testName="ListWithItemsIsNotEmpty" computerName="HOME-PC" duration="00:00:00.0001591" startTime="2012-10-21T21:53:35.2161804+01:00" endTime="2012-10-21T21:53:35.2191806+01:00" testType="13cdc9d9-ddb5-4fa4-a97d-d965ccfc6d4b" outcome="Passed" testListId="8c84fa94-04c1-424b-9868-57a2d4851a1d" relativeResultsDirectory="85c161a0-02ef-4925-9466-71f386b9fd9f">
    </UnitTestResult>
    <UnitTestResult executionId="da03f549-b5ae-4b9b-be2d-bffcf054949e" testId="9d0ce35a-4c62-88d8-c95d-528e4214e627" testName="RemoveFromEmptyListFails" computerName="HOME-PC" duration="00:00:00.0003222" startTime="2012-10-21T21:53:35.2201807+01:00" endTime="2012-10-21T21:53:35.2231808+01:00" testType="13cdc9d9-ddb5-4fa4-a97d-d965ccfc6d4b" outcome="Passed" testListId="8c84fa94-04c1-424b-9868-57a2d4851a1d" relativeResultsDirectory="da03f549-b5ae-4b9b-be2d-bffcf054949e">
    </UnitTestResult>
    <UnitTestResult executionId="634dbdd6-5696-493e-be58-3f47e0618d1e" testId="a2b8ee21-eb43-d59f-170d-e5b5ace7e6f8" testName="NewListIsEmpty" computerName="HOME-PC" duration="00:00:00.0001202" startTime="2012-10-21T21:53:35.2241809+01:00" endTime="2012-10-21T21:53:35.2271811+01:00" testType="13cdc9d9-ddb5-4fa4-a97d-d965ccfc6d4b" outcome="Passed" testListId="8c84fa94-04c1-424b-9868-57a2d4851a1d" relativeResultsDirectory="634dbdd6-5696-493e-be58-3f47e0618d1e">
    </UnitTestResult>
    <UnitTestResult executionId="beb2e23a-5b2a-457d-875f-80c3f2b5b3d6" testId="ad93a550-9dd7-5801-8ae7-e4478c31ee9f" testName="AccessingWithNegativeIndexFails" computerName="HOME-PC" duration="00:00:00.0003343" startTime="2012-10-21T21:53:35.2281811+01:00" endTime="2012-10-21T21:53:35.2311813+01:00" testType="13cdc9d9-ddb5-4fa4-a97d-d965ccfc6d4b" outcome="Passed" testListId="8c84fa94-04c1-424b-9868-57a2d4851a1d" relativeResultsDirectory="beb2e23a-5b2a-457d-875f-80c3f2b5b3d6">
    </UnitTestResult>
    <UnitTestResult executionId="b8c4b0b4-c3e9-47a8-ae3a-3b34afa63433" testId="adeeb323-e91a-0789-84eb-36d3efa2f9c7" testName="AccessingEmptyListFails" computerName="HOME-PC" duration="00:00:00.0003094" startTime="2012-10-21T21:53:35.2321814+01:00" endTime="2012-10-21T21:53:35.2351815+01:00" testType="13cdc9d9-ddb5-4fa4-a97d-d965ccfc6d4b" outcome="Passed" testListId="8c84fa94-04c1-424b-9868-57a2d4851a1d" relativeResultsDirectory="b8c4b0b4-c3e9-47a8-ae3a-3b34afa63433">
    </UnitTestResult>
    <UnitTestResult executionId="405070b6-3e8d-4dd0-81bf-2bdfeda103fe" testId="b2d138ab-f74e-8154-830b-91eb081eb89b" testName="RemovingLastItemWorks" computerName="HOME-PC" duration="00:00:00.0003108" startTime="2012-10-21T21:53:35.2361816+01:00" endTime="2012-10-21T21:53:35.2391818+01:00" testType="13cdc9d9-ddb5-4fa4-a97d-d965ccfc6d4b" outcome="Passed" testListId="8c84fa94-04c1-424b-9868-57a2d4851a1d" relativeResultsDirectory="405070b6-3e8d-4dd0-81bf-2bdfeda103fe">
    </UnitTestResult>
    <UnitTestResult executionId="d7bf43c6-354a-49f7-aa81-4064f976bb90" testId="b4bdad7e-fe61-0c53-a2ba-322fe3c730de" testName="CanGetSingleItem" computerName="HOME-PC" duration="00:00:00.0001506" startTime="2012-10-21T21:53:35.2401818+01:00" endTime="2012-10-21T21:53:35.2431820+01:00" testType="13cdc9d9-ddb5-4fa4-a97d-d965ccfc6d4b" outcome="Passed" testListId="8c84fa94-04c1-424b-9868-57a2d4851a1d" relativeResultsDirectory="d7bf43c6-354a-49f7-aa81-4064f976bb90">
    </UnitTestResult>
    <UnitTestResult executionId="d2ad11a8-fa21-416c-9e8e-82810ffc18c4" testId="b7aeb646-dbc7-09f9-c0c5-17cbd8f870c2" testName="ListWithItemsIsntEmpty" computerName="HOME-PC" duration="00:00:00.0004182" startTime="2012-10-21T21:53:35.2441821+01:00" endTime="2012-10-21T21:53:35.2491823+01:00" testType="13cdc9d9-ddb5-4fa4-a97d-d965ccfc6d4b" outcome="Passed" testListId="8c84fa94-04c1-424b-9868-57a2d4851a1d" relativeResultsDirectory="d2ad11a8-fa21-416c-9e8e-82810ffc18c4">
    </UnitTestResult>
    <UnitTestResult executionId="349bcfd2-d31e-41c1-998b-309f3f6b926a" testId="c71471f3-ac31-6a79-e51e-823a52582aef" testName="NewListIsEmpty" computerName="HOME-PC" duration="00:00:00.0001356" startTime="2012-10-21T21:53:35.2491823+01:00" endTime="2012-10-21T21:53:35.2531826+01:00" testType="13cdc9d9-ddb5-4fa4-a97d-d965ccfc6d4b" outcome="Passed" testListId="8c84fa94-04c1-424b-9868-57a2d4851a1d" relativeResultsDirectory="349bcfd2-d31e-41c1-998b-309f3f6b926a">
    </UnitTestResult>
    <UnitTestResult executionId="57bb1b8d-1c7d-40da-b715-6e904f4fefb9" testId="d0ef3d4e-31cb-a274-6e65-39f9492a235a" testName="ToStringWorks" computerName="HOME-PC" duration="00:00:00.0002280" startTime="2012-10-21T21:53:35.2541826+01:00" endTime="2012-10-21T21:53:35.2571828+01:00" testType="13cdc9d9-ddb5-4fa4-a97d-d965ccfc6d4b" outcome="Passed" testListId="8c84fa94-04c1-424b-9868-57a2d4851a1d" relativeResultsDirectory="57bb1b8d-1c7d-40da-b715-6e904f4fefb9">
    </UnitTestResult>
    <UnitTestResult executionId="37ec8397-d0c5-4cc1-80a2-1bafdecfcd6e" testId="d779b876-1f71-d7d4-35d2-1d61e1f90580" testName="RemovingOnlyItemWorks" computerName="HOME-PC" duration="00:00:00.0004025" startTime="2012-10-21T21:53:35.2581829+01:00" endTime="2012-10-21T21:53:35.2781840+01:00" testType="13cdc9d9-ddb5-4fa4-a97d-d965ccfc6d4b" outcome="Passed" testListId="8c84fa94-04c1-424b-9868-57a2d4851a1d" relativeResultsDirectory="37ec8397-d0c5-4cc1-80a2-1bafdecfcd6e">
    </UnitTestResult>
    <UnitTestResult executionId="ebadb72c-463f-4f3b-9009-dd6eba243042" testId="d97eb0ad-1658-6d02-8aa3-c7ef77f40d50" testName="FirstItemCanBeFetched" computerName="HOME-PC" duration="00:00:00.0003130" startTime="2012-10-21T21:53:35.2791841+01:00" endTime="2012-10-21T21:53:35.2831843+01:00" testType="13cdc9d9-ddb5-4fa4-a97d-d965ccfc6d4b" outcome="Passed" testListId="8c84fa94-04c1-424b-9868-57a2d4851a1d" relativeResultsDirectory="ebadb72c-463f-4f3b-9009-dd6eba243042">
    </UnitTestResult>
    <UnitTestResult executionId="236c9bfe-4cd0-4e64-aea9-76938c347e57" testId="e0974bb9-6aa7-8ee7-664e-8600d5f9a298" testName="CanGetSingleItem" computerName="HOME-PC" duration="00:00:00.0003204" startTime="2012-10-21T21:53:35.2831843+01:00" endTime="2012-10-21T21:53:35.2871845+01:00" testType="13cdc9d9-ddb5-4fa4-a97d-d965ccfc6d4b" outcome="Passed" testListId="8c84fa94-04c1-424b-9868-57a2d4851a1d" relativeResultsDirectory="236c9bfe-4cd0-4e64-aea9-76938c347e57">
    </UnitTestResult>
    <UnitTestResult executionId="78ab02f8-a3c6-46f4-a01f-82a1a69c4358" testId="ef9f1fd5-fe4c-9c8a-faa8-34afd26c97c9" testName="CanGetMultipleItems" computerName="HOME-PC" duration="00:00:00.0002133" startTime="2012-10-21T21:53:35.2871845+01:00" endTime="2012-10-21T21:53:35.2911847+01:00" testType="13cdc9d9-ddb5-4fa4-a97d-d965ccfc6d4b" outcome="Passed" testListId="8c84fa94-04c1-424b-9868-57a2d4851a1d" relativeResultsDirectory="78ab02f8-a3c6-46f4-a01f-82a1a69c4358">
    </UnitTestResult>
    <UnitTestResult executionId="00828bce-799f-411f-a835-baf6808e66b2" testId="faac8a3b-672c-4821-37e9-218aec3b37d6" testName="RemovingFirstItemWorks" computerName="HOME-PC" duration="00:00:00.0002089" startTime="2012-10-21T21:53:35.2921848+01:00" endTime="2012-10-21T21:53:35.2951850+01:00" testType="13cdc9d9-ddb5-4fa4-a97d-d965ccfc6d4b" outcome="Passed" testListId="8c84fa94-04c1-424b-9868-57a2d4851a1d" relativeResultsDirectory="00828bce-799f-411f-a835-baf6808e66b2">
    </UnitTestResult>
  </Results>
</TestRun>