<?xml version="1.0" encoding="UTF-8"?>
<TestRun id="8531025d-2dee-4716-ab10-cf77a4f85ccc" name="Garth@HOME-PC 2012-10-21 21:35:51" runUser="Home-PC\Garth" xmlns="http://microsoft.com/schemas/VisualStudio/TeamTest/2010">
  <TestSettings name="Default Test Settings" id="0d6a7d26-d3d8-4cf9-8600-56074df52943">
    <Execution>
      <TestTypeSpecific />
      <AgentRule name="Execution Agents">
      </AgentRule>
    </Execution>
    <Deployment runDeploymentRoot="Garth_HOME-PC 2012-10-21 21_35_51" />
  </TestSettings>
  <Times creation="2012-10-21T21:35:51.1963220+01:00" queuing="2012-10-21T21:35:51.3163289+01:00" start="2012-10-21T21:35:51.3253294+01:00" finish="2012-10-21T21:35:51.9783667+01:00" />
  <ResultSummary outcome="Completed">
    <Counters total="34" executed="34" passed="34" error="0" failed="0" timeout="0" aborted="0" inconclusive="0" passedButRunAborted="0" notRunnable="0" notExecuted="0" disconnected="0" warning="0" completed="0" inProgress="0" pending="0" />
  </ResultSummary>
  <TestDefinitions>
    <UnitTest name="NewListHasZeroSize" storage="c:\currentbuilds\scrumdeveloperkainosoctober2012\courseprojects\visualstudioprojects\linkedlistchallenge\linkedlistsolutiongenericwithmstestvb\bin\debug\genericlinkedlistvb.dll" id="70040799-7ff4-31fa-ee51-7627b8b542ca">
      <Execution id="db80080d-55f1-4982-b91b-70dd67fd09b1" />
      <TestMethod codeBase="C:/CurrentBuilds/ScrumDeveloperKainosOctober2012/CourseProjects/VisualStudioProjects/LinkedListChallenge/LinkedListSolutionGenericWithMSTestVB/bin/Debug/GenericLinkedListVB.DLL" adapterTypeName="Microsoft.VisualStudio.TestTools.TestTypes.Unit.UnitTestAdapter, Microsoft.VisualStudio.QualityTools.Tips.UnitTest.Adapter, Version=10.0.0.0, Culture=neutral, PublicKeyToken=b03f5f7f11d50a3a" className="GenericLinkedListVB.LinkedListTest, GenericLinkedListVB, Version=1.0.0.0, Culture=neutral, PublicKeyToken=null" name="NewListHasZeroSize" />
    </UnitTest>
    <UnitTest name="RemovingLastItemWorks" storage="c:\currentbuilds\scrumdeveloperkainosoctober2012\courseprojects\visualstudioprojects\linkedlistchallenge\linkedlistsolutiongenericwithmstestcs\bin\debug\genericlinkedlistcs.dll" id="04c5a396-41c7-45dc-b956-d33fb5265f7c">
      <Execution id="bdd32a24-8174-4215-9b52-9410f2cb4ff9" />
      <TestMethod codeBase="C:/CurrentBuilds/ScrumDeveloperKainosOctober2012/CourseProjects/VisualStudioProjects/LinkedListChallenge/LinkedListSolutionGenericWithMSTestCS/bin/Debug/GenericLinkedListCS.DLL" adapterTypeName="Microsoft.VisualStudio.TestTools.TestTypes.Unit.UnitTestAdapter, Microsoft.VisualStudio.QualityTools.Tips.UnitTest.Adapter, Version=10.0.0.0, Culture=neutral, PublicKeyToken=b03f5f7f11d50a3a" className="GenericLinkedListCS.LinkedListTest, GenericLinkedListCS, Version=1.0.0.0, Culture=neutral, PublicKeyToken=null" name="RemovingLastItemWorks" />
    </UnitTest>
    <UnitTest name="RemovingOnlyItemWorks" storage="c:\currentbuilds\scrumdeveloperkainosoctober2012\courseprojects\visualstudioprojects\linkedlistchallenge\linkedlistsolutiongenericwithmstestvb\bin\debug\genericlinkedlistvb.dll" id="06bb2d1a-1fea-c6c7-a6ed-a5f7e171babc">
      <Execution id="f15145bf-bed6-49f1-98d1-aa68821a804d" />
      <TestMethod codeBase="C:/CurrentBuilds/ScrumDeveloperKainosOctober2012/CourseProjects/VisualStudioProjects/LinkedListChallenge/LinkedListSolutionGenericWithMSTestVB/bin/Debug/GenericLinkedListVB.DLL" adapterTypeName="Microsoft.VisualStudio.TestTools.TestTypes.Unit.UnitTestAdapter, Microsoft.VisualStudio.QualityTools.Tips.UnitTest.Adapter, Version=10.0.0.0, Culture=neutral, PublicKeyToken=b03f5f7f11d50a3a" className="GenericLinkedListVB.LinkedListTest, GenericLinkedListVB, Version=1.0.0.0, Culture=neutral, PublicKeyToken=null" name="RemovingOnlyItemWorks" />
    </UnitTest>
    <UnitTest name="RemovingItemFromMiddleWorks" storage="c:\currentbuilds\scrumdeveloperkainosoctober2012\courseprojects\visualstudioprojects\linkedlistchallenge\linkedlistsolutiongenericwithmstestcs\bin\debug\genericlinkedlistcs.dll" id="11421c5f-4311-0434-59c8-4bd2dc0ce096">
      <Execution id="181d08cd-1464-4193-afd1-82bb73107be2" />
      <TestMethod codeBase="C:/CurrentBuilds/ScrumDeveloperKainosOctober2012/CourseProjects/VisualStudioProjects/LinkedListChallenge/LinkedListSolutionGenericWithMSTestCS/bin/Debug/GenericLinkedListCS.DLL" adapterTypeName="Microsoft.VisualStudio.TestTools.TestTypes.Unit.UnitTestAdapter, Microsoft.VisualStudio.QualityTools.Tips.UnitTest.Adapter, Version=10.0.0.0, Culture=neutral, PublicKeyToken=b03f5f7f11d50a3a" className="GenericLinkedListCS.LinkedListTest, GenericLinkedListCS, Version=1.0.0.0, Culture=neutral, PublicKeyToken=null" name="RemovingItemFromMiddleWorks" />
    </UnitTest>
    <UnitTest name="AccessingEmptyListFails" storage="c:\currentbuilds\scrumdeveloperkainosoctober2012\courseprojects\visualstudioprojects\linkedlistchallenge\linkedlistsolutiongenericwithmstestcs\bin\debug\genericlinkedlistcs.dll" id="adeeb323-e91a-0789-84eb-36d3efa2f9c7">
      <Execution id="3c8ea391-bf4f-4af3-a68a-56a98787b5f3" />
      <TestMethod codeBase="C:/CurrentBuilds/ScrumDeveloperKainosOctober2012/CourseProjects/VisualStudioProjects/LinkedListChallenge/LinkedListSolutionGenericWithMSTestCS/bin/Debug/GenericLinkedListCS.DLL" adapterTypeName="Microsoft.VisualStudio.TestTools.TestTypes.Unit.UnitTestAdapter, Microsoft.VisualStudio.QualityTools.Tips.UnitTest.Adapter, Version=10.0.0.0, Culture=neutral, PublicKeyToken=b03f5f7f11d50a3a" className="GenericLinkedListCS.LinkedListTest, GenericLinkedListCS, Version=1.0.0.0, Culture=neutral, PublicKeyToken=null" name="AccessingEmptyListFails" />
    </UnitTest>
    <UnitTest name="NewListIsEmpty" storage="c:\currentbuilds\scrumdeveloperkainosoctober2012\courseprojects\visualstudioprojects\linkedlistchallenge\linkedlistsolutiongenericwithmstestvb\bin\debug\genericlinkedlistvb.dll" id="c71471f3-ac31-6a79-e51e-823a52582aef">
      <Execution id="ee2638de-3789-458c-a729-81980e3619fa" />
      <TestMethod codeBase="C:/CurrentBuilds/ScrumDeveloperKainosOctober2012/CourseProjects/VisualStudioProjects/LinkedListChallenge/LinkedListSolutionGenericWithMSTestVB/bin/Debug/GenericLinkedListVB.DLL" adapterTypeName="Microsoft.VisualStudio.TestTools.TestTypes.Unit.UnitTestAdapter, Microsoft.VisualStudio.QualityTools.Tips.UnitTest.Adapter, Version=10.0.0.0, Culture=neutral, PublicKeyToken=b03f5f7f11d50a3a" className="GenericLinkedListVB.LinkedListTest, GenericLinkedListVB, Version=1.0.0.0, Culture=neutral, PublicKeyToken=null" name="NewListIsEmpty" />
    </UnitTest>
    <UnitTest name="NullArgumentForRemoveFails" storage="c:\currentbuilds\scrumdeveloperkainosoctober2012\courseprojects\visualstudioprojects\linkedlistchallenge\linkedlistsolutiongenericwithmstestcs\bin\debug\genericlinkedlistcs.dll" id="204b4f9a-dab2-307f-8c00-c45577ba124e">
      <Execution id="9b26ef56-ac4a-45ef-a569-e53d9420821c" />
      <TestMethod codeBase="C:/CurrentBuilds/ScrumDeveloperKainosOctober2012/CourseProjects/VisualStudioProjects/LinkedListChallenge/LinkedListSolutionGenericWithMSTestCS/bin/Debug/GenericLinkedListCS.DLL" adapterTypeName="Microsoft.VisualStudio.TestTools.TestTypes.Unit.UnitTestAdapter, Microsoft.VisualStudio.QualityTools.Tips.UnitTest.Adapter, Version=10.0.0.0, Culture=neutral, PublicKeyToken=b03f5f7f11d50a3a" className="GenericLinkedListCS.LinkedListTest, GenericLinkedListCS, Version=1.0.0.0, Culture=neutral, PublicKeyToken=null" name="NullArgumentForRemoveFails" />
    </UnitTest>
    <UnitTest name="AccessingWithNegativeIndexFails" storage="c:\currentbuilds\scrumdeveloperkainosoctober2012\courseprojects\visualstudioprojects\linkedlistchallenge\linkedlistsolutiongenericwithmstestvb\bin\debug\genericlinkedlistvb.dll" id="2fbdeb02-4423-af8c-638c-9ba1ba4a3c5c">
      <Execution id="49940ef2-e336-4292-b1f2-39ad7e82edb9" />
      <TestMethod codeBase="C:/CurrentBuilds/ScrumDeveloperKainosOctober2012/CourseProjects/VisualStudioProjects/LinkedListChallenge/LinkedListSolutionGenericWithMSTestVB/bin/Debug/GenericLinkedListVB.DLL" adapterTypeName="Microsoft.VisualStudio.TestTools.TestTypes.Unit.UnitTestAdapter, Microsoft.VisualStudio.QualityTools.Tips.UnitTest.Adapter, Version=10.0.0.0, Culture=neutral, PublicKeyToken=b03f5f7f11d50a3a" className="GenericLinkedListVB.LinkedListTest, GenericLinkedListVB, Version=1.0.0.0, Culture=neutral, PublicKeyToken=null" name="AccessingWithNegativeIndexFails" />
    </UnitTest>
    <UnitTest name="RemoveFromEmpty_listFails" storage="c:\currentbuilds\scrumdeveloperkainosoctober2012\courseprojects\visualstudioprojects\linkedlistchallenge\linkedlistsolutiongenericwithmstestvb\bin\debug\genericlinkedlistvb.dll" id="e7912b7c-f30c-dc7d-66cd-8543889ef661">
      <Execution id="25408f1f-8e9f-4664-b5dc-1f8b3fcac818" />
      <TestMethod codeBase="C:/CurrentBuilds/ScrumDeveloperKainosOctober2012/CourseProjects/VisualStudioProjects/LinkedListChallenge/LinkedListSolutionGenericWithMSTestVB/bin/Debug/GenericLinkedListVB.DLL" adapterTypeName="Microsoft.VisualStudio.TestTools.TestTypes.Unit.UnitTestAdapter, Microsoft.VisualStudio.QualityTools.Tips.UnitTest.Adapter, Version=10.0.0.0, Culture=neutral, PublicKeyToken=b03f5f7f11d50a3a" className="GenericLinkedListVB.LinkedListTest, GenericLinkedListVB, Version=1.0.0.0, Culture=neutral, PublicKeyToken=null" name="RemoveFromEmpty_listFails" />
    </UnitTest>
    <UnitTest name="ListWithItemsHasCorrectSize" storage="c:\currentbuilds\scrumdeveloperkainosoctober2012\courseprojects\visualstudioprojects\linkedlistchallenge\linkedlistsolutiongenericwithmstestvb\bin\debug\genericlinkedlistvb.dll" id="02c67c13-5686-be9b-7e84-3f24faa7dcd8">
      <Execution id="b222c230-24ff-4136-abad-9ae065721f73" />
      <TestMethod codeBase="C:/CurrentBuilds/ScrumDeveloperKainosOctober2012/CourseProjects/VisualStudioProjects/LinkedListChallenge/LinkedListSolutionGenericWithMSTestVB/bin/Debug/GenericLinkedListVB.DLL" adapterTypeName="Microsoft.VisualStudio.TestTools.TestTypes.Unit.UnitTestAdapter, Microsoft.VisualStudio.QualityTools.Tips.UnitTest.Adapter, Version=10.0.0.0, Culture=neutral, PublicKeyToken=b03f5f7f11d50a3a" className="GenericLinkedListVB.LinkedListTest, GenericLinkedListVB, Version=1.0.0.0, Culture=neutral, PublicKeyToken=null" name="ListWithItemsHasCorrectSize" />
    </UnitTest>
    <UnitTest name="ListWithItemsIsNotEmpty" storage="c:\currentbuilds\scrumdeveloperkainosoctober2012\courseprojects\visualstudioprojects\linkedlistchallenge\linkedlistsolutiongenericwithmstestcs\bin\debug\genericlinkedlistcs.dll" id="95cf47cd-f407-9999-9f75-9a2a68724915">
      <Execution id="5da2ab8c-1372-40d4-aabc-cee865322eec" />
      <TestMethod codeBase="C:/CurrentBuilds/ScrumDeveloperKainosOctober2012/CourseProjects/VisualStudioProjects/LinkedListChallenge/LinkedListSolutionGenericWithMSTestCS/bin/Debug/GenericLinkedListCS.DLL" adapterTypeName="Microsoft.VisualStudio.TestTools.TestTypes.Unit.UnitTestAdapter, Microsoft.VisualStudio.QualityTools.Tips.UnitTest.Adapter, Version=10.0.0.0, Culture=neutral, PublicKeyToken=b03f5f7f11d50a3a" className="GenericLinkedListCS.LinkedListTest, GenericLinkedListCS, Version=1.0.0.0, Culture=neutral, PublicKeyToken=null" name="ListWithItemsIsNotEmpty" />
    </UnitTest>
    <UnitTest name="NewListIsEmpty" storage="c:\currentbuilds\scrumdeveloperkainosoctober2012\courseprojects\visualstudioprojects\linkedlistchallenge\linkedlistsolutiongenericwithmstestcs\bin\debug\genericlinkedlistcs.dll" id="a2b8ee21-eb43-d59f-170d-e5b5ace7e6f8">
      <Execution id="538bffad-3f70-42bb-a133-aea93b91d5c7" />
      <TestMethod codeBase="C:/CurrentBuilds/ScrumDeveloperKainosOctober2012/CourseProjects/VisualStudioProjects/LinkedListChallenge/LinkedListSolutionGenericWithMSTestCS/bin/Debug/GenericLinkedListCS.DLL" adapterTypeName="Microsoft.VisualStudio.TestTools.TestTypes.Unit.UnitTestAdapter, Microsoft.VisualStudio.QualityTools.Tips.UnitTest.Adapter, Version=10.0.0.0, Culture=neutral, PublicKeyToken=b03f5f7f11d50a3a" className="GenericLinkedListCS.LinkedListTest, GenericLinkedListCS, Version=1.0.0.0, Culture=neutral, PublicKeyToken=null" name="NewListIsEmpty" />
    </UnitTest>
    <UnitTest name="CanGetSingleItem" storage="c:\currentbuilds\scrumdeveloperkainosoctober2012\courseprojects\visualstudioprojects\linkedlistchallenge\linkedlistsolutiongenericwithmstestcs\bin\debug\genericlinkedlistcs.dll" id="e0974bb9-6aa7-8ee7-664e-8600d5f9a298">
      <Execution id="d8b6729e-e11e-45a7-b637-4be71cd58975" />
      <TestMethod codeBase="C:/CurrentBuilds/ScrumDeveloperKainosOctober2012/CourseProjects/VisualStudioProjects/LinkedListChallenge/LinkedListSolutionGenericWithMSTestCS/bin/Debug/GenericLinkedListCS.DLL" adapterTypeName="Microsoft.VisualStudio.TestTools.TestTypes.Unit.UnitTestAdapter, Microsoft.VisualStudio.QualityTools.Tips.UnitTest.Adapter, Version=10.0.0.0, Culture=neutral, PublicKeyToken=b03f5f7f11d50a3a" className="GenericLinkedListCS.LinkedListTest, GenericLinkedListCS, Version=1.0.0.0, Culture=neutral, PublicKeyToken=null" name="CanGetSingleItem" />
    </UnitTest>
    <UnitTest name="ToStringWorks" storage="c:\currentbuilds\scrumdeveloperkainosoctober2012\courseprojects\visualstudioprojects\linkedlistchallenge\linkedlistsolutiongenericwithmstestvb\bin\debug\genericlinkedlistvb.dll" id="d0ef3d4e-31cb-a274-6e65-39f9492a235a">
      <Execution id="24c8a55a-45b2-4efb-832c-740edf86925c" />
      <TestMethod codeBase="C:/CurrentBuilds/ScrumDeveloperKainosOctober2012/CourseProjects/VisualStudioProjects/LinkedListChallenge/LinkedListSolutionGenericWithMSTestVB/bin/Debug/GenericLinkedListVB.DLL" adapterTypeName="Microsoft.VisualStudio.TestTools.TestTypes.Unit.UnitTestAdapter, Microsoft.VisualStudio.QualityTools.Tips.UnitTest.Adapter, Version=10.0.0.0, Culture=neutral, PublicKeyToken=b03f5f7f11d50a3a" className="GenericLinkedListVB.LinkedListTest, GenericLinkedListVB, Version=1.0.0.0, Culture=neutral, PublicKeyToken=null" name="ToStringWorks" />
    </UnitTest>
    <UnitTest name="AccessingWithNegativeIndexFails" storage="c:\currentbuilds\scrumdeveloperkainosoctober2012\courseprojects\visualstudioprojects\linkedlistchallenge\linkedlistsolutiongenericwithmstestcs\bin\debug\genericlinkedlistcs.dll" id="ad93a550-9dd7-5801-8ae7-e4478c31ee9f">
      <Execution id="b2b06703-dae5-41a5-b695-0bab6d07de96" />
      <TestMethod codeBase="C:/CurrentBuilds/ScrumDeveloperKainosOctober2012/CourseProjects/VisualStudioProjects/LinkedListChallenge/LinkedListSolutionGenericWithMSTestCS/bin/Debug/GenericLinkedListCS.DLL" adapterTypeName="Microsoft.VisualStudio.TestTools.TestTypes.Unit.UnitTestAdapter, Microsoft.VisualStudio.QualityTools.Tips.UnitTest.Adapter, Version=10.0.0.0, Culture=neutral, PublicKeyToken=b03f5f7f11d50a3a" className="GenericLinkedListCS.LinkedListTest, GenericLinkedListCS, Version=1.0.0.0, Culture=neutral, PublicKeyToken=null" name="AccessingWithNegativeIndexFails" />
    </UnitTest>
    <UnitTest name="AccessingWithTooLargeAnIndexFails" storage="c:\currentbuilds\scrumdeveloperkainosoctober2012\courseprojects\visualstudioprojects\linkedlistchallenge\linkedlistsolutiongenericwithmstestcs\bin\debug\genericlinkedlistcs.dll" id="1c921095-2581-dd1d-f2e4-b4787d68d253">
      <Execution id="27168e8d-347f-4c52-a01d-bc447b48ab4b" />
      <TestMethod codeBase="C:/CurrentBuilds/ScrumDeveloperKainosOctober2012/CourseProjects/VisualStudioProjects/LinkedListChallenge/LinkedListSolutionGenericWithMSTestCS/bin/Debug/GenericLinkedListCS.DLL" adapterTypeName="Microsoft.VisualStudio.TestTools.TestTypes.Unit.UnitTestAdapter, Microsoft.VisualStudio.QualityTools.Tips.UnitTest.Adapter, Version=10.0.0.0, Culture=neutral, PublicKeyToken=b03f5f7f11d50a3a" className="GenericLinkedListCS.LinkedListTest, GenericLinkedListCS, Version=1.0.0.0, Culture=neutral, PublicKeyToken=null" name="AccessingWithTooLargeAnIndexFails" />
    </UnitTest>
    <UnitTest name="RemoveWhereItemNotFoundFails" storage="c:\currentbuilds\scrumdeveloperkainosoctober2012\courseprojects\visualstudioprojects\linkedlistchallenge\linkedlistsolutiongenericwithmstestcs\bin\debug\genericlinkedlistcs.dll" id="868f9f42-7d2c-8768-af9f-336896d629c0">
      <Execution id="8656a751-425f-47d5-a344-ca16a60c58a4" />
      <TestMethod codeBase="C:/CurrentBuilds/ScrumDeveloperKainosOctober2012/CourseProjects/VisualStudioProjects/LinkedListChallenge/LinkedListSolutionGenericWithMSTestCS/bin/Debug/GenericLinkedListCS.DLL" adapterTypeName="Microsoft.VisualStudio.TestTools.TestTypes.Unit.UnitTestAdapter, Microsoft.VisualStudio.QualityTools.Tips.UnitTest.Adapter, Version=10.0.0.0, Culture=neutral, PublicKeyToken=b03f5f7f11d50a3a" className="GenericLinkedListCS.LinkedListTest, GenericLinkedListCS, Version=1.0.0.0, Culture=neutral, PublicKeyToken=null" name="RemoveWhereItemNotFoundFails" />
    </UnitTest>
    <UnitTest name="CanGetMultipleItems" storage="c:\currentbuilds\scrumdeveloperkainosoctober2012\courseprojects\visualstudioprojects\linkedlistchallenge\linkedlistsolutiongenericwithmstestvb\bin\debug\genericlinkedlistvb.dll" id="783bde12-9771-e303-5ca3-093d826cc2ec">
      <Execution id="758fba98-7125-496c-b5b6-bfc458faec09" />
      <TestMethod codeBase="C:/CurrentBuilds/ScrumDeveloperKainosOctober2012/CourseProjects/VisualStudioProjects/LinkedListChallenge/LinkedListSolutionGenericWithMSTestVB/bin/Debug/GenericLinkedListVB.DLL" adapterTypeName="Microsoft.VisualStudio.TestTools.TestTypes.Unit.UnitTestAdapter, Microsoft.VisualStudio.QualityTools.Tips.UnitTest.Adapter, Version=10.0.0.0, Culture=neutral, PublicKeyToken=b03f5f7f11d50a3a" className="GenericLinkedListVB.LinkedListTest, GenericLinkedListVB, Version=1.0.0.0, Culture=neutral, PublicKeyToken=null" name="CanGetMultipleItems" />
    </UnitTest>
    <UnitTest name="NullArgumentForRemoveFails" storage="c:\currentbuilds\scrumdeveloperkainosoctober2012\courseprojects\visualstudioprojects\linkedlistchallenge\linkedlistsolutiongenericwithmstestvb\bin\debug\genericlinkedlistvb.dll" id="1796fa40-dd81-76df-b5a6-765fbdff4dd7">
      <Execution id="f3364184-c996-4b5e-bdfc-fbb2fcf30ac8" />
      <TestMethod codeBase="C:/CurrentBuilds/ScrumDeveloperKainosOctober2012/CourseProjects/VisualStudioProjects/LinkedListChallenge/LinkedListSolutionGenericWithMSTestVB/bin/Debug/GenericLinkedListVB.DLL" adapterTypeName="Microsoft.VisualStudio.TestTools.TestTypes.Unit.UnitTestAdapter, Microsoft.VisualStudio.QualityTools.Tips.UnitTest.Adapter, Version=10.0.0.0, Culture=neutral, PublicKeyToken=b03f5f7f11d50a3a" className="GenericLinkedListVB.LinkedListTest, GenericLinkedListVB, Version=1.0.0.0, Culture=neutral, PublicKeyToken=null" name="NullArgumentForRemoveFails" />
    </UnitTest>
    <UnitTest name="NewListHasZeroSize" storage="c:\currentbuilds\scrumdeveloperkainosoctober2012\courseprojects\visualstudioprojects\linkedlistchallenge\linkedlistsolutiongenericwithmstestcs\bin\debug\genericlinkedlistcs.dll" id="3cae1f32-c8a6-ee4d-1eec-3b8ed35302df">
      <Execution id="139823e5-8fa8-41e5-aea7-04080b48c4bd" />
      <TestMethod codeBase="C:/CurrentBuilds/ScrumDeveloperKainosOctober2012/CourseProjects/VisualStudioProjects/LinkedListChallenge/LinkedListSolutionGenericWithMSTestCS/bin/Debug/GenericLinkedListCS.DLL" adapterTypeName="Microsoft.VisualStudio.TestTools.TestTypes.Unit.UnitTestAdapter, Microsoft.VisualStudio.QualityTools.Tips.UnitTest.Adapter, Version=10.0.0.0, Culture=neutral, PublicKeyToken=b03f5f7f11d50a3a" className="GenericLinkedListCS.LinkedListTest, GenericLinkedListCS, Version=1.0.0.0, Culture=neutral, PublicKeyToken=null" name="NewListHasZeroSize" />
    </UnitTest>
    <UnitTest name="RemoveFromEmptyListFails" storage="c:\currentbuilds\scrumdeveloperkainosoctober2012\courseprojects\visualstudioprojects\linkedlistchallenge\linkedlistsolutiongenericwithmstestcs\bin\debug\genericlinkedlistcs.dll" id="651000fe-39aa-680c-14b6-4f6736b83edc">
      <Execution id="af1d8ea2-a2e0-4a94-9d19-84781b2e42a2" />
      <TestMethod codeBase="C:/CurrentBuilds/ScrumDeveloperKainosOctober2012/CourseProjects/VisualStudioProjects/LinkedListChallenge/LinkedListSolutionGenericWithMSTestCS/bin/Debug/GenericLinkedListCS.DLL" adapterTypeName="Microsoft.VisualStudio.TestTools.TestTypes.Unit.UnitTestAdapter, Microsoft.VisualStudio.QualityTools.Tips.UnitTest.Adapter, Version=10.0.0.0, Culture=neutral, PublicKeyToken=b03f5f7f11d50a3a" className="GenericLinkedListCS.LinkedListTest, GenericLinkedListCS, Version=1.0.0.0, Culture=neutral, PublicKeyToken=null" name="RemoveFromEmptyListFails" />
    </UnitTest>
    <UnitTest name="AccessingEmpty_listFails" storage="c:\currentbuilds\scrumdeveloperkainosoctober2012\courseprojects\visualstudioprojects\linkedlistchallenge\linkedlistsolutiongenericwithmstestvb\bin\debug\genericlinkedlistvb.dll" id="1c668b5f-ed9a-6044-f4b2-c23e15a84789">
      <Execution id="3981dea3-dc13-43de-9ecc-ce3ab0f7e0a5" />
      <TestMethod codeBase="C:/CurrentBuilds/ScrumDeveloperKainosOctober2012/CourseProjects/VisualStudioProjects/LinkedListChallenge/LinkedListSolutionGenericWithMSTestVB/bin/Debug/GenericLinkedListVB.DLL" adapterTypeName="Microsoft.VisualStudio.TestTools.TestTypes.Unit.UnitTestAdapter, Microsoft.VisualStudio.QualityTools.Tips.UnitTest.Adapter, Version=10.0.0.0, Culture=neutral, PublicKeyToken=b03f5f7f11d50a3a" className="GenericLinkedListVB.LinkedListTest, GenericLinkedListVB, Version=1.0.0.0, Culture=neutral, PublicKeyToken=null" name="AccessingEmpty_listFails" />
    </UnitTest>
    <UnitTest name="RemovingOnlyItemWorks" storage="c:\currentbuilds\scrumdeveloperkainosoctober2012\courseprojects\visualstudioprojects\linkedlistchallenge\linkedlistsolutiongenericwithmstestcs\bin\debug\genericlinkedlistcs.dll" id="d779b876-1f71-d7d4-35d2-1d61e1f90580">
      <Execution id="f22d0975-988a-4566-a844-1ffaeb4b5f3d" />
      <TestMethod codeBase="C:/CurrentBuilds/ScrumDeveloperKainosOctober2012/CourseProjects/VisualStudioProjects/LinkedListChallenge/LinkedListSolutionGenericWithMSTestCS/bin/Debug/GenericLinkedListCS.DLL" adapterTypeName="Microsoft.VisualStudio.TestTools.TestTypes.Unit.UnitTestAdapter, Microsoft.VisualStudio.QualityTools.Tips.UnitTest.Adapter, Version=10.0.0.0, Culture=neutral, PublicKeyToken=b03f5f7f11d50a3a" className="GenericLinkedListCS.LinkedListTest, GenericLinkedListCS, Version=1.0.0.0, Culture=neutral, PublicKeyToken=null" name="RemovingOnlyItemWorks" />
    </UnitTest>
    <UnitTest name="ListWithItemsIsNotEmpty" storage="c:\currentbuilds\scrumdeveloperkainosoctober2012\courseprojects\visualstudioprojects\linkedlistchallenge\linkedlistsolutiongenericwithmstestvb\bin\debug\genericlinkedlistvb.dll" id="1199292a-e48f-e4c1-b551-72eb62effb32">
      <Execution id="1a69b546-4523-4473-b9d5-268de5b87de5" />
      <TestMethod codeBase="C:/CurrentBuilds/ScrumDeveloperKainosOctober2012/CourseProjects/VisualStudioProjects/LinkedListChallenge/LinkedListSolutionGenericWithMSTestVB/bin/Debug/GenericLinkedListVB.DLL" adapterTypeName="Microsoft.VisualStudio.TestTools.TestTypes.Unit.UnitTestAdapter, Microsoft.VisualStudio.QualityTools.Tips.UnitTest.Adapter, Version=10.0.0.0, Culture=neutral, PublicKeyToken=b03f5f7f11d50a3a" className="GenericLinkedListVB.LinkedListTest, GenericLinkedListVB, Version=1.0.0.0, Culture=neutral, PublicKeyToken=null" name="ListWithItemsIsNotEmpty" />
    </UnitTest>
    <UnitTest name="RemoveWhereItemNotFoundFails" storage="c:\currentbuilds\scrumdeveloperkainosoctober2012\courseprojects\visualstudioprojects\linkedlistchallenge\linkedlistsolutiongenericwithmstestvb\bin\debug\genericlinkedlistvb.dll" id="4f5ea40f-a9b1-c208-d3c6-5d8b8410b973">
      <Execution id="7bf70d68-d715-4c60-b14c-cd9f7445fba3" />
      <TestMethod codeBase="C:/CurrentBuilds/ScrumDeveloperKainosOctober2012/CourseProjects/VisualStudioProjects/LinkedListChallenge/LinkedListSolutionGenericWithMSTestVB/bin/Debug/GenericLinkedListVB.DLL" adapterTypeName="Microsoft.VisualStudio.TestTools.TestTypes.Unit.UnitTestAdapter, Microsoft.VisualStudio.QualityTools.Tips.UnitTest.Adapter, Version=10.0.0.0, Culture=neutral, PublicKeyToken=b03f5f7f11d50a3a" className="GenericLinkedListVB.LinkedListTest, GenericLinkedListVB, Version=1.0.0.0, Culture=neutral, PublicKeyToken=null" name="RemoveWhereItemNotFoundFails" />
    </UnitTest>
    <UnitTest name="ListWithItemsHasCorrectSize" storage="c:\currentbuilds\scrumdeveloperkainosoctober2012\courseprojects\visualstudioprojects\linkedlistchallenge\linkedlistsolutiongenericwithmstestcs\bin\debug\genericlinkedlistcs.dll" id="0b9ddbae-0f9c-af5d-4e3f-6e4aac58c977">
      <Execution id="98d78732-ff0a-4eb4-a9b5-c67c27613d41" />
      <TestMethod codeBase="C:/CurrentBuilds/ScrumDeveloperKainosOctober2012/CourseProjects/VisualStudioProjects/LinkedListChallenge/LinkedListSolutionGenericWithMSTestCS/bin/Debug/GenericLinkedListCS.DLL" adapterTypeName="Microsoft.VisualStudio.TestTools.TestTypes.Unit.UnitTestAdapter, Microsoft.VisualStudio.QualityTools.Tips.UnitTest.Adapter, Version=10.0.0.0, Culture=neutral, PublicKeyToken=b03f5f7f11d50a3a" className="GenericLinkedListCS.LinkedListTest, GenericLinkedListCS, Version=1.0.0.0, Culture=neutral, PublicKeyToken=null" name="ListWithItemsHasCorrectSize" />
    </UnitTest>
    <UnitTest name="CanGetSingleItem" storage="c:\currentbuilds\scrumdeveloperkainosoctober2012\courseprojects\visualstudioprojects\linkedlistchallenge\linkedlistsolutiongenericwithmstestvb\bin\debug\genericlinkedlistvb.dll" id="b4bdad7e-fe61-0c53-a2ba-322fe3c730de">
      <Execution id="1651e32c-fdbc-4f53-a185-1e292c06eec5" />
      <TestMethod codeBase="C:/CurrentBuilds/ScrumDeveloperKainosOctober2012/CourseProjects/VisualStudioProjects/LinkedListChallenge/LinkedListSolutionGenericWithMSTestVB/bin/Debug/GenericLinkedListVB.DLL" adapterTypeName="Microsoft.VisualStudio.TestTools.TestTypes.Unit.UnitTestAdapter, Microsoft.VisualStudio.QualityTools.Tips.UnitTest.Adapter, Version=10.0.0.0, Culture=neutral, PublicKeyToken=b03f5f7f11d50a3a" className="GenericLinkedListVB.LinkedListTest, GenericLinkedListVB, Version=1.0.0.0, Culture=neutral, PublicKeyToken=null" name="CanGetSingleItem" />
    </UnitTest>
    <UnitTest name="RemovingLastItemWorks" storage="c:\currentbuilds\scrumdeveloperkainosoctober2012\courseprojects\visualstudioprojects\linkedlistchallenge\linkedlistsolutiongenericwithmstestvb\bin\debug\genericlinkedlistvb.dll" id="b2d138ab-f74e-8154-830b-91eb081eb89b">
      <Execution id="2c388b95-c864-480f-bfd2-4e91f4182d5e" />
      <TestMethod codeBase="C:/CurrentBuilds/ScrumDeveloperKainosOctober2012/CourseProjects/VisualStudioProjects/LinkedListChallenge/LinkedListSolutionGenericWithMSTestVB/bin/Debug/GenericLinkedListVB.DLL" adapterTypeName="Microsoft.VisualStudio.TestTools.TestTypes.Unit.UnitTestAdapter, Microsoft.VisualStudio.QualityTools.Tips.UnitTest.Adapter, Version=10.0.0.0, Culture=neutral, PublicKeyToken=b03f5f7f11d50a3a" className="GenericLinkedListVB.LinkedListTest, GenericLinkedListVB, Version=1.0.0.0, Culture=neutral, PublicKeyToken=null" name="RemovingLastItemWorks" />
    </UnitTest>
    <UnitTest name="RemovingFirstItemWorks" storage="c:\currentbuilds\scrumdeveloperkainosoctober2012\courseprojects\visualstudioprojects\linkedlistchallenge\linkedlistsolutiongenericwithmstestvb\bin\debug\genericlinkedlistvb.dll" id="053b6cbe-3cc7-4a33-3131-dede70c75661">
      <Execution id="ae8b866b-eabc-4792-bf5f-2cd1219c571b" />
      <TestMethod codeBase="C:/CurrentBuilds/ScrumDeveloperKainosOctober2012/CourseProjects/VisualStudioProjects/LinkedListChallenge/LinkedListSolutionGenericWithMSTestVB/bin/Debug/GenericLinkedListVB.DLL" adapterTypeName="Microsoft.VisualStudio.TestTools.TestTypes.Unit.UnitTestAdapter, Microsoft.VisualStudio.QualityTools.Tips.UnitTest.Adapter, Version=10.0.0.0, Culture=neutral, PublicKeyToken=b03f5f7f11d50a3a" className="GenericLinkedListVB.LinkedListTest, GenericLinkedListVB, Version=1.0.0.0, Culture=neutral, PublicKeyToken=null" name="RemovingFirstItemWorks" />
    </UnitTest>
    <UnitTest name="RemovingItemFromMiddleWorks" storage="c:\currentbuilds\scrumdeveloperkainosoctober2012\courseprojects\visualstudioprojects\linkedlistchallenge\linkedlistsolutiongenericwithmstestvb\bin\debug\genericlinkedlistvb.dll" id="3d8c2c0e-1ad8-8714-62f9-579f87a98b40">
      <Execution id="07b78038-d863-49f9-b86c-326223dc4494" />
      <TestMethod codeBase="C:/CurrentBuilds/ScrumDeveloperKainosOctober2012/CourseProjects/VisualStudioProjects/LinkedListChallenge/LinkedListSolutionGenericWithMSTestVB/bin/Debug/GenericLinkedListVB.DLL" adapterTypeName="Microsoft.VisualStudio.TestTools.TestTypes.Unit.UnitTestAdapter, Microsoft.VisualStudio.QualityTools.Tips.UnitTest.Adapter, Version=10.0.0.0, Culture=neutral, PublicKeyToken=b03f5f7f11d50a3a" className="GenericLinkedListVB.LinkedListTest, GenericLinkedListVB, Version=1.0.0.0, Culture=neutral, PublicKeyToken=null" name="RemovingItemFromMiddleWorks" />
    </UnitTest>
    <UnitTest name="AccessingWithTooLargeAnIndexFails" storage="c:\currentbuilds\scrumdeveloperkainosoctober2012\courseprojects\visualstudioprojects\linkedlistchallenge\linkedlistsolutiongenericwithmstestvb\bin\debug\genericlinkedlistvb.dll" id="7313d119-be8f-fa94-0400-b7118f0b2f70">
      <Execution id="3a7dd085-5514-4451-a0bd-9632015de7f9" />
      <TestMethod codeBase="C:/CurrentBuilds/ScrumDeveloperKainosOctober2012/CourseProjects/VisualStudioProjects/LinkedListChallenge/LinkedListSolutionGenericWithMSTestVB/bin/Debug/GenericLinkedListVB.DLL" adapterTypeName="Microsoft.VisualStudio.TestTools.TestTypes.Unit.UnitTestAdapter, Microsoft.VisualStudio.QualityTools.Tips.UnitTest.Adapter, Version=10.0.0.0, Culture=neutral, PublicKeyToken=b03f5f7f11d50a3a" className="GenericLinkedListVB.LinkedListTest, GenericLinkedListVB, Version=1.0.0.0, Culture=neutral, PublicKeyToken=null" name="AccessingWithTooLargeAnIndexFails" />
    </UnitTest>
    <UnitTest name="RemovingFirstItemWorks" storage="c:\currentbuilds\scrumdeveloperkainosoctober2012\courseprojects\visualstudioprojects\linkedlistchallenge\linkedlistsolutiongenericwithmstestcs\bin\debug\genericlinkedlistcs.dll" id="faac8a3b-672c-4821-37e9-218aec3b37d6">
      <Execution id="6d51d88c-1bb0-4534-aa48-d35b65fbc2d9" />
      <TestMethod codeBase="C:/CurrentBuilds/ScrumDeveloperKainosOctober2012/CourseProjects/VisualStudioProjects/LinkedListChallenge/LinkedListSolutionGenericWithMSTestCS/bin/Debug/GenericLinkedListCS.DLL" adapterTypeName="Microsoft.VisualStudio.TestTools.TestTypes.Unit.UnitTestAdapter, Microsoft.VisualStudio.QualityTools.Tips.UnitTest.Adapter, Version=10.0.0.0, Culture=neutral, PublicKeyToken=b03f5f7f11d50a3a" className="GenericLinkedListCS.LinkedListTest, GenericLinkedListCS, Version=1.0.0.0, Culture=neutral, PublicKeyToken=null" name="RemovingFirstItemWorks" />
    </UnitTest>
    <UnitTest name="CanGetMultipleItems" storage="c:\currentbuilds\scrumdeveloperkainosoctober2012\courseprojects\visualstudioprojects\linkedlistchallenge\linkedlistsolutiongenericwithmstestcs\bin\debug\genericlinkedlistcs.dll" id="ef9f1fd5-fe4c-9c8a-faa8-34afd26c97c9">
      <Execution id="d1d4b357-3525-44a7-bf4e-ffe599c23635" />
      <TestMethod codeBase="C:/CurrentBuilds/ScrumDeveloperKainosOctober2012/CourseProjects/VisualStudioProjects/LinkedListChallenge/LinkedListSolutionGenericWithMSTestCS/bin/Debug/GenericLinkedListCS.DLL" adapterTypeName="Microsoft.VisualStudio.TestTools.TestTypes.Unit.UnitTestAdapter, Microsoft.VisualStudio.QualityTools.Tips.UnitTest.Adapter, Version=10.0.0.0, Culture=neutral, PublicKeyToken=b03f5f7f11d50a3a" className="GenericLinkedListCS.LinkedListTest, GenericLinkedListCS, Version=1.0.0.0, Culture=neutral, PublicKeyToken=null" name="CanGetMultipleItems" />
    </UnitTest>
    <UnitTest name="ToStringWorks" storage="c:\currentbuilds\scrumdeveloperkainosoctober2012\courseprojects\visualstudioprojects\linkedlistchallenge\linkedlistsolutiongenericwithmstestcs\bin\debug\genericlinkedlistcs.dll" id="6ebdf376-c392-777f-64e3-5a7c87fd5e56">
      <Execution id="ec5ded9a-760a-45ac-9856-d6ed59381f3a" />
      <TestMethod codeBase="C:/CurrentBuilds/ScrumDeveloperKainosOctober2012/CourseProjects/VisualStudioProjects/LinkedListChallenge/LinkedListSolutionGenericWithMSTestCS/bin/Debug/GenericLinkedListCS.DLL" adapterTypeName="Microsoft.VisualStudio.TestTools.TestTypes.Unit.UnitTestAdapter, Microsoft.VisualStudio.QualityTools.Tips.UnitTest.Adapter, Version=10.0.0.0, Culture=neutral, PublicKeyToken=b03f5f7f11d50a3a" className="GenericLinkedListCS.LinkedListTest, GenericLinkedListCS, Version=1.0.0.0, Culture=neutral, PublicKeyToken=null" name="ToStringWorks" />
    </UnitTest>
  </TestDefinitions>
  <TestLists>
    <TestList name="Results Not in a List" id="8c84fa94-04c1-424b-9868-57a2d4851a1d" />
    <TestList name="All Loaded Results" id="19431567-8539-422a-85d7-44ee4e166bda" />
  </TestLists>
  <TestEntries>
    <TestEntry testId="02c67c13-5686-be9b-7e84-3f24faa7dcd8" executionId="b222c230-24ff-4136-abad-9ae065721f73" testListId="8c84fa94-04c1-424b-9868-57a2d4851a1d" />
    <TestEntry testId="04c5a396-41c7-45dc-b956-d33fb5265f7c" executionId="bdd32a24-8174-4215-9b52-9410f2cb4ff9" testListId="8c84fa94-04c1-424b-9868-57a2d4851a1d" />
    <TestEntry testId="053b6cbe-3cc7-4a33-3131-dede70c75661" executionId="ae8b866b-eabc-4792-bf5f-2cd1219c571b" testListId="8c84fa94-04c1-424b-9868-57a2d4851a1d" />
    <TestEntry testId="06bb2d1a-1fea-c6c7-a6ed-a5f7e171babc" executionId="f15145bf-bed6-49f1-98d1-aa68821a804d" testListId="8c84fa94-04c1-424b-9868-57a2d4851a1d" />
    <TestEntry testId="0b9ddbae-0f9c-af5d-4e3f-6e4aac58c977" executionId="98d78732-ff0a-4eb4-a9b5-c67c27613d41" testListId="8c84fa94-04c1-424b-9868-57a2d4851a1d" />
    <TestEntry testId="11421c5f-4311-0434-59c8-4bd2dc0ce096" executionId="181d08cd-1464-4193-afd1-82bb73107be2" testListId="8c84fa94-04c1-424b-9868-57a2d4851a1d" />
    <TestEntry testId="1199292a-e48f-e4c1-b551-72eb62effb32" executionId="1a69b546-4523-4473-b9d5-268de5b87de5" testListId="8c84fa94-04c1-424b-9868-57a2d4851a1d" />
    <TestEntry testId="1796fa40-dd81-76df-b5a6-765fbdff4dd7" executionId="f3364184-c996-4b5e-bdfc-fbb2fcf30ac8" testListId="8c84fa94-04c1-424b-9868-57a2d4851a1d" />
    <TestEntry testId="1c668b5f-ed9a-6044-f4b2-c23e15a84789" executionId="3981dea3-dc13-43de-9ecc-ce3ab0f7e0a5" testListId="8c84fa94-04c1-424b-9868-57a2d4851a1d" />
    <TestEntry testId="1c921095-2581-dd1d-f2e4-b4787d68d253" executionId="27168e8d-347f-4c52-a01d-bc447b48ab4b" testListId="8c84fa94-04c1-424b-9868-57a2d4851a1d" />
    <TestEntry testId="204b4f9a-dab2-307f-8c00-c45577ba124e" executionId="9b26ef56-ac4a-45ef-a569-e53d9420821c" testListId="8c84fa94-04c1-424b-9868-57a2d4851a1d" />
    <TestEntry testId="2fbdeb02-4423-af8c-638c-9ba1ba4a3c5c" executionId="49940ef2-e336-4292-b1f2-39ad7e82edb9" testListId="8c84fa94-04c1-424b-9868-57a2d4851a1d" />
    <TestEntry testId="3cae1f32-c8a6-ee4d-1eec-3b8ed35302df" executionId="139823e5-8fa8-41e5-aea7-04080b48c4bd" testListId="8c84fa94-04c1-424b-9868-57a2d4851a1d" />
    <TestEntry testId="3d8c2c0e-1ad8-8714-62f9-579f87a98b40" executionId="07b78038-d863-49f9-b86c-326223dc4494" testListId="8c84fa94-04c1-424b-9868-57a2d4851a1d" />
    <TestEntry testId="4f5ea40f-a9b1-c208-d3c6-5d8b8410b973" executionId="7bf70d68-d715-4c60-b14c-cd9f7445fba3" testListId="8c84fa94-04c1-424b-9868-57a2d4851a1d" />
    <TestEntry testId="651000fe-39aa-680c-14b6-4f6736b83edc" executionId="af1d8ea2-a2e0-4a94-9d19-84781b2e42a2" testListId="8c84fa94-04c1-424b-9868-57a2d4851a1d" />
    <TestEntry testId="6ebdf376-c392-777f-64e3-5a7c87fd5e56" executionId="ec5ded9a-760a-45ac-9856-d6ed59381f3a" testListId="8c84fa94-04c1-424b-9868-57a2d4851a1d" />
    <TestEntry testId="70040799-7ff4-31fa-ee51-7627b8b542ca" executionId="db80080d-55f1-4982-b91b-70dd67fd09b1" testListId="8c84fa94-04c1-424b-9868-57a2d4851a1d" />
    <TestEntry testId="7313d119-be8f-fa94-0400-b7118f0b2f70" executionId="3a7dd085-5514-4451-a0bd-9632015de7f9" testListId="8c84fa94-04c1-424b-9868-57a2d4851a1d" />
    <TestEntry testId="783bde12-9771-e303-5ca3-093d826cc2ec" executionId="758fba98-7125-496c-b5b6-bfc458faec09" testListId="8c84fa94-04c1-424b-9868-57a2d4851a1d" />
    <TestEntry testId="868f9f42-7d2c-8768-af9f-336896d629c0" executionId="8656a751-425f-47d5-a344-ca16a60c58a4" testListId="8c84fa94-04c1-424b-9868-57a2d4851a1d" />
    <TestEntry testId="95cf47cd-f407-9999-9f75-9a2a68724915" executionId="5da2ab8c-1372-40d4-aabc-cee865322eec" testListId="8c84fa94-04c1-424b-9868-57a2d4851a1d" />
    <TestEntry testId="a2b8ee21-eb43-d59f-170d-e5b5ace7e6f8" executionId="538bffad-3f70-42bb-a133-aea93b91d5c7" testListId="8c84fa94-04c1-424b-9868-57a2d4851a1d" />
    <TestEntry testId="ad93a550-9dd7-5801-8ae7-e4478c31ee9f" executionId="b2b06703-dae5-41a5-b695-0bab6d07de96" testListId="8c84fa94-04c1-424b-9868-57a2d4851a1d" />
    <TestEntry testId="adeeb323-e91a-0789-84eb-36d3efa2f9c7" executionId="3c8ea391-bf4f-4af3-a68a-56a98787b5f3" testListId="8c84fa94-04c1-424b-9868-57a2d4851a1d" />
    <TestEntry testId="b2d138ab-f74e-8154-830b-91eb081eb89b" executionId="2c388b95-c864-480f-bfd2-4e91f4182d5e" testListId="8c84fa94-04c1-424b-9868-57a2d4851a1d" />
    <TestEntry testId="b4bdad7e-fe61-0c53-a2ba-322fe3c730de" executionId="1651e32c-fdbc-4f53-a185-1e292c06eec5" testListId="8c84fa94-04c1-424b-9868-57a2d4851a1d" />
    <TestEntry testId="c71471f3-ac31-6a79-e51e-823a52582aef" executionId="ee2638de-3789-458c-a729-81980e3619fa" testListId="8c84fa94-04c1-424b-9868-57a2d4851a1d" />
    <TestEntry testId="d0ef3d4e-31cb-a274-6e65-39f9492a235a" executionId="24c8a55a-45b2-4efb-832c-740edf86925c" testListId="8c84fa94-04c1-424b-9868-57a2d4851a1d" />
    <TestEntry testId="d779b876-1f71-d7d4-35d2-1d61e1f90580" executionId="f22d0975-988a-4566-a844-1ffaeb4b5f3d" testListId="8c84fa94-04c1-424b-9868-57a2d4851a1d" />
    <TestEntry testId="e0974bb9-6aa7-8ee7-664e-8600d5f9a298" executionId="d8b6729e-e11e-45a7-b637-4be71cd58975" testListId="8c84fa94-04c1-424b-9868-57a2d4851a1d" />
    <TestEntry testId="e7912b7c-f30c-dc7d-66cd-8543889ef661" executionId="25408f1f-8e9f-4664-b5dc-1f8b3fcac818" testListId="8c84fa94-04c1-424b-9868-57a2d4851a1d" />
    <TestEntry testId="ef9f1fd5-fe4c-9c8a-faa8-34afd26c97c9" executionId="d1d4b357-3525-44a7-bf4e-ffe599c23635" testListId="8c84fa94-04c1-424b-9868-57a2d4851a1d" />
    <TestEntry testId="faac8a3b-672c-4821-37e9-218aec3b37d6" executionId="6d51d88c-1bb0-4534-aa48-d35b65fbc2d9" testListId="8c84fa94-04c1-424b-9868-57a2d4851a1d" />
  </TestEntries>
  <Results>
    <UnitTestResult executionId="b222c230-24ff-4136-abad-9ae065721f73" testId="02c67c13-5686-be9b-7e84-3f24faa7dcd8" testName="ListWithItemsHasCorrectSize" computerName="HOME-PC" duration="00:00:00.0098982" startTime="2012-10-21T21:35:51.3493307+01:00" endTime="2012-10-21T21:35:51.5623429+01:00" testType="13cdc9d9-ddb5-4fa4-a97d-d965ccfc6d4b" outcome="Passed" testListId="8c84fa94-04c1-424b-9868-57a2d4851a1d" relativeResultsDirectory="b222c230-24ff-4136-abad-9ae065721f73">
    </UnitTestResult>
    <UnitTestResult executionId="bdd32a24-8174-4215-9b52-9410f2cb4ff9" testId="04c5a396-41c7-45dc-b956-d33fb5265f7c" testName="RemovingLastItemWorks" computerName="HOME-PC" duration="00:00:00.0106850" startTime="2012-10-21T21:35:51.5653431+01:00" endTime="2012-10-21T21:35:51.7473535+01:00" testType="13cdc9d9-ddb5-4fa4-a97d-d965ccfc6d4b" outcome="Passed" testListId="8c84fa94-04c1-424b-9868-57a2d4851a1d" relativeResultsDirectory="bdd32a24-8174-4215-9b52-9410f2cb4ff9">
    </UnitTestResult>
    <UnitTestResult executionId="ae8b866b-eabc-4792-bf5f-2cd1219c571b" testId="053b6cbe-3cc7-4a33-3131-dede70c75661" testName="RemovingFirstItemWorks" computerName="HOME-PC" duration="00:00:00.0010862" startTime="2012-10-21T21:35:51.7503537+01:00" endTime="2012-10-21T21:35:51.7553540+01:00" testType="13cdc9d9-ddb5-4fa4-a97d-d965ccfc6d4b" outcome="Passed" testListId="8c84fa94-04c1-424b-9868-57a2d4851a1d" relativeResultsDirectory="ae8b866b-eabc-4792-bf5f-2cd1219c571b">
    </UnitTestResult>
    <UnitTestResult executionId="f15145bf-bed6-49f1-98d1-aa68821a804d" testId="06bb2d1a-1fea-c6c7-a6ed-a5f7e171babc" testName="RemovingOnlyItemWorks" computerName="HOME-PC" duration="00:00:00.0001990" startTime="2012-10-21T21:35:51.7583541+01:00" endTime="2012-10-21T21:35:51.7623544+01:00" testType="13cdc9d9-ddb5-4fa4-a97d-d965ccfc6d4b" outcome="Passed" testListId="8c84fa94-04c1-424b-9868-57a2d4851a1d" relativeResultsDirectory="f15145bf-bed6-49f1-98d1-aa68821a804d">
    </UnitTestResult>
    <UnitTestResult executionId="98d78732-ff0a-4eb4-a9b5-c67c27613d41" testId="0b9ddbae-0f9c-af5d-4e3f-6e4aac58c977" testName="ListWithItemsHasCorrectSize" computerName="HOME-PC" duration="00:00:00.0001228" startTime="2012-10-21T21:35:51.7653545+01:00" endTime="2012-10-21T21:35:51.7693548+01:00" testType="13cdc9d9-ddb5-4fa4-a97d-d965ccfc6d4b" outcome="Passed" testListId="8c84fa94-04c1-424b-9868-57a2d4851a1d" relativeResultsDirectory="98d78732-ff0a-4eb4-a9b5-c67c27613d41">
    </UnitTestResult>
    <UnitTestResult executionId="181d08cd-1464-4193-afd1-82bb73107be2" testId="11421c5f-4311-0434-59c8-4bd2dc0ce096" testName="RemovingItemFromMiddleWorks" computerName="HOME-PC" duration="00:00:00.0003988" startTime="2012-10-21T21:35:51.7713549+01:00" endTime="2012-10-21T21:35:51.7753551+01:00" testType="13cdc9d9-ddb5-4fa4-a97d-d965ccfc6d4b" outcome="Passed" testListId="8c84fa94-04c1-424b-9868-57a2d4851a1d" relativeResultsDirectory="181d08cd-1464-4193-afd1-82bb73107be2">
    </UnitTestResult>
    <UnitTestResult executionId="1a69b546-4523-4473-b9d5-268de5b87de5" testId="1199292a-e48f-e4c1-b551-72eb62effb32" testName="ListWithItemsIsNotEmpty" computerName="HOME-PC" duration="00:00:00.0001426" startTime="2012-10-21T21:35:51.7783553+01:00" endTime="2012-10-21T21:35:51.7813555+01:00" testType="13cdc9d9-ddb5-4fa4-a97d-d965ccfc6d4b" outcome="Passed" testListId="8c84fa94-04c1-424b-9868-57a2d4851a1d" relativeResultsDirectory="1a69b546-4523-4473-b9d5-268de5b87de5">
    </UnitTestResult>
    <UnitTestResult executionId="f3364184-c996-4b5e-bdfc-fbb2fcf30ac8" testId="1796fa40-dd81-76df-b5a6-765fbdff4dd7" testName="NullArgumentForRemoveFails" computerName="HOME-PC" duration="00:00:00.0019272" startTime="2012-10-21T21:35:51.7843556+01:00" endTime="2012-10-21T21:35:51.7893559+01:00" testType="13cdc9d9-ddb5-4fa4-a97d-d965ccfc6d4b" outcome="Passed" testListId="8c84fa94-04c1-424b-9868-57a2d4851a1d" relativeResultsDirectory="f3364184-c996-4b5e-bdfc-fbb2fcf30ac8">
    </UnitTestResult>
    <UnitTestResult executionId="3981dea3-dc13-43de-9ecc-ce3ab0f7e0a5" testId="1c668b5f-ed9a-6044-f4b2-c23e15a84789" testName="AccessingEmpty_listFails" computerName="HOME-PC" duration="00:00:00.0011599" startTime="2012-10-21T21:35:51.7923561+01:00" endTime="2012-10-21T21:35:51.7973564+01:00" testType="13cdc9d9-ddb5-4fa4-a97d-d965ccfc6d4b" outcome="Passed" testListId="8c84fa94-04c1-424b-9868-57a2d4851a1d" relativeResultsDirectory="3981dea3-dc13-43de-9ecc-ce3ab0f7e0a5">
    </UnitTestResult>
    <UnitTestResult executionId="27168e8d-347f-4c52-a01d-bc447b48ab4b" testId="1c921095-2581-dd1d-f2e4-b4787d68d253" testName="AccessingWithTooLargeAnIndexFails" computerName="HOME-PC" duration="00:00:00.0021677" startTime="2012-10-21T21:35:51.8003565+01:00" endTime="2012-10-21T21:35:51.8053568+01:00" testType="13cdc9d9-ddb5-4fa4-a97d-d965ccfc6d4b" outcome="Passed" testListId="8c84fa94-04c1-424b-9868-57a2d4851a1d" relativeResultsDirectory="27168e8d-347f-4c52-a01d-bc447b48ab4b">
    </UnitTestResult>
    <UnitTestResult executionId="9b26ef56-ac4a-45ef-a569-e53d9420821c" testId="204b4f9a-dab2-307f-8c00-c45577ba124e" testName="NullArgumentForRemoveFails" computerName="HOME-PC" duration="00:00:00.0002709" startTime="2012-10-21T21:35:51.8083570+01:00" endTime="2012-10-21T21:35:51.8123572+01:00" testType="13cdc9d9-ddb5-4fa4-a97d-d965ccfc6d4b" outcome="Passed" testListId="8c84fa94-04c1-424b-9868-57a2d4851a1d" relativeResultsDirectory="9b26ef56-ac4a-45ef-a569-e53d9420821c">
    </UnitTestResult>
    <UnitTestResult executionId="49940ef2-e336-4292-b1f2-39ad7e82edb9" testId="2fbdeb02-4423-af8c-638c-9ba1ba4a3c5c" testName="AccessingWithNegativeIndexFails" computerName="HOME-PC" duration="00:00:00.0003413" startTime="2012-10-21T21:35:51.8143573+01:00" endTime="2012-10-21T21:35:51.8183576+01:00" testType="13cdc9d9-ddb5-4fa4-a97d-d965ccfc6d4b" outcome="Passed" testListId="8c84fa94-04c1-424b-9868-57a2d4851a1d" relativeResultsDirectory="49940ef2-e336-4292-b1f2-39ad7e82edb9">
    </UnitTestResult>
    <UnitTestResult executionId="139823e5-8fa8-41e5-aea7-04080b48c4bd" testId="3cae1f32-c8a6-ee4d-1eec-3b8ed35302df" testName="NewListHasZeroSize" computerName="HOME-PC" duration="00:00:00.0001228" startTime="2012-10-21T21:35:51.8213577+01:00" endTime="2012-10-21T21:35:51.8253580+01:00" testType="13cdc9d9-ddb5-4fa4-a97d-d965ccfc6d4b" outcome="Passed" testListId="8c84fa94-04c1-424b-9868-57a2d4851a1d" relativeResultsDirectory="139823e5-8fa8-41e5-aea7-04080b48c4bd">
    </UnitTestResult>
    <UnitTestResult executionId="07b78038-d863-49f9-b86c-326223dc4494" testId="3d8c2c0e-1ad8-8714-62f9-579f87a98b40" testName="RemovingItemFromMiddleWorks" computerName="HOME-PC" duration="00:00:00.0003409" startTime="2012-10-21T21:35:51.8273581+01:00" endTime="2012-10-21T21:35:51.8313583+01:00" testType="13cdc9d9-ddb5-4fa4-a97d-d965ccfc6d4b" outcome="Passed" testListId="8c84fa94-04c1-424b-9868-57a2d4851a1d" relativeResultsDirectory="07b78038-d863-49f9-b86c-326223dc4494">
    </UnitTestResult>
    <UnitTestResult executionId="7bf70d68-d715-4c60-b14c-cd9f7445fba3" testId="4f5ea40f-a9b1-c208-d3c6-5d8b8410b973" testName="RemoveWhereItemNotFoundFails" computerName="HOME-PC" duration="00:00:00.0002610" startTime="2012-10-21T21:35:51.8343585+01:00" endTime="2012-10-21T21:35:51.8383587+01:00" testType="13cdc9d9-ddb5-4fa4-a97d-d965ccfc6d4b" outcome="Passed" testListId="8c84fa94-04c1-424b-9868-57a2d4851a1d" relativeResultsDirectory="7bf70d68-d715-4c60-b14c-cd9f7445fba3">
    </UnitTestResult>
    <UnitTestResult executionId="af1d8ea2-a2e0-4a94-9d19-84781b2e42a2" testId="651000fe-39aa-680c-14b6-4f6736b83edc" testName="RemoveFromEmptyListFails" computerName="HOME-PC" duration="00:00:00.0004164" startTime="2012-10-21T21:35:51.8413589+01:00" endTime="2012-10-21T21:35:51.8453591+01:00" testType="13cdc9d9-ddb5-4fa4-a97d-d965ccfc6d4b" outcome="Passed" testListId="8c84fa94-04c1-424b-9868-57a2d4851a1d" relativeResultsDirectory="af1d8ea2-a2e0-4a94-9d19-84781b2e42a2">
    </UnitTestResult>
    <UnitTestResult executionId="ec5ded9a-760a-45ac-9856-d6ed59381f3a" testId="6ebdf376-c392-777f-64e3-5a7c87fd5e56" testName="ToStringWorks" computerName="HOME-PC" duration="00:00:00.0001814" startTime="2012-10-21T21:35:51.8473592+01:00" endTime="2012-10-21T21:35:51.8513595+01:00" testType="13cdc9d9-ddb5-4fa4-a97d-d965ccfc6d4b" outcome="Passed" testListId="8c84fa94-04c1-424b-9868-57a2d4851a1d" relativeResultsDirectory="ec5ded9a-760a-45ac-9856-d6ed59381f3a">
    </UnitTestResult>
    <UnitTestResult executionId="db80080d-55f1-4982-b91b-70dd67fd09b1" testId="70040799-7ff4-31fa-ee51-7627b8b542ca" testName="NewListHasZeroSize" computerName="HOME-PC" duration="00:00:00.0001220" startTime="2012-10-21T21:35:51.8533596+01:00" endTime="2012-10-21T21:35:51.8573598+01:00" testType="13cdc9d9-ddb5-4fa4-a97d-d965ccfc6d4b" outcome="Passed" testListId="8c84fa94-04c1-424b-9868-57a2d4851a1d" relativeResultsDirectory="db80080d-55f1-4982-b91b-70dd67fd09b1">
    </UnitTestResult>
    <UnitTestResult executionId="3a7dd085-5514-4451-a0bd-9632015de7f9" testId="7313d119-be8f-fa94-0400-b7118f0b2f70" testName="AccessingWithTooLargeAnIndexFails" computerName="HOME-PC" duration="00:00:00.0003237" startTime="2012-10-21T21:35:51.8593599+01:00" endTime="2012-10-21T21:35:51.8633601+01:00" testType="13cdc9d9-ddb5-4fa4-a97d-d965ccfc6d4b" outcome="Passed" testListId="8c84fa94-04c1-424b-9868-57a2d4851a1d" relativeResultsDirectory="3a7dd085-5514-4451-a0bd-9632015de7f9">
    </UnitTestResult>
    <UnitTestResult executionId="758fba98-7125-496c-b5b6-bfc458faec09" testId="783bde12-9771-e303-5ca3-093d826cc2ec" testName="CanGetMultipleItems" computerName="HOME-PC" duration="00:00:00.0003310" startTime="2012-10-21T21:35:51.8673604+01:00" endTime="2012-10-21T21:35:51.8703605+01:00" testType="13cdc9d9-ddb5-4fa4-a97d-d965ccfc6d4b" outcome="Passed" testListId="8c84fa94-04c1-424b-9868-57a2d4851a1d" relativeResultsDirectory="758fba98-7125-496c-b5b6-bfc458faec09">
    </UnitTestResult>
    <UnitTestResult executionId="8656a751-425f-47d5-a344-ca16a60c58a4" testId="868f9f42-7d2c-8768-af9f-336896d629c0" testName="RemoveWhereItemNotFoundFails" computerName="HOME-PC" duration="00:00:00.0002500" startTime="2012-10-21T21:35:51.8733607+01:00" endTime="2012-10-21T21:35:51.8773609+01:00" testType="13cdc9d9-ddb5-4fa4-a97d-d965ccfc6d4b" outcome="Passed" testListId="8c84fa94-04c1-424b-9868-57a2d4851a1d" relativeResultsDirectory="8656a751-425f-47d5-a344-ca16a60c58a4">
    </UnitTestResult>
    <UnitTestResult executionId="5da2ab8c-1372-40d4-aabc-cee865322eec" testId="95cf47cd-f407-9999-9f75-9a2a68724915" testName="ListWithItemsIsNotEmpty" computerName="HOME-PC" duration="00:00:00.0001077" startTime="2012-10-21T21:35:51.8793611+01:00" endTime="2012-10-21T21:35:51.8833613+01:00" testType="13cdc9d9-ddb5-4fa4-a97d-d965ccfc6d4b" outcome="Passed" testListId="8c84fa94-04c1-424b-9868-57a2d4851a1d" relativeResultsDirectory="5da2ab8c-1372-40d4-aabc-cee865322eec">
    </UnitTestResult>
    <UnitTestResult executionId="538bffad-3f70-42bb-a133-aea93b91d5c7" testId="a2b8ee21-eb43-d59f-170d-e5b5ace7e6f8" testName="NewListIsEmpty" computerName="HOME-PC" duration="00:00:00.0000986" startTime="2012-10-21T21:35:51.8863615+01:00" endTime="2012-10-21T21:35:51.8893616+01:00" testType="13cdc9d9-ddb5-4fa4-a97d-d965ccfc6d4b" outcome="Passed" testListId="8c84fa94-04c1-424b-9868-57a2d4851a1d" relativeResultsDirectory="538bffad-3f70-42bb-a133-aea93b91d5c7">
    </UnitTestResult>
    <UnitTestResult executionId="b2b06703-dae5-41a5-b695-0bab6d07de96" testId="ad93a550-9dd7-5801-8ae7-e4478c31ee9f" testName="AccessingWithNegativeIndexFails" computerName="HOME-PC" duration="00:00:00.0002742" startTime="2012-10-21T21:35:51.8923618+01:00" endTime="2012-10-21T21:35:51.8963620+01:00" testType="13cdc9d9-ddb5-4fa4-a97d-d965ccfc6d4b" outcome="Passed" testListId="8c84fa94-04c1-424b-9868-57a2d4851a1d" relativeResultsDirectory="b2b06703-dae5-41a5-b695-0bab6d07de96">
    </UnitTestResult>
    <UnitTestResult executionId="3c8ea391-bf4f-4af3-a68a-56a98787b5f3" testId="adeeb323-e91a-0789-84eb-36d3efa2f9c7" testName="AccessingEmptyListFails" computerName="HOME-PC" duration="00:00:00.0002459" startTime="2012-10-21T21:35:51.8993622+01:00" endTime="2012-10-21T21:35:51.9023624+01:00" testType="13cdc9d9-ddb5-4fa4-a97d-d965ccfc6d4b" outcome="Passed" testListId="8c84fa94-04c1-424b-9868-57a2d4851a1d" relativeResultsDirectory="3c8ea391-bf4f-4af3-a68a-56a98787b5f3">
    </UnitTestResult>
    <UnitTestResult executionId="2c388b95-c864-480f-bfd2-4e91f4182d5e" testId="b2d138ab-f74e-8154-830b-91eb081eb89b" testName="RemovingLastItemWorks" computerName="HOME-PC" duration="00:00:00.0002885" startTime="2012-10-21T21:35:51.9053625+01:00" endTime="2012-10-21T21:35:51.9083627+01:00" testType="13cdc9d9-ddb5-4fa4-a97d-d965ccfc6d4b" outcome="Passed" testListId="8c84fa94-04c1-424b-9868-57a2d4851a1d" relativeResultsDirectory="2c388b95-c864-480f-bfd2-4e91f4182d5e">
    </UnitTestResult>
    <UnitTestResult executionId="1651e32c-fdbc-4f53-a185-1e292c06eec5" testId="b4bdad7e-fe61-0c53-a2ba-322fe3c730de" testName="CanGetSingleItem" computerName="HOME-PC" duration="00:00:00.0001231" startTime="2012-10-21T21:35:51.9113629+01:00" endTime="2012-10-21T21:35:51.9153631+01:00" testType="13cdc9d9-ddb5-4fa4-a97d-d965ccfc6d4b" outcome="Passed" testListId="8c84fa94-04c1-424b-9868-57a2d4851a1d" relativeResultsDirectory="1651e32c-fdbc-4f53-a185-1e292c06eec5">
    </UnitTestResult>
    <UnitTestResult executionId="ee2638de-3789-458c-a729-81980e3619fa" testId="c71471f3-ac31-6a79-e51e-823a52582aef" testName="NewListIsEmpty" computerName="HOME-PC" duration="00:00:00.0000945" startTime="2012-10-21T21:35:51.9183633+01:00" endTime="2012-10-21T21:35:51.9213635+01:00" testType="13cdc9d9-ddb5-4fa4-a97d-d965ccfc6d4b" outcome="Passed" testListId="8c84fa94-04c1-424b-9868-57a2d4851a1d" relativeResultsDirectory="ee2638de-3789-458c-a729-81980e3619fa">
    </UnitTestResult>
    <UnitTestResult executionId="24c8a55a-45b2-4efb-832c-740edf86925c" testId="d0ef3d4e-31cb-a274-6e65-39f9492a235a" testName="ToStringWorks" computerName="HOME-PC" duration="00:00:00.0001946" startTime="2012-10-21T21:35:51.9243636+01:00" endTime="2012-10-21T21:35:51.9273638+01:00" testType="13cdc9d9-ddb5-4fa4-a97d-d965ccfc6d4b" outcome="Passed" testListId="8c84fa94-04c1-424b-9868-57a2d4851a1d" relativeResultsDirectory="24c8a55a-45b2-4efb-832c-740edf86925c">
    </UnitTestResult>
    <UnitTestResult executionId="f22d0975-988a-4566-a844-1ffaeb4b5f3d" testId="d779b876-1f71-d7d4-35d2-1d61e1f90580" testName="RemovingOnlyItemWorks" computerName="HOME-PC" duration="00:00:00.0003020" startTime="2012-10-21T21:35:51.9303640+01:00" endTime="2012-10-21T21:35:51.9343642+01:00" testType="13cdc9d9-ddb5-4fa4-a97d-d965ccfc6d4b" outcome="Passed" testListId="8c84fa94-04c1-424b-9868-57a2d4851a1d" relativeResultsDirectory="f22d0975-988a-4566-a844-1ffaeb4b5f3d">
    </UnitTestResult>
    <UnitTestResult executionId="d8b6729e-e11e-45a7-b637-4be71cd58975" testId="e0974bb9-6aa7-8ee7-664e-8600d5f9a298" testName="CanGetSingleItem" computerName="HOME-PC" duration="00:00:00.0002705" startTime="2012-10-21T21:35:51.9373644+01:00" endTime="2012-10-21T21:35:51.9403646+01:00" testType="13cdc9d9-ddb5-4fa4-a97d-d965ccfc6d4b" outcome="Passed" testListId="8c84fa94-04c1-424b-9868-57a2d4851a1d" relativeResultsDirectory="d8b6729e-e11e-45a7-b637-4be71cd58975">
    </UnitTestResult>
    <UnitTestResult executionId="25408f1f-8e9f-4664-b5dc-1f8b3fcac818" testId="e7912b7c-f30c-dc7d-66cd-8543889ef661" testName="RemoveFromEmpty_listFails" computerName="HOME-PC" duration="00:00:00.0002808" startTime="2012-10-21T21:35:51.9433647+01:00" endTime="2012-10-21T21:35:51.9473650+01:00" testType="13cdc9d9-ddb5-4fa4-a97d-d965ccfc6d4b" outcome="Passed" testListId="8c84fa94-04c1-424b-9868-57a2d4851a1d" relativeResultsDirectory="25408f1f-8e9f-4664-b5dc-1f8b3fcac818">
    </UnitTestResult>
    <UnitTestResult executionId="d1d4b357-3525-44a7-bf4e-ffe599c23635" testId="ef9f1fd5-fe4c-9c8a-faa8-34afd26c97c9" testName="CanGetMultipleItems" computerName="HOME-PC" duration="00:00:00.0001781" startTime="2012-10-21T21:35:51.9493651+01:00" endTime="2012-10-21T21:35:51.9533653+01:00" testType="13cdc9d9-ddb5-4fa4-a97d-d965ccfc6d4b" outcome="Passed" testListId="8c84fa94-04c1-424b-9868-57a2d4851a1d" relativeResultsDirectory="d1d4b357-3525-44a7-bf4e-ffe599c23635">
    </UnitTestResult>
    <UnitTestResult executionId="6d51d88c-1bb0-4534-aa48-d35b65fbc2d9" testId="faac8a3b-672c-4821-37e9-218aec3b37d6" testName="RemovingFirstItemWorks" computerName="HOME-PC" duration="00:00:00.0001858" startTime="2012-10-21T21:35:51.9543654+01:00" endTime="2012-10-21T21:35:51.9583656+01:00" testType="13cdc9d9-ddb5-4fa4-a97d-d965ccfc6d4b" outcome="Passed" testListId="8c84fa94-04c1-424b-9868-57a2d4851a1d" relativeResultsDirectory="6d51d88c-1bb0-4534-aa48-d35b65fbc2d9">
    </UnitTestResult>
  </Results>
</TestRun>