<?xml version="1.0" encoding="UTF-8"?>
<TestRun id="083487a5-2ed4-44c4-a118-1b2c4d72a9c2" name="Garth@HOME-PC 2012-10-21 21:49:12" runUser="Home-PC\Garth" xmlns="http://microsoft.com/schemas/VisualStudio/TeamTest/2010">
  <TestSettings name="Local" id="ca016ff4-8a36-4ae7-8e54-6875c4006350">
    <Description>These are default test settings for a local test run.</Description>
    <Deployment enabled="false" runDeploymentRoot="Garth_HOME-PC 2012-10-21 21_49_12" />
    <Execution>
      <TestTypeSpecific />
      <AgentRule name="Execution Agents">
      </AgentRule>
    </Execution>
  </TestSettings>
  <Times creation="2012-10-21T21:49:12.8801757+01:00" queuing="2012-10-21T21:49:12.9011769+01:00" start="2012-10-21T21:49:12.9101774+01:00" finish="2012-10-21T21:49:13.6372190+01:00" />
  <ResultSummary outcome="Failed">
    <Counters total="37" executed="37" passed="36" error="0" failed="1" timeout="0" aborted="0" inconclusive="0" passedButRunAborted="0" notRunnable="0" notExecuted="0" disconnected="0" warning="0" completed="0" inProgress="0" pending="0" />
  </ResultSummary>
  <TestDefinitions>
    <UnitTest name="NewListHasZeroSize" storage="c:\currentbuilds\scrumdeveloperkainosoctober2012\courseprojects\visualstudioprojects\linkedlistchallenge\linkedlistsolutiongenericwithmstestvb\bin\debug\genericlinkedlistvb.dll" id="70040799-7ff4-31fa-ee51-7627b8b542ca">
      <Execution id="2beba263-6039-49a4-9494-cb8a1e890102" />
      <TestMethod codeBase="C:/CurrentBuilds/ScrumDeveloperKainosOctober2012/CourseProjects/VisualStudioProjects/LinkedListChallenge/LinkedListSolutionGenericWithMSTestVB/bin/Debug/GenericLinkedListVB.DLL" adapterTypeName="Microsoft.VisualStudio.TestTools.TestTypes.Unit.UnitTestAdapter, Microsoft.VisualStudio.QualityTools.Tips.UnitTest.Adapter, Version=10.0.0.0, Culture=neutral, PublicKeyToken=b03f5f7f11d50a3a" className="GenericLinkedListVB.LinkedListTest, GenericLinkedListVB, Version=1.0.0.0, Culture=neutral, PublicKeyToken=null" name="NewListHasZeroSize" />
    </UnitTest>
    <UnitTest name="RemovingLastItemWorks" storage="c:\currentbuilds\scrumdeveloperkainosoctober2012\courseprojects\visualstudioprojects\linkedlistchallenge\linkedlistsolutiongenericwithmstestcs\bin\debug\genericlinkedlistcs.dll" id="04c5a396-41c7-45dc-b956-d33fb5265f7c">
      <Execution id="432fd5d0-09e1-4191-acfc-c2e2db98b808" />
      <TestMethod codeBase="C:/CurrentBuilds/ScrumDeveloperKainosOctober2012/CourseProjects/VisualStudioProjects/LinkedListChallenge/LinkedListSolutionGenericWithMSTestCS/bin/Debug/GenericLinkedListCS.DLL" adapterTypeName="Microsoft.VisualStudio.TestTools.TestTypes.Unit.UnitTestAdapter, Microsoft.VisualStudio.QualityTools.Tips.UnitTest.Adapter, Version=10.0.0.0, Culture=neutral, PublicKeyToken=b03f5f7f11d50a3a" className="GenericLinkedListCS.LinkedListTest, GenericLinkedListCS, Version=1.0.0.0, Culture=neutral, PublicKeyToken=null" name="RemovingLastItemWorks" />
    </UnitTest>
    <UnitTest name="RemovingOnlyItemWorks" storage="c:\currentbuilds\scrumdeveloperkainosoctober2012\courseprojects\visualstudioprojects\linkedlistchallenge\linkedlistsolutiongenericwithmstestvb\bin\debug\genericlinkedlistvb.dll" id="06bb2d1a-1fea-c6c7-a6ed-a5f7e171babc">
      <Execution id="043b7ee2-2485-4d24-8650-24b491dc32a3" />
      <TestMethod codeBase="C:/CurrentBuilds/ScrumDeveloperKainosOctober2012/CourseProjects/VisualStudioProjects/LinkedListChallenge/LinkedListSolutionGenericWithMSTestVB/bin/Debug/GenericLinkedListVB.DLL" adapterTypeName="Microsoft.VisualStudio.TestTools.TestTypes.Unit.UnitTestAdapter, Microsoft.VisualStudio.QualityTools.Tips.UnitTest.Adapter, Version=10.0.0.0, Culture=neutral, PublicKeyToken=b03f5f7f11d50a3a" className="GenericLinkedListVB.LinkedListTest, GenericLinkedListVB, Version=1.0.0.0, Culture=neutral, PublicKeyToken=null" name="RemovingOnlyItemWorks" />
    </UnitTest>
    <UnitTest name="RemovingItemFromMiddleWorks" storage="c:\currentbuilds\scrumdeveloperkainosoctober2012\courseprojects\visualstudioprojects\linkedlistchallenge\linkedlistsolutiongenericwithmstestcs\bin\debug\genericlinkedlistcs.dll" id="11421c5f-4311-0434-59c8-4bd2dc0ce096">
      <Execution id="13acae03-b192-4254-8da2-4395d230e018" />
      <TestMethod codeBase="C:/CurrentBuilds/ScrumDeveloperKainosOctober2012/CourseProjects/VisualStudioProjects/LinkedListChallenge/LinkedListSolutionGenericWithMSTestCS/bin/Debug/GenericLinkedListCS.DLL" adapterTypeName="Microsoft.VisualStudio.TestTools.TestTypes.Unit.UnitTestAdapter, Microsoft.VisualStudio.QualityTools.Tips.UnitTest.Adapter, Version=10.0.0.0, Culture=neutral, PublicKeyToken=b03f5f7f11d50a3a" className="GenericLinkedListCS.LinkedListTest, GenericLinkedListCS, Version=1.0.0.0, Culture=neutral, PublicKeyToken=null" name="RemovingItemFromMiddleWorks" />
    </UnitTest>
    <UnitTest name="AccessingEmptyListFails" storage="c:\currentbuilds\scrumdeveloperkainosoctober2012\courseprojects\visualstudioprojects\linkedlistchallenge\linkedlistsolutiongenericwithmstestcs\bin\debug\genericlinkedlistcs.dll" id="adeeb323-e91a-0789-84eb-36d3efa2f9c7">
      <Execution id="7d242639-183c-47d9-92e5-e2ff17d0f08d" />
      <TestMethod codeBase="C:/CurrentBuilds/ScrumDeveloperKainosOctober2012/CourseProjects/VisualStudioProjects/LinkedListChallenge/LinkedListSolutionGenericWithMSTestCS/bin/Debug/GenericLinkedListCS.DLL" adapterTypeName="Microsoft.VisualStudio.TestTools.TestTypes.Unit.UnitTestAdapter, Microsoft.VisualStudio.QualityTools.Tips.UnitTest.Adapter, Version=10.0.0.0, Culture=neutral, PublicKeyToken=b03f5f7f11d50a3a" className="GenericLinkedListCS.LinkedListTest, GenericLinkedListCS, Version=1.0.0.0, Culture=neutral, PublicKeyToken=null" name="AccessingEmptyListFails" />
    </UnitTest>
    <UnitTest name="NewListIsEmpty" storage="c:\currentbuilds\scrumdeveloperkainosoctober2012\courseprojects\visualstudioprojects\linkedlistchallenge\linkedlistsolutiongenericwithmstestvb\bin\debug\genericlinkedlistvb.dll" id="c71471f3-ac31-6a79-e51e-823a52582aef">
      <Execution id="d5456fe6-52b2-49e7-81d6-8191de8c1712" />
      <TestMethod codeBase="C:/CurrentBuilds/ScrumDeveloperKainosOctober2012/CourseProjects/VisualStudioProjects/LinkedListChallenge/LinkedListSolutionGenericWithMSTestVB/bin/Debug/GenericLinkedListVB.DLL" adapterTypeName="Microsoft.VisualStudio.TestTools.TestTypes.Unit.UnitTestAdapter, Microsoft.VisualStudio.QualityTools.Tips.UnitTest.Adapter, Version=10.0.0.0, Culture=neutral, PublicKeyToken=b03f5f7f11d50a3a" className="GenericLinkedListVB.LinkedListTest, GenericLinkedListVB, Version=1.0.0.0, Culture=neutral, PublicKeyToken=null" name="NewListIsEmpty" />
    </UnitTest>
    <UnitTest name="NullArgumentForRemoveFails" storage="c:\currentbuilds\scrumdeveloperkainosoctober2012\courseprojects\visualstudioprojects\linkedlistchallenge\linkedlistsolutiongenericwithmstestcs\bin\debug\genericlinkedlistcs.dll" id="204b4f9a-dab2-307f-8c00-c45577ba124e">
      <Execution id="0b9e245c-3280-4630-8f24-5d0a16a17ba4" />
      <TestMethod codeBase="C:/CurrentBuilds/ScrumDeveloperKainosOctober2012/CourseProjects/VisualStudioProjects/LinkedListChallenge/LinkedListSolutionGenericWithMSTestCS/bin/Debug/GenericLinkedListCS.DLL" adapterTypeName="Microsoft.VisualStudio.TestTools.TestTypes.Unit.UnitTestAdapter, Microsoft.VisualStudio.QualityTools.Tips.UnitTest.Adapter, Version=10.0.0.0, Culture=neutral, PublicKeyToken=b03f5f7f11d50a3a" className="GenericLinkedListCS.LinkedListTest, GenericLinkedListCS, Version=1.0.0.0, Culture=neutral, PublicKeyToken=null" name="NullArgumentForRemoveFails" />
    </UnitTest>
    <UnitTest name="AccessingWithNegativeIndexFails" storage="c:\currentbuilds\scrumdeveloperkainosoctober2012\courseprojects\visualstudioprojects\linkedlistchallenge\linkedlistsolutiongenericwithmstestvb\bin\debug\genericlinkedlistvb.dll" id="2fbdeb02-4423-af8c-638c-9ba1ba4a3c5c">
      <Execution id="45d13115-a8df-4809-ba3c-a561b33e7a5a" />
      <TestMethod codeBase="C:/CurrentBuilds/ScrumDeveloperKainosOctober2012/CourseProjects/VisualStudioProjects/LinkedListChallenge/LinkedListSolutionGenericWithMSTestVB/bin/Debug/GenericLinkedListVB.DLL" adapterTypeName="Microsoft.VisualStudio.TestTools.TestTypes.Unit.UnitTestAdapter, Microsoft.VisualStudio.QualityTools.Tips.UnitTest.Adapter, Version=10.0.0.0, Culture=neutral, PublicKeyToken=b03f5f7f11d50a3a" className="GenericLinkedListVB.LinkedListTest, GenericLinkedListVB, Version=1.0.0.0, Culture=neutral, PublicKeyToken=null" name="AccessingWithNegativeIndexFails" />
    </UnitTest>
    <UnitTest name="ListWithItemsHasCorrectSize" storage="c:\currentbuilds\scrumdeveloperkainosoctober2012\courseprojects\visualstudioprojects\linkedlistchallenge\linkedlistsolutiongenericwithmstestvb\bin\debug\genericlinkedlistvb.dll" id="02c67c13-5686-be9b-7e84-3f24faa7dcd8">
      <Execution id="75ee0777-5bd5-40e3-b11f-1e1a78543892" />
      <TestMethod codeBase="C:/CurrentBuilds/ScrumDeveloperKainosOctober2012/CourseProjects/VisualStudioProjects/LinkedListChallenge/LinkedListSolutionGenericWithMSTestVB/bin/Debug/GenericLinkedListVB.DLL" adapterTypeName="Microsoft.VisualStudio.TestTools.TestTypes.Unit.UnitTestAdapter, Microsoft.VisualStudio.QualityTools.Tips.UnitTest.Adapter, Version=10.0.0.0, Culture=neutral, PublicKeyToken=b03f5f7f11d50a3a" className="GenericLinkedListVB.LinkedListTest, GenericLinkedListVB, Version=1.0.0.0, Culture=neutral, PublicKeyToken=null" name="ListWithItemsHasCorrectSize" />
    </UnitTest>
    <UnitTest name="ListWithItemsIsNotEmpty" storage="c:\currentbuilds\scrumdeveloperkainosoctober2012\courseprojects\visualstudioprojects\linkedlistchallenge\linkedlistsolutiongenericwithmstestcs\bin\debug\genericlinkedlistcs.dll" id="95cf47cd-f407-9999-9f75-9a2a68724915">
      <Execution id="90652810-a89a-4597-aa70-415786eea2c0" />
      <TestMethod codeBase="C:/CurrentBuilds/ScrumDeveloperKainosOctober2012/CourseProjects/VisualStudioProjects/LinkedListChallenge/LinkedListSolutionGenericWithMSTestCS/bin/Debug/GenericLinkedListCS.DLL" adapterTypeName="Microsoft.VisualStudio.TestTools.TestTypes.Unit.UnitTestAdapter, Microsoft.VisualStudio.QualityTools.Tips.UnitTest.Adapter, Version=10.0.0.0, Culture=neutral, PublicKeyToken=b03f5f7f11d50a3a" className="GenericLinkedListCS.LinkedListTest, GenericLinkedListCS, Version=1.0.0.0, Culture=neutral, PublicKeyToken=null" name="ListWithItemsIsNotEmpty" />
    </UnitTest>
    <UnitTest name="NewListIsEmpty" storage="c:\currentbuilds\scrumdeveloperkainosoctober2012\courseprojects\visualstudioprojects\linkedlistchallenge\linkedlistsolutiongenericwithmstestcs\bin\debug\genericlinkedlistcs.dll" id="a2b8ee21-eb43-d59f-170d-e5b5ace7e6f8">
      <Execution id="fbb64002-3382-4643-96ce-4459848f5fe9" />
      <TestMethod codeBase="C:/CurrentBuilds/ScrumDeveloperKainosOctober2012/CourseProjects/VisualStudioProjects/LinkedListChallenge/LinkedListSolutionGenericWithMSTestCS/bin/Debug/GenericLinkedListCS.DLL" adapterTypeName="Microsoft.VisualStudio.TestTools.TestTypes.Unit.UnitTestAdapter, Microsoft.VisualStudio.QualityTools.Tips.UnitTest.Adapter, Version=10.0.0.0, Culture=neutral, PublicKeyToken=b03f5f7f11d50a3a" className="GenericLinkedListCS.LinkedListTest, GenericLinkedListCS, Version=1.0.0.0, Culture=neutral, PublicKeyToken=null" name="NewListIsEmpty" />
    </UnitTest>
    <UnitTest name="CanGetSingleItem" storage="c:\currentbuilds\scrumdeveloperkainosoctober2012\courseprojects\visualstudioprojects\linkedlistchallenge\linkedlistsolutiongenericwithmstestcs\bin\debug\genericlinkedlistcs.dll" id="e0974bb9-6aa7-8ee7-664e-8600d5f9a298">
      <Execution id="7623886e-b1b0-49ae-83c3-5f2853f5e48b" />
      <TestMethod codeBase="C:/CurrentBuilds/ScrumDeveloperKainosOctober2012/CourseProjects/VisualStudioProjects/LinkedListChallenge/LinkedListSolutionGenericWithMSTestCS/bin/Debug/GenericLinkedListCS.DLL" adapterTypeName="Microsoft.VisualStudio.TestTools.TestTypes.Unit.UnitTestAdapter, Microsoft.VisualStudio.QualityTools.Tips.UnitTest.Adapter, Version=10.0.0.0, Culture=neutral, PublicKeyToken=b03f5f7f11d50a3a" className="GenericLinkedListCS.LinkedListTest, GenericLinkedListCS, Version=1.0.0.0, Culture=neutral, PublicKeyToken=null" name="CanGetSingleItem" />
    </UnitTest>
    <UnitTest name="ToStringWorks" storage="c:\currentbuilds\scrumdeveloperkainosoctober2012\courseprojects\visualstudioprojects\linkedlistchallenge\linkedlistsolutiongenericwithmstestvb\bin\debug\genericlinkedlistvb.dll" id="d0ef3d4e-31cb-a274-6e65-39f9492a235a">
      <Execution id="88aceb33-25a2-40c2-8e0d-f546b40589ab" />
      <TestMethod codeBase="C:/CurrentBuilds/ScrumDeveloperKainosOctober2012/CourseProjects/VisualStudioProjects/LinkedListChallenge/LinkedListSolutionGenericWithMSTestVB/bin/Debug/GenericLinkedListVB.DLL" adapterTypeName="Microsoft.VisualStudio.TestTools.TestTypes.Unit.UnitTestAdapter, Microsoft.VisualStudio.QualityTools.Tips.UnitTest.Adapter, Version=10.0.0.0, Culture=neutral, PublicKeyToken=b03f5f7f11d50a3a" className="GenericLinkedListVB.LinkedListTest, GenericLinkedListVB, Version=1.0.0.0, Culture=neutral, PublicKeyToken=null" name="ToStringWorks" />
    </UnitTest>
    <UnitTest name="AccessingWithNegativeIndexFails" storage="c:\currentbuilds\scrumdeveloperkainosoctober2012\courseprojects\visualstudioprojects\linkedlistchallenge\linkedlistsolutiongenericwithmstestcs\bin\debug\genericlinkedlistcs.dll" id="ad93a550-9dd7-5801-8ae7-e4478c31ee9f">
      <Execution id="2b5a5c30-47a9-41fa-897a-97c480486316" />
      <TestMethod codeBase="C:/CurrentBuilds/ScrumDeveloperKainosOctober2012/CourseProjects/VisualStudioProjects/LinkedListChallenge/LinkedListSolutionGenericWithMSTestCS/bin/Debug/GenericLinkedListCS.DLL" adapterTypeName="Microsoft.VisualStudio.TestTools.TestTypes.Unit.UnitTestAdapter, Microsoft.VisualStudio.QualityTools.Tips.UnitTest.Adapter, Version=10.0.0.0, Culture=neutral, PublicKeyToken=b03f5f7f11d50a3a" className="GenericLinkedListCS.LinkedListTest, GenericLinkedListCS, Version=1.0.0.0, Culture=neutral, PublicKeyToken=null" name="AccessingWithNegativeIndexFails" />
    </UnitTest>
    <UnitTest name="FirstItemCanBeFetched" storage="c:\currentbuilds\scrumdeveloperkainosoctober2012\courseprojects\visualstudioprojects\linkedlistchallenge\linkedlistmsteststart\bin\debug\linkedlistmsteststart.dll" id="d97eb0ad-1658-6d02-8aa3-c7ef77f40d50">
      <Execution id="7144847c-fc20-4013-999b-37924fdec905" />
      <TestMethod codeBase="C:/CurrentBuilds/ScrumDeveloperKainosOctober2012/CourseProjects/VisualStudioProjects/LinkedListChallenge/LinkedListMSTestStart/bin/Debug/LinkedListMSTestStart.DLL" adapterTypeName="Microsoft.VisualStudio.TestTools.TestTypes.Unit.UnitTestAdapter, Microsoft.VisualStudio.QualityTools.Tips.UnitTest.Adapter, Version=10.0.0.0, Culture=neutral, PublicKeyToken=b03f5f7f11d50a3a" className="LinkedListMSTestStart.LinkedListTest, LinkedListMSTestStart, Version=1.0.0.0, Culture=neutral, PublicKeyToken=null" name="FirstItemCanBeFetched" />
    </UnitTest>
    <UnitTest name="AccessingWithTooLargeAnIndexFails" storage="c:\currentbuilds\scrumdeveloperkainosoctober2012\courseprojects\visualstudioprojects\linkedlistchallenge\linkedlistsolutiongenericwithmstestcs\bin\debug\genericlinkedlistcs.dll" id="1c921095-2581-dd1d-f2e4-b4787d68d253">
      <Execution id="8ba070bf-8ff3-4253-963a-1a87711a3a09" />
      <TestMethod codeBase="C:/CurrentBuilds/ScrumDeveloperKainosOctober2012/CourseProjects/VisualStudioProjects/LinkedListChallenge/LinkedListSolutionGenericWithMSTestCS/bin/Debug/GenericLinkedListCS.DLL" adapterTypeName="Microsoft.VisualStudio.TestTools.TestTypes.Unit.UnitTestAdapter, Microsoft.VisualStudio.QualityTools.Tips.UnitTest.Adapter, Version=10.0.0.0, Culture=neutral, PublicKeyToken=b03f5f7f11d50a3a" className="GenericLinkedListCS.LinkedListTest, GenericLinkedListCS, Version=1.0.0.0, Culture=neutral, PublicKeyToken=null" name="AccessingWithTooLargeAnIndexFails" />
    </UnitTest>
    <UnitTest name="RemoveWhereItemNotFoundFails" storage="c:\currentbuilds\scrumdeveloperkainosoctober2012\courseprojects\visualstudioprojects\linkedlistchallenge\linkedlistsolutiongenericwithmstestcs\bin\debug\genericlinkedlistcs.dll" id="868f9f42-7d2c-8768-af9f-336896d629c0">
      <Execution id="9bcc7673-631d-4de3-991f-ddcf5b11a055" />
      <TestMethod codeBase="C:/CurrentBuilds/ScrumDeveloperKainosOctober2012/CourseProjects/VisualStudioProjects/LinkedListChallenge/LinkedListSolutionGenericWithMSTestCS/bin/Debug/GenericLinkedListCS.DLL" adapterTypeName="Microsoft.VisualStudio.TestTools.TestTypes.Unit.UnitTestAdapter, Microsoft.VisualStudio.QualityTools.Tips.UnitTest.Adapter, Version=10.0.0.0, Culture=neutral, PublicKeyToken=b03f5f7f11d50a3a" className="GenericLinkedListCS.LinkedListTest, GenericLinkedListCS, Version=1.0.0.0, Culture=neutral, PublicKeyToken=null" name="RemoveWhereItemNotFoundFails" />
    </UnitTest>
    <UnitTest name="CanGetMultipleItems" storage="c:\currentbuilds\scrumdeveloperkainosoctober2012\courseprojects\visualstudioprojects\linkedlistchallenge\linkedlistsolutiongenericwithmstestvb\bin\debug\genericlinkedlistvb.dll" id="783bde12-9771-e303-5ca3-093d826cc2ec">
      <Execution id="f840d851-33af-4585-affa-c576f0102f1b" />
      <TestMethod codeBase="C:/CurrentBuilds/ScrumDeveloperKainosOctober2012/CourseProjects/VisualStudioProjects/LinkedListChallenge/LinkedListSolutionGenericWithMSTestVB/bin/Debug/GenericLinkedListVB.DLL" adapterTypeName="Microsoft.VisualStudio.TestTools.TestTypes.Unit.UnitTestAdapter, Microsoft.VisualStudio.QualityTools.Tips.UnitTest.Adapter, Version=10.0.0.0, Culture=neutral, PublicKeyToken=b03f5f7f11d50a3a" className="GenericLinkedListVB.LinkedListTest, GenericLinkedListVB, Version=1.0.0.0, Culture=neutral, PublicKeyToken=null" name="CanGetMultipleItems" />
    </UnitTest>
    <UnitTest name="NullArgumentForRemoveFails" storage="c:\currentbuilds\scrumdeveloperkainosoctober2012\courseprojects\visualstudioprojects\linkedlistchallenge\linkedlistsolutiongenericwithmstestvb\bin\debug\genericlinkedlistvb.dll" id="1796fa40-dd81-76df-b5a6-765fbdff4dd7">
      <Execution id="f80ce19a-ab7a-4e6c-8f4d-f43691665dbb" />
      <TestMethod codeBase="C:/CurrentBuilds/ScrumDeveloperKainosOctober2012/CourseProjects/VisualStudioProjects/LinkedListChallenge/LinkedListSolutionGenericWithMSTestVB/bin/Debug/GenericLinkedListVB.DLL" adapterTypeName="Microsoft.VisualStudio.TestTools.TestTypes.Unit.UnitTestAdapter, Microsoft.VisualStudio.QualityTools.Tips.UnitTest.Adapter, Version=10.0.0.0, Culture=neutral, PublicKeyToken=b03f5f7f11d50a3a" className="GenericLinkedListVB.LinkedListTest, GenericLinkedListVB, Version=1.0.0.0, Culture=neutral, PublicKeyToken=null" name="NullArgumentForRemoveFails" />
    </UnitTest>
    <UnitTest name="NewListHasZeroSize" storage="c:\currentbuilds\scrumdeveloperkainosoctober2012\courseprojects\visualstudioprojects\linkedlistchallenge\linkedlistsolutiongenericwithmstestcs\bin\debug\genericlinkedlistcs.dll" id="3cae1f32-c8a6-ee4d-1eec-3b8ed35302df">
      <Execution id="d911dd2d-3be6-4000-b57e-dd515e96c5c1" />
      <TestMethod codeBase="C:/CurrentBuilds/ScrumDeveloperKainosOctober2012/CourseProjects/VisualStudioProjects/LinkedListChallenge/LinkedListSolutionGenericWithMSTestCS/bin/Debug/GenericLinkedListCS.DLL" adapterTypeName="Microsoft.VisualStudio.TestTools.TestTypes.Unit.UnitTestAdapter, Microsoft.VisualStudio.QualityTools.Tips.UnitTest.Adapter, Version=10.0.0.0, Culture=neutral, PublicKeyToken=b03f5f7f11d50a3a" className="GenericLinkedListCS.LinkedListTest, GenericLinkedListCS, Version=1.0.0.0, Culture=neutral, PublicKeyToken=null" name="NewListHasZeroSize" />
    </UnitTest>
    <UnitTest name="RemoveFromEmptyListFails" storage="c:\currentbuilds\scrumdeveloperkainosoctober2012\courseprojects\visualstudioprojects\linkedlistchallenge\linkedlistsolutiongenericwithmstestcs\bin\debug\genericlinkedlistcs.dll" id="651000fe-39aa-680c-14b6-4f6736b83edc">
      <Execution id="8eb03dc1-b584-4cb1-9938-be1b4dc75191" />
      <TestMethod codeBase="C:/CurrentBuilds/ScrumDeveloperKainosOctober2012/CourseProjects/VisualStudioProjects/LinkedListChallenge/LinkedListSolutionGenericWithMSTestCS/bin/Debug/GenericLinkedListCS.DLL" adapterTypeName="Microsoft.VisualStudio.TestTools.TestTypes.Unit.UnitTestAdapter, Microsoft.VisualStudio.QualityTools.Tips.UnitTest.Adapter, Version=10.0.0.0, Culture=neutral, PublicKeyToken=b03f5f7f11d50a3a" className="GenericLinkedListCS.LinkedListTest, GenericLinkedListCS, Version=1.0.0.0, Culture=neutral, PublicKeyToken=null" name="RemoveFromEmptyListFails" />
    </UnitTest>
    <UnitTest name="RemovingOnlyItemWorks" storage="c:\currentbuilds\scrumdeveloperkainosoctober2012\courseprojects\visualstudioprojects\linkedlistchallenge\linkedlistsolutiongenericwithmstestcs\bin\debug\genericlinkedlistcs.dll" id="d779b876-1f71-d7d4-35d2-1d61e1f90580">
      <Execution id="7cd0271a-643c-49bf-bb97-e6a8647b409c" />
      <TestMethod codeBase="C:/CurrentBuilds/ScrumDeveloperKainosOctober2012/CourseProjects/VisualStudioProjects/LinkedListChallenge/LinkedListSolutionGenericWithMSTestCS/bin/Debug/GenericLinkedListCS.DLL" adapterTypeName="Microsoft.VisualStudio.TestTools.TestTypes.Unit.UnitTestAdapter, Microsoft.VisualStudio.QualityTools.Tips.UnitTest.Adapter, Version=10.0.0.0, Culture=neutral, PublicKeyToken=b03f5f7f11d50a3a" className="GenericLinkedListCS.LinkedListTest, GenericLinkedListCS, Version=1.0.0.0, Culture=neutral, PublicKeyToken=null" name="RemovingOnlyItemWorks" />
    </UnitTest>
    <UnitTest name="ListWithItemsIsNotEmpty" storage="c:\currentbuilds\scrumdeveloperkainosoctober2012\courseprojects\visualstudioprojects\linkedlistchallenge\linkedlistsolutiongenericwithmstestvb\bin\debug\genericlinkedlistvb.dll" id="1199292a-e48f-e4c1-b551-72eb62effb32">
      <Execution id="c1da9972-3211-40b2-84a4-fb815b3e6c61" />
      <TestMethod codeBase="C:/CurrentBuilds/ScrumDeveloperKainosOctober2012/CourseProjects/VisualStudioProjects/LinkedListChallenge/LinkedListSolutionGenericWithMSTestVB/bin/Debug/GenericLinkedListVB.DLL" adapterTypeName="Microsoft.VisualStudio.TestTools.TestTypes.Unit.UnitTestAdapter, Microsoft.VisualStudio.QualityTools.Tips.UnitTest.Adapter, Version=10.0.0.0, Culture=neutral, PublicKeyToken=b03f5f7f11d50a3a" className="GenericLinkedListVB.LinkedListTest, GenericLinkedListVB, Version=1.0.0.0, Culture=neutral, PublicKeyToken=null" name="ListWithItemsIsNotEmpty" />
    </UnitTest>
    <UnitTest name="RemoveFromEmptyListFails" storage="c:\currentbuilds\scrumdeveloperkainosoctober2012\courseprojects\visualstudioprojects\linkedlistchallenge\linkedlistsolutiongenericwithmstestvb\bin\debug\genericlinkedlistvb.dll" id="9d0ce35a-4c62-88d8-c95d-528e4214e627">
      <Execution id="e3503734-57bd-4d78-8db6-c5726a82140c" />
      <TestMethod codeBase="C:/CurrentBuilds/ScrumDeveloperKainosOctober2012/CourseProjects/VisualStudioProjects/LinkedListChallenge/LinkedListSolutionGenericWithMSTestVB/bin/Debug/GenericLinkedListVB.DLL" adapterTypeName="Microsoft.VisualStudio.TestTools.TestTypes.Unit.UnitTestAdapter, Microsoft.VisualStudio.QualityTools.Tips.UnitTest.Adapter, Version=10.0.0.0, Culture=neutral, PublicKeyToken=b03f5f7f11d50a3a" className="GenericLinkedListVB.LinkedListTest, GenericLinkedListVB, Version=1.0.0.0, Culture=neutral, PublicKeyToken=null" name="RemoveFromEmptyListFails" />
    </UnitTest>
    <UnitTest name="RemoveWhereItemNotFoundFails" storage="c:\currentbuilds\scrumdeveloperkainosoctober2012\courseprojects\visualstudioprojects\linkedlistchallenge\linkedlistsolutiongenericwithmstestvb\bin\debug\genericlinkedlistvb.dll" id="4f5ea40f-a9b1-c208-d3c6-5d8b8410b973">
      <Execution id="315a03a5-f5e9-4b48-ad69-e4c2e99cc681" />
      <TestMethod codeBase="C:/CurrentBuilds/ScrumDeveloperKainosOctober2012/CourseProjects/VisualStudioProjects/LinkedListChallenge/LinkedListSolutionGenericWithMSTestVB/bin/Debug/GenericLinkedListVB.DLL" adapterTypeName="Microsoft.VisualStudio.TestTools.TestTypes.Unit.UnitTestAdapter, Microsoft.VisualStudio.QualityTools.Tips.UnitTest.Adapter, Version=10.0.0.0, Culture=neutral, PublicKeyToken=b03f5f7f11d50a3a" className="GenericLinkedListVB.LinkedListTest, GenericLinkedListVB, Version=1.0.0.0, Culture=neutral, PublicKeyToken=null" name="RemoveWhereItemNotFoundFails" />
    </UnitTest>
    <UnitTest name="ListWithItemsHasCorrectSize" storage="c:\currentbuilds\scrumdeveloperkainosoctober2012\courseprojects\visualstudioprojects\linkedlistchallenge\linkedlistsolutiongenericwithmstestcs\bin\debug\genericlinkedlistcs.dll" id="0b9ddbae-0f9c-af5d-4e3f-6e4aac58c977">
      <Execution id="183232cc-db68-4240-8c9f-ba2943fdea81" />
      <TestMethod codeBase="C:/CurrentBuilds/ScrumDeveloperKainosOctober2012/CourseProjects/VisualStudioProjects/LinkedListChallenge/LinkedListSolutionGenericWithMSTestCS/bin/Debug/GenericLinkedListCS.DLL" adapterTypeName="Microsoft.VisualStudio.TestTools.TestTypes.Unit.UnitTestAdapter, Microsoft.VisualStudio.QualityTools.Tips.UnitTest.Adapter, Version=10.0.0.0, Culture=neutral, PublicKeyToken=b03f5f7f11d50a3a" className="GenericLinkedListCS.LinkedListTest, GenericLinkedListCS, Version=1.0.0.0, Culture=neutral, PublicKeyToken=null" name="ListWithItemsHasCorrectSize" />
    </UnitTest>
    <UnitTest name="CanGetSingleItem" storage="c:\currentbuilds\scrumdeveloperkainosoctober2012\courseprojects\visualstudioprojects\linkedlistchallenge\linkedlistsolutiongenericwithmstestvb\bin\debug\genericlinkedlistvb.dll" id="b4bdad7e-fe61-0c53-a2ba-322fe3c730de">
      <Execution id="dd93bf73-ce4e-4659-8dac-debcd973b847" />
      <TestMethod codeBase="C:/CurrentBuilds/ScrumDeveloperKainosOctober2012/CourseProjects/VisualStudioProjects/LinkedListChallenge/LinkedListSolutionGenericWithMSTestVB/bin/Debug/GenericLinkedListVB.DLL" adapterTypeName="Microsoft.VisualStudio.TestTools.TestTypes.Unit.UnitTestAdapter, Microsoft.VisualStudio.QualityTools.Tips.UnitTest.Adapter, Version=10.0.0.0, Culture=neutral, PublicKeyToken=b03f5f7f11d50a3a" className="GenericLinkedListVB.LinkedListTest, GenericLinkedListVB, Version=1.0.0.0, Culture=neutral, PublicKeyToken=null" name="CanGetSingleItem" />
    </UnitTest>
    <UnitTest name="RemovingLastItemWorks" storage="c:\currentbuilds\scrumdeveloperkainosoctober2012\courseprojects\visualstudioprojects\linkedlistchallenge\linkedlistsolutiongenericwithmstestvb\bin\debug\genericlinkedlistvb.dll" id="b2d138ab-f74e-8154-830b-91eb081eb89b">
      <Execution id="801b9b71-666c-4799-92d3-fccef078e38d" />
      <TestMethod codeBase="C:/CurrentBuilds/ScrumDeveloperKainosOctober2012/CourseProjects/VisualStudioProjects/LinkedListChallenge/LinkedListSolutionGenericWithMSTestVB/bin/Debug/GenericLinkedListVB.DLL" adapterTypeName="Microsoft.VisualStudio.TestTools.TestTypes.Unit.UnitTestAdapter, Microsoft.VisualStudio.QualityTools.Tips.UnitTest.Adapter, Version=10.0.0.0, Culture=neutral, PublicKeyToken=b03f5f7f11d50a3a" className="GenericLinkedListVB.LinkedListTest, GenericLinkedListVB, Version=1.0.0.0, Culture=neutral, PublicKeyToken=null" name="RemovingLastItemWorks" />
    </UnitTest>
    <UnitTest name="RemovingFirstItemWorks" storage="c:\currentbuilds\scrumdeveloperkainosoctober2012\courseprojects\visualstudioprojects\linkedlistchallenge\linkedlistsolutiongenericwithmstestvb\bin\debug\genericlinkedlistvb.dll" id="053b6cbe-3cc7-4a33-3131-dede70c75661">
      <Execution id="195ce12d-659f-4388-b222-45aa3cf19d26" />
      <TestMethod codeBase="C:/CurrentBuilds/ScrumDeveloperKainosOctober2012/CourseProjects/VisualStudioProjects/LinkedListChallenge/LinkedListSolutionGenericWithMSTestVB/bin/Debug/GenericLinkedListVB.DLL" adapterTypeName="Microsoft.VisualStudio.TestTools.TestTypes.Unit.UnitTestAdapter, Microsoft.VisualStudio.QualityTools.Tips.UnitTest.Adapter, Version=10.0.0.0, Culture=neutral, PublicKeyToken=b03f5f7f11d50a3a" className="GenericLinkedListVB.LinkedListTest, GenericLinkedListVB, Version=1.0.0.0, Culture=neutral, PublicKeyToken=null" name="RemovingFirstItemWorks" />
    </UnitTest>
    <UnitTest name="AccessingEmptyListFails" storage="c:\currentbuilds\scrumdeveloperkainosoctober2012\courseprojects\visualstudioprojects\linkedlistchallenge\linkedlistsolutiongenericwithmstestvb\bin\debug\genericlinkedlistvb.dll" id="70107d2d-3266-30a7-52f6-de1d025a6a3a">
      <Execution id="35058794-0bf0-4506-bbc6-e37b001b6002" />
      <TestMethod codeBase="C:/CurrentBuilds/ScrumDeveloperKainosOctober2012/CourseProjects/VisualStudioProjects/LinkedListChallenge/LinkedListSolutionGenericWithMSTestVB/bin/Debug/GenericLinkedListVB.DLL" adapterTypeName="Microsoft.VisualStudio.TestTools.TestTypes.Unit.UnitTestAdapter, Microsoft.VisualStudio.QualityTools.Tips.UnitTest.Adapter, Version=10.0.0.0, Culture=neutral, PublicKeyToken=b03f5f7f11d50a3a" className="GenericLinkedListVB.LinkedListTest, GenericLinkedListVB, Version=1.0.0.0, Culture=neutral, PublicKeyToken=null" name="AccessingEmptyListFails" />
    </UnitTest>
    <UnitTest name="RemovingItemFromMiddleWorks" storage="c:\currentbuilds\scrumdeveloperkainosoctober2012\courseprojects\visualstudioprojects\linkedlistchallenge\linkedlistsolutiongenericwithmstestvb\bin\debug\genericlinkedlistvb.dll" id="3d8c2c0e-1ad8-8714-62f9-579f87a98b40">
      <Execution id="7d29ea51-a7ea-4dbd-88c4-f25ce595f8e2" />
      <TestMethod codeBase="C:/CurrentBuilds/ScrumDeveloperKainosOctober2012/CourseProjects/VisualStudioProjects/LinkedListChallenge/LinkedListSolutionGenericWithMSTestVB/bin/Debug/GenericLinkedListVB.DLL" adapterTypeName="Microsoft.VisualStudio.TestTools.TestTypes.Unit.UnitTestAdapter, Microsoft.VisualStudio.QualityTools.Tips.UnitTest.Adapter, Version=10.0.0.0, Culture=neutral, PublicKeyToken=b03f5f7f11d50a3a" className="GenericLinkedListVB.LinkedListTest, GenericLinkedListVB, Version=1.0.0.0, Culture=neutral, PublicKeyToken=null" name="RemovingItemFromMiddleWorks" />
    </UnitTest>
    <UnitTest name="AccessingWithTooLargeAnIndexFails" storage="c:\currentbuilds\scrumdeveloperkainosoctober2012\courseprojects\visualstudioprojects\linkedlistchallenge\linkedlistsolutiongenericwithmstestvb\bin\debug\genericlinkedlistvb.dll" id="7313d119-be8f-fa94-0400-b7118f0b2f70">
      <Execution id="cdbea9d5-2bad-406d-8e6f-dd1c658ae384" />
      <TestMethod codeBase="C:/CurrentBuilds/ScrumDeveloperKainosOctober2012/CourseProjects/VisualStudioProjects/LinkedListChallenge/LinkedListSolutionGenericWithMSTestVB/bin/Debug/GenericLinkedListVB.DLL" adapterTypeName="Microsoft.VisualStudio.TestTools.TestTypes.Unit.UnitTestAdapter, Microsoft.VisualStudio.QualityTools.Tips.UnitTest.Adapter, Version=10.0.0.0, Culture=neutral, PublicKeyToken=b03f5f7f11d50a3a" className="GenericLinkedListVB.LinkedListTest, GenericLinkedListVB, Version=1.0.0.0, Culture=neutral, PublicKeyToken=null" name="AccessingWithTooLargeAnIndexFails" />
    </UnitTest>
    <UnitTest name="ListWithItemsIsntEmpty" storage="c:\currentbuilds\scrumdeveloperkainosoctober2012\courseprojects\visualstudioprojects\linkedlistchallenge\linkedlistmsteststart\bin\debug\linkedlistmsteststart.dll" id="b7aeb646-dbc7-09f9-c0c5-17cbd8f870c2">
      <Execution id="7f3c81e8-2958-4010-8424-3b9a2ce9f075" />
      <TestMethod codeBase="C:/CurrentBuilds/ScrumDeveloperKainosOctober2012/CourseProjects/VisualStudioProjects/LinkedListChallenge/LinkedListMSTestStart/bin/Debug/LinkedListMSTestStart.DLL" adapterTypeName="Microsoft.VisualStudio.TestTools.TestTypes.Unit.UnitTestAdapter, Microsoft.VisualStudio.QualityTools.Tips.UnitTest.Adapter, Version=10.0.0.0, Culture=neutral, PublicKeyToken=b03f5f7f11d50a3a" className="LinkedListMSTestStart.LinkedListTest, LinkedListMSTestStart, Version=1.0.0.0, Culture=neutral, PublicKeyToken=null" name="ListWithItemsIsntEmpty" />
    </UnitTest>
    <UnitTest name="NewListIsEmpty" storage="c:\currentbuilds\scrumdeveloperkainosoctober2012\courseprojects\visualstudioprojects\linkedlistchallenge\linkedlistmsteststart\bin\debug\linkedlistmsteststart.dll" id="2956a1e5-41fe-134a-0dab-ce607461e05a">
      <Execution id="2bca70fb-0fee-47a5-8e43-bd113f57d540" />
      <TestMethod codeBase="C:/CurrentBuilds/ScrumDeveloperKainosOctober2012/CourseProjects/VisualStudioProjects/LinkedListChallenge/LinkedListMSTestStart/bin/Debug/LinkedListMSTestStart.DLL" adapterTypeName="Microsoft.VisualStudio.TestTools.TestTypes.Unit.UnitTestAdapter, Microsoft.VisualStudio.QualityTools.Tips.UnitTest.Adapter, Version=10.0.0.0, Culture=neutral, PublicKeyToken=b03f5f7f11d50a3a" className="LinkedListMSTestStart.LinkedListTest, LinkedListMSTestStart, Version=1.0.0.0, Culture=neutral, PublicKeyToken=null" name="NewListIsEmpty" />
    </UnitTest>
    <UnitTest name="RemovingFirstItemWorks" storage="c:\currentbuilds\scrumdeveloperkainosoctober2012\courseprojects\visualstudioprojects\linkedlistchallenge\linkedlistsolutiongenericwithmstestcs\bin\debug\genericlinkedlistcs.dll" id="faac8a3b-672c-4821-37e9-218aec3b37d6">
      <Execution id="801e04b1-e902-4596-b6cd-10686670a5d5" />
      <TestMethod codeBase="C:/CurrentBuilds/ScrumDeveloperKainosOctober2012/CourseProjects/VisualStudioProjects/LinkedListChallenge/LinkedListSolutionGenericWithMSTestCS/bin/Debug/GenericLinkedListCS.DLL" adapterTypeName="Microsoft.VisualStudio.TestTools.TestTypes.Unit.UnitTestAdapter, Microsoft.VisualStudio.QualityTools.Tips.UnitTest.Adapter, Version=10.0.0.0, Culture=neutral, PublicKeyToken=b03f5f7f11d50a3a" className="GenericLinkedListCS.LinkedListTest, GenericLinkedListCS, Version=1.0.0.0, Culture=neutral, PublicKeyToken=null" name="RemovingFirstItemWorks" />
    </UnitTest>
    <UnitTest name="CanGetMultipleItems" storage="c:\currentbuilds\scrumdeveloperkainosoctober2012\courseprojects\visualstudioprojects\linkedlistchallenge\linkedlistsolutiongenericwithmstestcs\bin\debug\genericlinkedlistcs.dll" id="ef9f1fd5-fe4c-9c8a-faa8-34afd26c97c9">
      <Execution id="df37e4db-588e-4a4a-9816-339a729cae72" />
      <TestMethod codeBase="C:/CurrentBuilds/ScrumDeveloperKainosOctober2012/CourseProjects/VisualStudioProjects/LinkedListChallenge/LinkedListSolutionGenericWithMSTestCS/bin/Debug/GenericLinkedListCS.DLL" adapterTypeName="Microsoft.VisualStudio.TestTools.TestTypes.Unit.UnitTestAdapter, Microsoft.VisualStudio.QualityTools.Tips.UnitTest.Adapter, Version=10.0.0.0, Culture=neutral, PublicKeyToken=b03f5f7f11d50a3a" className="GenericLinkedListCS.LinkedListTest, GenericLinkedListCS, Version=1.0.0.0, Culture=neutral, PublicKeyToken=null" name="CanGetMultipleItems" />
    </UnitTest>
    <UnitTest name="ToStringWorks" storage="c:\currentbuilds\scrumdeveloperkainosoctober2012\courseprojects\visualstudioprojects\linkedlistchallenge\linkedlistsolutiongenericwithmstestcs\bin\debug\genericlinkedlistcs.dll" id="6ebdf376-c392-777f-64e3-5a7c87fd5e56">
      <Execution id="d87fe14e-65ff-48b9-a77a-5b41d8836c70" />
      <TestMethod codeBase="C:/CurrentBuilds/ScrumDeveloperKainosOctober2012/CourseProjects/VisualStudioProjects/LinkedListChallenge/LinkedListSolutionGenericWithMSTestCS/bin/Debug/GenericLinkedListCS.DLL" adapterTypeName="Microsoft.VisualStudio.TestTools.TestTypes.Unit.UnitTestAdapter, Microsoft.VisualStudio.QualityTools.Tips.UnitTest.Adapter, Version=10.0.0.0, Culture=neutral, PublicKeyToken=b03f5f7f11d50a3a" className="GenericLinkedListCS.LinkedListTest, GenericLinkedListCS, Version=1.0.0.0, Culture=neutral, PublicKeyToken=null" name="ToStringWorks" />
    </UnitTest>
  </TestDefinitions>
  <TestLists>
    <TestList name="Results Not in a List" id="8c84fa94-04c1-424b-9868-57a2d4851a1d" />
    <TestList name="All Loaded Results" id="19431567-8539-422a-85d7-44ee4e166bda" />
  </TestLists>
  <TestEntries>
    <TestEntry testId="02c67c13-5686-be9b-7e84-3f24faa7dcd8" executionId="75ee0777-5bd5-40e3-b11f-1e1a78543892" testListId="8c84fa94-04c1-424b-9868-57a2d4851a1d" />
    <TestEntry testId="04c5a396-41c7-45dc-b956-d33fb5265f7c" executionId="432fd5d0-09e1-4191-acfc-c2e2db98b808" testListId="8c84fa94-04c1-424b-9868-57a2d4851a1d" />
    <TestEntry testId="053b6cbe-3cc7-4a33-3131-dede70c75661" executionId="195ce12d-659f-4388-b222-45aa3cf19d26" testListId="8c84fa94-04c1-424b-9868-57a2d4851a1d" />
    <TestEntry testId="06bb2d1a-1fea-c6c7-a6ed-a5f7e171babc" executionId="043b7ee2-2485-4d24-8650-24b491dc32a3" testListId="8c84fa94-04c1-424b-9868-57a2d4851a1d" />
    <TestEntry testId="0b9ddbae-0f9c-af5d-4e3f-6e4aac58c977" executionId="183232cc-db68-4240-8c9f-ba2943fdea81" testListId="8c84fa94-04c1-424b-9868-57a2d4851a1d" />
    <TestEntry testId="11421c5f-4311-0434-59c8-4bd2dc0ce096" executionId="13acae03-b192-4254-8da2-4395d230e018" testListId="8c84fa94-04c1-424b-9868-57a2d4851a1d" />
    <TestEntry testId="1199292a-e48f-e4c1-b551-72eb62effb32" executionId="c1da9972-3211-40b2-84a4-fb815b3e6c61" testListId="8c84fa94-04c1-424b-9868-57a2d4851a1d" />
    <TestEntry testId="1796fa40-dd81-76df-b5a6-765fbdff4dd7" executionId="f80ce19a-ab7a-4e6c-8f4d-f43691665dbb" testListId="8c84fa94-04c1-424b-9868-57a2d4851a1d" />
    <TestEntry testId="1c921095-2581-dd1d-f2e4-b4787d68d253" executionId="8ba070bf-8ff3-4253-963a-1a87711a3a09" testListId="8c84fa94-04c1-424b-9868-57a2d4851a1d" />
    <TestEntry testId="204b4f9a-dab2-307f-8c00-c45577ba124e" executionId="0b9e245c-3280-4630-8f24-5d0a16a17ba4" testListId="8c84fa94-04c1-424b-9868-57a2d4851a1d" />
    <TestEntry testId="2956a1e5-41fe-134a-0dab-ce607461e05a" executionId="2bca70fb-0fee-47a5-8e43-bd113f57d540" testListId="8c84fa94-04c1-424b-9868-57a2d4851a1d" />
    <TestEntry testId="2fbdeb02-4423-af8c-638c-9ba1ba4a3c5c" executionId="45d13115-a8df-4809-ba3c-a561b33e7a5a" testListId="8c84fa94-04c1-424b-9868-57a2d4851a1d" />
    <TestEntry testId="3cae1f32-c8a6-ee4d-1eec-3b8ed35302df" executionId="d911dd2d-3be6-4000-b57e-dd515e96c5c1" testListId="8c84fa94-04c1-424b-9868-57a2d4851a1d" />
    <TestEntry testId="3d8c2c0e-1ad8-8714-62f9-579f87a98b40" executionId="7d29ea51-a7ea-4dbd-88c4-f25ce595f8e2" testListId="8c84fa94-04c1-424b-9868-57a2d4851a1d" />
    <TestEntry testId="4f5ea40f-a9b1-c208-d3c6-5d8b8410b973" executionId="315a03a5-f5e9-4b48-ad69-e4c2e99cc681" testListId="8c84fa94-04c1-424b-9868-57a2d4851a1d" />
    <TestEntry testId="651000fe-39aa-680c-14b6-4f6736b83edc" executionId="8eb03dc1-b584-4cb1-9938-be1b4dc75191" testListId="8c84fa94-04c1-424b-9868-57a2d4851a1d" />
    <TestEntry testId="6ebdf376-c392-777f-64e3-5a7c87fd5e56" executionId="d87fe14e-65ff-48b9-a77a-5b41d8836c70" testListId="8c84fa94-04c1-424b-9868-57a2d4851a1d" />
    <TestEntry testId="70040799-7ff4-31fa-ee51-7627b8b542ca" executionId="2beba263-6039-49a4-9494-cb8a1e890102" testListId="8c84fa94-04c1-424b-9868-57a2d4851a1d" />
    <TestEntry testId="70107d2d-3266-30a7-52f6-de1d025a6a3a" executionId="35058794-0bf0-4506-bbc6-e37b001b6002" testListId="8c84fa94-04c1-424b-9868-57a2d4851a1d" />
    <TestEntry testId="7313d119-be8f-fa94-0400-b7118f0b2f70" executionId="cdbea9d5-2bad-406d-8e6f-dd1c658ae384" testListId="8c84fa94-04c1-424b-9868-57a2d4851a1d" />
    <TestEntry testId="783bde12-9771-e303-5ca3-093d826cc2ec" executionId="f840d851-33af-4585-affa-c576f0102f1b" testListId="8c84fa94-04c1-424b-9868-57a2d4851a1d" />
    <TestEntry testId="868f9f42-7d2c-8768-af9f-336896d629c0" executionId="9bcc7673-631d-4de3-991f-ddcf5b11a055" testListId="8c84fa94-04c1-424b-9868-57a2d4851a1d" />
    <TestEntry testId="95cf47cd-f407-9999-9f75-9a2a68724915" executionId="90652810-a89a-4597-aa70-415786eea2c0" testListId="8c84fa94-04c1-424b-9868-57a2d4851a1d" />
    <TestEntry testId="9d0ce35a-4c62-88d8-c95d-528e4214e627" executionId="e3503734-57bd-4d78-8db6-c5726a82140c" testListId="8c84fa94-04c1-424b-9868-57a2d4851a1d" />
    <TestEntry testId="a2b8ee21-eb43-d59f-170d-e5b5ace7e6f8" executionId="fbb64002-3382-4643-96ce-4459848f5fe9" testListId="8c84fa94-04c1-424b-9868-57a2d4851a1d" />
    <TestEntry testId="ad93a550-9dd7-5801-8ae7-e4478c31ee9f" executionId="2b5a5c30-47a9-41fa-897a-97c480486316" testListId="8c84fa94-04c1-424b-9868-57a2d4851a1d" />
    <TestEntry testId="adeeb323-e91a-0789-84eb-36d3efa2f9c7" executionId="7d242639-183c-47d9-92e5-e2ff17d0f08d" testListId="8c84fa94-04c1-424b-9868-57a2d4851a1d" />
    <TestEntry testId="b2d138ab-f74e-8154-830b-91eb081eb89b" executionId="801b9b71-666c-4799-92d3-fccef078e38d" testListId="8c84fa94-04c1-424b-9868-57a2d4851a1d" />
    <TestEntry testId="b4bdad7e-fe61-0c53-a2ba-322fe3c730de" executionId="dd93bf73-ce4e-4659-8dac-debcd973b847" testListId="8c84fa94-04c1-424b-9868-57a2d4851a1d" />
    <TestEntry testId="b7aeb646-dbc7-09f9-c0c5-17cbd8f870c2" executionId="7f3c81e8-2958-4010-8424-3b9a2ce9f075" testListId="8c84fa94-04c1-424b-9868-57a2d4851a1d" />
    <TestEntry testId="c71471f3-ac31-6a79-e51e-823a52582aef" executionId="d5456fe6-52b2-49e7-81d6-8191de8c1712" testListId="8c84fa94-04c1-424b-9868-57a2d4851a1d" />
    <TestEntry testId="d0ef3d4e-31cb-a274-6e65-39f9492a235a" executionId="88aceb33-25a2-40c2-8e0d-f546b40589ab" testListId="8c84fa94-04c1-424b-9868-57a2d4851a1d" />
    <TestEntry testId="d779b876-1f71-d7d4-35d2-1d61e1f90580" executionId="7cd0271a-643c-49bf-bb97-e6a8647b409c" testListId="8c84fa94-04c1-424b-9868-57a2d4851a1d" />
    <TestEntry testId="d97eb0ad-1658-6d02-8aa3-c7ef77f40d50" executionId="7144847c-fc20-4013-999b-37924fdec905" testListId="8c84fa94-04c1-424b-9868-57a2d4851a1d" />
    <TestEntry testId="e0974bb9-6aa7-8ee7-664e-8600d5f9a298" executionId="7623886e-b1b0-49ae-83c3-5f2853f5e48b" testListId="8c84fa94-04c1-424b-9868-57a2d4851a1d" />
    <TestEntry testId="ef9f1fd5-fe4c-9c8a-faa8-34afd26c97c9" executionId="df37e4db-588e-4a4a-9816-339a729cae72" testListId="8c84fa94-04c1-424b-9868-57a2d4851a1d" />
    <TestEntry testId="faac8a3b-672c-4821-37e9-218aec3b37d6" executionId="801e04b1-e902-4596-b6cd-10686670a5d5" testListId="8c84fa94-04c1-424b-9868-57a2d4851a1d" />
  </TestEntries>
  <Results>
    <UnitTestResult executionId="75ee0777-5bd5-40e3-b11f-1e1a78543892" testId="02c67c13-5686-be9b-7e84-3f24faa7dcd8" testName="ListWithItemsHasCorrectSize" computerName="HOME-PC" duration="00:00:00.0100397" startTime="2012-10-21T21:49:12.9121775+01:00" endTime="2012-10-21T21:49:13.0911878+01:00" testType="13cdc9d9-ddb5-4fa4-a97d-d965ccfc6d4b" outcome="Passed" testListId="8c84fa94-04c1-424b-9868-57a2d4851a1d" relativeResultsDirectory="75ee0777-5bd5-40e3-b11f-1e1a78543892">
    </UnitTestResult>
    <UnitTestResult executionId="432fd5d0-09e1-4191-acfc-c2e2db98b808" testId="04c5a396-41c7-45dc-b956-d33fb5265f7c" testName="RemovingLastItemWorks" computerName="HOME-PC" duration="00:00:00.0108642" startTime="2012-10-21T21:49:13.0931879+01:00" endTime="2012-10-21T21:49:13.2721981+01:00" testType="13cdc9d9-ddb5-4fa4-a97d-d965ccfc6d4b" outcome="Passed" testListId="8c84fa94-04c1-424b-9868-57a2d4851a1d" relativeResultsDirectory="432fd5d0-09e1-4191-acfc-c2e2db98b808">
    </UnitTestResult>
    <UnitTestResult executionId="195ce12d-659f-4388-b222-45aa3cf19d26" testId="053b6cbe-3cc7-4a33-3131-dede70c75661" testName="RemovingFirstItemWorks" computerName="HOME-PC" duration="00:00:00.0012222" startTime="2012-10-21T21:49:13.2731982+01:00" endTime="2012-10-21T21:49:13.2781985+01:00" testType="13cdc9d9-ddb5-4fa4-a97d-d965ccfc6d4b" outcome="Passed" testListId="8c84fa94-04c1-424b-9868-57a2d4851a1d" relativeResultsDirectory="195ce12d-659f-4388-b222-45aa3cf19d26">
    </UnitTestResult>
    <UnitTestResult executionId="043b7ee2-2485-4d24-8650-24b491dc32a3" testId="06bb2d1a-1fea-c6c7-a6ed-a5f7e171babc" testName="RemovingOnlyItemWorks" computerName="HOME-PC" duration="00:00:00.0002298" startTime="2012-10-21T21:49:13.2781985+01:00" endTime="2012-10-21T21:49:13.2821987+01:00" testType="13cdc9d9-ddb5-4fa4-a97d-d965ccfc6d4b" outcome="Passed" testListId="8c84fa94-04c1-424b-9868-57a2d4851a1d" relativeResultsDirectory="043b7ee2-2485-4d24-8650-24b491dc32a3">
    </UnitTestResult>
    <UnitTestResult executionId="183232cc-db68-4240-8c9f-ba2943fdea81" testId="0b9ddbae-0f9c-af5d-4e3f-6e4aac58c977" testName="ListWithItemsHasCorrectSize" computerName="HOME-PC" duration="00:00:00.0001246" startTime="2012-10-21T21:49:13.2821987+01:00" endTime="2012-10-21T21:49:13.2861989+01:00" testType="13cdc9d9-ddb5-4fa4-a97d-d965ccfc6d4b" outcome="Passed" testListId="8c84fa94-04c1-424b-9868-57a2d4851a1d" relativeResultsDirectory="183232cc-db68-4240-8c9f-ba2943fdea81">
    </UnitTestResult>
    <UnitTestResult executionId="13acae03-b192-4254-8da2-4395d230e018" testId="11421c5f-4311-0434-59c8-4bd2dc0ce096" testName="RemovingItemFromMiddleWorks" computerName="HOME-PC" duration="00:00:00.0003541" startTime="2012-10-21T21:49:13.2871990+01:00" endTime="2012-10-21T21:49:13.2901991+01:00" testType="13cdc9d9-ddb5-4fa4-a97d-d965ccfc6d4b" outcome="Passed" testListId="8c84fa94-04c1-424b-9868-57a2d4851a1d" relativeResultsDirectory="13acae03-b192-4254-8da2-4395d230e018">
    </UnitTestResult>
    <UnitTestResult executionId="c1da9972-3211-40b2-84a4-fb815b3e6c61" testId="1199292a-e48f-e4c1-b551-72eb62effb32" testName="ListWithItemsIsNotEmpty" computerName="HOME-PC" duration="00:00:00.0001286" startTime="2012-10-21T21:49:13.2911992+01:00" endTime="2012-10-21T21:49:13.2941994+01:00" testType="13cdc9d9-ddb5-4fa4-a97d-d965ccfc6d4b" outcome="Passed" testListId="8c84fa94-04c1-424b-9868-57a2d4851a1d" relativeResultsDirectory="c1da9972-3211-40b2-84a4-fb815b3e6c61">
    </UnitTestResult>
    <UnitTestResult executionId="f80ce19a-ab7a-4e6c-8f4d-f43691665dbb" testId="1796fa40-dd81-76df-b5a6-765fbdff4dd7" testName="NullArgumentForRemoveFails" computerName="HOME-PC" duration="00:00:00.0017065" startTime="2012-10-21T21:49:13.2951994+01:00" endTime="2012-10-21T21:49:13.3001997+01:00" testType="13cdc9d9-ddb5-4fa4-a97d-d965ccfc6d4b" outcome="Passed" testListId="8c84fa94-04c1-424b-9868-57a2d4851a1d" relativeResultsDirectory="f80ce19a-ab7a-4e6c-8f4d-f43691665dbb">
    </UnitTestResult>
    <UnitTestResult executionId="8ba070bf-8ff3-4253-963a-1a87711a3a09" testId="1c921095-2581-dd1d-f2e4-b4787d68d253" testName="AccessingWithTooLargeAnIndexFails" computerName="HOME-PC" duration="00:00:00.0020023" startTime="2012-10-21T21:49:13.3001997+01:00" endTime="2012-10-21T21:49:13.3062001+01:00" testType="13cdc9d9-ddb5-4fa4-a97d-d965ccfc6d4b" outcome="Passed" testListId="8c84fa94-04c1-424b-9868-57a2d4851a1d" relativeResultsDirectory="8ba070bf-8ff3-4253-963a-1a87711a3a09">
    </UnitTestResult>
    <UnitTestResult executionId="0b9e245c-3280-4630-8f24-5d0a16a17ba4" testId="204b4f9a-dab2-307f-8c00-c45577ba124e" testName="NullArgumentForRemoveFails" computerName="HOME-PC" duration="00:00:00.0002562" startTime="2012-10-21T21:49:13.3062001+01:00" endTime="2012-10-21T21:49:13.3102003+01:00" testType="13cdc9d9-ddb5-4fa4-a97d-d965ccfc6d4b" outcome="Passed" testListId="8c84fa94-04c1-424b-9868-57a2d4851a1d" relativeResultsDirectory="0b9e245c-3280-4630-8f24-5d0a16a17ba4">
    </UnitTestResult>
    <UnitTestResult executionId="2bca70fb-0fee-47a5-8e43-bd113f57d540" testId="2956a1e5-41fe-134a-0dab-ce607461e05a" testName="NewListIsEmpty" computerName="HOME-PC" duration="00:00:00.0090177" startTime="2012-10-21T21:49:13.3112003+01:00" endTime="2012-10-21T21:49:13.4912106+01:00" testType="13cdc9d9-ddb5-4fa4-a97d-d965ccfc6d4b" outcome="Passed" testListId="8c84fa94-04c1-424b-9868-57a2d4851a1d" relativeResultsDirectory="2bca70fb-0fee-47a5-8e43-bd113f57d540">
    </UnitTestResult>
    <UnitTestResult executionId="45d13115-a8df-4809-ba3c-a561b33e7a5a" testId="2fbdeb02-4423-af8c-638c-9ba1ba4a3c5c" testName="AccessingWithNegativeIndexFails" computerName="HOME-PC" duration="00:00:00.0006756" startTime="2012-10-21T21:49:13.4922107+01:00" endTime="2012-10-21T21:49:13.4962109+01:00" testType="13cdc9d9-ddb5-4fa4-a97d-d965ccfc6d4b" outcome="Passed" testListId="8c84fa94-04c1-424b-9868-57a2d4851a1d" relativeResultsDirectory="45d13115-a8df-4809-ba3c-a561b33e7a5a">
    </UnitTestResult>
    <UnitTestResult executionId="d911dd2d-3be6-4000-b57e-dd515e96c5c1" testId="3cae1f32-c8a6-ee4d-1eec-3b8ed35302df" testName="NewListHasZeroSize" computerName="HOME-PC" duration="00:00:00.0001191" startTime="2012-10-21T21:49:13.4962109+01:00" endTime="2012-10-21T21:49:13.5002112+01:00" testType="13cdc9d9-ddb5-4fa4-a97d-d965ccfc6d4b" outcome="Passed" testListId="8c84fa94-04c1-424b-9868-57a2d4851a1d" relativeResultsDirectory="d911dd2d-3be6-4000-b57e-dd515e96c5c1">
    </UnitTestResult>
    <UnitTestResult executionId="7d29ea51-a7ea-4dbd-88c4-f25ce595f8e2" testId="3d8c2c0e-1ad8-8714-62f9-579f87a98b40" testName="RemovingItemFromMiddleWorks" computerName="HOME-PC" duration="00:00:00.0003570" startTime="2012-10-21T21:49:13.5012112+01:00" endTime="2012-10-21T21:49:13.5052114+01:00" testType="13cdc9d9-ddb5-4fa4-a97d-d965ccfc6d4b" outcome="Passed" testListId="8c84fa94-04c1-424b-9868-57a2d4851a1d" relativeResultsDirectory="7d29ea51-a7ea-4dbd-88c4-f25ce595f8e2">
    </UnitTestResult>
    <UnitTestResult executionId="315a03a5-f5e9-4b48-ad69-e4c2e99cc681" testId="4f5ea40f-a9b1-c208-d3c6-5d8b8410b973" testName="RemoveWhereItemNotFoundFails" computerName="HOME-PC" duration="00:00:00.0002844" startTime="2012-10-21T21:49:13.5052114+01:00" endTime="2012-10-21T21:49:13.5092117+01:00" testType="13cdc9d9-ddb5-4fa4-a97d-d965ccfc6d4b" outcome="Passed" testListId="8c84fa94-04c1-424b-9868-57a2d4851a1d" relativeResultsDirectory="315a03a5-f5e9-4b48-ad69-e4c2e99cc681">
    </UnitTestResult>
    <UnitTestResult executionId="8eb03dc1-b584-4cb1-9938-be1b4dc75191" testId="651000fe-39aa-680c-14b6-4f6736b83edc" testName="RemoveFromEmptyListFails" computerName="HOME-PC" duration="00:00:00.0002877" startTime="2012-10-21T21:49:13.5092117+01:00" endTime="2012-10-21T21:49:13.5132119+01:00" testType="13cdc9d9-ddb5-4fa4-a97d-d965ccfc6d4b" outcome="Passed" testListId="8c84fa94-04c1-424b-9868-57a2d4851a1d" relativeResultsDirectory="8eb03dc1-b584-4cb1-9938-be1b4dc75191">
    </UnitTestResult>
    <UnitTestResult executionId="d87fe14e-65ff-48b9-a77a-5b41d8836c70" testId="6ebdf376-c392-777f-64e3-5a7c87fd5e56" testName="ToStringWorks" computerName="HOME-PC" duration="00:00:00.0001833" startTime="2012-10-21T21:49:13.5142120+01:00" endTime="2012-10-21T21:49:13.5172121+01:00" testType="13cdc9d9-ddb5-4fa4-a97d-d965ccfc6d4b" outcome="Passed" testListId="8c84fa94-04c1-424b-9868-57a2d4851a1d" relativeResultsDirectory="d87fe14e-65ff-48b9-a77a-5b41d8836c70">
    </UnitTestResult>
    <UnitTestResult executionId="2beba263-6039-49a4-9494-cb8a1e890102" testId="70040799-7ff4-31fa-ee51-7627b8b542ca" testName="NewListHasZeroSize" computerName="HOME-PC" duration="00:00:00.0001220" startTime="2012-10-21T21:49:13.5182122+01:00" endTime="2012-10-21T21:49:13.5212124+01:00" testType="13cdc9d9-ddb5-4fa4-a97d-d965ccfc6d4b" outcome="Passed" testListId="8c84fa94-04c1-424b-9868-57a2d4851a1d" relativeResultsDirectory="2beba263-6039-49a4-9494-cb8a1e890102">
    </UnitTestResult>
    <UnitTestResult executionId="35058794-0bf0-4506-bbc6-e37b001b6002" testId="70107d2d-3266-30a7-52f6-de1d025a6a3a" testName="AccessingEmptyListFails" computerName="HOME-PC" duration="00:00:00.0008611" startTime="2012-10-21T21:49:13.5222124+01:00" endTime="2012-10-21T21:49:13.5262126+01:00" testType="13cdc9d9-ddb5-4fa4-a97d-d965ccfc6d4b" outcome="Passed" testListId="8c84fa94-04c1-424b-9868-57a2d4851a1d" relativeResultsDirectory="35058794-0bf0-4506-bbc6-e37b001b6002">
    </UnitTestResult>
    <UnitTestResult executionId="cdbea9d5-2bad-406d-8e6f-dd1c658ae384" testId="7313d119-be8f-fa94-0400-b7118f0b2f70" testName="AccessingWithTooLargeAnIndexFails" computerName="HOME-PC" duration="00:00:00.0002815" startTime="2012-10-21T21:49:13.5272127+01:00" endTime="2012-10-21T21:49:13.5302129+01:00" testType="13cdc9d9-ddb5-4fa4-a97d-d965ccfc6d4b" outcome="Passed" testListId="8c84fa94-04c1-424b-9868-57a2d4851a1d" relativeResultsDirectory="cdbea9d5-2bad-406d-8e6f-dd1c658ae384">
    </UnitTestResult>
    <UnitTestResult executionId="f840d851-33af-4585-affa-c576f0102f1b" testId="783bde12-9771-e303-5ca3-093d826cc2ec" testName="CanGetMultipleItems" computerName="HOME-PC" duration="00:00:00.0003244" startTime="2012-10-21T21:49:13.5312129+01:00" endTime="2012-10-21T21:49:13.5352132+01:00" testType="13cdc9d9-ddb5-4fa4-a97d-d965ccfc6d4b" outcome="Passed" testListId="8c84fa94-04c1-424b-9868-57a2d4851a1d" relativeResultsDirectory="f840d851-33af-4585-affa-c576f0102f1b">
    </UnitTestResult>
    <UnitTestResult executionId="9bcc7673-631d-4de3-991f-ddcf5b11a055" testId="868f9f42-7d2c-8768-af9f-336896d629c0" testName="RemoveWhereItemNotFoundFails" computerName="HOME-PC" duration="00:00:00.0002874" startTime="2012-10-21T21:49:13.5352132+01:00" endTime="2012-10-21T21:49:13.5392134+01:00" testType="13cdc9d9-ddb5-4fa4-a97d-d965ccfc6d4b" outcome="Passed" testListId="8c84fa94-04c1-424b-9868-57a2d4851a1d" relativeResultsDirectory="9bcc7673-631d-4de3-991f-ddcf5b11a055">
    </UnitTestResult>
    <UnitTestResult executionId="90652810-a89a-4597-aa70-415786eea2c0" testId="95cf47cd-f407-9999-9f75-9a2a68724915" testName="ListWithItemsIsNotEmpty" computerName="HOME-PC" duration="00:00:00.0001294" startTime="2012-10-21T21:49:13.5402134+01:00" endTime="2012-10-21T21:49:13.5432136+01:00" testType="13cdc9d9-ddb5-4fa4-a97d-d965ccfc6d4b" outcome="Passed" testListId="8c84fa94-04c1-424b-9868-57a2d4851a1d" relativeResultsDirectory="90652810-a89a-4597-aa70-415786eea2c0">
    </UnitTestResult>
    <UnitTestResult executionId="e3503734-57bd-4d78-8db6-c5726a82140c" testId="9d0ce35a-4c62-88d8-c95d-528e4214e627" testName="RemoveFromEmptyListFails" computerName="HOME-PC" duration="00:00:00.0003178" startTime="2012-10-21T21:49:13.5442137+01:00" endTime="2012-10-21T21:49:13.5472138+01:00" testType="13cdc9d9-ddb5-4fa4-a97d-d965ccfc6d4b" outcome="Passed" testListId="8c84fa94-04c1-424b-9868-57a2d4851a1d" relativeResultsDirectory="e3503734-57bd-4d78-8db6-c5726a82140c">
    </UnitTestResult>
    <UnitTestResult executionId="fbb64002-3382-4643-96ce-4459848f5fe9" testId="a2b8ee21-eb43-d59f-170d-e5b5ace7e6f8" testName="NewListIsEmpty" computerName="HOME-PC" duration="00:00:00.0001228" startTime="2012-10-21T21:49:13.5482139+01:00" endTime="2012-10-21T21:49:13.5522141+01:00" testType="13cdc9d9-ddb5-4fa4-a97d-d965ccfc6d4b" outcome="Passed" testListId="8c84fa94-04c1-424b-9868-57a2d4851a1d" relativeResultsDirectory="fbb64002-3382-4643-96ce-4459848f5fe9">
    </UnitTestResult>
    <UnitTestResult executionId="2b5a5c30-47a9-41fa-897a-97c480486316" testId="ad93a550-9dd7-5801-8ae7-e4478c31ee9f" testName="AccessingWithNegativeIndexFails" computerName="HOME-PC" duration="00:00:00.0002903" startTime="2012-10-21T21:49:13.5522141+01:00" endTime="2012-10-21T21:49:13.5562144+01:00" testType="13cdc9d9-ddb5-4fa4-a97d-d965ccfc6d4b" outcome="Passed" testListId="8c84fa94-04c1-424b-9868-57a2d4851a1d" relativeResultsDirectory="2b5a5c30-47a9-41fa-897a-97c480486316">
    </UnitTestResult>
    <UnitTestResult executionId="7d242639-183c-47d9-92e5-e2ff17d0f08d" testId="adeeb323-e91a-0789-84eb-36d3efa2f9c7" testName="AccessingEmptyListFails" computerName="HOME-PC" duration="00:00:00.0002676" startTime="2012-10-21T21:49:13.5572144+01:00" endTime="2012-10-21T21:49:13.5602146+01:00" testType="13cdc9d9-ddb5-4fa4-a97d-d965ccfc6d4b" outcome="Passed" testListId="8c84fa94-04c1-424b-9868-57a2d4851a1d" relativeResultsDirectory="7d242639-183c-47d9-92e5-e2ff17d0f08d">
    </UnitTestResult>
    <UnitTestResult executionId="801b9b71-666c-4799-92d3-fccef078e38d" testId="b2d138ab-f74e-8154-830b-91eb081eb89b" testName="RemovingLastItemWorks" computerName="HOME-PC" duration="00:00:00.0003116" startTime="2012-10-21T21:49:13.5612146+01:00" endTime="2012-10-21T21:49:13.5652149+01:00" testType="13cdc9d9-ddb5-4fa4-a97d-d965ccfc6d4b" outcome="Passed" testListId="8c84fa94-04c1-424b-9868-57a2d4851a1d" relativeResultsDirectory="801b9b71-666c-4799-92d3-fccef078e38d">
    </UnitTestResult>
    <UnitTestResult executionId="dd93bf73-ce4e-4659-8dac-debcd973b847" testId="b4bdad7e-fe61-0c53-a2ba-322fe3c730de" testName="CanGetSingleItem" computerName="HOME-PC" duration="00:00:00.0001374" startTime="2012-10-21T21:49:13.5652149+01:00" endTime="2012-10-21T21:49:13.5692151+01:00" testType="13cdc9d9-ddb5-4fa4-a97d-d965ccfc6d4b" outcome="Passed" testListId="8c84fa94-04c1-424b-9868-57a2d4851a1d" relativeResultsDirectory="dd93bf73-ce4e-4659-8dac-debcd973b847">
    </UnitTestResult>
    <UnitTestResult executionId="7f3c81e8-2958-4010-8424-3b9a2ce9f075" testId="b7aeb646-dbc7-09f9-c0c5-17cbd8f870c2" testName="ListWithItemsIsntEmpty" computerName="HOME-PC" duration="00:00:00.0002049" startTime="2012-10-21T21:49:13.5702152+01:00" endTime="2012-10-21T21:49:13.5732153+01:00" testType="13cdc9d9-ddb5-4fa4-a97d-d965ccfc6d4b" outcome="Passed" testListId="8c84fa94-04c1-424b-9868-57a2d4851a1d" relativeResultsDirectory="7f3c81e8-2958-4010-8424-3b9a2ce9f075">
    </UnitTestResult>
    <UnitTestResult executionId="d5456fe6-52b2-49e7-81d6-8191de8c1712" testId="c71471f3-ac31-6a79-e51e-823a52582aef" testName="NewListIsEmpty" computerName="HOME-PC" duration="00:00:00.0001129" startTime="2012-10-21T21:49:13.5742154+01:00" endTime="2012-10-21T21:49:13.5772156+01:00" testType="13cdc9d9-ddb5-4fa4-a97d-d965ccfc6d4b" outcome="Passed" testListId="8c84fa94-04c1-424b-9868-57a2d4851a1d" relativeResultsDirectory="d5456fe6-52b2-49e7-81d6-8191de8c1712">
    </UnitTestResult>
    <UnitTestResult executionId="88aceb33-25a2-40c2-8e0d-f546b40589ab" testId="d0ef3d4e-31cb-a274-6e65-39f9492a235a" testName="ToStringWorks" computerName="HOME-PC" duration="00:00:00.0002265" startTime="2012-10-21T21:49:13.5782156+01:00" endTime="2012-10-21T21:49:13.5812158+01:00" testType="13cdc9d9-ddb5-4fa4-a97d-d965ccfc6d4b" outcome="Passed" testListId="8c84fa94-04c1-424b-9868-57a2d4851a1d" relativeResultsDirectory="88aceb33-25a2-40c2-8e0d-f546b40589ab">
    </UnitTestResult>
    <UnitTestResult executionId="7cd0271a-643c-49bf-bb97-e6a8647b409c" testId="d779b876-1f71-d7d4-35d2-1d61e1f90580" testName="RemovingOnlyItemWorks" computerName="HOME-PC" duration="00:00:00.0003094" startTime="2012-10-21T21:49:13.5822158+01:00" endTime="2012-10-21T21:49:13.5862161+01:00" testType="13cdc9d9-ddb5-4fa4-a97d-d965ccfc6d4b" outcome="Passed" testListId="8c84fa94-04c1-424b-9868-57a2d4851a1d" relativeResultsDirectory="7cd0271a-643c-49bf-bb97-e6a8647b409c">
    </UnitTestResult>
    <UnitTestResult executionId="7144847c-fc20-4013-999b-37924fdec905" testId="d97eb0ad-1658-6d02-8aa3-c7ef77f40d50" testName="FirstItemCanBeFetched" computerName="HOME-PC" duration="00:00:00.0105442" startTime="2012-10-21T21:49:13.5862161+01:00" endTime="2012-10-21T21:49:13.6002169+01:00" testType="13cdc9d9-ddb5-4fa4-a97d-d965ccfc6d4b" outcome="Failed" testListId="8c84fa94-04c1-424b-9868-57a2d4851a1d" relativeResultsDirectory="7144847c-fc20-4013-999b-37924fdec905">
      <Output>
        <ErrorInfo>
          <Message>Assert.AreEqual failed. Expected:&lt;abc&gt;. Actual:&lt;(null)&gt;. </Message>
          <StackTrace>   at LinkedListMSTestStart.LinkedListTest.FirstItemCanBeFetched() in C:\CurrentBuilds\ScrumDeveloperKainosOctober2012\CourseProjects\VisualStudioProjects\LinkedListChallenge\LinkedListMSTestStart\LinkedListTest.cs:line 32
</StackTrace>
        </ErrorInfo>
      </Output>
    </UnitTestResult>
    <UnitTestResult executionId="7623886e-b1b0-49ae-83c3-5f2853f5e48b" testId="e0974bb9-6aa7-8ee7-664e-8600d5f9a298" testName="CanGetSingleItem" computerName="HOME-PC" duration="00:00:00.0003303" startTime="2012-10-21T21:49:13.6012169+01:00" endTime="2012-10-21T21:49:13.6052172+01:00" testType="13cdc9d9-ddb5-4fa4-a97d-d965ccfc6d4b" outcome="Passed" testListId="8c84fa94-04c1-424b-9868-57a2d4851a1d" relativeResultsDirectory="7623886e-b1b0-49ae-83c3-5f2853f5e48b">
    </UnitTestResult>
    <UnitTestResult executionId="df37e4db-588e-4a4a-9816-339a729cae72" testId="ef9f1fd5-fe4c-9c8a-faa8-34afd26c97c9" testName="CanGetMultipleItems" computerName="HOME-PC" duration="00:00:00.0001873" startTime="2012-10-21T21:49:13.6062172+01:00" endTime="2012-10-21T21:49:13.6102174+01:00" testType="13cdc9d9-ddb5-4fa4-a97d-d965ccfc6d4b" outcome="Passed" testListId="8c84fa94-04c1-424b-9868-57a2d4851a1d" relativeResultsDirectory="df37e4db-588e-4a4a-9816-339a729cae72">
    </UnitTestResult>
    <UnitTestResult executionId="801e04b1-e902-4596-b6cd-10686670a5d5" testId="faac8a3b-672c-4821-37e9-218aec3b37d6" testName="RemovingFirstItemWorks" computerName="HOME-PC" duration="00:00:00.0002016" startTime="2012-10-21T21:49:13.6102174+01:00" endTime="2012-10-21T21:49:13.6142177+01:00" testType="13cdc9d9-ddb5-4fa4-a97d-d965ccfc6d4b" outcome="Passed" testListId="8c84fa94-04c1-424b-9868-57a2d4851a1d" relativeResultsDirectory="801e04b1-e902-4596-b6cd-10686670a5d5">
    </UnitTestResult>
  </Results>
</TestRun>