<?xml version="1.0" encoding="UTF-8"?>
<TestRun id="527d3a09-2afb-4a4e-8db8-aef474f988ec" name="Garth@HOME-PC 2012-10-21 21:42:53" runUser="Home-PC\Garth" xmlns="http://microsoft.com/schemas/VisualStudio/TeamTest/2010">
  <TestSettings name="Local" id="ca016ff4-8a36-4ae7-8e54-6875c4006350">
    <Description>These are default test settings for a local test run.</Description>
    <Deployment userDeploymentRoot="C:\CurrentBuilds\ScrumDeveloperKainosOctober2012\CourseProjects\VisualStudioProjects\LinkedListChallenge\TestResults" useDefaultDeploymentRoot="false" enabled="false" runDeploymentRoot="Garth_HOME-PC 2012-10-21 21_42_53" />
    <Execution>
      <TestTypeSpecific />
      <AgentRule name="Execution Agents">
      </AgentRule>
    </Execution>
  </TestSettings>
  <Times creation="2012-10-21T21:42:53.2144601+01:00" queuing="2012-10-21T21:42:53.2184603+01:00" start="2012-10-21T21:42:53.2224605+01:00" finish="2012-10-21T21:42:53.4344726+01:00" />
  <ResultSummary outcome="Failed">
    <Counters total="1" executed="1" error="0" failed="1" timeout="0" aborted="0" inconclusive="0" passedButRunAborted="0" notRunnable="0" notExecuted="0" disconnected="0" warning="0" passed="0" completed="0" inProgress="0" pending="0" />
  </ResultSummary>
  <TestDefinitions>
    <UnitTest name="NewListIsEmpty" storage="c:\currentbuilds\scrumdeveloperkainosoctober2012\courseprojects\visualstudioprojects\linkedlistchallenge\linkedlistmsteststart\bin\debug\linkedlistmsteststart.dll" id="2956a1e5-41fe-134a-0dab-ce607461e05a">
      <Execution id="094b8a8c-54c3-4e21-8ce7-16368dbad7fe" />
      <TestMethod codeBase="C:/CurrentBuilds/ScrumDeveloperKainosOctober2012/CourseProjects/VisualStudioProjects/LinkedListChallenge/LinkedListMSTestStart/bin/Debug/LinkedListMSTestStart.DLL" adapterTypeName="Microsoft.VisualStudio.TestTools.TestTypes.Unit.UnitTestAdapter, Microsoft.VisualStudio.QualityTools.Tips.UnitTest.Adapter, Version=10.0.0.0, Culture=neutral, PublicKeyToken=b03f5f7f11d50a3a" className="LinkedListMSTestStart.LinkedListTest, LinkedListMSTestStart, Version=1.0.0.0, Culture=neutral, PublicKeyToken=null" name="NewListIsEmpty" />
    </UnitTest>
  </TestDefinitions>
  <TestLists>
    <TestList name="Results Not in a List" id="8c84fa94-04c1-424b-9868-57a2d4851a1d" />
    <TestList name="All Loaded Results" id="19431567-8539-422a-85d7-44ee4e166bda" />
  </TestLists>
  <TestEntries>
    <TestEntry testId="2956a1e5-41fe-134a-0dab-ce607461e05a" executionId="094b8a8c-54c3-4e21-8ce7-16368dbad7fe" testListId="8c84fa94-04c1-424b-9868-57a2d4851a1d" />
  </TestEntries>
  <Results>
    <UnitTestResult executionId="094b8a8c-54c3-4e21-8ce7-16368dbad7fe" testId="2956a1e5-41fe-134a-0dab-ce607461e05a" testName="NewListIsEmpty" computerName="HOME-PC" duration="00:00:00.0230201" startTime="2012-10-21T21:42:53.2244606+01:00" endTime="2012-10-21T21:42:53.4254721+01:00" testType="13cdc9d9-ddb5-4fa4-a97d-d965ccfc6d4b" outcome="Failed" testListId="8c84fa94-04c1-424b-9868-57a2d4851a1d" relativeResultsDirectory="094b8a8c-54c3-4e21-8ce7-16368dbad7fe">
      <Output>
        <ErrorInfo>
          <Message>Assert.AreEqual failed. Expected:&lt;0&gt;. Actual:&lt;1&gt;. </Message>
          <StackTrace>   at LinkedListMSTestStart.LinkedListTest.NewListIsEmpty() in C:\CurrentBuilds\ScrumDeveloperKainosOctober2012\CourseProjects\VisualStudioProjects\LinkedListChallenge\LinkedListMSTestStart\LinkedListTest.cs:line 17
</StackTrace>
        </ErrorInfo>
      </Output>
    </UnitTestResult>
  </Results>
</TestRun>