<?xml version="1.0" encoding="UTF-8"?>
<TestRun id="ec18e274-321a-4ca1-ac2b-702026db7c69" name="Garth@HOME-PC 2012-10-21 21:42:14" runUser="Home-PC\Garth" xmlns="http://microsoft.com/schemas/VisualStudio/TeamTest/2010">
  <TestSettings name="Local" id="ca016ff4-8a36-4ae7-8e54-6875c4006350">
    <Description>These are default test settings for a local test run.</Description>
    <Deployment enabled="false" runDeploymentRoot="Garth_HOME-PC 2012-10-21 21_42_14" />
    <Execution>
      <TestTypeSpecific />
      <AgentRule name="Execution Agents">
      </AgentRule>
    </Execution>
  </TestSettings>
  <Times creation="2012-10-21T21:42:14.5062461+01:00" queuing="2012-10-21T21:42:14.5212469+01:00" start="2012-10-21T21:42:14.5322476+01:00" finish="2012-10-21T21:42:15.2912910+01:00" />
  <ResultSummary outcome="Failed">
    <Counters total="35" executed="35" passed="34" error="0" failed="1" timeout="0" aborted="0" inconclusive="0" passedButRunAborted="0" notRunnable="0" notExecuted="0" disconnected="0" warning="0" completed="0" inProgress="0" pending="0" />
  </ResultSummary>
  <TestDefinitions>
    <UnitTest name="NewListHasZeroSize" storage="c:\currentbuilds\scrumdeveloperkainosoctober2012\courseprojects\visualstudioprojects\linkedlistchallenge\linkedlistsolutiongenericwithmstestvb\bin\debug\genericlinkedlistvb.dll" id="70040799-7ff4-31fa-ee51-7627b8b542ca">
      <Execution id="e67896e3-3360-4468-99af-e5734f1597e1" />
      <TestMethod codeBase="C:/CurrentBuilds/ScrumDeveloperKainosOctober2012/CourseProjects/VisualStudioProjects/LinkedListChallenge/LinkedListSolutionGenericWithMSTestVB/bin/Debug/GenericLinkedListVB.DLL" adapterTypeName="Microsoft.VisualStudio.TestTools.TestTypes.Unit.UnitTestAdapter, Microsoft.VisualStudio.QualityTools.Tips.UnitTest.Adapter, Version=10.0.0.0, Culture=neutral, PublicKeyToken=b03f5f7f11d50a3a" className="GenericLinkedListVB.LinkedListTest, GenericLinkedListVB, Version=1.0.0.0, Culture=neutral, PublicKeyToken=null" name="NewListHasZeroSize" />
    </UnitTest>
    <UnitTest name="RemovingLastItemWorks" storage="c:\currentbuilds\scrumdeveloperkainosoctober2012\courseprojects\visualstudioprojects\linkedlistchallenge\linkedlistsolutiongenericwithmstestcs\bin\debug\genericlinkedlistcs.dll" id="04c5a396-41c7-45dc-b956-d33fb5265f7c">
      <Execution id="e531c344-6425-49ee-b518-5347b7a7d103" />
      <TestMethod codeBase="C:/CurrentBuilds/ScrumDeveloperKainosOctober2012/CourseProjects/VisualStudioProjects/LinkedListChallenge/LinkedListSolutionGenericWithMSTestCS/bin/Debug/GenericLinkedListCS.DLL" adapterTypeName="Microsoft.VisualStudio.TestTools.TestTypes.Unit.UnitTestAdapter, Microsoft.VisualStudio.QualityTools.Tips.UnitTest.Adapter, Version=10.0.0.0, Culture=neutral, PublicKeyToken=b03f5f7f11d50a3a" className="GenericLinkedListCS.LinkedListTest, GenericLinkedListCS, Version=1.0.0.0, Culture=neutral, PublicKeyToken=null" name="RemovingLastItemWorks" />
    </UnitTest>
    <UnitTest name="RemovingOnlyItemWorks" storage="c:\currentbuilds\scrumdeveloperkainosoctober2012\courseprojects\visualstudioprojects\linkedlistchallenge\linkedlistsolutiongenericwithmstestvb\bin\debug\genericlinkedlistvb.dll" id="06bb2d1a-1fea-c6c7-a6ed-a5f7e171babc">
      <Execution id="dcee5786-930b-4a6e-8025-c8347765dad3" />
      <TestMethod codeBase="C:/CurrentBuilds/ScrumDeveloperKainosOctober2012/CourseProjects/VisualStudioProjects/LinkedListChallenge/LinkedListSolutionGenericWithMSTestVB/bin/Debug/GenericLinkedListVB.DLL" adapterTypeName="Microsoft.VisualStudio.TestTools.TestTypes.Unit.UnitTestAdapter, Microsoft.VisualStudio.QualityTools.Tips.UnitTest.Adapter, Version=10.0.0.0, Culture=neutral, PublicKeyToken=b03f5f7f11d50a3a" className="GenericLinkedListVB.LinkedListTest, GenericLinkedListVB, Version=1.0.0.0, Culture=neutral, PublicKeyToken=null" name="RemovingOnlyItemWorks" />
    </UnitTest>
    <UnitTest name="RemovingItemFromMiddleWorks" storage="c:\currentbuilds\scrumdeveloperkainosoctober2012\courseprojects\visualstudioprojects\linkedlistchallenge\linkedlistsolutiongenericwithmstestcs\bin\debug\genericlinkedlistcs.dll" id="11421c5f-4311-0434-59c8-4bd2dc0ce096">
      <Execution id="ed171e8d-a3ce-4cf2-9645-af1afdd9529c" />
      <TestMethod codeBase="C:/CurrentBuilds/ScrumDeveloperKainosOctober2012/CourseProjects/VisualStudioProjects/LinkedListChallenge/LinkedListSolutionGenericWithMSTestCS/bin/Debug/GenericLinkedListCS.DLL" adapterTypeName="Microsoft.VisualStudio.TestTools.TestTypes.Unit.UnitTestAdapter, Microsoft.VisualStudio.QualityTools.Tips.UnitTest.Adapter, Version=10.0.0.0, Culture=neutral, PublicKeyToken=b03f5f7f11d50a3a" className="GenericLinkedListCS.LinkedListTest, GenericLinkedListCS, Version=1.0.0.0, Culture=neutral, PublicKeyToken=null" name="RemovingItemFromMiddleWorks" />
    </UnitTest>
    <UnitTest name="AccessingEmptyListFails" storage="c:\currentbuilds\scrumdeveloperkainosoctober2012\courseprojects\visualstudioprojects\linkedlistchallenge\linkedlistsolutiongenericwithmstestcs\bin\debug\genericlinkedlistcs.dll" id="adeeb323-e91a-0789-84eb-36d3efa2f9c7">
      <Execution id="fe20502f-c862-420c-846a-81adb0afaf0d" />
      <TestMethod codeBase="C:/CurrentBuilds/ScrumDeveloperKainosOctober2012/CourseProjects/VisualStudioProjects/LinkedListChallenge/LinkedListSolutionGenericWithMSTestCS/bin/Debug/GenericLinkedListCS.DLL" adapterTypeName="Microsoft.VisualStudio.TestTools.TestTypes.Unit.UnitTestAdapter, Microsoft.VisualStudio.QualityTools.Tips.UnitTest.Adapter, Version=10.0.0.0, Culture=neutral, PublicKeyToken=b03f5f7f11d50a3a" className="GenericLinkedListCS.LinkedListTest, GenericLinkedListCS, Version=1.0.0.0, Culture=neutral, PublicKeyToken=null" name="AccessingEmptyListFails" />
    </UnitTest>
    <UnitTest name="NewListIsEmpty" storage="c:\currentbuilds\scrumdeveloperkainosoctober2012\courseprojects\visualstudioprojects\linkedlistchallenge\linkedlistsolutiongenericwithmstestvb\bin\debug\genericlinkedlistvb.dll" id="c71471f3-ac31-6a79-e51e-823a52582aef">
      <Execution id="c4f0cf92-9c70-467a-9eea-4439db66f906" />
      <TestMethod codeBase="C:/CurrentBuilds/ScrumDeveloperKainosOctober2012/CourseProjects/VisualStudioProjects/LinkedListChallenge/LinkedListSolutionGenericWithMSTestVB/bin/Debug/GenericLinkedListVB.DLL" adapterTypeName="Microsoft.VisualStudio.TestTools.TestTypes.Unit.UnitTestAdapter, Microsoft.VisualStudio.QualityTools.Tips.UnitTest.Adapter, Version=10.0.0.0, Culture=neutral, PublicKeyToken=b03f5f7f11d50a3a" className="GenericLinkedListVB.LinkedListTest, GenericLinkedListVB, Version=1.0.0.0, Culture=neutral, PublicKeyToken=null" name="NewListIsEmpty" />
    </UnitTest>
    <UnitTest name="NullArgumentForRemoveFails" storage="c:\currentbuilds\scrumdeveloperkainosoctober2012\courseprojects\visualstudioprojects\linkedlistchallenge\linkedlistsolutiongenericwithmstestcs\bin\debug\genericlinkedlistcs.dll" id="204b4f9a-dab2-307f-8c00-c45577ba124e">
      <Execution id="d4991199-684c-4299-9c9b-17b4040673a9" />
      <TestMethod codeBase="C:/CurrentBuilds/ScrumDeveloperKainosOctober2012/CourseProjects/VisualStudioProjects/LinkedListChallenge/LinkedListSolutionGenericWithMSTestCS/bin/Debug/GenericLinkedListCS.DLL" adapterTypeName="Microsoft.VisualStudio.TestTools.TestTypes.Unit.UnitTestAdapter, Microsoft.VisualStudio.QualityTools.Tips.UnitTest.Adapter, Version=10.0.0.0, Culture=neutral, PublicKeyToken=b03f5f7f11d50a3a" className="GenericLinkedListCS.LinkedListTest, GenericLinkedListCS, Version=1.0.0.0, Culture=neutral, PublicKeyToken=null" name="NullArgumentForRemoveFails" />
    </UnitTest>
    <UnitTest name="AccessingWithNegativeIndexFails" storage="c:\currentbuilds\scrumdeveloperkainosoctober2012\courseprojects\visualstudioprojects\linkedlistchallenge\linkedlistsolutiongenericwithmstestvb\bin\debug\genericlinkedlistvb.dll" id="2fbdeb02-4423-af8c-638c-9ba1ba4a3c5c">
      <Execution id="9a5bbf0e-a209-4772-83fd-b14c94c9ead5" />
      <TestMethod codeBase="C:/CurrentBuilds/ScrumDeveloperKainosOctober2012/CourseProjects/VisualStudioProjects/LinkedListChallenge/LinkedListSolutionGenericWithMSTestVB/bin/Debug/GenericLinkedListVB.DLL" adapterTypeName="Microsoft.VisualStudio.TestTools.TestTypes.Unit.UnitTestAdapter, Microsoft.VisualStudio.QualityTools.Tips.UnitTest.Adapter, Version=10.0.0.0, Culture=neutral, PublicKeyToken=b03f5f7f11d50a3a" className="GenericLinkedListVB.LinkedListTest, GenericLinkedListVB, Version=1.0.0.0, Culture=neutral, PublicKeyToken=null" name="AccessingWithNegativeIndexFails" />
    </UnitTest>
    <UnitTest name="ListWithItemsHasCorrectSize" storage="c:\currentbuilds\scrumdeveloperkainosoctober2012\courseprojects\visualstudioprojects\linkedlistchallenge\linkedlistsolutiongenericwithmstestvb\bin\debug\genericlinkedlistvb.dll" id="02c67c13-5686-be9b-7e84-3f24faa7dcd8">
      <Execution id="ac4cf075-60da-468b-8c15-5ba611a22619" />
      <TestMethod codeBase="C:/CurrentBuilds/ScrumDeveloperKainosOctober2012/CourseProjects/VisualStudioProjects/LinkedListChallenge/LinkedListSolutionGenericWithMSTestVB/bin/Debug/GenericLinkedListVB.DLL" adapterTypeName="Microsoft.VisualStudio.TestTools.TestTypes.Unit.UnitTestAdapter, Microsoft.VisualStudio.QualityTools.Tips.UnitTest.Adapter, Version=10.0.0.0, Culture=neutral, PublicKeyToken=b03f5f7f11d50a3a" className="GenericLinkedListVB.LinkedListTest, GenericLinkedListVB, Version=1.0.0.0, Culture=neutral, PublicKeyToken=null" name="ListWithItemsHasCorrectSize" />
    </UnitTest>
    <UnitTest name="ListWithItemsIsNotEmpty" storage="c:\currentbuilds\scrumdeveloperkainosoctober2012\courseprojects\visualstudioprojects\linkedlistchallenge\linkedlistsolutiongenericwithmstestcs\bin\debug\genericlinkedlistcs.dll" id="95cf47cd-f407-9999-9f75-9a2a68724915">
      <Execution id="08ebcb18-471d-4821-ae99-2f2b3e343607" />
      <TestMethod codeBase="C:/CurrentBuilds/ScrumDeveloperKainosOctober2012/CourseProjects/VisualStudioProjects/LinkedListChallenge/LinkedListSolutionGenericWithMSTestCS/bin/Debug/GenericLinkedListCS.DLL" adapterTypeName="Microsoft.VisualStudio.TestTools.TestTypes.Unit.UnitTestAdapter, Microsoft.VisualStudio.QualityTools.Tips.UnitTest.Adapter, Version=10.0.0.0, Culture=neutral, PublicKeyToken=b03f5f7f11d50a3a" className="GenericLinkedListCS.LinkedListTest, GenericLinkedListCS, Version=1.0.0.0, Culture=neutral, PublicKeyToken=null" name="ListWithItemsIsNotEmpty" />
    </UnitTest>
    <UnitTest name="NewListIsEmpty" storage="c:\currentbuilds\scrumdeveloperkainosoctober2012\courseprojects\visualstudioprojects\linkedlistchallenge\linkedlistsolutiongenericwithmstestcs\bin\debug\genericlinkedlistcs.dll" id="a2b8ee21-eb43-d59f-170d-e5b5ace7e6f8">
      <Execution id="3a1bdcfd-9d4c-4aa0-ae18-98ddfd626a0f" />
      <TestMethod codeBase="C:/CurrentBuilds/ScrumDeveloperKainosOctober2012/CourseProjects/VisualStudioProjects/LinkedListChallenge/LinkedListSolutionGenericWithMSTestCS/bin/Debug/GenericLinkedListCS.DLL" adapterTypeName="Microsoft.VisualStudio.TestTools.TestTypes.Unit.UnitTestAdapter, Microsoft.VisualStudio.QualityTools.Tips.UnitTest.Adapter, Version=10.0.0.0, Culture=neutral, PublicKeyToken=b03f5f7f11d50a3a" className="GenericLinkedListCS.LinkedListTest, GenericLinkedListCS, Version=1.0.0.0, Culture=neutral, PublicKeyToken=null" name="NewListIsEmpty" />
    </UnitTest>
    <UnitTest name="CanGetSingleItem" storage="c:\currentbuilds\scrumdeveloperkainosoctober2012\courseprojects\visualstudioprojects\linkedlistchallenge\linkedlistsolutiongenericwithmstestcs\bin\debug\genericlinkedlistcs.dll" id="e0974bb9-6aa7-8ee7-664e-8600d5f9a298">
      <Execution id="85dbdff6-0a38-4668-8bdf-1bf3ad1ba9b2" />
      <TestMethod codeBase="C:/CurrentBuilds/ScrumDeveloperKainosOctober2012/CourseProjects/VisualStudioProjects/LinkedListChallenge/LinkedListSolutionGenericWithMSTestCS/bin/Debug/GenericLinkedListCS.DLL" adapterTypeName="Microsoft.VisualStudio.TestTools.TestTypes.Unit.UnitTestAdapter, Microsoft.VisualStudio.QualityTools.Tips.UnitTest.Adapter, Version=10.0.0.0, Culture=neutral, PublicKeyToken=b03f5f7f11d50a3a" className="GenericLinkedListCS.LinkedListTest, GenericLinkedListCS, Version=1.0.0.0, Culture=neutral, PublicKeyToken=null" name="CanGetSingleItem" />
    </UnitTest>
    <UnitTest name="ToStringWorks" storage="c:\currentbuilds\scrumdeveloperkainosoctober2012\courseprojects\visualstudioprojects\linkedlistchallenge\linkedlistsolutiongenericwithmstestvb\bin\debug\genericlinkedlistvb.dll" id="d0ef3d4e-31cb-a274-6e65-39f9492a235a">
      <Execution id="81745c0e-e37a-40df-9d70-28fd5f2e4aa5" />
      <TestMethod codeBase="C:/CurrentBuilds/ScrumDeveloperKainosOctober2012/CourseProjects/VisualStudioProjects/LinkedListChallenge/LinkedListSolutionGenericWithMSTestVB/bin/Debug/GenericLinkedListVB.DLL" adapterTypeName="Microsoft.VisualStudio.TestTools.TestTypes.Unit.UnitTestAdapter, Microsoft.VisualStudio.QualityTools.Tips.UnitTest.Adapter, Version=10.0.0.0, Culture=neutral, PublicKeyToken=b03f5f7f11d50a3a" className="GenericLinkedListVB.LinkedListTest, GenericLinkedListVB, Version=1.0.0.0, Culture=neutral, PublicKeyToken=null" name="ToStringWorks" />
    </UnitTest>
    <UnitTest name="AccessingWithNegativeIndexFails" storage="c:\currentbuilds\scrumdeveloperkainosoctober2012\courseprojects\visualstudioprojects\linkedlistchallenge\linkedlistsolutiongenericwithmstestcs\bin\debug\genericlinkedlistcs.dll" id="ad93a550-9dd7-5801-8ae7-e4478c31ee9f">
      <Execution id="22d16ab3-0ec0-45f5-860c-5ea04d870833" />
      <TestMethod codeBase="C:/CurrentBuilds/ScrumDeveloperKainosOctober2012/CourseProjects/VisualStudioProjects/LinkedListChallenge/LinkedListSolutionGenericWithMSTestCS/bin/Debug/GenericLinkedListCS.DLL" adapterTypeName="Microsoft.VisualStudio.TestTools.TestTypes.Unit.UnitTestAdapter, Microsoft.VisualStudio.QualityTools.Tips.UnitTest.Adapter, Version=10.0.0.0, Culture=neutral, PublicKeyToken=b03f5f7f11d50a3a" className="GenericLinkedListCS.LinkedListTest, GenericLinkedListCS, Version=1.0.0.0, Culture=neutral, PublicKeyToken=null" name="AccessingWithNegativeIndexFails" />
    </UnitTest>
    <UnitTest name="AccessingWithTooLargeAnIndexFails" storage="c:\currentbuilds\scrumdeveloperkainosoctober2012\courseprojects\visualstudioprojects\linkedlistchallenge\linkedlistsolutiongenericwithmstestcs\bin\debug\genericlinkedlistcs.dll" id="1c921095-2581-dd1d-f2e4-b4787d68d253">
      <Execution id="38fb18ad-5e96-4582-ac02-a23f7b9ebf32" />
      <TestMethod codeBase="C:/CurrentBuilds/ScrumDeveloperKainosOctober2012/CourseProjects/VisualStudioProjects/LinkedListChallenge/LinkedListSolutionGenericWithMSTestCS/bin/Debug/GenericLinkedListCS.DLL" adapterTypeName="Microsoft.VisualStudio.TestTools.TestTypes.Unit.UnitTestAdapter, Microsoft.VisualStudio.QualityTools.Tips.UnitTest.Adapter, Version=10.0.0.0, Culture=neutral, PublicKeyToken=b03f5f7f11d50a3a" className="GenericLinkedListCS.LinkedListTest, GenericLinkedListCS, Version=1.0.0.0, Culture=neutral, PublicKeyToken=null" name="AccessingWithTooLargeAnIndexFails" />
    </UnitTest>
    <UnitTest name="RemoveWhereItemNotFoundFails" storage="c:\currentbuilds\scrumdeveloperkainosoctober2012\courseprojects\visualstudioprojects\linkedlistchallenge\linkedlistsolutiongenericwithmstestcs\bin\debug\genericlinkedlistcs.dll" id="868f9f42-7d2c-8768-af9f-336896d629c0">
      <Execution id="1b568ab7-bf19-44c0-8590-a23d42110c53" />
      <TestMethod codeBase="C:/CurrentBuilds/ScrumDeveloperKainosOctober2012/CourseProjects/VisualStudioProjects/LinkedListChallenge/LinkedListSolutionGenericWithMSTestCS/bin/Debug/GenericLinkedListCS.DLL" adapterTypeName="Microsoft.VisualStudio.TestTools.TestTypes.Unit.UnitTestAdapter, Microsoft.VisualStudio.QualityTools.Tips.UnitTest.Adapter, Version=10.0.0.0, Culture=neutral, PublicKeyToken=b03f5f7f11d50a3a" className="GenericLinkedListCS.LinkedListTest, GenericLinkedListCS, Version=1.0.0.0, Culture=neutral, PublicKeyToken=null" name="RemoveWhereItemNotFoundFails" />
    </UnitTest>
    <UnitTest name="CanGetMultipleItems" storage="c:\currentbuilds\scrumdeveloperkainosoctober2012\courseprojects\visualstudioprojects\linkedlistchallenge\linkedlistsolutiongenericwithmstestvb\bin\debug\genericlinkedlistvb.dll" id="783bde12-9771-e303-5ca3-093d826cc2ec">
      <Execution id="9dbe4e5f-416d-4112-bc64-9faba62d5ec6" />
      <TestMethod codeBase="C:/CurrentBuilds/ScrumDeveloperKainosOctober2012/CourseProjects/VisualStudioProjects/LinkedListChallenge/LinkedListSolutionGenericWithMSTestVB/bin/Debug/GenericLinkedListVB.DLL" adapterTypeName="Microsoft.VisualStudio.TestTools.TestTypes.Unit.UnitTestAdapter, Microsoft.VisualStudio.QualityTools.Tips.UnitTest.Adapter, Version=10.0.0.0, Culture=neutral, PublicKeyToken=b03f5f7f11d50a3a" className="GenericLinkedListVB.LinkedListTest, GenericLinkedListVB, Version=1.0.0.0, Culture=neutral, PublicKeyToken=null" name="CanGetMultipleItems" />
    </UnitTest>
    <UnitTest name="NullArgumentForRemoveFails" storage="c:\currentbuilds\scrumdeveloperkainosoctober2012\courseprojects\visualstudioprojects\linkedlistchallenge\linkedlistsolutiongenericwithmstestvb\bin\debug\genericlinkedlistvb.dll" id="1796fa40-dd81-76df-b5a6-765fbdff4dd7">
      <Execution id="7bbef5b3-8500-4c96-9f6f-4359ac37b1e2" />
      <TestMethod codeBase="C:/CurrentBuilds/ScrumDeveloperKainosOctober2012/CourseProjects/VisualStudioProjects/LinkedListChallenge/LinkedListSolutionGenericWithMSTestVB/bin/Debug/GenericLinkedListVB.DLL" adapterTypeName="Microsoft.VisualStudio.TestTools.TestTypes.Unit.UnitTestAdapter, Microsoft.VisualStudio.QualityTools.Tips.UnitTest.Adapter, Version=10.0.0.0, Culture=neutral, PublicKeyToken=b03f5f7f11d50a3a" className="GenericLinkedListVB.LinkedListTest, GenericLinkedListVB, Version=1.0.0.0, Culture=neutral, PublicKeyToken=null" name="NullArgumentForRemoveFails" />
    </UnitTest>
    <UnitTest name="NewListHasZeroSize" storage="c:\currentbuilds\scrumdeveloperkainosoctober2012\courseprojects\visualstudioprojects\linkedlistchallenge\linkedlistsolutiongenericwithmstestcs\bin\debug\genericlinkedlistcs.dll" id="3cae1f32-c8a6-ee4d-1eec-3b8ed35302df">
      <Execution id="f3276f08-0a03-4c55-a6cb-a46798eaff7d" />
      <TestMethod codeBase="C:/CurrentBuilds/ScrumDeveloperKainosOctober2012/CourseProjects/VisualStudioProjects/LinkedListChallenge/LinkedListSolutionGenericWithMSTestCS/bin/Debug/GenericLinkedListCS.DLL" adapterTypeName="Microsoft.VisualStudio.TestTools.TestTypes.Unit.UnitTestAdapter, Microsoft.VisualStudio.QualityTools.Tips.UnitTest.Adapter, Version=10.0.0.0, Culture=neutral, PublicKeyToken=b03f5f7f11d50a3a" className="GenericLinkedListCS.LinkedListTest, GenericLinkedListCS, Version=1.0.0.0, Culture=neutral, PublicKeyToken=null" name="NewListHasZeroSize" />
    </UnitTest>
    <UnitTest name="RemoveFromEmptyListFails" storage="c:\currentbuilds\scrumdeveloperkainosoctober2012\courseprojects\visualstudioprojects\linkedlistchallenge\linkedlistsolutiongenericwithmstestcs\bin\debug\genericlinkedlistcs.dll" id="651000fe-39aa-680c-14b6-4f6736b83edc">
      <Execution id="40319b87-007a-44ae-a31e-7592ac2d612c" />
      <TestMethod codeBase="C:/CurrentBuilds/ScrumDeveloperKainosOctober2012/CourseProjects/VisualStudioProjects/LinkedListChallenge/LinkedListSolutionGenericWithMSTestCS/bin/Debug/GenericLinkedListCS.DLL" adapterTypeName="Microsoft.VisualStudio.TestTools.TestTypes.Unit.UnitTestAdapter, Microsoft.VisualStudio.QualityTools.Tips.UnitTest.Adapter, Version=10.0.0.0, Culture=neutral, PublicKeyToken=b03f5f7f11d50a3a" className="GenericLinkedListCS.LinkedListTest, GenericLinkedListCS, Version=1.0.0.0, Culture=neutral, PublicKeyToken=null" name="RemoveFromEmptyListFails" />
    </UnitTest>
    <UnitTest name="RemovingOnlyItemWorks" storage="c:\currentbuilds\scrumdeveloperkainosoctober2012\courseprojects\visualstudioprojects\linkedlistchallenge\linkedlistsolutiongenericwithmstestcs\bin\debug\genericlinkedlistcs.dll" id="d779b876-1f71-d7d4-35d2-1d61e1f90580">
      <Execution id="86cf0db2-8cd8-44c4-941c-d99acd0a9cc1" />
      <TestMethod codeBase="C:/CurrentBuilds/ScrumDeveloperKainosOctober2012/CourseProjects/VisualStudioProjects/LinkedListChallenge/LinkedListSolutionGenericWithMSTestCS/bin/Debug/GenericLinkedListCS.DLL" adapterTypeName="Microsoft.VisualStudio.TestTools.TestTypes.Unit.UnitTestAdapter, Microsoft.VisualStudio.QualityTools.Tips.UnitTest.Adapter, Version=10.0.0.0, Culture=neutral, PublicKeyToken=b03f5f7f11d50a3a" className="GenericLinkedListCS.LinkedListTest, GenericLinkedListCS, Version=1.0.0.0, Culture=neutral, PublicKeyToken=null" name="RemovingOnlyItemWorks" />
    </UnitTest>
    <UnitTest name="ListWithItemsIsNotEmpty" storage="c:\currentbuilds\scrumdeveloperkainosoctober2012\courseprojects\visualstudioprojects\linkedlistchallenge\linkedlistsolutiongenericwithmstestvb\bin\debug\genericlinkedlistvb.dll" id="1199292a-e48f-e4c1-b551-72eb62effb32">
      <Execution id="7304b0a6-0b67-4994-9bce-cd45621852aa" />
      <TestMethod codeBase="C:/CurrentBuilds/ScrumDeveloperKainosOctober2012/CourseProjects/VisualStudioProjects/LinkedListChallenge/LinkedListSolutionGenericWithMSTestVB/bin/Debug/GenericLinkedListVB.DLL" adapterTypeName="Microsoft.VisualStudio.TestTools.TestTypes.Unit.UnitTestAdapter, Microsoft.VisualStudio.QualityTools.Tips.UnitTest.Adapter, Version=10.0.0.0, Culture=neutral, PublicKeyToken=b03f5f7f11d50a3a" className="GenericLinkedListVB.LinkedListTest, GenericLinkedListVB, Version=1.0.0.0, Culture=neutral, PublicKeyToken=null" name="ListWithItemsIsNotEmpty" />
    </UnitTest>
    <UnitTest name="RemoveFromEmptyListFails" storage="c:\currentbuilds\scrumdeveloperkainosoctober2012\courseprojects\visualstudioprojects\linkedlistchallenge\linkedlistsolutiongenericwithmstestvb\bin\debug\genericlinkedlistvb.dll" id="9d0ce35a-4c62-88d8-c95d-528e4214e627">
      <Execution id="e3221bf5-4992-4028-8bbd-6911673a88cd" />
      <TestMethod codeBase="C:/CurrentBuilds/ScrumDeveloperKainosOctober2012/CourseProjects/VisualStudioProjects/LinkedListChallenge/LinkedListSolutionGenericWithMSTestVB/bin/Debug/GenericLinkedListVB.DLL" adapterTypeName="Microsoft.VisualStudio.TestTools.TestTypes.Unit.UnitTestAdapter, Microsoft.VisualStudio.QualityTools.Tips.UnitTest.Adapter, Version=10.0.0.0, Culture=neutral, PublicKeyToken=b03f5f7f11d50a3a" className="GenericLinkedListVB.LinkedListTest, GenericLinkedListVB, Version=1.0.0.0, Culture=neutral, PublicKeyToken=null" name="RemoveFromEmptyListFails" />
    </UnitTest>
    <UnitTest name="RemoveWhereItemNotFoundFails" storage="c:\currentbuilds\scrumdeveloperkainosoctober2012\courseprojects\visualstudioprojects\linkedlistchallenge\linkedlistsolutiongenericwithmstestvb\bin\debug\genericlinkedlistvb.dll" id="4f5ea40f-a9b1-c208-d3c6-5d8b8410b973">
      <Execution id="71b453b4-b4d6-49bc-80db-d3da77c97a49" />
      <TestMethod codeBase="C:/CurrentBuilds/ScrumDeveloperKainosOctober2012/CourseProjects/VisualStudioProjects/LinkedListChallenge/LinkedListSolutionGenericWithMSTestVB/bin/Debug/GenericLinkedListVB.DLL" adapterTypeName="Microsoft.VisualStudio.TestTools.TestTypes.Unit.UnitTestAdapter, Microsoft.VisualStudio.QualityTools.Tips.UnitTest.Adapter, Version=10.0.0.0, Culture=neutral, PublicKeyToken=b03f5f7f11d50a3a" className="GenericLinkedListVB.LinkedListTest, GenericLinkedListVB, Version=1.0.0.0, Culture=neutral, PublicKeyToken=null" name="RemoveWhereItemNotFoundFails" />
    </UnitTest>
    <UnitTest name="ListWithItemsHasCorrectSize" storage="c:\currentbuilds\scrumdeveloperkainosoctober2012\courseprojects\visualstudioprojects\linkedlistchallenge\linkedlistsolutiongenericwithmstestcs\bin\debug\genericlinkedlistcs.dll" id="0b9ddbae-0f9c-af5d-4e3f-6e4aac58c977">
      <Execution id="b89e8517-2a52-4014-8697-e4e010530c46" />
      <TestMethod codeBase="C:/CurrentBuilds/ScrumDeveloperKainosOctober2012/CourseProjects/VisualStudioProjects/LinkedListChallenge/LinkedListSolutionGenericWithMSTestCS/bin/Debug/GenericLinkedListCS.DLL" adapterTypeName="Microsoft.VisualStudio.TestTools.TestTypes.Unit.UnitTestAdapter, Microsoft.VisualStudio.QualityTools.Tips.UnitTest.Adapter, Version=10.0.0.0, Culture=neutral, PublicKeyToken=b03f5f7f11d50a3a" className="GenericLinkedListCS.LinkedListTest, GenericLinkedListCS, Version=1.0.0.0, Culture=neutral, PublicKeyToken=null" name="ListWithItemsHasCorrectSize" />
    </UnitTest>
    <UnitTest name="CanGetSingleItem" storage="c:\currentbuilds\scrumdeveloperkainosoctober2012\courseprojects\visualstudioprojects\linkedlistchallenge\linkedlistsolutiongenericwithmstestvb\bin\debug\genericlinkedlistvb.dll" id="b4bdad7e-fe61-0c53-a2ba-322fe3c730de">
      <Execution id="e85b5bf1-678a-4d97-9ff7-e6f0fb412cf3" />
      <TestMethod codeBase="C:/CurrentBuilds/ScrumDeveloperKainosOctober2012/CourseProjects/VisualStudioProjects/LinkedListChallenge/LinkedListSolutionGenericWithMSTestVB/bin/Debug/GenericLinkedListVB.DLL" adapterTypeName="Microsoft.VisualStudio.TestTools.TestTypes.Unit.UnitTestAdapter, Microsoft.VisualStudio.QualityTools.Tips.UnitTest.Adapter, Version=10.0.0.0, Culture=neutral, PublicKeyToken=b03f5f7f11d50a3a" className="GenericLinkedListVB.LinkedListTest, GenericLinkedListVB, Version=1.0.0.0, Culture=neutral, PublicKeyToken=null" name="CanGetSingleItem" />
    </UnitTest>
    <UnitTest name="RemovingLastItemWorks" storage="c:\currentbuilds\scrumdeveloperkainosoctober2012\courseprojects\visualstudioprojects\linkedlistchallenge\linkedlistsolutiongenericwithmstestvb\bin\debug\genericlinkedlistvb.dll" id="b2d138ab-f74e-8154-830b-91eb081eb89b">
      <Execution id="69b9f50b-3825-4acb-afa4-dff081fe61f7" />
      <TestMethod codeBase="C:/CurrentBuilds/ScrumDeveloperKainosOctober2012/CourseProjects/VisualStudioProjects/LinkedListChallenge/LinkedListSolutionGenericWithMSTestVB/bin/Debug/GenericLinkedListVB.DLL" adapterTypeName="Microsoft.VisualStudio.TestTools.TestTypes.Unit.UnitTestAdapter, Microsoft.VisualStudio.QualityTools.Tips.UnitTest.Adapter, Version=10.0.0.0, Culture=neutral, PublicKeyToken=b03f5f7f11d50a3a" className="GenericLinkedListVB.LinkedListTest, GenericLinkedListVB, Version=1.0.0.0, Culture=neutral, PublicKeyToken=null" name="RemovingLastItemWorks" />
    </UnitTest>
    <UnitTest name="RemovingFirstItemWorks" storage="c:\currentbuilds\scrumdeveloperkainosoctober2012\courseprojects\visualstudioprojects\linkedlistchallenge\linkedlistsolutiongenericwithmstestvb\bin\debug\genericlinkedlistvb.dll" id="053b6cbe-3cc7-4a33-3131-dede70c75661">
      <Execution id="0cd616b3-a959-4282-ba15-3b8414292f33" />
      <TestMethod codeBase="C:/CurrentBuilds/ScrumDeveloperKainosOctober2012/CourseProjects/VisualStudioProjects/LinkedListChallenge/LinkedListSolutionGenericWithMSTestVB/bin/Debug/GenericLinkedListVB.DLL" adapterTypeName="Microsoft.VisualStudio.TestTools.TestTypes.Unit.UnitTestAdapter, Microsoft.VisualStudio.QualityTools.Tips.UnitTest.Adapter, Version=10.0.0.0, Culture=neutral, PublicKeyToken=b03f5f7f11d50a3a" className="GenericLinkedListVB.LinkedListTest, GenericLinkedListVB, Version=1.0.0.0, Culture=neutral, PublicKeyToken=null" name="RemovingFirstItemWorks" />
    </UnitTest>
    <UnitTest name="AccessingEmptyListFails" storage="c:\currentbuilds\scrumdeveloperkainosoctober2012\courseprojects\visualstudioprojects\linkedlistchallenge\linkedlistsolutiongenericwithmstestvb\bin\debug\genericlinkedlistvb.dll" id="70107d2d-3266-30a7-52f6-de1d025a6a3a">
      <Execution id="9a2ccafe-cb50-4ad3-b0ff-b4c914f29704" />
      <TestMethod codeBase="C:/CurrentBuilds/ScrumDeveloperKainosOctober2012/CourseProjects/VisualStudioProjects/LinkedListChallenge/LinkedListSolutionGenericWithMSTestVB/bin/Debug/GenericLinkedListVB.DLL" adapterTypeName="Microsoft.VisualStudio.TestTools.TestTypes.Unit.UnitTestAdapter, Microsoft.VisualStudio.QualityTools.Tips.UnitTest.Adapter, Version=10.0.0.0, Culture=neutral, PublicKeyToken=b03f5f7f11d50a3a" className="GenericLinkedListVB.LinkedListTest, GenericLinkedListVB, Version=1.0.0.0, Culture=neutral, PublicKeyToken=null" name="AccessingEmptyListFails" />
    </UnitTest>
    <UnitTest name="RemovingItemFromMiddleWorks" storage="c:\currentbuilds\scrumdeveloperkainosoctober2012\courseprojects\visualstudioprojects\linkedlistchallenge\linkedlistsolutiongenericwithmstestvb\bin\debug\genericlinkedlistvb.dll" id="3d8c2c0e-1ad8-8714-62f9-579f87a98b40">
      <Execution id="21e97567-12ac-4806-b613-77cac97a3513" />
      <TestMethod codeBase="C:/CurrentBuilds/ScrumDeveloperKainosOctober2012/CourseProjects/VisualStudioProjects/LinkedListChallenge/LinkedListSolutionGenericWithMSTestVB/bin/Debug/GenericLinkedListVB.DLL" adapterTypeName="Microsoft.VisualStudio.TestTools.TestTypes.Unit.UnitTestAdapter, Microsoft.VisualStudio.QualityTools.Tips.UnitTest.Adapter, Version=10.0.0.0, Culture=neutral, PublicKeyToken=b03f5f7f11d50a3a" className="GenericLinkedListVB.LinkedListTest, GenericLinkedListVB, Version=1.0.0.0, Culture=neutral, PublicKeyToken=null" name="RemovingItemFromMiddleWorks" />
    </UnitTest>
    <UnitTest name="AccessingWithTooLargeAnIndexFails" storage="c:\currentbuilds\scrumdeveloperkainosoctober2012\courseprojects\visualstudioprojects\linkedlistchallenge\linkedlistsolutiongenericwithmstestvb\bin\debug\genericlinkedlistvb.dll" id="7313d119-be8f-fa94-0400-b7118f0b2f70">
      <Execution id="d15c5215-e934-4017-a691-3431c46ffa53" />
      <TestMethod codeBase="C:/CurrentBuilds/ScrumDeveloperKainosOctober2012/CourseProjects/VisualStudioProjects/LinkedListChallenge/LinkedListSolutionGenericWithMSTestVB/bin/Debug/GenericLinkedListVB.DLL" adapterTypeName="Microsoft.VisualStudio.TestTools.TestTypes.Unit.UnitTestAdapter, Microsoft.VisualStudio.QualityTools.Tips.UnitTest.Adapter, Version=10.0.0.0, Culture=neutral, PublicKeyToken=b03f5f7f11d50a3a" className="GenericLinkedListVB.LinkedListTest, GenericLinkedListVB, Version=1.0.0.0, Culture=neutral, PublicKeyToken=null" name="AccessingWithTooLargeAnIndexFails" />
    </UnitTest>
    <UnitTest name="NewListIsEmpty" storage="c:\currentbuilds\scrumdeveloperkainosoctober2012\courseprojects\visualstudioprojects\linkedlistchallenge\linkedlistmsteststart\bin\debug\linkedlistmsteststart.dll" id="2956a1e5-41fe-134a-0dab-ce607461e05a">
      <Execution id="12e09979-da7e-482b-b59f-7427c25b8f18" />
      <TestMethod codeBase="C:/CurrentBuilds/ScrumDeveloperKainosOctober2012/CourseProjects/VisualStudioProjects/LinkedListChallenge/LinkedListMSTestStart/bin/Debug/LinkedListMSTestStart.DLL" adapterTypeName="Microsoft.VisualStudio.TestTools.TestTypes.Unit.UnitTestAdapter, Microsoft.VisualStudio.QualityTools.Tips.UnitTest.Adapter, Version=10.0.0.0, Culture=neutral, PublicKeyToken=b03f5f7f11d50a3a" className="LinkedListMSTestStart.LinkedListTest, LinkedListMSTestStart, Version=1.0.0.0, Culture=neutral, PublicKeyToken=null" name="NewListIsEmpty" />
    </UnitTest>
    <UnitTest name="RemovingFirstItemWorks" storage="c:\currentbuilds\scrumdeveloperkainosoctober2012\courseprojects\visualstudioprojects\linkedlistchallenge\linkedlistsolutiongenericwithmstestcs\bin\debug\genericlinkedlistcs.dll" id="faac8a3b-672c-4821-37e9-218aec3b37d6">
      <Execution id="5f5806fb-e25b-487a-bc8f-b26345b1a4bf" />
      <TestMethod codeBase="C:/CurrentBuilds/ScrumDeveloperKainosOctober2012/CourseProjects/VisualStudioProjects/LinkedListChallenge/LinkedListSolutionGenericWithMSTestCS/bin/Debug/GenericLinkedListCS.DLL" adapterTypeName="Microsoft.VisualStudio.TestTools.TestTypes.Unit.UnitTestAdapter, Microsoft.VisualStudio.QualityTools.Tips.UnitTest.Adapter, Version=10.0.0.0, Culture=neutral, PublicKeyToken=b03f5f7f11d50a3a" className="GenericLinkedListCS.LinkedListTest, GenericLinkedListCS, Version=1.0.0.0, Culture=neutral, PublicKeyToken=null" name="RemovingFirstItemWorks" />
    </UnitTest>
    <UnitTest name="CanGetMultipleItems" storage="c:\currentbuilds\scrumdeveloperkainosoctober2012\courseprojects\visualstudioprojects\linkedlistchallenge\linkedlistsolutiongenericwithmstestcs\bin\debug\genericlinkedlistcs.dll" id="ef9f1fd5-fe4c-9c8a-faa8-34afd26c97c9">
      <Execution id="532e406f-c309-4b46-938c-cc48fc39b613" />
      <TestMethod codeBase="C:/CurrentBuilds/ScrumDeveloperKainosOctober2012/CourseProjects/VisualStudioProjects/LinkedListChallenge/LinkedListSolutionGenericWithMSTestCS/bin/Debug/GenericLinkedListCS.DLL" adapterTypeName="Microsoft.VisualStudio.TestTools.TestTypes.Unit.UnitTestAdapter, Microsoft.VisualStudio.QualityTools.Tips.UnitTest.Adapter, Version=10.0.0.0, Culture=neutral, PublicKeyToken=b03f5f7f11d50a3a" className="GenericLinkedListCS.LinkedListTest, GenericLinkedListCS, Version=1.0.0.0, Culture=neutral, PublicKeyToken=null" name="CanGetMultipleItems" />
    </UnitTest>
    <UnitTest name="ToStringWorks" storage="c:\currentbuilds\scrumdeveloperkainosoctober2012\courseprojects\visualstudioprojects\linkedlistchallenge\linkedlistsolutiongenericwithmstestcs\bin\debug\genericlinkedlistcs.dll" id="6ebdf376-c392-777f-64e3-5a7c87fd5e56">
      <Execution id="ffcf8507-a8a4-4b79-97be-09d6de3858be" />
      <TestMethod codeBase="C:/CurrentBuilds/ScrumDeveloperKainosOctober2012/CourseProjects/VisualStudioProjects/LinkedListChallenge/LinkedListSolutionGenericWithMSTestCS/bin/Debug/GenericLinkedListCS.DLL" adapterTypeName="Microsoft.VisualStudio.TestTools.TestTypes.Unit.UnitTestAdapter, Microsoft.VisualStudio.QualityTools.Tips.UnitTest.Adapter, Version=10.0.0.0, Culture=neutral, PublicKeyToken=b03f5f7f11d50a3a" className="GenericLinkedListCS.LinkedListTest, GenericLinkedListCS, Version=1.0.0.0, Culture=neutral, PublicKeyToken=null" name="ToStringWorks" />
    </UnitTest>
  </TestDefinitions>
  <TestLists>
    <TestList name="Results Not in a List" id="8c84fa94-04c1-424b-9868-57a2d4851a1d" />
    <TestList name="All Loaded Results" id="19431567-8539-422a-85d7-44ee4e166bda" />
  </TestLists>
  <TestEntries>
    <TestEntry testId="02c67c13-5686-be9b-7e84-3f24faa7dcd8" executionId="ac4cf075-60da-468b-8c15-5ba611a22619" testListId="8c84fa94-04c1-424b-9868-57a2d4851a1d" />
    <TestEntry testId="04c5a396-41c7-45dc-b956-d33fb5265f7c" executionId="e531c344-6425-49ee-b518-5347b7a7d103" testListId="8c84fa94-04c1-424b-9868-57a2d4851a1d" />
    <TestEntry testId="053b6cbe-3cc7-4a33-3131-dede70c75661" executionId="0cd616b3-a959-4282-ba15-3b8414292f33" testListId="8c84fa94-04c1-424b-9868-57a2d4851a1d" />
    <TestEntry testId="06bb2d1a-1fea-c6c7-a6ed-a5f7e171babc" executionId="dcee5786-930b-4a6e-8025-c8347765dad3" testListId="8c84fa94-04c1-424b-9868-57a2d4851a1d" />
    <TestEntry testId="0b9ddbae-0f9c-af5d-4e3f-6e4aac58c977" executionId="b89e8517-2a52-4014-8697-e4e010530c46" testListId="8c84fa94-04c1-424b-9868-57a2d4851a1d" />
    <TestEntry testId="11421c5f-4311-0434-59c8-4bd2dc0ce096" executionId="ed171e8d-a3ce-4cf2-9645-af1afdd9529c" testListId="8c84fa94-04c1-424b-9868-57a2d4851a1d" />
    <TestEntry testId="1199292a-e48f-e4c1-b551-72eb62effb32" executionId="7304b0a6-0b67-4994-9bce-cd45621852aa" testListId="8c84fa94-04c1-424b-9868-57a2d4851a1d" />
    <TestEntry testId="1796fa40-dd81-76df-b5a6-765fbdff4dd7" executionId="7bbef5b3-8500-4c96-9f6f-4359ac37b1e2" testListId="8c84fa94-04c1-424b-9868-57a2d4851a1d" />
    <TestEntry testId="1c921095-2581-dd1d-f2e4-b4787d68d253" executionId="38fb18ad-5e96-4582-ac02-a23f7b9ebf32" testListId="8c84fa94-04c1-424b-9868-57a2d4851a1d" />
    <TestEntry testId="204b4f9a-dab2-307f-8c00-c45577ba124e" executionId="d4991199-684c-4299-9c9b-17b4040673a9" testListId="8c84fa94-04c1-424b-9868-57a2d4851a1d" />
    <TestEntry testId="2956a1e5-41fe-134a-0dab-ce607461e05a" executionId="12e09979-da7e-482b-b59f-7427c25b8f18" testListId="8c84fa94-04c1-424b-9868-57a2d4851a1d" />
    <TestEntry testId="2fbdeb02-4423-af8c-638c-9ba1ba4a3c5c" executionId="9a5bbf0e-a209-4772-83fd-b14c94c9ead5" testListId="8c84fa94-04c1-424b-9868-57a2d4851a1d" />
    <TestEntry testId="3cae1f32-c8a6-ee4d-1eec-3b8ed35302df" executionId="f3276f08-0a03-4c55-a6cb-a46798eaff7d" testListId="8c84fa94-04c1-424b-9868-57a2d4851a1d" />
    <TestEntry testId="3d8c2c0e-1ad8-8714-62f9-579f87a98b40" executionId="21e97567-12ac-4806-b613-77cac97a3513" testListId="8c84fa94-04c1-424b-9868-57a2d4851a1d" />
    <TestEntry testId="4f5ea40f-a9b1-c208-d3c6-5d8b8410b973" executionId="71b453b4-b4d6-49bc-80db-d3da77c97a49" testListId="8c84fa94-04c1-424b-9868-57a2d4851a1d" />
    <TestEntry testId="651000fe-39aa-680c-14b6-4f6736b83edc" executionId="40319b87-007a-44ae-a31e-7592ac2d612c" testListId="8c84fa94-04c1-424b-9868-57a2d4851a1d" />
    <TestEntry testId="6ebdf376-c392-777f-64e3-5a7c87fd5e56" executionId="ffcf8507-a8a4-4b79-97be-09d6de3858be" testListId="8c84fa94-04c1-424b-9868-57a2d4851a1d" />
    <TestEntry testId="70040799-7ff4-31fa-ee51-7627b8b542ca" executionId="e67896e3-3360-4468-99af-e5734f1597e1" testListId="8c84fa94-04c1-424b-9868-57a2d4851a1d" />
    <TestEntry testId="70107d2d-3266-30a7-52f6-de1d025a6a3a" executionId="9a2ccafe-cb50-4ad3-b0ff-b4c914f29704" testListId="8c84fa94-04c1-424b-9868-57a2d4851a1d" />
    <TestEntry testId="7313d119-be8f-fa94-0400-b7118f0b2f70" executionId="d15c5215-e934-4017-a691-3431c46ffa53" testListId="8c84fa94-04c1-424b-9868-57a2d4851a1d" />
    <TestEntry testId="783bde12-9771-e303-5ca3-093d826cc2ec" executionId="9dbe4e5f-416d-4112-bc64-9faba62d5ec6" testListId="8c84fa94-04c1-424b-9868-57a2d4851a1d" />
    <TestEntry testId="868f9f42-7d2c-8768-af9f-336896d629c0" executionId="1b568ab7-bf19-44c0-8590-a23d42110c53" testListId="8c84fa94-04c1-424b-9868-57a2d4851a1d" />
    <TestEntry testId="95cf47cd-f407-9999-9f75-9a2a68724915" executionId="08ebcb18-471d-4821-ae99-2f2b3e343607" testListId="8c84fa94-04c1-424b-9868-57a2d4851a1d" />
    <TestEntry testId="9d0ce35a-4c62-88d8-c95d-528e4214e627" executionId="e3221bf5-4992-4028-8bbd-6911673a88cd" testListId="8c84fa94-04c1-424b-9868-57a2d4851a1d" />
    <TestEntry testId="a2b8ee21-eb43-d59f-170d-e5b5ace7e6f8" executionId="3a1bdcfd-9d4c-4aa0-ae18-98ddfd626a0f" testListId="8c84fa94-04c1-424b-9868-57a2d4851a1d" />
    <TestEntry testId="ad93a550-9dd7-5801-8ae7-e4478c31ee9f" executionId="22d16ab3-0ec0-45f5-860c-5ea04d870833" testListId="8c84fa94-04c1-424b-9868-57a2d4851a1d" />
    <TestEntry testId="adeeb323-e91a-0789-84eb-36d3efa2f9c7" executionId="fe20502f-c862-420c-846a-81adb0afaf0d" testListId="8c84fa94-04c1-424b-9868-57a2d4851a1d" />
    <TestEntry testId="b2d138ab-f74e-8154-830b-91eb081eb89b" executionId="69b9f50b-3825-4acb-afa4-dff081fe61f7" testListId="8c84fa94-04c1-424b-9868-57a2d4851a1d" />
    <TestEntry testId="b4bdad7e-fe61-0c53-a2ba-322fe3c730de" executionId="e85b5bf1-678a-4d97-9ff7-e6f0fb412cf3" testListId="8c84fa94-04c1-424b-9868-57a2d4851a1d" />
    <TestEntry testId="c71471f3-ac31-6a79-e51e-823a52582aef" executionId="c4f0cf92-9c70-467a-9eea-4439db66f906" testListId="8c84fa94-04c1-424b-9868-57a2d4851a1d" />
    <TestEntry testId="d0ef3d4e-31cb-a274-6e65-39f9492a235a" executionId="81745c0e-e37a-40df-9d70-28fd5f2e4aa5" testListId="8c84fa94-04c1-424b-9868-57a2d4851a1d" />
    <TestEntry testId="d779b876-1f71-d7d4-35d2-1d61e1f90580" executionId="86cf0db2-8cd8-44c4-941c-d99acd0a9cc1" testListId="8c84fa94-04c1-424b-9868-57a2d4851a1d" />
    <TestEntry testId="e0974bb9-6aa7-8ee7-664e-8600d5f9a298" executionId="85dbdff6-0a38-4668-8bdf-1bf3ad1ba9b2" testListId="8c84fa94-04c1-424b-9868-57a2d4851a1d" />
    <TestEntry testId="ef9f1fd5-fe4c-9c8a-faa8-34afd26c97c9" executionId="532e406f-c309-4b46-938c-cc48fc39b613" testListId="8c84fa94-04c1-424b-9868-57a2d4851a1d" />
    <TestEntry testId="faac8a3b-672c-4821-37e9-218aec3b37d6" executionId="5f5806fb-e25b-487a-bc8f-b26345b1a4bf" testListId="8c84fa94-04c1-424b-9868-57a2d4851a1d" />
  </TestEntries>
  <Results>
    <UnitTestResult executionId="ac4cf075-60da-468b-8c15-5ba611a22619" testId="02c67c13-5686-be9b-7e84-3f24faa7dcd8" testName="ListWithItemsHasCorrectSize" computerName="HOME-PC" duration="00:00:00.0108474" startTime="2012-10-21T21:42:14.5342477+01:00" endTime="2012-10-21T21:42:14.7272587+01:00" testType="13cdc9d9-ddb5-4fa4-a97d-d965ccfc6d4b" outcome="Passed" testListId="8c84fa94-04c1-424b-9868-57a2d4851a1d" relativeResultsDirectory="ac4cf075-60da-468b-8c15-5ba611a22619">
    </UnitTestResult>
    <UnitTestResult executionId="e531c344-6425-49ee-b518-5347b7a7d103" testId="04c5a396-41c7-45dc-b956-d33fb5265f7c" testName="RemovingLastItemWorks" computerName="HOME-PC" duration="00:00:00.0114475" startTime="2012-10-21T21:42:14.7292588+01:00" endTime="2012-10-21T21:42:14.9122693+01:00" testType="13cdc9d9-ddb5-4fa4-a97d-d965ccfc6d4b" outcome="Passed" testListId="8c84fa94-04c1-424b-9868-57a2d4851a1d" relativeResultsDirectory="e531c344-6425-49ee-b518-5347b7a7d103">
    </UnitTestResult>
    <UnitTestResult executionId="0cd616b3-a959-4282-ba15-3b8414292f33" testId="053b6cbe-3cc7-4a33-3131-dede70c75661" testName="RemovingFirstItemWorks" computerName="HOME-PC" duration="00:00:00.0012713" startTime="2012-10-21T21:42:14.9132693+01:00" endTime="2012-10-21T21:42:14.9182696+01:00" testType="13cdc9d9-ddb5-4fa4-a97d-d965ccfc6d4b" outcome="Passed" testListId="8c84fa94-04c1-424b-9868-57a2d4851a1d" relativeResultsDirectory="0cd616b3-a959-4282-ba15-3b8414292f33">
    </UnitTestResult>
    <UnitTestResult executionId="dcee5786-930b-4a6e-8025-c8347765dad3" testId="06bb2d1a-1fea-c6c7-a6ed-a5f7e171babc" testName="RemovingOnlyItemWorks" computerName="HOME-PC" duration="00:00:00.0002008" startTime="2012-10-21T21:42:14.9182696+01:00" endTime="2012-10-21T21:42:14.9222699+01:00" testType="13cdc9d9-ddb5-4fa4-a97d-d965ccfc6d4b" outcome="Passed" testListId="8c84fa94-04c1-424b-9868-57a2d4851a1d" relativeResultsDirectory="dcee5786-930b-4a6e-8025-c8347765dad3">
    </UnitTestResult>
    <UnitTestResult executionId="b89e8517-2a52-4014-8697-e4e010530c46" testId="0b9ddbae-0f9c-af5d-4e3f-6e4aac58c977" testName="ListWithItemsHasCorrectSize" computerName="HOME-PC" duration="00:00:00.0001279" startTime="2012-10-21T21:42:14.9232699+01:00" endTime="2012-10-21T21:42:14.9272701+01:00" testType="13cdc9d9-ddb5-4fa4-a97d-d965ccfc6d4b" outcome="Passed" testListId="8c84fa94-04c1-424b-9868-57a2d4851a1d" relativeResultsDirectory="b89e8517-2a52-4014-8697-e4e010530c46">
    </UnitTestResult>
    <UnitTestResult executionId="ed171e8d-a3ce-4cf2-9645-af1afdd9529c" testId="11421c5f-4311-0434-59c8-4bd2dc0ce096" testName="RemovingItemFromMiddleWorks" computerName="HOME-PC" duration="00:00:00.0003446" startTime="2012-10-21T21:42:14.9272701+01:00" endTime="2012-10-21T21:42:14.9312704+01:00" testType="13cdc9d9-ddb5-4fa4-a97d-d965ccfc6d4b" outcome="Passed" testListId="8c84fa94-04c1-424b-9868-57a2d4851a1d" relativeResultsDirectory="ed171e8d-a3ce-4cf2-9645-af1afdd9529c">
    </UnitTestResult>
    <UnitTestResult executionId="7304b0a6-0b67-4994-9bce-cd45621852aa" testId="1199292a-e48f-e4c1-b551-72eb62effb32" testName="ListWithItemsIsNotEmpty" computerName="HOME-PC" duration="00:00:00.0001162" startTime="2012-10-21T21:42:14.9312704+01:00" endTime="2012-10-21T21:42:14.9352706+01:00" testType="13cdc9d9-ddb5-4fa4-a97d-d965ccfc6d4b" outcome="Passed" testListId="8c84fa94-04c1-424b-9868-57a2d4851a1d" relativeResultsDirectory="7304b0a6-0b67-4994-9bce-cd45621852aa">
    </UnitTestResult>
    <UnitTestResult executionId="7bbef5b3-8500-4c96-9f6f-4359ac37b1e2" testId="1796fa40-dd81-76df-b5a6-765fbdff4dd7" testName="NullArgumentForRemoveFails" computerName="HOME-PC" duration="00:00:00.0018623" startTime="2012-10-21T21:42:14.9352706+01:00" endTime="2012-10-21T21:42:14.9412709+01:00" testType="13cdc9d9-ddb5-4fa4-a97d-d965ccfc6d4b" outcome="Passed" testListId="8c84fa94-04c1-424b-9868-57a2d4851a1d" relativeResultsDirectory="7bbef5b3-8500-4c96-9f6f-4359ac37b1e2">
    </UnitTestResult>
    <UnitTestResult executionId="38fb18ad-5e96-4582-ac02-a23f7b9ebf32" testId="1c921095-2581-dd1d-f2e4-b4787d68d253" testName="AccessingWithTooLargeAnIndexFails" computerName="HOME-PC" duration="00:00:00.0019994" startTime="2012-10-21T21:42:14.9412709+01:00" endTime="2012-10-21T21:42:14.9472713+01:00" testType="13cdc9d9-ddb5-4fa4-a97d-d965ccfc6d4b" outcome="Passed" testListId="8c84fa94-04c1-424b-9868-57a2d4851a1d" relativeResultsDirectory="38fb18ad-5e96-4582-ac02-a23f7b9ebf32">
    </UnitTestResult>
    <UnitTestResult executionId="d4991199-684c-4299-9c9b-17b4040673a9" testId="204b4f9a-dab2-307f-8c00-c45577ba124e" testName="NullArgumentForRemoveFails" computerName="HOME-PC" duration="00:00:00.0003328" startTime="2012-10-21T21:42:14.9472713+01:00" endTime="2012-10-21T21:42:14.9512715+01:00" testType="13cdc9d9-ddb5-4fa4-a97d-d965ccfc6d4b" outcome="Passed" testListId="8c84fa94-04c1-424b-9868-57a2d4851a1d" relativeResultsDirectory="d4991199-684c-4299-9c9b-17b4040673a9">
    </UnitTestResult>
    <UnitTestResult executionId="12e09979-da7e-482b-b59f-7427c25b8f18" testId="2956a1e5-41fe-134a-0dab-ce607461e05a" testName="NewListIsEmpty" computerName="HOME-PC" duration="00:00:00.0374580" startTime="2012-10-21T21:42:14.9512715+01:00" endTime="2012-10-21T21:42:15.1572833+01:00" testType="13cdc9d9-ddb5-4fa4-a97d-d965ccfc6d4b" outcome="Failed" testListId="8c84fa94-04c1-424b-9868-57a2d4851a1d" relativeResultsDirectory="12e09979-da7e-482b-b59f-7427c25b8f18">
      <Output>
        <ErrorInfo>
          <Message>Assert.IsTrue failed. </Message>
          <StackTrace>   at LinkedListMSTestStart.LinkedListTest.NewListIsEmpty() in C:\CurrentBuilds\ScrumDeveloperKainosOctober2012\CourseProjects\VisualStudioProjects\LinkedListChallenge\LinkedListMSTestStart\LinkedListTest.cs:line 16
</StackTrace>
        </ErrorInfo>
      </Output>
    </UnitTestResult>
    <UnitTestResult executionId="9a5bbf0e-a209-4772-83fd-b14c94c9ead5" testId="2fbdeb02-4423-af8c-638c-9ba1ba4a3c5c" testName="AccessingWithNegativeIndexFails" computerName="HOME-PC" duration="00:00:00.0006514" startTime="2012-10-21T21:42:15.1572833+01:00" endTime="2012-10-21T21:42:15.1622836+01:00" testType="13cdc9d9-ddb5-4fa4-a97d-d965ccfc6d4b" outcome="Passed" testListId="8c84fa94-04c1-424b-9868-57a2d4851a1d" relativeResultsDirectory="9a5bbf0e-a209-4772-83fd-b14c94c9ead5">
    </UnitTestResult>
    <UnitTestResult executionId="f3276f08-0a03-4c55-a6cb-a46798eaff7d" testId="3cae1f32-c8a6-ee4d-1eec-3b8ed35302df" testName="NewListHasZeroSize" computerName="HOME-PC" duration="00:00:00.0001096" startTime="2012-10-21T21:42:15.1632836+01:00" endTime="2012-10-21T21:42:15.1662838+01:00" testType="13cdc9d9-ddb5-4fa4-a97d-d965ccfc6d4b" outcome="Passed" testListId="8c84fa94-04c1-424b-9868-57a2d4851a1d" relativeResultsDirectory="f3276f08-0a03-4c55-a6cb-a46798eaff7d">
    </UnitTestResult>
    <UnitTestResult executionId="21e97567-12ac-4806-b613-77cac97a3513" testId="3d8c2c0e-1ad8-8714-62f9-579f87a98b40" testName="RemovingItemFromMiddleWorks" computerName="HOME-PC" duration="00:00:00.0004168" startTime="2012-10-21T21:42:15.1672839+01:00" endTime="2012-10-21T21:42:15.1712841+01:00" testType="13cdc9d9-ddb5-4fa4-a97d-d965ccfc6d4b" outcome="Passed" testListId="8c84fa94-04c1-424b-9868-57a2d4851a1d" relativeResultsDirectory="21e97567-12ac-4806-b613-77cac97a3513">
    </UnitTestResult>
    <UnitTestResult executionId="71b453b4-b4d6-49bc-80db-d3da77c97a49" testId="4f5ea40f-a9b1-c208-d3c6-5d8b8410b973" testName="RemoveWhereItemNotFoundFails" computerName="HOME-PC" duration="00:00:00.0002382" startTime="2012-10-21T21:42:15.1712841+01:00" endTime="2012-10-21T21:42:15.1752843+01:00" testType="13cdc9d9-ddb5-4fa4-a97d-d965ccfc6d4b" outcome="Passed" testListId="8c84fa94-04c1-424b-9868-57a2d4851a1d" relativeResultsDirectory="71b453b4-b4d6-49bc-80db-d3da77c97a49">
    </UnitTestResult>
    <UnitTestResult executionId="40319b87-007a-44ae-a31e-7592ac2d612c" testId="651000fe-39aa-680c-14b6-4f6736b83edc" testName="RemoveFromEmptyListFails" computerName="HOME-PC" duration="00:00:00.0003475" startTime="2012-10-21T21:42:15.1762844+01:00" endTime="2012-10-21T21:42:15.1802846+01:00" testType="13cdc9d9-ddb5-4fa4-a97d-d965ccfc6d4b" outcome="Passed" testListId="8c84fa94-04c1-424b-9868-57a2d4851a1d" relativeResultsDirectory="40319b87-007a-44ae-a31e-7592ac2d612c">
    </UnitTestResult>
    <UnitTestResult executionId="ffcf8507-a8a4-4b79-97be-09d6de3858be" testId="6ebdf376-c392-777f-64e3-5a7c87fd5e56" testName="ToStringWorks" computerName="HOME-PC" duration="00:00:00.0002445" startTime="2012-10-21T21:42:15.1812847+01:00" endTime="2012-10-21T21:42:15.1842848+01:00" testType="13cdc9d9-ddb5-4fa4-a97d-d965ccfc6d4b" outcome="Passed" testListId="8c84fa94-04c1-424b-9868-57a2d4851a1d" relativeResultsDirectory="ffcf8507-a8a4-4b79-97be-09d6de3858be">
    </UnitTestResult>
    <UnitTestResult executionId="e67896e3-3360-4468-99af-e5734f1597e1" testId="70040799-7ff4-31fa-ee51-7627b8b542ca" testName="NewListHasZeroSize" computerName="HOME-PC" duration="00:00:00.0001521" startTime="2012-10-21T21:42:15.1852849+01:00" endTime="2012-10-21T21:42:15.1882851+01:00" testType="13cdc9d9-ddb5-4fa4-a97d-d965ccfc6d4b" outcome="Passed" testListId="8c84fa94-04c1-424b-9868-57a2d4851a1d" relativeResultsDirectory="e67896e3-3360-4468-99af-e5734f1597e1">
    </UnitTestResult>
    <UnitTestResult executionId="9a2ccafe-cb50-4ad3-b0ff-b4c914f29704" testId="70107d2d-3266-30a7-52f6-de1d025a6a3a" testName="AccessingEmptyListFails" computerName="HOME-PC" duration="00:00:00.0007790" startTime="2012-10-21T21:42:15.1892851+01:00" endTime="2012-10-21T21:42:15.1932854+01:00" testType="13cdc9d9-ddb5-4fa4-a97d-d965ccfc6d4b" outcome="Passed" testListId="8c84fa94-04c1-424b-9868-57a2d4851a1d" relativeResultsDirectory="9a2ccafe-cb50-4ad3-b0ff-b4c914f29704">
    </UnitTestResult>
    <UnitTestResult executionId="d15c5215-e934-4017-a691-3431c46ffa53" testId="7313d119-be8f-fa94-0400-b7118f0b2f70" testName="AccessingWithTooLargeAnIndexFails" computerName="HOME-PC" duration="00:00:00.0002577" startTime="2012-10-21T21:42:15.1942854+01:00" endTime="2012-10-21T21:42:15.1972856+01:00" testType="13cdc9d9-ddb5-4fa4-a97d-d965ccfc6d4b" outcome="Passed" testListId="8c84fa94-04c1-424b-9868-57a2d4851a1d" relativeResultsDirectory="d15c5215-e934-4017-a691-3431c46ffa53">
    </UnitTestResult>
    <UnitTestResult executionId="9dbe4e5f-416d-4112-bc64-9faba62d5ec6" testId="783bde12-9771-e303-5ca3-093d826cc2ec" testName="CanGetMultipleItems" computerName="HOME-PC" duration="00:00:00.0003460" startTime="2012-10-21T21:42:15.1982856+01:00" endTime="2012-10-21T21:42:15.2022859+01:00" testType="13cdc9d9-ddb5-4fa4-a97d-d965ccfc6d4b" outcome="Passed" testListId="8c84fa94-04c1-424b-9868-57a2d4851a1d" relativeResultsDirectory="9dbe4e5f-416d-4112-bc64-9faba62d5ec6">
    </UnitTestResult>
    <UnitTestResult executionId="1b568ab7-bf19-44c0-8590-a23d42110c53" testId="868f9f42-7d2c-8768-af9f-336896d629c0" testName="RemoveWhereItemNotFoundFails" computerName="HOME-PC" duration="00:00:00.0002518" startTime="2012-10-21T21:42:15.2022859+01:00" endTime="2012-10-21T21:42:15.2062861+01:00" testType="13cdc9d9-ddb5-4fa4-a97d-d965ccfc6d4b" outcome="Passed" testListId="8c84fa94-04c1-424b-9868-57a2d4851a1d" relativeResultsDirectory="1b568ab7-bf19-44c0-8590-a23d42110c53">
    </UnitTestResult>
    <UnitTestResult executionId="08ebcb18-471d-4821-ae99-2f2b3e343607" testId="95cf47cd-f407-9999-9f75-9a2a68724915" testName="ListWithItemsIsNotEmpty" computerName="HOME-PC" duration="00:00:00.0001074" startTime="2012-10-21T21:42:15.2072862+01:00" endTime="2012-10-21T21:42:15.2102863+01:00" testType="13cdc9d9-ddb5-4fa4-a97d-d965ccfc6d4b" outcome="Passed" testListId="8c84fa94-04c1-424b-9868-57a2d4851a1d" relativeResultsDirectory="08ebcb18-471d-4821-ae99-2f2b3e343607">
    </UnitTestResult>
    <UnitTestResult executionId="e3221bf5-4992-4028-8bbd-6911673a88cd" testId="9d0ce35a-4c62-88d8-c95d-528e4214e627" testName="RemoveFromEmptyListFails" computerName="HOME-PC" duration="00:00:00.0002423" startTime="2012-10-21T21:42:15.2112864+01:00" endTime="2012-10-21T21:42:15.2142866+01:00" testType="13cdc9d9-ddb5-4fa4-a97d-d965ccfc6d4b" outcome="Passed" testListId="8c84fa94-04c1-424b-9868-57a2d4851a1d" relativeResultsDirectory="e3221bf5-4992-4028-8bbd-6911673a88cd">
    </UnitTestResult>
    <UnitTestResult executionId="3a1bdcfd-9d4c-4aa0-ae18-98ddfd626a0f" testId="a2b8ee21-eb43-d59f-170d-e5b5ace7e6f8" testName="NewListIsEmpty" computerName="HOME-PC" duration="00:00:00.0001026" startTime="2012-10-21T21:42:15.2152866+01:00" endTime="2012-10-21T21:42:15.2182868+01:00" testType="13cdc9d9-ddb5-4fa4-a97d-d965ccfc6d4b" outcome="Passed" testListId="8c84fa94-04c1-424b-9868-57a2d4851a1d" relativeResultsDirectory="3a1bdcfd-9d4c-4aa0-ae18-98ddfd626a0f">
    </UnitTestResult>
    <UnitTestResult executionId="22d16ab3-0ec0-45f5-860c-5ea04d870833" testId="ad93a550-9dd7-5801-8ae7-e4478c31ee9f" testName="AccessingWithNegativeIndexFails" computerName="HOME-PC" duration="00:00:00.0002676" startTime="2012-10-21T21:42:15.2192869+01:00" endTime="2012-10-21T21:42:15.2222870+01:00" testType="13cdc9d9-ddb5-4fa4-a97d-d965ccfc6d4b" outcome="Passed" testListId="8c84fa94-04c1-424b-9868-57a2d4851a1d" relativeResultsDirectory="22d16ab3-0ec0-45f5-860c-5ea04d870833">
    </UnitTestResult>
    <UnitTestResult executionId="fe20502f-c862-420c-846a-81adb0afaf0d" testId="adeeb323-e91a-0789-84eb-36d3efa2f9c7" testName="AccessingEmptyListFails" computerName="HOME-PC" duration="00:00:00.0002401" startTime="2012-10-21T21:42:15.2232871+01:00" endTime="2012-10-21T21:42:15.2272873+01:00" testType="13cdc9d9-ddb5-4fa4-a97d-d965ccfc6d4b" outcome="Passed" testListId="8c84fa94-04c1-424b-9868-57a2d4851a1d" relativeResultsDirectory="fe20502f-c862-420c-846a-81adb0afaf0d">
    </UnitTestResult>
    <UnitTestResult executionId="69b9f50b-3825-4acb-afa4-dff081fe61f7" testId="b2d138ab-f74e-8154-830b-91eb081eb89b" testName="RemovingLastItemWorks" computerName="HOME-PC" duration="00:00:00.0002771" startTime="2012-10-21T21:42:15.2282874+01:00" endTime="2012-10-21T21:42:15.2322876+01:00" testType="13cdc9d9-ddb5-4fa4-a97d-d965ccfc6d4b" outcome="Passed" testListId="8c84fa94-04c1-424b-9868-57a2d4851a1d" relativeResultsDirectory="69b9f50b-3825-4acb-afa4-dff081fe61f7">
    </UnitTestResult>
    <UnitTestResult executionId="e85b5bf1-678a-4d97-9ff7-e6f0fb412cf3" testId="b4bdad7e-fe61-0c53-a2ba-322fe3c730de" testName="CanGetSingleItem" computerName="HOME-PC" duration="00:00:00.0001231" startTime="2012-10-21T21:42:15.2322876+01:00" endTime="2012-10-21T21:42:15.2352878+01:00" testType="13cdc9d9-ddb5-4fa4-a97d-d965ccfc6d4b" outcome="Passed" testListId="8c84fa94-04c1-424b-9868-57a2d4851a1d" relativeResultsDirectory="e85b5bf1-678a-4d97-9ff7-e6f0fb412cf3">
    </UnitTestResult>
    <UnitTestResult executionId="c4f0cf92-9c70-467a-9eea-4439db66f906" testId="c71471f3-ac31-6a79-e51e-823a52582aef" testName="NewListIsEmpty" computerName="HOME-PC" duration="00:00:00.0001059" startTime="2012-10-21T21:42:15.2362878+01:00" endTime="2012-10-21T21:42:15.2392880+01:00" testType="13cdc9d9-ddb5-4fa4-a97d-d965ccfc6d4b" outcome="Passed" testListId="8c84fa94-04c1-424b-9868-57a2d4851a1d" relativeResultsDirectory="c4f0cf92-9c70-467a-9eea-4439db66f906">
    </UnitTestResult>
    <UnitTestResult executionId="81745c0e-e37a-40df-9d70-28fd5f2e4aa5" testId="d0ef3d4e-31cb-a274-6e65-39f9492a235a" testName="ToStringWorks" computerName="HOME-PC" duration="00:00:00.0002045" startTime="2012-10-21T21:42:15.2402881+01:00" endTime="2012-10-21T21:42:15.2442883+01:00" testType="13cdc9d9-ddb5-4fa4-a97d-d965ccfc6d4b" outcome="Passed" testListId="8c84fa94-04c1-424b-9868-57a2d4851a1d" relativeResultsDirectory="81745c0e-e37a-40df-9d70-28fd5f2e4aa5">
    </UnitTestResult>
    <UnitTestResult executionId="86cf0db2-8cd8-44c4-941c-d99acd0a9cc1" testId="d779b876-1f71-d7d4-35d2-1d61e1f90580" testName="RemovingOnlyItemWorks" computerName="HOME-PC" duration="00:00:00.0003651" startTime="2012-10-21T21:42:15.2452883+01:00" endTime="2012-10-21T21:42:15.2492886+01:00" testType="13cdc9d9-ddb5-4fa4-a97d-d965ccfc6d4b" outcome="Passed" testListId="8c84fa94-04c1-424b-9868-57a2d4851a1d" relativeResultsDirectory="86cf0db2-8cd8-44c4-941c-d99acd0a9cc1">
    </UnitTestResult>
    <UnitTestResult executionId="85dbdff6-0a38-4668-8bdf-1bf3ad1ba9b2" testId="e0974bb9-6aa7-8ee7-664e-8600d5f9a298" testName="CanGetSingleItem" computerName="HOME-PC" duration="00:00:00.0003171" startTime="2012-10-21T21:42:15.2502886+01:00" endTime="2012-10-21T21:42:15.2552889+01:00" testType="13cdc9d9-ddb5-4fa4-a97d-d965ccfc6d4b" outcome="Passed" testListId="8c84fa94-04c1-424b-9868-57a2d4851a1d" relativeResultsDirectory="85dbdff6-0a38-4668-8bdf-1bf3ad1ba9b2">
    </UnitTestResult>
    <UnitTestResult executionId="532e406f-c309-4b46-938c-cc48fc39b613" testId="ef9f1fd5-fe4c-9c8a-faa8-34afd26c97c9" testName="CanGetMultipleItems" computerName="HOME-PC" duration="00:00:00.0001781" startTime="2012-10-21T21:42:15.2562890+01:00" endTime="2012-10-21T21:42:15.2592891+01:00" testType="13cdc9d9-ddb5-4fa4-a97d-d965ccfc6d4b" outcome="Passed" testListId="8c84fa94-04c1-424b-9868-57a2d4851a1d" relativeResultsDirectory="532e406f-c309-4b46-938c-cc48fc39b613">
    </UnitTestResult>
    <UnitTestResult executionId="5f5806fb-e25b-487a-bc8f-b26345b1a4bf" testId="faac8a3b-672c-4821-37e9-218aec3b37d6" testName="RemovingFirstItemWorks" computerName="HOME-PC" duration="00:00:00.0002613" startTime="2012-10-21T21:42:15.2602892+01:00" endTime="2012-10-21T21:42:15.2642894+01:00" testType="13cdc9d9-ddb5-4fa4-a97d-d965ccfc6d4b" outcome="Passed" testListId="8c84fa94-04c1-424b-9868-57a2d4851a1d" relativeResultsDirectory="5f5806fb-e25b-487a-bc8f-b26345b1a4bf">
    </UnitTestResult>
  </Results>
</TestRun>