<?xml version="1.0" encoding="UTF-8"?>
<TestRun id="86c4c380-24c2-4ce8-8b08-e96cc758c2e8" name="Garth Gilmour@LH-4R0EKHM0CUJ8 2012-10-22 23:34:32" runUser="LH-4R0EKHM0CUJ8\Garth Gilmour" xmlns="http://microsoft.com/schemas/VisualStudio/TeamTest/2010">
  <TestSettings name="Local" id="f85a2095-b8b5-4bcc-b983-62a011394f52">
    <Description>These are default test settings for a local test run.</Description>
    <Deployment enabled="false" runDeploymentRoot="Garth Gilmour_LH-4R0EKHM0CUJ8 2012-10-22 23_34_32">
      <DeploymentItem filename="E:\Deliveries\ScrumDeveloperKainosOct2012\CourseProjects\VisualStudioProjects\MockingWithMoq\BasicMocking\bin\Debug\Moq.dll" />
      <DeploymentItem filename="E:\software\Moq.4.0.10827\NET40\Moq.dll" />
    </Deployment>
    <Execution>
      <TestTypeSpecific />
      <AgentRule name="Execution Agents">
      </AgentRule>
    </Execution>
  </TestSettings>
  <Times creation="2012-10-22T23:34:32.7472690+01:00" queuing="2012-10-22T23:34:32.7667990+01:00" start="2012-10-22T23:34:32.9406160+01:00" finish="2012-10-22T23:34:34.2559615+01:00" />
  <ResultSummary outcome="Failed">
    <Counters total="8" executed="8" passed="7" error="0" failed="1" timeout="0" aborted="0" inconclusive="0" passedButRunAborted="0" notRunnable="0" notExecuted="0" disconnected="0" warning="0" completed="0" inProgress="0" pending="0" />
  </ResultSummary>
  <TestDefinitions>
    <UnitTest name="MakePurchaseWorksForInvalidQuantity" storage="e:\deliveries\scrumdeveloperkainosoct2012\courseprojects\visualstudioprojects\mockingwithmoq\advancedmocking\bin\debug\advancedmocking.dll" id="2adf743d-c800-204b-2822-5b5017c1ea2b">
      <Execution id="650d1348-bd7c-44af-b571-af087c055f41" />
      <TestMethod codeBase="E:/Deliveries/ScrumDeveloperKainosOct2012/CourseProjects/VisualStudioProjects/MockingWithMoq/AdvancedMocking/bin/Debug/AdvancedMocking.DLL" adapterTypeName="Microsoft.VisualStudio.TestTools.TestTypes.Unit.UnitTestAdapter, Microsoft.VisualStudio.QualityTools.Tips.UnitTest.Adapter, Version=10.0.0.0, Culture=neutral, PublicKeyToken=b03f5f7f11d50a3a" className="AdvancedMocking.ShopTest, AdvancedMocking, Version=1.0.0.0, Culture=neutral, PublicKeyToken=null" name="MakePurchaseWorksForInvalidQuantity" />
    </UnitTest>
    <UnitTest name="OrderNotPossibleWhenAllItemsOutOfStock" storage="e:\deliveries\scrumdeveloperkainosoct2012\courseprojects\visualstudioprojects\mockingwithmoq\advancedmocking\bin\debug\advancedmocking.dll" id="02b670cd-5bf7-23f9-9e66-5953312ca2ae">
      <Execution id="5541034e-2b1b-4205-9749-724f2373ad51" />
      <TestMethod codeBase="E:/Deliveries/ScrumDeveloperKainosOct2012/CourseProjects/VisualStudioProjects/MockingWithMoq/AdvancedMocking/bin/Debug/AdvancedMocking.DLL" adapterTypeName="Microsoft.VisualStudio.TestTools.TestTypes.Unit.UnitTestAdapter, Microsoft.VisualStudio.QualityTools.Tips.UnitTest.Adapter, Version=10.0.0.0, Culture=neutral, PublicKeyToken=b03f5f7f11d50a3a" className="AdvancedMocking.ShopTest, AdvancedMocking, Version=1.0.0.0, Culture=neutral, PublicKeyToken=null" name="OrderNotPossibleWhenAllItemsOutOfStock" />
    </UnitTest>
    <UnitTest name="MakePurchaseWorksForValidQuantity" storage="e:\deliveries\scrumdeveloperkainosoct2012\courseprojects\visualstudioprojects\mockingwithmoq\advancedmocking\bin\debug\advancedmocking.dll" id="32e70c2c-aebd-7322-cb00-3812d579d1d7">
      <Execution id="52372322-fae7-45cf-a849-a62e3e424155" />
      <TestMethod codeBase="E:/Deliveries/ScrumDeveloperKainosOct2012/CourseProjects/VisualStudioProjects/MockingWithMoq/AdvancedMocking/bin/Debug/AdvancedMocking.DLL" adapterTypeName="Microsoft.VisualStudio.TestTools.TestTypes.Unit.UnitTestAdapter, Microsoft.VisualStudio.QualityTools.Tips.UnitTest.Adapter, Version=10.0.0.0, Culture=neutral, PublicKeyToken=b03f5f7f11d50a3a" className="AdvancedMocking.ShopTest, AdvancedMocking, Version=1.0.0.0, Culture=neutral, PublicKeyToken=null" name="MakePurchaseWorksForValidQuantity" />
    </UnitTest>
    <UnitTest name="makePurchaseWorksForInvalidQuantity" storage="e:\deliveries\scrumdeveloperkainosoct2012\courseprojects\visualstudioprojects\mockingwithmoq\basicmocking\bin\debug\mockobjectswithmoq.dll" id="466ff7ff-bd1a-d391-8d2d-4744ec2b2219">
      <Execution id="386b5890-9f75-46c1-b89f-833153bfe7f2" />
      <TestMethod codeBase="E:/Deliveries/ScrumDeveloperKainosOct2012/CourseProjects/VisualStudioProjects/MockingWithMoq/BasicMocking/bin/Debug/MockObjectsWithMoq.DLL" adapterTypeName="Microsoft.VisualStudio.TestTools.TestTypes.Unit.UnitTestAdapter, Microsoft.VisualStudio.QualityTools.Tips.UnitTest.Adapter, Version=10.0.0.0, Culture=neutral, PublicKeyToken=b03f5f7f11d50a3a" className="MockObjectsWithMoq.ShopTest, MockObjectsWithMoq, Version=1.0.0.0, Culture=neutral, PublicKeyToken=null" name="makePurchaseWorksForInvalidQuantity" />
    </UnitTest>
    <UnitTest name="OrderNotPossibleWhenSomeItemsOutOfStock" storage="e:\deliveries\scrumdeveloperkainosoct2012\courseprojects\visualstudioprojects\mockingwithmoq\advancedmocking\bin\debug\advancedmocking.dll" id="9a530973-24d2-1db3-9afb-770bc57c12f3">
      <Execution id="432cd429-4eb0-41b0-848a-a1dd1588c797" />
      <TestMethod codeBase="E:/Deliveries/ScrumDeveloperKainosOct2012/CourseProjects/VisualStudioProjects/MockingWithMoq/AdvancedMocking/bin/Debug/AdvancedMocking.DLL" adapterTypeName="Microsoft.VisualStudio.TestTools.TestTypes.Unit.UnitTestAdapter, Microsoft.VisualStudio.QualityTools.Tips.UnitTest.Adapter, Version=10.0.0.0, Culture=neutral, PublicKeyToken=b03f5f7f11d50a3a" className="AdvancedMocking.ShopTest, AdvancedMocking, Version=1.0.0.0, Culture=neutral, PublicKeyToken=null" name="OrderNotPossibleWhenSomeItemsOutOfStock" />
    </UnitTest>
    <UnitTest name="MakeMultiplePurchasesWorksForValidQuantities" storage="e:\deliveries\scrumdeveloperkainosoct2012\courseprojects\visualstudioprojects\mockingwithmoq\advancedmocking\bin\debug\advancedmocking.dll" id="329001e2-f4bd-4106-ae60-3bd0b4be299b">
      <Execution id="aa90c6b0-885c-4914-b8d6-3e2020f4728d" />
      <TestMethod codeBase="E:/Deliveries/ScrumDeveloperKainosOct2012/CourseProjects/VisualStudioProjects/MockingWithMoq/AdvancedMocking/bin/Debug/AdvancedMocking.DLL" adapterTypeName="Microsoft.VisualStudio.TestTools.TestTypes.Unit.UnitTestAdapter, Microsoft.VisualStudio.QualityTools.Tips.UnitTest.Adapter, Version=10.0.0.0, Culture=neutral, PublicKeyToken=b03f5f7f11d50a3a" className="AdvancedMocking.ShopTest, AdvancedMocking, Version=1.0.0.0, Culture=neutral, PublicKeyToken=null" name="MakeMultiplePurchasesWorksForValidQuantities" />
    </UnitTest>
    <UnitTest name="OrderPossibleWhenItemsInStock" storage="e:\deliveries\scrumdeveloperkainosoct2012\courseprojects\visualstudioprojects\mockingwithmoq\advancedmocking\bin\debug\advancedmocking.dll" id="b8d37a9a-f38b-7fc1-9832-a69a248ba8eb">
      <Execution id="01342012-4b73-4383-8e0c-95e19ccbac64" />
      <TestMethod codeBase="E:/Deliveries/ScrumDeveloperKainosOct2012/CourseProjects/VisualStudioProjects/MockingWithMoq/AdvancedMocking/bin/Debug/AdvancedMocking.DLL" adapterTypeName="Microsoft.VisualStudio.TestTools.TestTypes.Unit.UnitTestAdapter, Microsoft.VisualStudio.QualityTools.Tips.UnitTest.Adapter, Version=10.0.0.0, Culture=neutral, PublicKeyToken=b03f5f7f11d50a3a" className="AdvancedMocking.ShopTest, AdvancedMocking, Version=1.0.0.0, Culture=neutral, PublicKeyToken=null" name="OrderPossibleWhenItemsInStock" />
    </UnitTest>
    <UnitTest name="makePurchaseWorksForValidQuantity" storage="e:\deliveries\scrumdeveloperkainosoct2012\courseprojects\visualstudioprojects\mockingwithmoq\basicmocking\bin\debug\mockobjectswithmoq.dll" id="618c02d5-3421-cf6c-0fe6-1de2d14aab1a">
      <Execution id="6653ae8f-1df6-4b94-a6ec-4f1daaaea4b1" />
      <TestMethod codeBase="E:/Deliveries/ScrumDeveloperKainosOct2012/CourseProjects/VisualStudioProjects/MockingWithMoq/BasicMocking/bin/Debug/MockObjectsWithMoq.DLL" adapterTypeName="Microsoft.VisualStudio.TestTools.TestTypes.Unit.UnitTestAdapter, Microsoft.VisualStudio.QualityTools.Tips.UnitTest.Adapter, Version=10.0.0.0, Culture=neutral, PublicKeyToken=b03f5f7f11d50a3a" className="MockObjectsWithMoq.ShopTest, MockObjectsWithMoq, Version=1.0.0.0, Culture=neutral, PublicKeyToken=null" name="makePurchaseWorksForValidQuantity" />
    </UnitTest>
  </TestDefinitions>
  <TestLists>
    <TestList name="Results Not in a List" id="8c84fa94-04c1-424b-9868-57a2d4851a1d" />
    <TestList name="All Loaded Results" id="19431567-8539-422a-85d7-44ee4e166bda" />
  </TestLists>
  <TestEntries>
    <TestEntry testId="02b670cd-5bf7-23f9-9e66-5953312ca2ae" executionId="5541034e-2b1b-4205-9749-724f2373ad51" testListId="8c84fa94-04c1-424b-9868-57a2d4851a1d" />
    <TestEntry testId="2adf743d-c800-204b-2822-5b5017c1ea2b" executionId="650d1348-bd7c-44af-b571-af087c055f41" testListId="8c84fa94-04c1-424b-9868-57a2d4851a1d" />
    <TestEntry testId="329001e2-f4bd-4106-ae60-3bd0b4be299b" executionId="aa90c6b0-885c-4914-b8d6-3e2020f4728d" testListId="8c84fa94-04c1-424b-9868-57a2d4851a1d" />
    <TestEntry testId="32e70c2c-aebd-7322-cb00-3812d579d1d7" executionId="52372322-fae7-45cf-a849-a62e3e424155" testListId="8c84fa94-04c1-424b-9868-57a2d4851a1d" />
    <TestEntry testId="466ff7ff-bd1a-d391-8d2d-4744ec2b2219" executionId="386b5890-9f75-46c1-b89f-833153bfe7f2" testListId="8c84fa94-04c1-424b-9868-57a2d4851a1d" />
    <TestEntry testId="618c02d5-3421-cf6c-0fe6-1de2d14aab1a" executionId="6653ae8f-1df6-4b94-a6ec-4f1daaaea4b1" testListId="8c84fa94-04c1-424b-9868-57a2d4851a1d" />
    <TestEntry testId="9a530973-24d2-1db3-9afb-770bc57c12f3" executionId="432cd429-4eb0-41b0-848a-a1dd1588c797" testListId="8c84fa94-04c1-424b-9868-57a2d4851a1d" />
    <TestEntry testId="b8d37a9a-f38b-7fc1-9832-a69a248ba8eb" executionId="01342012-4b73-4383-8e0c-95e19ccbac64" testListId="8c84fa94-04c1-424b-9868-57a2d4851a1d" />
  </TestEntries>
  <Results>
    <UnitTestResult executionId="5541034e-2b1b-4205-9749-724f2373ad51" testId="02b670cd-5bf7-23f9-9e66-5953312ca2ae" testName="OrderNotPossibleWhenAllItemsOutOfStock" computerName="LH-4R0EKHM0CUJ8" duration="00:00:00.2205260" startTime="2012-10-22T23:34:33.1124800+01:00" endTime="2012-10-22T23:34:33.5304220+01:00" testType="13cdc9d9-ddb5-4fa4-a97d-d965ccfc6d4b" outcome="Passed" testListId="8c84fa94-04c1-424b-9868-57a2d4851a1d" relativeResultsDirectory="5541034e-2b1b-4205-9749-724f2373ad51">
    </UnitTestResult>
    <UnitTestResult executionId="650d1348-bd7c-44af-b571-af087c055f41" testId="2adf743d-c800-204b-2822-5b5017c1ea2b" testName="MakePurchaseWorksForInvalidQuantity" computerName="LH-4R0EKHM0CUJ8" duration="00:00:00.0066419" startTime="2012-10-22T23:34:33.5353045+01:00" endTime="2012-10-22T23:34:33.5470225+01:00" testType="13cdc9d9-ddb5-4fa4-a97d-d965ccfc6d4b" outcome="Passed" testListId="8c84fa94-04c1-424b-9868-57a2d4851a1d" relativeResultsDirectory="650d1348-bd7c-44af-b571-af087c055f41">
    </UnitTestResult>
    <UnitTestResult executionId="aa90c6b0-885c-4914-b8d6-3e2020f4728d" testId="329001e2-f4bd-4106-ae60-3bd0b4be299b" testName="MakeMultiplePurchasesWorksForValidQuantities" computerName="LH-4R0EKHM0CUJ8" duration="00:00:00.0351251" startTime="2012-10-22T23:34:33.5509285+01:00" endTime="2012-10-22T23:34:33.5919415+01:00" testType="13cdc9d9-ddb5-4fa4-a97d-d965ccfc6d4b" outcome="Failed" testListId="8c84fa94-04c1-424b-9868-57a2d4851a1d" relativeResultsDirectory="aa90c6b0-885c-4914-b8d6-3e2020f4728d">
      <Output>
        <ErrorInfo>
          <Message>Assert.AreEqual failed. Expected:&lt;SUCCESS&gt;. Actual:&lt;AUTHORIZATION_FAILURE&gt;. </Message>
          <StackTrace>   at AdvancedMocking.ShopTest.MakeMultiplePurchasesWorksForValidQuantities() in E:\Deliveries\ScrumDeveloperKainosOct2012\CourseProjects\VisualStudioProjects\MockingWithMoq\AdvancedMocking\ShopTest.cs:line 107
</StackTrace>
        </ErrorInfo>
      </Output>
    </UnitTestResult>
    <UnitTestResult executionId="52372322-fae7-45cf-a849-a62e3e424155" testId="32e70c2c-aebd-7322-cb00-3812d579d1d7" testName="MakePurchaseWorksForValidQuantity" computerName="LH-4R0EKHM0CUJ8" duration="00:00:00.0042167" startTime="2012-10-22T23:34:33.6026830+01:00" endTime="2012-10-22T23:34:33.6124480+01:00" testType="13cdc9d9-ddb5-4fa4-a97d-d965ccfc6d4b" outcome="Passed" testListId="8c84fa94-04c1-424b-9868-57a2d4851a1d" relativeResultsDirectory="52372322-fae7-45cf-a849-a62e3e424155">
    </UnitTestResult>
    <UnitTestResult executionId="386b5890-9f75-46c1-b89f-833153bfe7f2" testId="466ff7ff-bd1a-d391-8d2d-4744ec2b2219" testName="makePurchaseWorksForInvalidQuantity" computerName="LH-4R0EKHM0CUJ8" duration="00:00:00.2119406" startTime="2012-10-22T23:34:33.6163540+01:00" endTime="2012-10-22T23:34:34.0401550+01:00" testType="13cdc9d9-ddb5-4fa4-a97d-d965ccfc6d4b" outcome="Passed" testListId="8c84fa94-04c1-424b-9868-57a2d4851a1d" relativeResultsDirectory="386b5890-9f75-46c1-b89f-833153bfe7f2">
    </UnitTestResult>
    <UnitTestResult executionId="6653ae8f-1df6-4b94-a6ec-4f1daaaea4b1" testId="618c02d5-3421-cf6c-0fe6-1de2d14aab1a" testName="makePurchaseWorksForValidQuantity" computerName="LH-4R0EKHM0CUJ8" duration="00:00:00.0165127" startTime="2012-10-22T23:34:34.0450375+01:00" endTime="2012-10-22T23:34:34.0665205+01:00" testType="13cdc9d9-ddb5-4fa4-a97d-d965ccfc6d4b" outcome="Passed" testListId="8c84fa94-04c1-424b-9868-57a2d4851a1d" relativeResultsDirectory="6653ae8f-1df6-4b94-a6ec-4f1daaaea4b1">
    </UnitTestResult>
    <UnitTestResult executionId="432cd429-4eb0-41b0-848a-a1dd1588c797" testId="9a530973-24d2-1db3-9afb-770bc57c12f3" testName="OrderNotPossibleWhenSomeItemsOutOfStock" computerName="LH-4R0EKHM0CUJ8" duration="00:00:00.0156698" startTime="2012-10-22T23:34:34.0714030+01:00" endTime="2012-10-22T23:34:34.0919095+01:00" testType="13cdc9d9-ddb5-4fa4-a97d-d965ccfc6d4b" outcome="Passed" testListId="8c84fa94-04c1-424b-9868-57a2d4851a1d" relativeResultsDirectory="432cd429-4eb0-41b0-848a-a1dd1588c797">
    </UnitTestResult>
    <UnitTestResult executionId="01342012-4b73-4383-8e0c-95e19ccbac64" testId="b8d37a9a-f38b-7fc1-9832-a69a248ba8eb" testName="OrderPossibleWhenItemsInStock" computerName="LH-4R0EKHM0CUJ8" duration="00:00:00.0032576" startTime="2012-10-22T23:34:34.0958155+01:00" endTime="2012-10-22T23:34:34.1055805+01:00" testType="13cdc9d9-ddb5-4fa4-a97d-d965ccfc6d4b" outcome="Passed" testListId="8c84fa94-04c1-424b-9868-57a2d4851a1d" relativeResultsDirectory="01342012-4b73-4383-8e0c-95e19ccbac64">
    </UnitTestResult>
  </Results>
</TestRun>