<?xml version="1.0" encoding="UTF-8"?>
<TestRun id="9d9de1f9-e729-4e08-9514-ec711b8208b4" name="Garth Gilmour@LH-4R0EKHM0CUJ8 2012-10-22 22:54:43" runUser="LH-4R0EKHM0CUJ8\Garth Gilmour" xmlns="http://microsoft.com/schemas/VisualStudio/TeamTest/2010">
  <TestSettings name="Local" id="f85a2095-b8b5-4bcc-b983-62a011394f52">
    <Description>These are default test settings for a local test run.</Description>
    <Deployment enabled="false" runDeploymentRoot="Garth Gilmour_LH-4R0EKHM0CUJ8 2012-10-22 22_54_43">
      <DeploymentItem filename="E:\software\Moq.4.0.10827\NET40\Moq.dll" />
    </Deployment>
    <Execution>
      <TestTypeSpecific />
      <AgentRule name="Execution Agents">
      </AgentRule>
    </Execution>
  </TestSettings>
  <Times creation="2012-10-22T22:54:43.8134755+01:00" queuing="2012-10-22T22:54:46.5574405+01:00" start="2012-10-22T22:54:47.0495965+01:00" finish="2012-10-22T22:54:48.2731510+01:00" />
  <ResultSummary outcome="Completed">
    <Counters total="1" executed="1" passed="1" error="0" failed="0" timeout="0" aborted="0" inconclusive="0" passedButRunAborted="0" notRunnable="0" notExecuted="0" disconnected="0" warning="0" completed="0" inProgress="0" pending="0" />
  </ResultSummary>
  <TestDefinitions>
    <UnitTest name="makePurchaseWorksForValidQuantity" storage="e:\deliveries\scrumdeveloperkainosoct2012\courseprojects\visualstudioprojects\mockingwithmoq\advancedmocking\bin\debug\advancedmocking.dll" id="b084a426-9f98-793e-ad52-ed4de889c2d1">
      <Execution id="2946cdcc-4ff4-431f-97df-81a716dd4408" />
      <TestMethod codeBase="E:/Deliveries/ScrumDeveloperKainosOct2012/CourseProjects/VisualStudioProjects/MockingWithMoq/AdvancedMocking/bin/Debug/AdvancedMocking.DLL" adapterTypeName="Microsoft.VisualStudio.TestTools.TestTypes.Unit.UnitTestAdapter, Microsoft.VisualStudio.QualityTools.Tips.UnitTest.Adapter, Version=10.0.0.0, Culture=neutral, PublicKeyToken=b03f5f7f11d50a3a" className="AdvancedMocking.ShopTest, AdvancedMocking, Version=1.0.0.0, Culture=neutral, PublicKeyToken=null" name="makePurchaseWorksForValidQuantity" />
    </UnitTest>
  </TestDefinitions>
  <TestLists>
    <TestList name="Results Not in a List" id="8c84fa94-04c1-424b-9868-57a2d4851a1d" />
    <TestList name="All Loaded Results" id="19431567-8539-422a-85d7-44ee4e166bda" />
  </TestLists>
  <TestEntries>
    <TestEntry testId="b084a426-9f98-793e-ad52-ed4de889c2d1" executionId="2946cdcc-4ff4-431f-97df-81a716dd4408" testListId="8c84fa94-04c1-424b-9868-57a2d4851a1d" />
  </TestEntries>
  <Results>
    <UnitTestResult executionId="2946cdcc-4ff4-431f-97df-81a716dd4408" testId="b084a426-9f98-793e-ad52-ed4de889c2d1" testName="makePurchaseWorksForValidQuantity" computerName="LH-4R0EKHM0CUJ8" duration="00:00:00.4916460" startTime="2012-10-22T22:54:47.0906095+01:00" endTime="2012-10-22T22:54:48.1589005+01:00" testType="13cdc9d9-ddb5-4fa4-a97d-d965ccfc6d4b" outcome="Passed" testListId="8c84fa94-04c1-424b-9868-57a2d4851a1d" relativeResultsDirectory="2946cdcc-4ff4-431f-97df-81a716dd4408">
    </UnitTestResult>
  </Results>
</TestRun>