<?xml version="1.0" encoding="UTF-8"?>
<TestRun id="d9cd2fb8-f892-45ae-a551-375f8db2cc45" name="Garth Gilmour@LH-4R0EKHM0CUJ8 2012-10-22 22:57:05" runUser="LH-4R0EKHM0CUJ8\Garth Gilmour" xmlns="http://microsoft.com/schemas/VisualStudio/TeamTest/2010">
  <TestSettings name="Local" id="f85a2095-b8b5-4bcc-b983-62a011394f52">
    <Description>These are default test settings for a local test run.</Description>
    <Deployment userDeploymentRoot="E:\Deliveries\ScrumDeveloperKainosOct2012\CourseProjects\VisualStudioProjects\MockingWithMoq\TestResults" useDefaultDeploymentRoot="false" enabled="false" runDeploymentRoot="Garth Gilmour_LH-4R0EKHM0CUJ8 2012-10-22 22_57_05">
      <DeploymentItem filename="E:\Deliveries\ScrumDeveloperKainosOct2012\CourseProjects\VisualStudioProjects\MockingWithMoq\BasicMocking\bin\Debug\Moq.dll" />
      <DeploymentItem filename="E:\software\Moq.4.0.10827\NET40\Moq.dll" />
    </Deployment>
    <Execution>
      <TestTypeSpecific />
      <AgentRule name="Execution Agents">
      </AgentRule>
    </Execution>
  </TestSettings>
  <Times creation="2012-10-22T22:57:05.0749420+01:00" queuing="2012-10-22T22:57:05.0847070+01:00" start="2012-10-22T22:57:05.2360645+01:00" finish="2012-10-22T22:57:06.4313005+01:00" />
  <ResultSummary outcome="Completed">
    <Counters total="5" executed="5" passed="5" error="0" failed="0" timeout="0" aborted="0" inconclusive="0" passedButRunAborted="0" notRunnable="0" notExecuted="0" disconnected="0" warning="0" completed="0" inProgress="0" pending="0" />
  </ResultSummary>
  <TestDefinitions>
    <UnitTest name="OrderPossibleWhenItemsInStock" storage="e:\deliveries\scrumdeveloperkainosoct2012\courseprojects\visualstudioprojects\mockingwithmoq\advancedmocking\bin\debug\advancedmocking.dll" id="b8d37a9a-f38b-7fc1-9832-a69a248ba8eb">
      <Execution id="f480fac7-a301-4a4f-b555-0ddd07b84cd5" />
      <TestMethod codeBase="E:/Deliveries/ScrumDeveloperKainosOct2012/CourseProjects/VisualStudioProjects/MockingWithMoq/AdvancedMocking/bin/Debug/AdvancedMocking.DLL" adapterTypeName="Microsoft.VisualStudio.TestTools.TestTypes.Unit.UnitTestAdapter, Microsoft.VisualStudio.QualityTools.Tips.UnitTest.Adapter, Version=10.0.0.0, Culture=neutral, PublicKeyToken=b03f5f7f11d50a3a" className="AdvancedMocking.ShopTest, AdvancedMocking, Version=1.0.0.0, Culture=neutral, PublicKeyToken=null" name="OrderPossibleWhenItemsInStock" />
    </UnitTest>
    <UnitTest name="makePurchaseWorksForInvalidQuantity" storage="e:\deliveries\scrumdeveloperkainosoct2012\courseprojects\visualstudioprojects\mockingwithmoq\basicmocking\bin\debug\mockobjectswithmoq.dll" id="466ff7ff-bd1a-d391-8d2d-4744ec2b2219">
      <Execution id="fe4d35f0-f8c1-4535-b167-fa892cc07b02" />
      <TestMethod codeBase="E:/Deliveries/ScrumDeveloperKainosOct2012/CourseProjects/VisualStudioProjects/MockingWithMoq/BasicMocking/bin/Debug/MockObjectsWithMoq.DLL" adapterTypeName="Microsoft.VisualStudio.TestTools.TestTypes.Unit.UnitTestAdapter, Microsoft.VisualStudio.QualityTools.Tips.UnitTest.Adapter, Version=10.0.0.0, Culture=neutral, PublicKeyToken=b03f5f7f11d50a3a" className="MockObjectsWithMoq.ShopTest, MockObjectsWithMoq, Version=1.0.0.0, Culture=neutral, PublicKeyToken=null" name="makePurchaseWorksForInvalidQuantity" />
    </UnitTest>
    <UnitTest name="MakePurchaseWorksForValidQuantity" storage="e:\deliveries\scrumdeveloperkainosoct2012\courseprojects\visualstudioprojects\mockingwithmoq\advancedmocking\bin\debug\advancedmocking.dll" id="32e70c2c-aebd-7322-cb00-3812d579d1d7">
      <Execution id="13fe7406-cc32-455e-ad4d-cbd463e645c4" />
      <TestMethod codeBase="E:/Deliveries/ScrumDeveloperKainosOct2012/CourseProjects/VisualStudioProjects/MockingWithMoq/AdvancedMocking/bin/Debug/AdvancedMocking.DLL" adapterTypeName="Microsoft.VisualStudio.TestTools.TestTypes.Unit.UnitTestAdapter, Microsoft.VisualStudio.QualityTools.Tips.UnitTest.Adapter, Version=10.0.0.0, Culture=neutral, PublicKeyToken=b03f5f7f11d50a3a" className="AdvancedMocking.ShopTest, AdvancedMocking, Version=1.0.0.0, Culture=neutral, PublicKeyToken=null" name="MakePurchaseWorksForValidQuantity" />
    </UnitTest>
    <UnitTest name="makePurchaseWorksForValidQuantity" storage="e:\deliveries\scrumdeveloperkainosoct2012\courseprojects\visualstudioprojects\mockingwithmoq\basicmocking\bin\debug\mockobjectswithmoq.dll" id="618c02d5-3421-cf6c-0fe6-1de2d14aab1a">
      <Execution id="13eefe4b-d385-44df-84b6-91adfbb9330e" />
      <TestMethod codeBase="E:/Deliveries/ScrumDeveloperKainosOct2012/CourseProjects/VisualStudioProjects/MockingWithMoq/BasicMocking/bin/Debug/MockObjectsWithMoq.DLL" adapterTypeName="Microsoft.VisualStudio.TestTools.TestTypes.Unit.UnitTestAdapter, Microsoft.VisualStudio.QualityTools.Tips.UnitTest.Adapter, Version=10.0.0.0, Culture=neutral, PublicKeyToken=b03f5f7f11d50a3a" className="MockObjectsWithMoq.ShopTest, MockObjectsWithMoq, Version=1.0.0.0, Culture=neutral, PublicKeyToken=null" name="makePurchaseWorksForValidQuantity" />
    </UnitTest>
    <UnitTest name="MakePurchaseWorksForInvalidQuantity" storage="e:\deliveries\scrumdeveloperkainosoct2012\courseprojects\visualstudioprojects\mockingwithmoq\advancedmocking\bin\debug\advancedmocking.dll" id="2adf743d-c800-204b-2822-5b5017c1ea2b">
      <Execution id="dc1162cd-59d4-4ef9-a983-18a02f540680" />
      <TestMethod codeBase="E:/Deliveries/ScrumDeveloperKainosOct2012/CourseProjects/VisualStudioProjects/MockingWithMoq/AdvancedMocking/bin/Debug/AdvancedMocking.DLL" adapterTypeName="Microsoft.VisualStudio.TestTools.TestTypes.Unit.UnitTestAdapter, Microsoft.VisualStudio.QualityTools.Tips.UnitTest.Adapter, Version=10.0.0.0, Culture=neutral, PublicKeyToken=b03f5f7f11d50a3a" className="AdvancedMocking.ShopTest, AdvancedMocking, Version=1.0.0.0, Culture=neutral, PublicKeyToken=null" name="MakePurchaseWorksForInvalidQuantity" />
    </UnitTest>
  </TestDefinitions>
  <TestLists>
    <TestList name="Results Not in a List" id="8c84fa94-04c1-424b-9868-57a2d4851a1d" />
    <TestList name="All Loaded Results" id="19431567-8539-422a-85d7-44ee4e166bda" />
  </TestLists>
  <TestEntries>
    <TestEntry testId="2adf743d-c800-204b-2822-5b5017c1ea2b" executionId="dc1162cd-59d4-4ef9-a983-18a02f540680" testListId="8c84fa94-04c1-424b-9868-57a2d4851a1d" />
    <TestEntry testId="32e70c2c-aebd-7322-cb00-3812d579d1d7" executionId="13fe7406-cc32-455e-ad4d-cbd463e645c4" testListId="8c84fa94-04c1-424b-9868-57a2d4851a1d" />
    <TestEntry testId="466ff7ff-bd1a-d391-8d2d-4744ec2b2219" executionId="fe4d35f0-f8c1-4535-b167-fa892cc07b02" testListId="8c84fa94-04c1-424b-9868-57a2d4851a1d" />
    <TestEntry testId="618c02d5-3421-cf6c-0fe6-1de2d14aab1a" executionId="13eefe4b-d385-44df-84b6-91adfbb9330e" testListId="8c84fa94-04c1-424b-9868-57a2d4851a1d" />
    <TestEntry testId="b8d37a9a-f38b-7fc1-9832-a69a248ba8eb" executionId="f480fac7-a301-4a4f-b555-0ddd07b84cd5" testListId="8c84fa94-04c1-424b-9868-57a2d4851a1d" />
  </TestEntries>
  <Results>
    <UnitTestResult executionId="dc1162cd-59d4-4ef9-a983-18a02f540680" testId="2adf743d-c800-204b-2822-5b5017c1ea2b" testName="MakePurchaseWorksForInvalidQuantity" computerName="LH-4R0EKHM0CUJ8" duration="00:00:00.2245645" startTime="2012-10-22T22:57:05.3630095+01:00" endTime="2012-10-22T22:57:05.7907165+01:00" testType="13cdc9d9-ddb5-4fa4-a97d-d965ccfc6d4b" outcome="Passed" testListId="8c84fa94-04c1-424b-9868-57a2d4851a1d" relativeResultsDirectory="dc1162cd-59d4-4ef9-a983-18a02f540680">
    </UnitTestResult>
    <UnitTestResult executionId="13fe7406-cc32-455e-ad4d-cbd463e645c4" testId="32e70c2c-aebd-7322-cb00-3812d579d1d7" testName="MakePurchaseWorksForValidQuantity" computerName="LH-4R0EKHM0CUJ8" duration="00:00:00.0176447" startTime="2012-10-22T22:57:05.7965755+01:00" endTime="2012-10-22T22:57:05.8239175+01:00" testType="13cdc9d9-ddb5-4fa4-a97d-d965ccfc6d4b" outcome="Passed" testListId="8c84fa94-04c1-424b-9868-57a2d4851a1d" relativeResultsDirectory="13fe7406-cc32-455e-ad4d-cbd463e645c4">
    </UnitTestResult>
    <UnitTestResult executionId="fe4d35f0-f8c1-4535-b167-fa892cc07b02" testId="466ff7ff-bd1a-d391-8d2d-4744ec2b2219" testName="makePurchaseWorksForInvalidQuantity" computerName="LH-4R0EKHM0CUJ8" duration="00:00:00.2164523" startTime="2012-10-22T22:57:05.8278235+01:00" endTime="2012-10-22T22:57:06.2252590+01:00" testType="13cdc9d9-ddb5-4fa4-a97d-d965ccfc6d4b" outcome="Passed" testListId="8c84fa94-04c1-424b-9868-57a2d4851a1d" relativeResultsDirectory="fe4d35f0-f8c1-4535-b167-fa892cc07b02">
    </UnitTestResult>
    <UnitTestResult executionId="13eefe4b-d385-44df-84b6-91adfbb9330e" testId="618c02d5-3421-cf6c-0fe6-1de2d14aab1a" testName="makePurchaseWorksForValidQuantity" computerName="LH-4R0EKHM0CUJ8" duration="00:00:00.0163247" startTime="2012-10-22T22:57:06.2301415+01:00" endTime="2012-10-22T22:57:06.2526010+01:00" testType="13cdc9d9-ddb5-4fa4-a97d-d965ccfc6d4b" outcome="Passed" testListId="8c84fa94-04c1-424b-9868-57a2d4851a1d" relativeResultsDirectory="13eefe4b-d385-44df-84b6-91adfbb9330e">
    </UnitTestResult>
    <UnitTestResult executionId="f480fac7-a301-4a4f-b555-0ddd07b84cd5" testId="b8d37a9a-f38b-7fc1-9832-a69a248ba8eb" testName="OrderPossibleWhenItemsInStock" computerName="LH-4R0EKHM0CUJ8" duration="00:00:00.0182489" startTime="2012-10-22T22:57:06.2574835+01:00" endTime="2012-10-22T22:57:06.2799430+01:00" testType="13cdc9d9-ddb5-4fa4-a97d-d965ccfc6d4b" outcome="Passed" testListId="8c84fa94-04c1-424b-9868-57a2d4851a1d" relativeResultsDirectory="f480fac7-a301-4a4f-b555-0ddd07b84cd5">
    </UnitTestResult>
  </Results>
</TestRun>