<?xml version="1.0" encoding="UTF-8"?>
<TestRun id="abeb12c6-c3c8-48f8-bc26-35c3d8aa1068" name="Garth Gilmour@LH-4R0EKHM0CUJ8 2012-10-22 23:12:17" runUser="LH-4R0EKHM0CUJ8\Garth Gilmour" xmlns="http://microsoft.com/schemas/VisualStudio/TeamTest/2010">
  <TestSettings name="Local" id="f85a2095-b8b5-4bcc-b983-62a011394f52">
    <Description>These are default test settings for a local test run.</Description>
    <Deployment enabled="false" runDeploymentRoot="Garth Gilmour_LH-4R0EKHM0CUJ8 2012-10-22 23_12_17">
      <DeploymentItem filename="E:\Deliveries\ScrumDeveloperKainosOct2012\CourseProjects\VisualStudioProjects\MockingWithMoq\BasicMocking\bin\Debug\Moq.dll" />
      <DeploymentItem filename="E:\software\Moq.4.0.10827\NET40\Moq.dll" />
    </Deployment>
    <Execution>
      <TestTypeSpecific />
      <AgentRule name="Execution Agents">
      </AgentRule>
    </Execution>
  </TestSettings>
  <Times creation="2012-10-22T23:12:17.6608450+01:00" queuing="2012-10-22T23:12:17.6745160+01:00" start="2012-10-22T23:12:17.7594715+01:00" finish="2012-10-22T23:12:19.0767700+01:00" />
  <ResultSummary outcome="Completed">
    <Counters total="7" executed="7" passed="7" error="0" failed="0" timeout="0" aborted="0" inconclusive="0" passedButRunAborted="0" notRunnable="0" notExecuted="0" disconnected="0" warning="0" completed="0" inProgress="0" pending="0" />
  </ResultSummary>
  <TestDefinitions>
    <UnitTest name="MakePurchaseWorksForInvalidQuantity" storage="e:\deliveries\scrumdeveloperkainosoct2012\courseprojects\visualstudioprojects\mockingwithmoq\advancedmocking\bin\debug\advancedmocking.dll" id="2adf743d-c800-204b-2822-5b5017c1ea2b">
      <Execution id="3c915b87-ebd1-42d0-b143-ba9950c90b5d" />
      <TestMethod codeBase="E:/Deliveries/ScrumDeveloperKainosOct2012/CourseProjects/VisualStudioProjects/MockingWithMoq/AdvancedMocking/bin/Debug/AdvancedMocking.DLL" adapterTypeName="Microsoft.VisualStudio.TestTools.TestTypes.Unit.UnitTestAdapter, Microsoft.VisualStudio.QualityTools.Tips.UnitTest.Adapter, Version=10.0.0.0, Culture=neutral, PublicKeyToken=b03f5f7f11d50a3a" className="AdvancedMocking.ShopTest, AdvancedMocking, Version=1.0.0.0, Culture=neutral, PublicKeyToken=null" name="MakePurchaseWorksForInvalidQuantity" />
    </UnitTest>
    <UnitTest name="OrderNotPossibleWhenAllItemsOutOfStock" storage="e:\deliveries\scrumdeveloperkainosoct2012\courseprojects\visualstudioprojects\mockingwithmoq\advancedmocking\bin\debug\advancedmocking.dll" id="02b670cd-5bf7-23f9-9e66-5953312ca2ae">
      <Execution id="3eaac3c9-09cc-4f99-adfd-1a62534cb232" />
      <TestMethod codeBase="E:/Deliveries/ScrumDeveloperKainosOct2012/CourseProjects/VisualStudioProjects/MockingWithMoq/AdvancedMocking/bin/Debug/AdvancedMocking.DLL" adapterTypeName="Microsoft.VisualStudio.TestTools.TestTypes.Unit.UnitTestAdapter, Microsoft.VisualStudio.QualityTools.Tips.UnitTest.Adapter, Version=10.0.0.0, Culture=neutral, PublicKeyToken=b03f5f7f11d50a3a" className="AdvancedMocking.ShopTest, AdvancedMocking, Version=1.0.0.0, Culture=neutral, PublicKeyToken=null" name="OrderNotPossibleWhenAllItemsOutOfStock" />
    </UnitTest>
    <UnitTest name="MakePurchaseWorksForValidQuantity" storage="e:\deliveries\scrumdeveloperkainosoct2012\courseprojects\visualstudioprojects\mockingwithmoq\advancedmocking\bin\debug\advancedmocking.dll" id="32e70c2c-aebd-7322-cb00-3812d579d1d7">
      <Execution id="cd4510ce-de0b-45b6-ba73-c8e780f7b2dc" />
      <TestMethod codeBase="E:/Deliveries/ScrumDeveloperKainosOct2012/CourseProjects/VisualStudioProjects/MockingWithMoq/AdvancedMocking/bin/Debug/AdvancedMocking.DLL" adapterTypeName="Microsoft.VisualStudio.TestTools.TestTypes.Unit.UnitTestAdapter, Microsoft.VisualStudio.QualityTools.Tips.UnitTest.Adapter, Version=10.0.0.0, Culture=neutral, PublicKeyToken=b03f5f7f11d50a3a" className="AdvancedMocking.ShopTest, AdvancedMocking, Version=1.0.0.0, Culture=neutral, PublicKeyToken=null" name="MakePurchaseWorksForValidQuantity" />
    </UnitTest>
    <UnitTest name="makePurchaseWorksForInvalidQuantity" storage="e:\deliveries\scrumdeveloperkainosoct2012\courseprojects\visualstudioprojects\mockingwithmoq\basicmocking\bin\debug\mockobjectswithmoq.dll" id="466ff7ff-bd1a-d391-8d2d-4744ec2b2219">
      <Execution id="5657a7d3-c1db-4dd0-861f-a089c200cc6e" />
      <TestMethod codeBase="E:/Deliveries/ScrumDeveloperKainosOct2012/CourseProjects/VisualStudioProjects/MockingWithMoq/BasicMocking/bin/Debug/MockObjectsWithMoq.DLL" adapterTypeName="Microsoft.VisualStudio.TestTools.TestTypes.Unit.UnitTestAdapter, Microsoft.VisualStudio.QualityTools.Tips.UnitTest.Adapter, Version=10.0.0.0, Culture=neutral, PublicKeyToken=b03f5f7f11d50a3a" className="MockObjectsWithMoq.ShopTest, MockObjectsWithMoq, Version=1.0.0.0, Culture=neutral, PublicKeyToken=null" name="makePurchaseWorksForInvalidQuantity" />
    </UnitTest>
    <UnitTest name="OrderNotPossibleWhenSomeItemsOutOfStock" storage="e:\deliveries\scrumdeveloperkainosoct2012\courseprojects\visualstudioprojects\mockingwithmoq\advancedmocking\bin\debug\advancedmocking.dll" id="9a530973-24d2-1db3-9afb-770bc57c12f3">
      <Execution id="295188dd-9003-4199-b71f-ead64adc303a" />
      <TestMethod codeBase="E:/Deliveries/ScrumDeveloperKainosOct2012/CourseProjects/VisualStudioProjects/MockingWithMoq/AdvancedMocking/bin/Debug/AdvancedMocking.DLL" adapterTypeName="Microsoft.VisualStudio.TestTools.TestTypes.Unit.UnitTestAdapter, Microsoft.VisualStudio.QualityTools.Tips.UnitTest.Adapter, Version=10.0.0.0, Culture=neutral, PublicKeyToken=b03f5f7f11d50a3a" className="AdvancedMocking.ShopTest, AdvancedMocking, Version=1.0.0.0, Culture=neutral, PublicKeyToken=null" name="OrderNotPossibleWhenSomeItemsOutOfStock" />
    </UnitTest>
    <UnitTest name="OrderPossibleWhenItemsInStock" storage="e:\deliveries\scrumdeveloperkainosoct2012\courseprojects\visualstudioprojects\mockingwithmoq\advancedmocking\bin\debug\advancedmocking.dll" id="b8d37a9a-f38b-7fc1-9832-a69a248ba8eb">
      <Execution id="c7caad7d-a0c0-4dee-8c64-55eb81e0f8a5" />
      <TestMethod codeBase="E:/Deliveries/ScrumDeveloperKainosOct2012/CourseProjects/VisualStudioProjects/MockingWithMoq/AdvancedMocking/bin/Debug/AdvancedMocking.DLL" adapterTypeName="Microsoft.VisualStudio.TestTools.TestTypes.Unit.UnitTestAdapter, Microsoft.VisualStudio.QualityTools.Tips.UnitTest.Adapter, Version=10.0.0.0, Culture=neutral, PublicKeyToken=b03f5f7f11d50a3a" className="AdvancedMocking.ShopTest, AdvancedMocking, Version=1.0.0.0, Culture=neutral, PublicKeyToken=null" name="OrderPossibleWhenItemsInStock" />
    </UnitTest>
    <UnitTest name="makePurchaseWorksForValidQuantity" storage="e:\deliveries\scrumdeveloperkainosoct2012\courseprojects\visualstudioprojects\mockingwithmoq\basicmocking\bin\debug\mockobjectswithmoq.dll" id="618c02d5-3421-cf6c-0fe6-1de2d14aab1a">
      <Execution id="4a261e1d-ac19-4839-8508-911350da9dfd" />
      <TestMethod codeBase="E:/Deliveries/ScrumDeveloperKainosOct2012/CourseProjects/VisualStudioProjects/MockingWithMoq/BasicMocking/bin/Debug/MockObjectsWithMoq.DLL" adapterTypeName="Microsoft.VisualStudio.TestTools.TestTypes.Unit.UnitTestAdapter, Microsoft.VisualStudio.QualityTools.Tips.UnitTest.Adapter, Version=10.0.0.0, Culture=neutral, PublicKeyToken=b03f5f7f11d50a3a" className="MockObjectsWithMoq.ShopTest, MockObjectsWithMoq, Version=1.0.0.0, Culture=neutral, PublicKeyToken=null" name="makePurchaseWorksForValidQuantity" />
    </UnitTest>
  </TestDefinitions>
  <TestLists>
    <TestList name="Results Not in a List" id="8c84fa94-04c1-424b-9868-57a2d4851a1d" />
    <TestList name="All Loaded Results" id="19431567-8539-422a-85d7-44ee4e166bda" />
  </TestLists>
  <TestEntries>
    <TestEntry testId="02b670cd-5bf7-23f9-9e66-5953312ca2ae" executionId="3eaac3c9-09cc-4f99-adfd-1a62534cb232" testListId="8c84fa94-04c1-424b-9868-57a2d4851a1d" />
    <TestEntry testId="2adf743d-c800-204b-2822-5b5017c1ea2b" executionId="3c915b87-ebd1-42d0-b143-ba9950c90b5d" testListId="8c84fa94-04c1-424b-9868-57a2d4851a1d" />
    <TestEntry testId="32e70c2c-aebd-7322-cb00-3812d579d1d7" executionId="cd4510ce-de0b-45b6-ba73-c8e780f7b2dc" testListId="8c84fa94-04c1-424b-9868-57a2d4851a1d" />
    <TestEntry testId="466ff7ff-bd1a-d391-8d2d-4744ec2b2219" executionId="5657a7d3-c1db-4dd0-861f-a089c200cc6e" testListId="8c84fa94-04c1-424b-9868-57a2d4851a1d" />
    <TestEntry testId="618c02d5-3421-cf6c-0fe6-1de2d14aab1a" executionId="4a261e1d-ac19-4839-8508-911350da9dfd" testListId="8c84fa94-04c1-424b-9868-57a2d4851a1d" />
    <TestEntry testId="9a530973-24d2-1db3-9afb-770bc57c12f3" executionId="295188dd-9003-4199-b71f-ead64adc303a" testListId="8c84fa94-04c1-424b-9868-57a2d4851a1d" />
    <TestEntry testId="b8d37a9a-f38b-7fc1-9832-a69a248ba8eb" executionId="c7caad7d-a0c0-4dee-8c64-55eb81e0f8a5" testListId="8c84fa94-04c1-424b-9868-57a2d4851a1d" />
  </TestEntries>
  <Results>
    <UnitTestResult executionId="3eaac3c9-09cc-4f99-adfd-1a62534cb232" testId="02b670cd-5bf7-23f9-9e66-5953312ca2ae" testName="OrderNotPossibleWhenAllItemsOutOfStock" computerName="LH-4R0EKHM0CUJ8" duration="00:00:00.2209303" startTime="2012-10-22T23:12:17.9567245+01:00" endTime="2012-10-22T23:12:18.4254445+01:00" testType="13cdc9d9-ddb5-4fa4-a97d-d965ccfc6d4b" outcome="Passed" testListId="8c84fa94-04c1-424b-9868-57a2d4851a1d" relativeResultsDirectory="3eaac3c9-09cc-4f99-adfd-1a62534cb232">
    </UnitTestResult>
    <UnitTestResult executionId="3c915b87-ebd1-42d0-b143-ba9950c90b5d" testId="2adf743d-c800-204b-2822-5b5017c1ea2b" testName="MakePurchaseWorksForInvalidQuantity" computerName="LH-4R0EKHM0CUJ8" duration="00:00:00.0070542" startTime="2012-10-22T23:12:18.4313035+01:00" endTime="2012-10-22T23:12:18.4439980+01:00" testType="13cdc9d9-ddb5-4fa4-a97d-d965ccfc6d4b" outcome="Passed" testListId="8c84fa94-04c1-424b-9868-57a2d4851a1d" relativeResultsDirectory="3c915b87-ebd1-42d0-b143-ba9950c90b5d">
    </UnitTestResult>
    <UnitTestResult executionId="cd4510ce-de0b-45b6-ba73-c8e780f7b2dc" testId="32e70c2c-aebd-7322-cb00-3812d579d1d7" testName="MakePurchaseWorksForValidQuantity" computerName="LH-4R0EKHM0CUJ8" duration="00:00:00.0168261" startTime="2012-10-22T23:12:18.4488805+01:00" endTime="2012-10-22T23:12:18.4703635+01:00" testType="13cdc9d9-ddb5-4fa4-a97d-d965ccfc6d4b" outcome="Passed" testListId="8c84fa94-04c1-424b-9868-57a2d4851a1d" relativeResultsDirectory="cd4510ce-de0b-45b6-ba73-c8e780f7b2dc">
    </UnitTestResult>
    <UnitTestResult executionId="5657a7d3-c1db-4dd0-861f-a089c200cc6e" testId="466ff7ff-bd1a-d391-8d2d-4744ec2b2219" testName="makePurchaseWorksForInvalidQuantity" computerName="LH-4R0EKHM0CUJ8" duration="00:00:00.2229442" startTime="2012-10-22T23:12:18.4752460+01:00" endTime="2012-10-22T23:12:18.9000235+01:00" testType="13cdc9d9-ddb5-4fa4-a97d-d965ccfc6d4b" outcome="Passed" testListId="8c84fa94-04c1-424b-9868-57a2d4851a1d" relativeResultsDirectory="5657a7d3-c1db-4dd0-861f-a089c200cc6e">
    </UnitTestResult>
    <UnitTestResult executionId="4a261e1d-ac19-4839-8508-911350da9dfd" testId="618c02d5-3421-cf6c-0fe6-1de2d14aab1a" testName="makePurchaseWorksForValidQuantity" computerName="LH-4R0EKHM0CUJ8" duration="00:00:00.0170398" startTime="2012-10-22T23:12:18.9049060+01:00" endTime="2012-10-22T23:12:18.9273655+01:00" testType="13cdc9d9-ddb5-4fa4-a97d-d965ccfc6d4b" outcome="Passed" testListId="8c84fa94-04c1-424b-9868-57a2d4851a1d" relativeResultsDirectory="4a261e1d-ac19-4839-8508-911350da9dfd">
    </UnitTestResult>
    <UnitTestResult executionId="295188dd-9003-4199-b71f-ead64adc303a" testId="9a530973-24d2-1db3-9afb-770bc57c12f3" testName="OrderNotPossibleWhenSomeItemsOutOfStock" computerName="LH-4R0EKHM0CUJ8" duration="00:00:00.0151178" startTime="2012-10-22T23:12:18.9302950+01:00" endTime="2012-10-22T23:12:18.9556840+01:00" testType="13cdc9d9-ddb5-4fa4-a97d-d965ccfc6d4b" outcome="Passed" testListId="8c84fa94-04c1-424b-9868-57a2d4851a1d" relativeResultsDirectory="295188dd-9003-4199-b71f-ead64adc303a">
    </UnitTestResult>
    <UnitTestResult executionId="c7caad7d-a0c0-4dee-8c64-55eb81e0f8a5" testId="b8d37a9a-f38b-7fc1-9832-a69a248ba8eb" testName="OrderPossibleWhenItemsInStock" computerName="LH-4R0EKHM0CUJ8" duration="00:00:00.0032512" startTime="2012-10-22T23:12:18.9605665+01:00" endTime="2012-10-22T23:12:18.9683785+01:00" testType="13cdc9d9-ddb5-4fa4-a97d-d965ccfc6d4b" outcome="Passed" testListId="8c84fa94-04c1-424b-9868-57a2d4851a1d" relativeResultsDirectory="c7caad7d-a0c0-4dee-8c64-55eb81e0f8a5">
    </UnitTestResult>
  </Results>
</TestRun>