<?xml version="1.0" encoding="UTF-8"?>
<TestRun id="dbaa4888-08f6-4a13-af56-6e8142f9ec35" name="Garth Gilmour@LH-4R0EKHM0CUJ8 2012-10-22 23:12:30" runUser="LH-4R0EKHM0CUJ8\Garth Gilmour" xmlns="http://microsoft.com/schemas/VisualStudio/TeamTest/2010">
  <TestSettings name="Local" id="f85a2095-b8b5-4bcc-b983-62a011394f52">
    <Description>These are default test settings for a local test run.</Description>
    <Deployment enabled="false" runDeploymentRoot="Garth Gilmour_LH-4R0EKHM0CUJ8 2012-10-22 23_12_30">
      <DeploymentItem filename="E:\Deliveries\ScrumDeveloperKainosOct2012\CourseProjects\VisualStudioProjects\MockingWithMoq\BasicMocking\bin\Debug\Moq.dll" />
      <DeploymentItem filename="E:\software\Moq.4.0.10827\NET40\Moq.dll" />
    </Deployment>
    <Execution>
      <TestTypeSpecific />
      <AgentRule name="Execution Agents">
      </AgentRule>
    </Execution>
  </TestSettings>
  <Times creation="2012-10-22T23:12:30.1131730+01:00" queuing="2012-10-22T23:12:30.1453975+01:00" start="2012-10-22T23:12:30.3826870+01:00" finish="2012-10-22T23:12:31.5525340+01:00" />
  <ResultSummary outcome="Failed">
    <Counters total="7" executed="7" passed="6" error="0" failed="1" timeout="0" aborted="0" inconclusive="0" passedButRunAborted="0" notRunnable="0" notExecuted="0" disconnected="0" warning="0" completed="0" inProgress="0" pending="0" />
  </ResultSummary>
  <TestDefinitions>
    <UnitTest name="MakePurchaseWorksForInvalidQuantity" storage="e:\deliveries\scrumdeveloperkainosoct2012\courseprojects\visualstudioprojects\mockingwithmoq\advancedmocking\bin\debug\advancedmocking.dll" id="2adf743d-c800-204b-2822-5b5017c1ea2b">
      <Execution id="be1215e8-ae82-482c-81cc-4f04cbf027a6" />
      <TestMethod codeBase="E:/Deliveries/ScrumDeveloperKainosOct2012/CourseProjects/VisualStudioProjects/MockingWithMoq/AdvancedMocking/bin/Debug/AdvancedMocking.DLL" adapterTypeName="Microsoft.VisualStudio.TestTools.TestTypes.Unit.UnitTestAdapter, Microsoft.VisualStudio.QualityTools.Tips.UnitTest.Adapter, Version=10.0.0.0, Culture=neutral, PublicKeyToken=b03f5f7f11d50a3a" className="AdvancedMocking.ShopTest, AdvancedMocking, Version=1.0.0.0, Culture=neutral, PublicKeyToken=null" name="MakePurchaseWorksForInvalidQuantity" />
    </UnitTest>
    <UnitTest name="OrderNotPossibleWhenAllItemsOutOfStock" storage="e:\deliveries\scrumdeveloperkainosoct2012\courseprojects\visualstudioprojects\mockingwithmoq\advancedmocking\bin\debug\advancedmocking.dll" id="02b670cd-5bf7-23f9-9e66-5953312ca2ae">
      <Execution id="e67bf992-2f5e-4cfd-9873-a24665ed2300" />
      <TestMethod codeBase="E:/Deliveries/ScrumDeveloperKainosOct2012/CourseProjects/VisualStudioProjects/MockingWithMoq/AdvancedMocking/bin/Debug/AdvancedMocking.DLL" adapterTypeName="Microsoft.VisualStudio.TestTools.TestTypes.Unit.UnitTestAdapter, Microsoft.VisualStudio.QualityTools.Tips.UnitTest.Adapter, Version=10.0.0.0, Culture=neutral, PublicKeyToken=b03f5f7f11d50a3a" className="AdvancedMocking.ShopTest, AdvancedMocking, Version=1.0.0.0, Culture=neutral, PublicKeyToken=null" name="OrderNotPossibleWhenAllItemsOutOfStock" />
    </UnitTest>
    <UnitTest name="MakePurchaseWorksForValidQuantity" storage="e:\deliveries\scrumdeveloperkainosoct2012\courseprojects\visualstudioprojects\mockingwithmoq\advancedmocking\bin\debug\advancedmocking.dll" id="32e70c2c-aebd-7322-cb00-3812d579d1d7">
      <Execution id="f4d259e2-966b-45b0-8956-11b6f549916c" />
      <TestMethod codeBase="E:/Deliveries/ScrumDeveloperKainosOct2012/CourseProjects/VisualStudioProjects/MockingWithMoq/AdvancedMocking/bin/Debug/AdvancedMocking.DLL" adapterTypeName="Microsoft.VisualStudio.TestTools.TestTypes.Unit.UnitTestAdapter, Microsoft.VisualStudio.QualityTools.Tips.UnitTest.Adapter, Version=10.0.0.0, Culture=neutral, PublicKeyToken=b03f5f7f11d50a3a" className="AdvancedMocking.ShopTest, AdvancedMocking, Version=1.0.0.0, Culture=neutral, PublicKeyToken=null" name="MakePurchaseWorksForValidQuantity" />
    </UnitTest>
    <UnitTest name="makePurchaseWorksForInvalidQuantity" storage="e:\deliveries\scrumdeveloperkainosoct2012\courseprojects\visualstudioprojects\mockingwithmoq\basicmocking\bin\debug\mockobjectswithmoq.dll" id="466ff7ff-bd1a-d391-8d2d-4744ec2b2219">
      <Execution id="08e8ea40-9c85-4288-b6e4-c3f6426f9d19" />
      <TestMethod codeBase="E:/Deliveries/ScrumDeveloperKainosOct2012/CourseProjects/VisualStudioProjects/MockingWithMoq/BasicMocking/bin/Debug/MockObjectsWithMoq.DLL" adapterTypeName="Microsoft.VisualStudio.TestTools.TestTypes.Unit.UnitTestAdapter, Microsoft.VisualStudio.QualityTools.Tips.UnitTest.Adapter, Version=10.0.0.0, Culture=neutral, PublicKeyToken=b03f5f7f11d50a3a" className="MockObjectsWithMoq.ShopTest, MockObjectsWithMoq, Version=1.0.0.0, Culture=neutral, PublicKeyToken=null" name="makePurchaseWorksForInvalidQuantity" />
    </UnitTest>
    <UnitTest name="OrderNotPossibleWhenSomeItemsOutOfStock" storage="e:\deliveries\scrumdeveloperkainosoct2012\courseprojects\visualstudioprojects\mockingwithmoq\advancedmocking\bin\debug\advancedmocking.dll" id="9a530973-24d2-1db3-9afb-770bc57c12f3">
      <Execution id="9956c224-7944-4779-8a2a-849056954d66" />
      <TestMethod codeBase="E:/Deliveries/ScrumDeveloperKainosOct2012/CourseProjects/VisualStudioProjects/MockingWithMoq/AdvancedMocking/bin/Debug/AdvancedMocking.DLL" adapterTypeName="Microsoft.VisualStudio.TestTools.TestTypes.Unit.UnitTestAdapter, Microsoft.VisualStudio.QualityTools.Tips.UnitTest.Adapter, Version=10.0.0.0, Culture=neutral, PublicKeyToken=b03f5f7f11d50a3a" className="AdvancedMocking.ShopTest, AdvancedMocking, Version=1.0.0.0, Culture=neutral, PublicKeyToken=null" name="OrderNotPossibleWhenSomeItemsOutOfStock" />
    </UnitTest>
    <UnitTest name="OrderPossibleWhenItemsInStock" storage="e:\deliveries\scrumdeveloperkainosoct2012\courseprojects\visualstudioprojects\mockingwithmoq\advancedmocking\bin\debug\advancedmocking.dll" id="b8d37a9a-f38b-7fc1-9832-a69a248ba8eb">
      <Execution id="4aca954b-7c05-4d34-876c-067a49147470" />
      <TestMethod codeBase="E:/Deliveries/ScrumDeveloperKainosOct2012/CourseProjects/VisualStudioProjects/MockingWithMoq/AdvancedMocking/bin/Debug/AdvancedMocking.DLL" adapterTypeName="Microsoft.VisualStudio.TestTools.TestTypes.Unit.UnitTestAdapter, Microsoft.VisualStudio.QualityTools.Tips.UnitTest.Adapter, Version=10.0.0.0, Culture=neutral, PublicKeyToken=b03f5f7f11d50a3a" className="AdvancedMocking.ShopTest, AdvancedMocking, Version=1.0.0.0, Culture=neutral, PublicKeyToken=null" name="OrderPossibleWhenItemsInStock" />
    </UnitTest>
    <UnitTest name="makePurchaseWorksForValidQuantity" storage="e:\deliveries\scrumdeveloperkainosoct2012\courseprojects\visualstudioprojects\mockingwithmoq\basicmocking\bin\debug\mockobjectswithmoq.dll" id="618c02d5-3421-cf6c-0fe6-1de2d14aab1a">
      <Execution id="373dcac9-8ab2-4184-8e55-b3eedfb04da1" />
      <TestMethod codeBase="E:/Deliveries/ScrumDeveloperKainosOct2012/CourseProjects/VisualStudioProjects/MockingWithMoq/BasicMocking/bin/Debug/MockObjectsWithMoq.DLL" adapterTypeName="Microsoft.VisualStudio.TestTools.TestTypes.Unit.UnitTestAdapter, Microsoft.VisualStudio.QualityTools.Tips.UnitTest.Adapter, Version=10.0.0.0, Culture=neutral, PublicKeyToken=b03f5f7f11d50a3a" className="MockObjectsWithMoq.ShopTest, MockObjectsWithMoq, Version=1.0.0.0, Culture=neutral, PublicKeyToken=null" name="makePurchaseWorksForValidQuantity" />
    </UnitTest>
  </TestDefinitions>
  <TestLists>
    <TestList name="Results Not in a List" id="8c84fa94-04c1-424b-9868-57a2d4851a1d" />
    <TestList name="All Loaded Results" id="19431567-8539-422a-85d7-44ee4e166bda" />
  </TestLists>
  <TestEntries>
    <TestEntry testId="02b670cd-5bf7-23f9-9e66-5953312ca2ae" executionId="e67bf992-2f5e-4cfd-9873-a24665ed2300" testListId="8c84fa94-04c1-424b-9868-57a2d4851a1d" />
    <TestEntry testId="2adf743d-c800-204b-2822-5b5017c1ea2b" executionId="be1215e8-ae82-482c-81cc-4f04cbf027a6" testListId="8c84fa94-04c1-424b-9868-57a2d4851a1d" />
    <TestEntry testId="32e70c2c-aebd-7322-cb00-3812d579d1d7" executionId="f4d259e2-966b-45b0-8956-11b6f549916c" testListId="8c84fa94-04c1-424b-9868-57a2d4851a1d" />
    <TestEntry testId="466ff7ff-bd1a-d391-8d2d-4744ec2b2219" executionId="08e8ea40-9c85-4288-b6e4-c3f6426f9d19" testListId="8c84fa94-04c1-424b-9868-57a2d4851a1d" />
    <TestEntry testId="618c02d5-3421-cf6c-0fe6-1de2d14aab1a" executionId="373dcac9-8ab2-4184-8e55-b3eedfb04da1" testListId="8c84fa94-04c1-424b-9868-57a2d4851a1d" />
    <TestEntry testId="9a530973-24d2-1db3-9afb-770bc57c12f3" executionId="9956c224-7944-4779-8a2a-849056954d66" testListId="8c84fa94-04c1-424b-9868-57a2d4851a1d" />
    <TestEntry testId="b8d37a9a-f38b-7fc1-9832-a69a248ba8eb" executionId="4aca954b-7c05-4d34-876c-067a49147470" testListId="8c84fa94-04c1-424b-9868-57a2d4851a1d" />
  </TestEntries>
  <Results>
    <UnitTestResult executionId="e67bf992-2f5e-4cfd-9873-a24665ed2300" testId="02b670cd-5bf7-23f9-9e66-5953312ca2ae" testName="OrderNotPossibleWhenAllItemsOutOfStock" computerName="LH-4R0EKHM0CUJ8" duration="00:00:00.2629021" startTime="2012-10-22T23:12:30.3299560+01:00" endTime="2012-10-22T23:12:30.9031615+01:00" testType="13cdc9d9-ddb5-4fa4-a97d-d965ccfc6d4b" outcome="Failed" testListId="8c84fa94-04c1-424b-9868-57a2d4851a1d" relativeResultsDirectory="e67bf992-2f5e-4cfd-9873-a24665ed2300">
      <Output>
        <ErrorInfo>
          <Message>Assert.AreEqual failed. Expected:&lt;45&gt;. Actual:&lt;44&gt;. </Message>
          <StackTrace>   at AdvancedMocking.ShopTest.OrderNotPossibleWhenAllItemsOutOfStock() in E:\Deliveries\ScrumDeveloperKainosOct2012\CourseProjects\VisualStudioProjects\MockingWithMoq\AdvancedMocking\ShopTest.cs:line 89
</StackTrace>
        </ErrorInfo>
      </Output>
    </UnitTestResult>
    <UnitTestResult executionId="be1215e8-ae82-482c-81cc-4f04cbf027a6" testId="2adf743d-c800-204b-2822-5b5017c1ea2b" testName="MakePurchaseWorksForInvalidQuantity" computerName="LH-4R0EKHM0CUJ8" duration="00:00:00.0083686" startTime="2012-10-22T23:12:30.9070675+01:00" endTime="2012-10-22T23:12:30.9197620+01:00" testType="13cdc9d9-ddb5-4fa4-a97d-d965ccfc6d4b" outcome="Passed" testListId="8c84fa94-04c1-424b-9868-57a2d4851a1d" relativeResultsDirectory="be1215e8-ae82-482c-81cc-4f04cbf027a6">
    </UnitTestResult>
    <UnitTestResult executionId="f4d259e2-966b-45b0-8956-11b6f549916c" testId="32e70c2c-aebd-7322-cb00-3812d579d1d7" testName="MakePurchaseWorksForValidQuantity" computerName="LH-4R0EKHM0CUJ8" duration="00:00:00.0151703" startTime="2012-10-22T23:12:30.9217150+01:00" endTime="2012-10-22T23:12:30.9431980+01:00" testType="13cdc9d9-ddb5-4fa4-a97d-d965ccfc6d4b" outcome="Passed" testListId="8c84fa94-04c1-424b-9868-57a2d4851a1d" relativeResultsDirectory="f4d259e2-966b-45b0-8956-11b6f549916c">
    </UnitTestResult>
    <UnitTestResult executionId="08e8ea40-9c85-4288-b6e4-c3f6426f9d19" testId="466ff7ff-bd1a-d391-8d2d-4744ec2b2219" testName="makePurchaseWorksForInvalidQuantity" computerName="LH-4R0EKHM0CUJ8" duration="00:00:00.2220919" startTime="2012-10-22T23:12:30.9480805+01:00" endTime="2012-10-22T23:12:31.3513750+01:00" testType="13cdc9d9-ddb5-4fa4-a97d-d965ccfc6d4b" outcome="Passed" testListId="8c84fa94-04c1-424b-9868-57a2d4851a1d" relativeResultsDirectory="08e8ea40-9c85-4288-b6e4-c3f6426f9d19">
    </UnitTestResult>
    <UnitTestResult executionId="373dcac9-8ab2-4184-8e55-b3eedfb04da1" testId="618c02d5-3421-cf6c-0fe6-1de2d14aab1a" testName="makePurchaseWorksForValidQuantity" computerName="LH-4R0EKHM0CUJ8" duration="00:00:00.0176396" startTime="2012-10-22T23:12:31.3562575+01:00" endTime="2012-10-22T23:12:31.3777405+01:00" testType="13cdc9d9-ddb5-4fa4-a97d-d965ccfc6d4b" outcome="Passed" testListId="8c84fa94-04c1-424b-9868-57a2d4851a1d" relativeResultsDirectory="373dcac9-8ab2-4184-8e55-b3eedfb04da1">
    </UnitTestResult>
    <UnitTestResult executionId="9956c224-7944-4779-8a2a-849056954d66" testId="9a530973-24d2-1db3-9afb-770bc57c12f3" testName="OrderNotPossibleWhenSomeItemsOutOfStock" computerName="LH-4R0EKHM0CUJ8" duration="00:00:00.0165241" startTime="2012-10-22T23:12:31.3826230+01:00" endTime="2012-10-22T23:12:31.4050825+01:00" testType="13cdc9d9-ddb5-4fa4-a97d-d965ccfc6d4b" outcome="Passed" testListId="8c84fa94-04c1-424b-9868-57a2d4851a1d" relativeResultsDirectory="9956c224-7944-4779-8a2a-849056954d66">
    </UnitTestResult>
    <UnitTestResult executionId="4aca954b-7c05-4d34-876c-067a49147470" testId="b8d37a9a-f38b-7fc1-9832-a69a248ba8eb" testName="OrderPossibleWhenItemsInStock" computerName="LH-4R0EKHM0CUJ8" duration="00:00:00.0042600" startTime="2012-10-22T23:12:31.4089885+01:00" endTime="2012-10-22T23:12:31.4197300+01:00" testType="13cdc9d9-ddb5-4fa4-a97d-d965ccfc6d4b" outcome="Passed" testListId="8c84fa94-04c1-424b-9868-57a2d4851a1d" relativeResultsDirectory="4aca954b-7c05-4d34-876c-067a49147470">
    </UnitTestResult>
  </Results>
</TestRun>