<?xml version="1.0" encoding="UTF-8"?>
<TestRun id="730b9c0e-2b80-4ea5-84bb-870a8b2517bd" name="Garth Gilmour@LH-4R0EKHM0CUJ8 2012-10-22 23:34:11" runUser="LH-4R0EKHM0CUJ8\Garth Gilmour" xmlns="http://microsoft.com/schemas/VisualStudio/TeamTest/2010">
  <TestSettings name="Local" id="f85a2095-b8b5-4bcc-b983-62a011394f52">
    <Description>These are default test settings for a local test run.</Description>
    <Deployment enabled="false" runDeploymentRoot="Garth Gilmour_LH-4R0EKHM0CUJ8 2012-10-22 23_34_11">
      <DeploymentItem filename="E:\Deliveries\ScrumDeveloperKainosOct2012\CourseProjects\VisualStudioProjects\MockingWithMoq\BasicMocking\bin\Debug\Moq.dll" />
      <DeploymentItem filename="E:\software\Moq.4.0.10827\NET40\Moq.dll" />
    </Deployment>
    <Execution>
      <TestTypeSpecific />
      <AgentRule name="Execution Agents">
      </AgentRule>
    </Execution>
  </TestSettings>
  <Times creation="2012-10-22T23:34:11.1822430+01:00" queuing="2012-10-22T23:34:11.1978670+01:00" start="2012-10-22T23:34:11.4380860+01:00" finish="2012-10-22T23:34:12.7983505+01:00" />
  <ResultSummary outcome="Completed">
    <Counters total="8" executed="8" passed="8" error="0" failed="0" timeout="0" aborted="0" inconclusive="0" passedButRunAborted="0" notRunnable="0" notExecuted="0" disconnected="0" warning="0" completed="0" inProgress="0" pending="0" />
  </ResultSummary>
  <TestDefinitions>
    <UnitTest name="MakePurchaseWorksForInvalidQuantity" storage="e:\deliveries\scrumdeveloperkainosoct2012\courseprojects\visualstudioprojects\mockingwithmoq\advancedmocking\bin\debug\advancedmocking.dll" id="2adf743d-c800-204b-2822-5b5017c1ea2b">
      <Execution id="039f836d-fa38-4c12-9bf2-ad55de046440" />
      <TestMethod codeBase="E:/Deliveries/ScrumDeveloperKainosOct2012/CourseProjects/VisualStudioProjects/MockingWithMoq/AdvancedMocking/bin/Debug/AdvancedMocking.DLL" adapterTypeName="Microsoft.VisualStudio.TestTools.TestTypes.Unit.UnitTestAdapter, Microsoft.VisualStudio.QualityTools.Tips.UnitTest.Adapter, Version=10.0.0.0, Culture=neutral, PublicKeyToken=b03f5f7f11d50a3a" className="AdvancedMocking.ShopTest, AdvancedMocking, Version=1.0.0.0, Culture=neutral, PublicKeyToken=null" name="MakePurchaseWorksForInvalidQuantity" />
    </UnitTest>
    <UnitTest name="OrderNotPossibleWhenAllItemsOutOfStock" storage="e:\deliveries\scrumdeveloperkainosoct2012\courseprojects\visualstudioprojects\mockingwithmoq\advancedmocking\bin\debug\advancedmocking.dll" id="02b670cd-5bf7-23f9-9e66-5953312ca2ae">
      <Execution id="19d7f1b5-c6f8-44a2-9a5d-4222a5dfdfdc" />
      <TestMethod codeBase="E:/Deliveries/ScrumDeveloperKainosOct2012/CourseProjects/VisualStudioProjects/MockingWithMoq/AdvancedMocking/bin/Debug/AdvancedMocking.DLL" adapterTypeName="Microsoft.VisualStudio.TestTools.TestTypes.Unit.UnitTestAdapter, Microsoft.VisualStudio.QualityTools.Tips.UnitTest.Adapter, Version=10.0.0.0, Culture=neutral, PublicKeyToken=b03f5f7f11d50a3a" className="AdvancedMocking.ShopTest, AdvancedMocking, Version=1.0.0.0, Culture=neutral, PublicKeyToken=null" name="OrderNotPossibleWhenAllItemsOutOfStock" />
    </UnitTest>
    <UnitTest name="MakePurchaseWorksForValidQuantity" storage="e:\deliveries\scrumdeveloperkainosoct2012\courseprojects\visualstudioprojects\mockingwithmoq\advancedmocking\bin\debug\advancedmocking.dll" id="32e70c2c-aebd-7322-cb00-3812d579d1d7">
      <Execution id="dab01ad2-2df3-4129-a40e-0539b808bec4" />
      <TestMethod codeBase="E:/Deliveries/ScrumDeveloperKainosOct2012/CourseProjects/VisualStudioProjects/MockingWithMoq/AdvancedMocking/bin/Debug/AdvancedMocking.DLL" adapterTypeName="Microsoft.VisualStudio.TestTools.TestTypes.Unit.UnitTestAdapter, Microsoft.VisualStudio.QualityTools.Tips.UnitTest.Adapter, Version=10.0.0.0, Culture=neutral, PublicKeyToken=b03f5f7f11d50a3a" className="AdvancedMocking.ShopTest, AdvancedMocking, Version=1.0.0.0, Culture=neutral, PublicKeyToken=null" name="MakePurchaseWorksForValidQuantity" />
    </UnitTest>
    <UnitTest name="makePurchaseWorksForInvalidQuantity" storage="e:\deliveries\scrumdeveloperkainosoct2012\courseprojects\visualstudioprojects\mockingwithmoq\basicmocking\bin\debug\mockobjectswithmoq.dll" id="466ff7ff-bd1a-d391-8d2d-4744ec2b2219">
      <Execution id="484cbb72-cf06-4be9-a4cb-b3aa938ef499" />
      <TestMethod codeBase="E:/Deliveries/ScrumDeveloperKainosOct2012/CourseProjects/VisualStudioProjects/MockingWithMoq/BasicMocking/bin/Debug/MockObjectsWithMoq.DLL" adapterTypeName="Microsoft.VisualStudio.TestTools.TestTypes.Unit.UnitTestAdapter, Microsoft.VisualStudio.QualityTools.Tips.UnitTest.Adapter, Version=10.0.0.0, Culture=neutral, PublicKeyToken=b03f5f7f11d50a3a" className="MockObjectsWithMoq.ShopTest, MockObjectsWithMoq, Version=1.0.0.0, Culture=neutral, PublicKeyToken=null" name="makePurchaseWorksForInvalidQuantity" />
    </UnitTest>
    <UnitTest name="OrderNotPossibleWhenSomeItemsOutOfStock" storage="e:\deliveries\scrumdeveloperkainosoct2012\courseprojects\visualstudioprojects\mockingwithmoq\advancedmocking\bin\debug\advancedmocking.dll" id="9a530973-24d2-1db3-9afb-770bc57c12f3">
      <Execution id="1a8f1227-d688-4dda-9c05-784b1b3f1f23" />
      <TestMethod codeBase="E:/Deliveries/ScrumDeveloperKainosOct2012/CourseProjects/VisualStudioProjects/MockingWithMoq/AdvancedMocking/bin/Debug/AdvancedMocking.DLL" adapterTypeName="Microsoft.VisualStudio.TestTools.TestTypes.Unit.UnitTestAdapter, Microsoft.VisualStudio.QualityTools.Tips.UnitTest.Adapter, Version=10.0.0.0, Culture=neutral, PublicKeyToken=b03f5f7f11d50a3a" className="AdvancedMocking.ShopTest, AdvancedMocking, Version=1.0.0.0, Culture=neutral, PublicKeyToken=null" name="OrderNotPossibleWhenSomeItemsOutOfStock" />
    </UnitTest>
    <UnitTest name="MakeMultiplePurchasesWorksForValidQuantities" storage="e:\deliveries\scrumdeveloperkainosoct2012\courseprojects\visualstudioprojects\mockingwithmoq\advancedmocking\bin\debug\advancedmocking.dll" id="329001e2-f4bd-4106-ae60-3bd0b4be299b">
      <Execution id="64e1c86d-7fec-4dd7-860d-767ef2c899fa" />
      <TestMethod codeBase="E:/Deliveries/ScrumDeveloperKainosOct2012/CourseProjects/VisualStudioProjects/MockingWithMoq/AdvancedMocking/bin/Debug/AdvancedMocking.DLL" adapterTypeName="Microsoft.VisualStudio.TestTools.TestTypes.Unit.UnitTestAdapter, Microsoft.VisualStudio.QualityTools.Tips.UnitTest.Adapter, Version=10.0.0.0, Culture=neutral, PublicKeyToken=b03f5f7f11d50a3a" className="AdvancedMocking.ShopTest, AdvancedMocking, Version=1.0.0.0, Culture=neutral, PublicKeyToken=null" name="MakeMultiplePurchasesWorksForValidQuantities" />
    </UnitTest>
    <UnitTest name="OrderPossibleWhenItemsInStock" storage="e:\deliveries\scrumdeveloperkainosoct2012\courseprojects\visualstudioprojects\mockingwithmoq\advancedmocking\bin\debug\advancedmocking.dll" id="b8d37a9a-f38b-7fc1-9832-a69a248ba8eb">
      <Execution id="269b2e33-1b22-4797-bf28-2ffc042b3c5d" />
      <TestMethod codeBase="E:/Deliveries/ScrumDeveloperKainosOct2012/CourseProjects/VisualStudioProjects/MockingWithMoq/AdvancedMocking/bin/Debug/AdvancedMocking.DLL" adapterTypeName="Microsoft.VisualStudio.TestTools.TestTypes.Unit.UnitTestAdapter, Microsoft.VisualStudio.QualityTools.Tips.UnitTest.Adapter, Version=10.0.0.0, Culture=neutral, PublicKeyToken=b03f5f7f11d50a3a" className="AdvancedMocking.ShopTest, AdvancedMocking, Version=1.0.0.0, Culture=neutral, PublicKeyToken=null" name="OrderPossibleWhenItemsInStock" />
    </UnitTest>
    <UnitTest name="makePurchaseWorksForValidQuantity" storage="e:\deliveries\scrumdeveloperkainosoct2012\courseprojects\visualstudioprojects\mockingwithmoq\basicmocking\bin\debug\mockobjectswithmoq.dll" id="618c02d5-3421-cf6c-0fe6-1de2d14aab1a">
      <Execution id="099e1c6b-267b-4acc-a029-9e54fd588f6a" />
      <TestMethod codeBase="E:/Deliveries/ScrumDeveloperKainosOct2012/CourseProjects/VisualStudioProjects/MockingWithMoq/BasicMocking/bin/Debug/MockObjectsWithMoq.DLL" adapterTypeName="Microsoft.VisualStudio.TestTools.TestTypes.Unit.UnitTestAdapter, Microsoft.VisualStudio.QualityTools.Tips.UnitTest.Adapter, Version=10.0.0.0, Culture=neutral, PublicKeyToken=b03f5f7f11d50a3a" className="MockObjectsWithMoq.ShopTest, MockObjectsWithMoq, Version=1.0.0.0, Culture=neutral, PublicKeyToken=null" name="makePurchaseWorksForValidQuantity" />
    </UnitTest>
  </TestDefinitions>
  <TestLists>
    <TestList name="Results Not in a List" id="8c84fa94-04c1-424b-9868-57a2d4851a1d" />
    <TestList name="All Loaded Results" id="19431567-8539-422a-85d7-44ee4e166bda" />
  </TestLists>
  <TestEntries>
    <TestEntry testId="02b670cd-5bf7-23f9-9e66-5953312ca2ae" executionId="19d7f1b5-c6f8-44a2-9a5d-4222a5dfdfdc" testListId="8c84fa94-04c1-424b-9868-57a2d4851a1d" />
    <TestEntry testId="2adf743d-c800-204b-2822-5b5017c1ea2b" executionId="039f836d-fa38-4c12-9bf2-ad55de046440" testListId="8c84fa94-04c1-424b-9868-57a2d4851a1d" />
    <TestEntry testId="329001e2-f4bd-4106-ae60-3bd0b4be299b" executionId="64e1c86d-7fec-4dd7-860d-767ef2c899fa" testListId="8c84fa94-04c1-424b-9868-57a2d4851a1d" />
    <TestEntry testId="32e70c2c-aebd-7322-cb00-3812d579d1d7" executionId="dab01ad2-2df3-4129-a40e-0539b808bec4" testListId="8c84fa94-04c1-424b-9868-57a2d4851a1d" />
    <TestEntry testId="466ff7ff-bd1a-d391-8d2d-4744ec2b2219" executionId="484cbb72-cf06-4be9-a4cb-b3aa938ef499" testListId="8c84fa94-04c1-424b-9868-57a2d4851a1d" />
    <TestEntry testId="618c02d5-3421-cf6c-0fe6-1de2d14aab1a" executionId="099e1c6b-267b-4acc-a029-9e54fd588f6a" testListId="8c84fa94-04c1-424b-9868-57a2d4851a1d" />
    <TestEntry testId="9a530973-24d2-1db3-9afb-770bc57c12f3" executionId="1a8f1227-d688-4dda-9c05-784b1b3f1f23" testListId="8c84fa94-04c1-424b-9868-57a2d4851a1d" />
    <TestEntry testId="b8d37a9a-f38b-7fc1-9832-a69a248ba8eb" executionId="269b2e33-1b22-4797-bf28-2ffc042b3c5d" testListId="8c84fa94-04c1-424b-9868-57a2d4851a1d" />
  </TestEntries>
  <Results>
    <UnitTestResult executionId="19d7f1b5-c6f8-44a2-9a5d-4222a5dfdfdc" testId="02b670cd-5bf7-23f9-9e66-5953312ca2ae" testName="OrderNotPossibleWhenAllItemsOutOfStock" computerName="LH-4R0EKHM0CUJ8" duration="00:00:00.2438583" startTime="2012-10-22T23:34:11.5093705+01:00" endTime="2012-10-22T23:34:12.0952705+01:00" testType="13cdc9d9-ddb5-4fa4-a97d-d965ccfc6d4b" outcome="Passed" testListId="8c84fa94-04c1-424b-9868-57a2d4851a1d" relativeResultsDirectory="19d7f1b5-c6f8-44a2-9a5d-4222a5dfdfdc">
    </UnitTestResult>
    <UnitTestResult executionId="039f836d-fa38-4c12-9bf2-ad55de046440" testId="2adf743d-c800-204b-2822-5b5017c1ea2b" testName="MakePurchaseWorksForInvalidQuantity" computerName="LH-4R0EKHM0CUJ8" duration="00:00:00.0069508" startTime="2012-10-22T23:34:12.1001530+01:00" endTime="2012-10-22T23:34:12.1128475+01:00" testType="13cdc9d9-ddb5-4fa4-a97d-d965ccfc6d4b" outcome="Passed" testListId="8c84fa94-04c1-424b-9868-57a2d4851a1d" relativeResultsDirectory="039f836d-fa38-4c12-9bf2-ad55de046440">
    </UnitTestResult>
    <UnitTestResult executionId="64e1c86d-7fec-4dd7-860d-767ef2c899fa" testId="329001e2-f4bd-4106-ae60-3bd0b4be299b" testName="MakeMultiplePurchasesWorksForValidQuantities" computerName="LH-4R0EKHM0CUJ8" duration="00:00:00.0369532" startTime="2012-10-22T23:34:12.1148005+01:00" endTime="2012-10-22T23:34:12.1606960+01:00" testType="13cdc9d9-ddb5-4fa4-a97d-d965ccfc6d4b" outcome="Passed" testListId="8c84fa94-04c1-424b-9868-57a2d4851a1d" relativeResultsDirectory="64e1c86d-7fec-4dd7-860d-767ef2c899fa">
    </UnitTestResult>
    <UnitTestResult executionId="dab01ad2-2df3-4129-a40e-0539b808bec4" testId="32e70c2c-aebd-7322-cb00-3812d579d1d7" testName="MakePurchaseWorksForValidQuantity" computerName="LH-4R0EKHM0CUJ8" duration="00:00:00.0037982" startTime="2012-10-22T23:34:12.1763200+01:00" endTime="2012-10-22T23:34:12.1860850+01:00" testType="13cdc9d9-ddb5-4fa4-a97d-d965ccfc6d4b" outcome="Passed" testListId="8c84fa94-04c1-424b-9868-57a2d4851a1d" relativeResultsDirectory="dab01ad2-2df3-4129-a40e-0539b808bec4">
    </UnitTestResult>
    <UnitTestResult executionId="484cbb72-cf06-4be9-a4cb-b3aa938ef499" testId="466ff7ff-bd1a-d391-8d2d-4744ec2b2219" testName="makePurchaseWorksForInvalidQuantity" computerName="LH-4R0EKHM0CUJ8" duration="00:00:00.2228009" startTime="2012-10-22T23:34:12.1899910+01:00" endTime="2012-10-22T23:34:12.6245335+01:00" testType="13cdc9d9-ddb5-4fa4-a97d-d965ccfc6d4b" outcome="Passed" testListId="8c84fa94-04c1-424b-9868-57a2d4851a1d" relativeResultsDirectory="484cbb72-cf06-4be9-a4cb-b3aa938ef499">
    </UnitTestResult>
    <UnitTestResult executionId="099e1c6b-267b-4acc-a029-9e54fd588f6a" testId="618c02d5-3421-cf6c-0fe6-1de2d14aab1a" testName="makePurchaseWorksForValidQuantity" computerName="LH-4R0EKHM0CUJ8" duration="00:00:00.0162554" startTime="2012-10-22T23:34:12.6294160+01:00" endTime="2012-10-22T23:34:12.6499225+01:00" testType="13cdc9d9-ddb5-4fa4-a97d-d965ccfc6d4b" outcome="Passed" testListId="8c84fa94-04c1-424b-9868-57a2d4851a1d" relativeResultsDirectory="099e1c6b-267b-4acc-a029-9e54fd588f6a">
    </UnitTestResult>
    <UnitTestResult executionId="1a8f1227-d688-4dda-9c05-784b1b3f1f23" testId="9a530973-24d2-1db3-9afb-770bc57c12f3" testName="OrderNotPossibleWhenSomeItemsOutOfStock" computerName="LH-4R0EKHM0CUJ8" duration="00:00:00.0043843" startTime="2012-10-22T23:34:12.6548050+01:00" endTime="2012-10-22T23:34:12.6635935+01:00" testType="13cdc9d9-ddb5-4fa4-a97d-d965ccfc6d4b" outcome="Passed" testListId="8c84fa94-04c1-424b-9868-57a2d4851a1d" relativeResultsDirectory="1a8f1227-d688-4dda-9c05-784b1b3f1f23">
    </UnitTestResult>
    <UnitTestResult executionId="269b2e33-1b22-4797-bf28-2ffc042b3c5d" testId="b8d37a9a-f38b-7fc1-9832-a69a248ba8eb" testName="OrderPossibleWhenItemsInStock" computerName="LH-4R0EKHM0CUJ8" duration="00:00:00.0031939" startTime="2012-10-22T23:34:12.6674995+01:00" endTime="2012-10-22T23:34:12.6762880+01:00" testType="13cdc9d9-ddb5-4fa4-a97d-d965ccfc6d4b" outcome="Passed" testListId="8c84fa94-04c1-424b-9868-57a2d4851a1d" relativeResultsDirectory="269b2e33-1b22-4797-bf28-2ffc042b3c5d">
    </UnitTestResult>
  </Results>
</TestRun>