<?xml version="1.0" encoding="utf-8" standalone="no"?>
<!--This file represents the results of running a test suite-->
<test-results name="E:\Deliveries\AgileJavaEircomSummer2012\VisualStudioProjects\UnitTestingWithNUnit\bin\Debug\LinkedList.dll" total="18" errors="0" failures="0" not-run="1" inconclusive="0" ignored="1" skipped="0" invalid="0" date="2012-10-05" time="14:43:48">
  <environment nunit-version="2.6.1.12217" clr-version="2.0.50727.4216" os-version="Microsoft Windows NT 6.0.6002 Service Pack 2" platform="Win32NT" cwd="C:\Program Files\NUnit 2.6.1\bin" machine-name="LH-4R0EKHM0CUJ8" user="Garth Gilmour" user-domain="LH-4R0EKHM0CUJ8" />
  <culture-info current-culture="en-US" current-uiculture="en-US" />
  <test-suite type="Assembly" name="E:\Deliveries\AgileJavaEircomSummer2012\VisualStudioProjects\UnitTestingWithNUnit\bin\Debug\LinkedList.dll" executed="True" result="Success" success="True" time="0.169" asserts="0">
    <results>
      <test-suite type="Namespace" name="LinkedList" executed="True" result="Success" success="True" time="0.159" asserts="0">
        <results>
          <test-suite type="TestFixture" name="LinkedListTest" executed="True" result="Success" success="True" time="0.154" asserts="0">
            <results>
              <test-case name="LinkedList.LinkedListTest.AddItemCallback" executed="True" result="Success" success="True" time="0.017" asserts="1" />
              <test-case name="LinkedList.LinkedListTest.ForEachLoop" executed="True" result="Success" success="True" time="0.003" asserts="3" />
              <test-case name="LinkedList.LinkedListTest.GetOnEmptyList" executed="True" result="Success" success="True" time="0.003" asserts="0" />
              <test-case name="LinkedList.LinkedListTest.ItemsListIsNotEmpty" executed="True" result="Success" success="True" time="0.001" asserts="1" />
              <test-case name="LinkedList.LinkedListTest.ItemsListSize" executed="True" result="Success" success="True" time="0.006" asserts="1" />
              <test-case name="LinkedList.LinkedListTest.MultipleItemsAdd" executed="True" result="Success" success="True" time="0.000" asserts="3" />
              <test-case name="LinkedList.LinkedListTest.NegativeIndexOnGet" executed="True" result="Success" success="True" time="0.001" asserts="0" />
              <test-case name="LinkedList.LinkedListTest.NewListIsEmpty" executed="True" result="Success" success="True" time="0.000" asserts="1" />
              <test-case name="LinkedList.LinkedListTest.NewListSize" executed="True" result="Success" success="True" time="0.000" asserts="1" />
              <test-case name="LinkedList.LinkedListTest.NullArgumentForRemove" executed="True" result="Success" success="True" time="0.001" asserts="0" />
              <test-case name="LinkedList.LinkedListTest.OverflowIndexOnGet" executed="True" result="Success" success="True" time="0.001" asserts="0" />
              <test-case name="LinkedList.LinkedListTest.RemoveFirstItem" executed="True" result="Success" success="True" time="0.001" asserts="3" />
              <test-case name="LinkedList.LinkedListTest.RemoveFromEmptyList" executed="True" result="Success" success="True" time="0.000" asserts="0" />
              <test-case name="LinkedList.LinkedListTest.RemoveItemFromMiddle" executed="True" result="Success" success="True" time="0.001" asserts="3" />
              <test-case name="LinkedList.LinkedListTest.RemoveLastItem" executed="True" result="Success" success="True" time="0.000" asserts="3" />
              <test-case name="LinkedList.LinkedListTest.RemoveOnlyItem" executed="True" result="Success" success="True" time="0.000" asserts="3" />
              <test-case name="LinkedList.LinkedListTest.RemoveWhereItemNotFound" executed="True" result="Success" success="True" time="0.000" asserts="0" />
              <test-case name="LinkedList.LinkedListTest.SingleItemGet" executed="True" result="Success" success="True" time="0.001" asserts="1" />
              <test-case name="LinkedList.LinkedListTest.ToStringWorks" executed="False" result="Ignored">
                <reason>
                  <message><![CDATA[]]></message>
                </reason>
              </test-case>
            </results>
          </test-suite>
        </results>
      </test-suite>
    </results>
  </test-suite>
</test-results>