<?xml version="1.0" encoding="utf-8" standalone="no"?>
<!--This file represents the results of running a test suite-->
<test-results name="C:\CurrentBuilds\ScrumDeveloperKainosOctober2012\CourseProjects\VisualStudioProjects\IntroducingNUnit\NUnitWithCS\bin\Debug\TestBasicMath.dll" total="3" errors="0" failures="0" not-run="0" inconclusive="0" ignored="0" skipped="0" invalid="0" date="2012-10-21" time="22:59:12">
  <environment nunit-version="2.6.1.12217" clr-version="2.0.50727.5456" os-version="Microsoft Windows NT 6.1.7601 Service Pack 1" platform="Win32NT" cwd="C:\Program Files (x86)\NUnit 2.6.1\bin" machine-name="HOME-PC" user="Garth" user-domain="Home-PC" />
  <culture-info current-culture="en-GB" current-uiculture="en-US" />
  <test-suite type="Assembly" name="C:\CurrentBuilds\ScrumDeveloperKainosOctober2012\CourseProjects\VisualStudioProjects\IntroducingNUnit\NUnitWithCS\bin\Debug\TestBasicMath.dll" executed="True" result="Success" success="True" time="0.078" asserts="0">
    <results>
      <test-suite type="Namespace" name="TestBasicMath" executed="True" result="Success" success="True" time="0.062" asserts="0">
        <results>
          <test-suite type="TestFixture" name="TestMath" executed="True" result="Success" success="True" time="0.061" asserts="0">
            <results>
              <test-case name="TestBasicMath.TestMath.AdditionWorks" executed="True" result="Success" success="True" time="0.034" asserts="1" />
              <test-case name="TestBasicMath.TestMath.MultiplicationWorks" executed="True" result="Success" success="True" time="0.000" asserts="1" />
              <test-case name="TestBasicMath.TestMath.SubtractionWorks" executed="True" result="Success" success="True" time="0.001" asserts="1" />
            </results>
          </test-suite>
        </results>
      </test-suite>
    </results>
  </test-suite>
</test-results>