<?xml version="1.0" encoding="UTF-8"?>
<TestRun id="b98cd278-6439-4372-8a01-608cb1fe57c2" name="ggilmour@INSTILSNGLAPTOP 2013-05-15 13:49:54" runUser="InstilSngLaptop\ggilmour" xmlns="http://microsoft.com/schemas/VisualStudio/TeamTest/2010">
  <TestSettings name="Local" id="485879c6-563f-4449-9e13-f51cd5798057">
    <Description>These are default test settings for a local test run.</Description>
    <Execution>
      <TestTypeSpecific>
        <UnitTestRunConfig testTypeId="13cdc9d9-ddb5-4fa4-a97d-d965ccfc6d4b">
          <AssemblyResolution>
            <TestDirectory useLoadContext="true" />
          </AssemblyResolution>
        </UnitTestRunConfig>
      </TestTypeSpecific>
      <AgentRule name="LocalMachineDefaultRole">
      </AgentRule>
    </Execution>
    <Deployment runDeploymentRoot="ggilmour_INSTILSNGLAPTOP 2013-05-15 13_49_54" />
  </TestSettings>
  <Times creation="2013-05-15T13:49:54.2859208+01:00" queuing="2013-05-15T13:49:54.9323928+01:00" start="2013-05-15T13:49:55.0141020+01:00" finish="2013-05-15T13:49:55.9945065+01:00" />
  <ResultSummary outcome="Completed">
    <Counters total="4" executed="4" passed="4" error="0" failed="0" timeout="0" aborted="0" inconclusive="0" passedButRunAborted="0" notRunnable="0" notExecuted="0" disconnected="0" warning="0" completed="0" inProgress="0" pending="0" />
  </ResultSummary>
  <TestDefinitions>
    <UnitTest name="DataDrivenTest" storage="c:\development\dotnet\fullyvs2010\courseprojects\agile\datadriventesting\writingdatadriventests\bin\debug\writingdatadriventests.dll" id="b029f1fb-f70d-6cb7-be99-82efd4f81ed6">
      <DeploymentItems>
        <DeploymentItem filename="WritingDataDrivenTests\TestData\Input.xml" />
      </DeploymentItems>
      <Execution id="bbec6abc-918f-477d-87cb-54f36d7f01d7" />
      <TestMethod codeBase="C:/Development/DotNet/FullyVS2010/CourseProjects/Agile/DataDrivenTesting/WritingDataDrivenTests/bin/Debug/WritingDataDrivenTests.DLL" adapterTypeName="Microsoft.VisualStudio.TestTools.TestTypes.Unit.UnitTestAdapter, Microsoft.VisualStudio.QualityTools.Tips.UnitTest.Adapter, Version=10.0.0.0, Culture=neutral, PublicKeyToken=b03f5f7f11d50a3a" className="DataDrivenTesting.SampleTest, WritingDataDrivenTests, Version=1.0.0.0, Culture=neutral, PublicKeyToken=null" name="DataDrivenTest" />
      <DataSource connectionString="|DataDirectory|\Input.xml" providerInvariantName="Microsoft.VisualStudio.TestTools.DataSource.XML" tableName="Employee" />
    </UnitTest>
  </TestDefinitions>
  <TestLists>
    <TestList name="Results Not in a List" id="8c84fa94-04c1-424b-9868-57a2d4851a1d" />
    <TestList name="All Loaded Results" id="19431567-8539-422a-85d7-44ee4e166bda" />
  </TestLists>
  <TestEntries>
    <TestEntry testId="b029f1fb-f70d-6cb7-be99-82efd4f81ed6" executionId="bbec6abc-918f-477d-87cb-54f36d7f01d7" testListId="8c84fa94-04c1-424b-9868-57a2d4851a1d" />
  </TestEntries>
  <Results>
    <UnitTestResult executionId="bbec6abc-918f-477d-87cb-54f36d7f01d7" testId="b029f1fb-f70d-6cb7-be99-82efd4f81ed6" testName="DataDrivenTest" computerName="INSTILSNGLAPTOP" duration="00:00:00.2030753" startTime="2013-05-15T13:49:55.0331147+01:00" endTime="2013-05-15T13:49:55.8624178+01:00" testType="13cdc9d9-ddb5-4fa4-a97d-d965ccfc6d4b" outcome="Passed" testListId="8c84fa94-04c1-424b-9868-57a2d4851a1d" relativeResultsDirectory="bbec6abc-918f-477d-87cb-54f36d7f01d7" resultType="DataDrivenTest">
      <Counters error="0" failed="0" timeout="0" aborted="0" inconclusive="0" passedButRunAborted="0" notRunnable="0" notExecuted="0" disconnected="0" warning="0" passed="3" completed="0" inProgress="0" pending="0" />
      <InnerResults>
        <UnitTestResult executionId="0238533d-350c-4e77-82bb-b49529ca2788" parentExecutionId="bbec6abc-918f-477d-87cb-54f36d7f01d7" testId="b029f1fb-f70d-6cb7-be99-82efd4f81ed6" testName="DataDrivenTest" computerName="INSTILSNGLAPTOP" duration="00:00:00.0406818" startTime="2013-05-15T13:49:55.7713570+01:00" endTime="2013-05-15T13:49:55.8263938+01:00" testType="13cdc9d9-ddb5-4fa4-a97d-d965ccfc6d4b" outcome="Passed" testListId="8c84fa94-04c1-424b-9868-57a2d4851a1d" relativeResultsDirectory="bbec6abc-918f-477d-87cb-54f36d7f01d7" dataRowInfo="0" resultType="DataDrivenDataRow" />
        <UnitTestResult executionId="6759219b-9e24-40c4-a9a1-f5d55953391c" parentExecutionId="bbec6abc-918f-477d-87cb-54f36d7f01d7" testId="b029f1fb-f70d-6cb7-be99-82efd4f81ed6" testName="DataDrivenTest" computerName="INSTILSNGLAPTOP" duration="00:00:00.0000838" startTime="2013-05-15T13:49:55.8263938+01:00" endTime="2013-05-15T13:49:55.8263938+01:00" testType="13cdc9d9-ddb5-4fa4-a97d-d965ccfc6d4b" outcome="Passed" testListId="8c84fa94-04c1-424b-9868-57a2d4851a1d" relativeResultsDirectory="bbec6abc-918f-477d-87cb-54f36d7f01d7" dataRowInfo="1" resultType="DataDrivenDataRow" />
        <UnitTestResult executionId="84d4ac83-f016-44af-acfb-cc1ce624b88e" parentExecutionId="bbec6abc-918f-477d-87cb-54f36d7f01d7" testId="b029f1fb-f70d-6cb7-be99-82efd4f81ed6" testName="DataDrivenTest" computerName="INSTILSNGLAPTOP" duration="00:00:00.0000547" startTime="2013-05-15T13:49:55.8263938+01:00" endTime="2013-05-15T13:49:55.8263938+01:00" testType="13cdc9d9-ddb5-4fa4-a97d-d965ccfc6d4b" outcome="Passed" testListId="8c84fa94-04c1-424b-9868-57a2d4851a1d" relativeResultsDirectory="bbec6abc-918f-477d-87cb-54f36d7f01d7" dataRowInfo="2" resultType="DataDrivenDataRow" />
      </InnerResults>
    </UnitTestResult>
  </Results>
</TestRun>