<?xml version="1.0" encoding="UTF-8"?>
<TestRun id="073d1b1e-1efc-4b90-a4c8-69486391c82d" name="ggilmour@INSTILSNGLAPTOP 2013-05-15 13:45:24" runUser="InstilSngLaptop\ggilmour" xmlns="http://microsoft.com/schemas/VisualStudio/TeamTest/2010">
  <TestSettings name="Local" id="485879c6-563f-4449-9e13-f51cd5798057">
    <Description>These are default test settings for a local test run.</Description>
    <Deployment enabled="false" runDeploymentRoot="ggilmour_INSTILSNGLAPTOP 2013-05-15 13_45_24" />
    <Execution>
      <TestTypeSpecific />
      <AgentRule name="Execution Agents">
      </AgentRule>
    </Execution>
  </TestSettings>
  <Times creation="2013-05-15T13:45:24.9114771+01:00" queuing="2013-05-15T13:45:25.0036006+01:00" start="2013-05-15T13:45:25.0196049+01:00" finish="2013-05-15T13:45:25.6150017+01:00" />
  <ResultSummary outcome="Failed">
    <Counters total="1" executed="1" error="0" failed="1" timeout="0" aborted="0" inconclusive="0" passedButRunAborted="0" notRunnable="0" notExecuted="0" disconnected="0" warning="0" passed="0" completed="0" inProgress="0" pending="0" />
    <Output>
      <DebugTrace>E, 7328, 23, 2013/05/15, 13:45:25.540, INSTILSNGLAPTOP\QTAgent32.exe, Could not find file 'C:\Development\DotNet\FullyVS2010\CourseProjects\Agile\DataDrivenTesting\TestResults\ggilmour_INSTILSNGLAPTOP 2013-05-15 13_45_24\Out\Input.xml'. for XML data source |DataDirectory|\TestData\Input.xml
</DebugTrace>
    </Output>
    <RunInfos>
      <RunInfo computerName="INSTILSNGLAPTOP" outcome="Warning" timestamp="2013-05-15T13:45:25.0025986+01:00">
        <Text>Deployment is currently disabled. The deployment item '\TestData\Input.xml' on test 'DataDrivenTesting.SampleTest.DataDrivenTest' was not deployed.</Text>
      </RunInfo>
    </RunInfos>
  </ResultSummary>
  <TestDefinitions>
    <UnitTest name="DataDrivenTest" storage="c:\development\dotnet\fullyvs2010\courseprojects\agile\datadriventesting\writingdatadriventests\bin\debug\writingdatadriventests.dll" id="b029f1fb-f70d-6cb7-be99-82efd4f81ed6">
      <DeploymentItems>
        <DeploymentItem filename="\TestData\Input.xml" />
      </DeploymentItems>
      <Execution id="8e63506d-9a6d-4d29-99a0-c30c376834fe" />
      <TestMethod codeBase="C:/Development/DotNet/FullyVS2010/CourseProjects/Agile/DataDrivenTesting/WritingDataDrivenTests/bin/Debug/WritingDataDrivenTests.DLL" adapterTypeName="Microsoft.VisualStudio.TestTools.TestTypes.Unit.UnitTestAdapter, Microsoft.VisualStudio.QualityTools.Tips.UnitTest.Adapter, Version=10.0.0.0, Culture=neutral, PublicKeyToken=b03f5f7f11d50a3a" className="DataDrivenTesting.SampleTest, WritingDataDrivenTests, Version=1.0.0.0, Culture=neutral, PublicKeyToken=null" name="DataDrivenTest" />
      <DataSource connectionString="|DataDirectory|\TestData\Input.xml" providerInvariantName="Microsoft.VisualStudio.TestTools.DataSource.XML" tableName="Employee" />
    </UnitTest>
  </TestDefinitions>
  <TestLists>
    <TestList name="Results Not in a List" id="8c84fa94-04c1-424b-9868-57a2d4851a1d" />
    <TestList name="All Loaded Results" id="19431567-8539-422a-85d7-44ee4e166bda" />
  </TestLists>
  <TestEntries>
    <TestEntry testId="b029f1fb-f70d-6cb7-be99-82efd4f81ed6" executionId="8e63506d-9a6d-4d29-99a0-c30c376834fe" testListId="8c84fa94-04c1-424b-9868-57a2d4851a1d" />
  </TestEntries>
  <Results>
    <UnitTestResult executionId="8e63506d-9a6d-4d29-99a0-c30c376834fe" testId="b029f1fb-f70d-6cb7-be99-82efd4f81ed6" testName="DataDrivenTest" computerName="INSTILSNGLAPTOP" startTime="2013-05-15T13:45:25.0256089+01:00" endTime="2013-05-15T13:45:25.5739756+01:00" testType="13cdc9d9-ddb5-4fa4-a97d-d965ccfc6d4b" outcome="Failed" testListId="8c84fa94-04c1-424b-9868-57a2d4851a1d" relativeResultsDirectory="8e63506d-9a6d-4d29-99a0-c30c376834fe" resultType="DataDrivenTest">
      <Output>
        <ErrorInfo>
          <Message>The unit test adapter failed to connect to the data source or to read the data. For more information on troubleshooting this error, see "Troubleshooting Data-Driven Unit Tests" (http://go.microsoft.com/fwlink/?LinkId=62412) in the MSDN Library.
Error details: Object reference not set to an instance of an object.</Message>
        </ErrorInfo>
      </Output>
    </UnitTestResult>
  </Results>
</TestRun>