<?xml version="1.0" encoding="UTF-8"?>
<TestRun id="cf65a416-9137-455e-9f10-2b4b1b3d9f7b" name="ggilmour@INSTILSNGLAPTOP 2013-05-15 13:52:07" runUser="InstilSngLaptop\ggilmour" xmlns="http://microsoft.com/schemas/VisualStudio/TeamTest/2010">
  <TestSettings name="Local" id="485879c6-563f-4449-9e13-f51cd5798057">
    <Description>These are default test settings for a local test run.</Description>
    <Execution>
      <TestTypeSpecific>
        <UnitTestRunConfig testTypeId="13cdc9d9-ddb5-4fa4-a97d-d965ccfc6d4b">
          <AssemblyResolution>
            <TestDirectory useLoadContext="true" />
          </AssemblyResolution>
        </UnitTestRunConfig>
      </TestTypeSpecific>
      <AgentRule name="LocalMachineDefaultRole">
      </AgentRule>
    </Execution>
    <Deployment runDeploymentRoot="ggilmour_INSTILSNGLAPTOP 2013-05-15 13_52_07" />
  </TestSettings>
  <Times creation="2013-05-15T13:52:07.8747350+01:00" queuing="2013-05-15T13:52:08.0637690+01:00" start="2013-05-15T13:52:08.0887857+01:00" finish="2013-05-15T13:52:08.7432224+01:00" />
  <ResultSummary outcome="Completed">
    <Counters total="4" executed="4" passed="4" error="0" failed="0" timeout="0" aborted="0" inconclusive="0" passedButRunAborted="0" notRunnable="0" notExecuted="0" disconnected="0" warning="0" completed="0" inProgress="0" pending="0" />
  </ResultSummary>
  <TestDefinitions>
    <UnitTest name="DataDrivenTest" storage="c:\development\dotnet\fullyvs2010\courseprojects\agile\datadriventesting\writingdatadriventests\bin\debug\writingdatadriventests.dll" id="b029f1fb-f70d-6cb7-be99-82efd4f81ed6">
      <DeploymentItems>
        <DeploymentItem filename="WritingDataDrivenTests\TestData\Input.xml" />
      </DeploymentItems>
      <Execution id="7bdf57db-9770-4c0b-92a2-f8d0009a0daf" />
      <TestMethod codeBase="C:/Development/DotNet/FullyVS2010/CourseProjects/Agile/DataDrivenTesting/WritingDataDrivenTests/bin/Debug/WritingDataDrivenTests.DLL" adapterTypeName="Microsoft.VisualStudio.TestTools.TestTypes.Unit.UnitTestAdapter, Microsoft.VisualStudio.QualityTools.Tips.UnitTest.Adapter, Version=10.0.0.0, Culture=neutral, PublicKeyToken=b03f5f7f11d50a3a" className="DataDrivenTesting.SampleTest, WritingDataDrivenTests, Version=1.0.0.0, Culture=neutral, PublicKeyToken=null" name="DataDrivenTest" />
      <DataSource connectionString="|DataDirectory|\Input.xml" providerInvariantName="Microsoft.VisualStudio.TestTools.DataSource.XML" tableName="Employee" />
    </UnitTest>
  </TestDefinitions>
  <TestLists>
    <TestList name="Results Not in a List" id="8c84fa94-04c1-424b-9868-57a2d4851a1d" />
    <TestList name="All Loaded Results" id="19431567-8539-422a-85d7-44ee4e166bda" />
  </TestLists>
  <TestEntries>
    <TestEntry testId="b029f1fb-f70d-6cb7-be99-82efd4f81ed6" executionId="7bdf57db-9770-4c0b-92a2-f8d0009a0daf" testListId="8c84fa94-04c1-424b-9868-57a2d4851a1d" />
  </TestEntries>
  <Results>
    <UnitTestResult executionId="7bdf57db-9770-4c0b-92a2-f8d0009a0daf" testId="b029f1fb-f70d-6cb7-be99-82efd4f81ed6" testName="DataDrivenTest" computerName="INSTILSNGLAPTOP" duration="00:00:00.1017205" startTime="2013-05-15T13:52:08.0917881+01:00" endTime="2013-05-15T13:52:08.7011994+01:00" testType="13cdc9d9-ddb5-4fa4-a97d-d965ccfc6d4b" outcome="Passed" testListId="8c84fa94-04c1-424b-9868-57a2d4851a1d" relativeResultsDirectory="7bdf57db-9770-4c0b-92a2-f8d0009a0daf" resultType="DataDrivenTest">
      <Counters error="0" failed="0" timeout="0" aborted="0" inconclusive="0" passedButRunAborted="0" notRunnable="0" notExecuted="0" disconnected="0" warning="0" passed="3" completed="0" inProgress="0" pending="0" />
      <InnerResults>
        <UnitTestResult executionId="8d5618f1-4f8d-4c13-809f-4d3b9d8e083e" parentExecutionId="7bdf57db-9770-4c0b-92a2-f8d0009a0daf" testId="b029f1fb-f70d-6cb7-be99-82efd4f81ed6" testName="DataDrivenTest" computerName="INSTILSNGLAPTOP" duration="00:00:00.0456390" startTime="2013-05-15T13:52:08.6061304+01:00" endTime="2013-05-15T13:52:08.6681787+01:00" testType="13cdc9d9-ddb5-4fa4-a97d-d965ccfc6d4b" outcome="Passed" testListId="8c84fa94-04c1-424b-9868-57a2d4851a1d" relativeResultsDirectory="7bdf57db-9770-4c0b-92a2-f8d0009a0daf" dataRowInfo="0" resultType="DataDrivenDataRow">
          <Output>
            <StdOut>Testing Joe Bloggs in IT earning 40000</StdOut>
          </Output>
        </UnitTestResult>
        <UnitTestResult executionId="a3bded13-d3cb-48e7-8c76-60c40fe154cb" parentExecutionId="7bdf57db-9770-4c0b-92a2-f8d0009a0daf" testId="b029f1fb-f70d-6cb7-be99-82efd4f81ed6" testName="DataDrivenTest" computerName="INSTILSNGLAPTOP" duration="00:00:00.0001325" startTime="2013-05-15T13:52:08.6691789+01:00" endTime="2013-05-15T13:52:08.6691789+01:00" testType="13cdc9d9-ddb5-4fa4-a97d-d965ccfc6d4b" outcome="Passed" testListId="8c84fa94-04c1-424b-9868-57a2d4851a1d" relativeResultsDirectory="7bdf57db-9770-4c0b-92a2-f8d0009a0daf" dataRowInfo="1" resultType="DataDrivenDataRow">
          <Output>
            <StdOut>Testing Jane Smith in HR earning 37000</StdOut>
          </Output>
        </UnitTestResult>
        <UnitTestResult executionId="e1d5e8a1-5daf-45dd-922a-7eea4b2b23c1" parentExecutionId="7bdf57db-9770-4c0b-92a2-f8d0009a0daf" testId="b029f1fb-f70d-6cb7-be99-82efd4f81ed6" testName="DataDrivenTest" computerName="INSTILSNGLAPTOP" duration="00:00:00.0000478" startTime="2013-05-15T13:52:08.6691789+01:00" endTime="2013-05-15T13:52:08.6691789+01:00" testType="13cdc9d9-ddb5-4fa4-a97d-d965ccfc6d4b" outcome="Passed" testListId="8c84fa94-04c1-424b-9868-57a2d4851a1d" relativeResultsDirectory="7bdf57db-9770-4c0b-92a2-f8d0009a0daf" dataRowInfo="2" resultType="DataDrivenDataRow">
          <Output>
            <StdOut>Testing Henry Jenkins in Sales earning 23000</StdOut>
          </Output>
        </UnitTestResult>
      </InnerResults>
    </UnitTestResult>
  </Results>
</TestRun>